---------------------------------------------------------------
[ 2018-04-21T23:36:00+08:00 ] 0.0.0.0 GET /bick/public/admin
[ info ] localhost/bick/public/admin [运行时间：1.296873s][吞吐率：0.77req/s] [内存消耗：2,729.98kb] [文件加载：52]
[ info ] [ LANG ] F:\PHP\xiangmu\bick\thinkphp\lang\zh-cn.php
[ info ] [ ROUTE ] array (
  'type' => 'module',
  'module' => 
  array (
    0 => 'admin',
    1 => NULL,
    2 => NULL,
  ),
)
[ info ] [ HEADER ] array (
  'host' => 'localhost',
  'connection' => 'keep-alive',
  'upgrade-insecure-requests' => '1',
  'user-agent' => 'Mozilla/5.0 (Windows NT 10.0; WOW64) AppleWebKit/537.36 (KHTML, like Gecko) Chrome/67.0.3371.0 Safari/537.36',
  'accept' => 'text/html,application/xhtml+xml,application/xml;q=0.9,image/webp,image/apng,*/*;q=0.8',
  'accept-encoding' => 'gzip, deflate, br',
  'accept-language' => 'zh-CN,zh;q=0.9',
  'cookie' => 'Phpstorm-e00e1f4d=ca750f83-cc19-4427-a556-8045ab72843e; pgv_pvi=3498281984',
)
[ info ] [ PARAM ] array (
)
[ info ] [ SESSION ] INIT array (
  'id' => '',
  'var_session_id' => '',
  'prefix' => 'think',
  'type' => '',
  'auto_start' => true,
)
[ info ] [ VIEW ] F:\PHP\xiangmu\bick\thinkphp\tpl\dispatch_jump.tpl [ array (
  0 => 'code',
  1 => 'msg',
  2 => 'data',
  3 => 'url',
  4 => 'wait',
) ]
[ info ] [ LOG ] INIT File
---------------------------------------------------------------
[ 2018-04-21T23:36:04+08:00 ] 0.0.0.0 GET /bick/public/admin/login/index
[ info ] localhost/bick/public/admin/login/index [运行时间：0.343083s][吞吐率：2.91req/s] [内存消耗：2,734.48kb] [文件加载：51]
[ info ] [ LANG ] F:\PHP\xiangmu\bick\thinkphp\lang\zh-cn.php
[ info ] [ ROUTE ] array (
  'type' => 'module',
  'module' => 
  array (
    0 => 'admin',
    1 => 'login',
    2 => 'index',
  ),
)
[ info ] [ HEADER ] array (
  'host' => 'localhost',
  'connection' => 'keep-alive',
  'upgrade-insecure-requests' => '1',
  'user-agent' => 'Mozilla/5.0 (Windows NT 10.0; WOW64) AppleWebKit/537.36 (KHTML, like Gecko) Chrome/67.0.3371.0 Safari/537.36',
  'accept' => 'text/html,application/xhtml+xml,application/xml;q=0.9,image/webp,image/apng,*/*;q=0.8',
  'referer' => 'http://localhost/bick/public/admin',
  'accept-encoding' => 'gzip, deflate, br',
  'accept-language' => 'zh-CN,zh;q=0.9',
  'cookie' => 'thinkphp_show_page_trace=0|0; Phpstorm-e00e1f4d=ca750f83-cc19-4427-a556-8045ab72843e; pgv_pvi=3498281984; PHPSESSID=p79qtc1otr9ppkpk6f7dls69c7',
)
[ info ] [ PARAM ] array (
)
[ info ] [ RUN ] app\admin\controller\Login->index[ F:\PHP\xiangmu\bick\application\admin\controller\Login.php ]
[ info ] [ VIEW ] F:\PHP\xiangmu\bick\public/../application/admin\view\login\login.html [ array (
) ]
[ info ] [ LOG ] INIT File
---------------------------------------------------------------
[ 2018-04-21T23:36:05+08:00 ] 0.0.0.0 GET /bick/public/captcha
[ info ] localhost/bick/public/captcha [运行时间：1.093651s][吞吐率：0.91req/s] [内存消耗：2,178.91kb] [文件加载：39]
[ info ] [ LANG ] F:\PHP\xiangmu\bick\thinkphp\lang\zh-cn.php
[ info ] [ ROUTE ] array (
  'type' => 'method',
  'method' => 
  array (
    0 => '\\think\\captcha\\CaptchaController',
    1 => 'index',
  ),
  'var' => 
  array (
  ),
)
[ info ] [ HEADER ] array (
  'host' => 'localhost',
  'connection' => 'keep-alive',
  'user-agent' => 'Mozilla/5.0 (Windows NT 10.0; WOW64) AppleWebKit/537.36 (KHTML, like Gecko) Chrome/67.0.3371.0 Safari/537.36',
  'accept' => 'image/webp,image/apng,image/*,*/*;q=0.8',
  'referer' => 'http://localhost/bick/public/admin/login/index',
  'accept-encoding' => 'gzip, deflate, br',
  'accept-language' => 'zh-CN,zh;q=0.9',
  'cookie' => 'thinkphp_show_page_trace=0|0; Phpstorm-e00e1f4d=ca750f83-cc19-4427-a556-8045ab72843e; pgv_pvi=3498281984; PHPSESSID=p79qtc1otr9ppkpk6f7dls69c7',
)
[ info ] [ PARAM ] array (
  'id' => NULL,
)
[ info ] [ RUN ] think\captcha\CaptchaController->index[ F:\PHP\xiangmu\bick\vendor\topthink\think-captcha\src\CaptchaController.php ]
[ info ] [ SESSION ] INIT array (
  'id' => '',
  'var_session_id' => '',
  'prefix' => 'think',
  'type' => '',
  'auto_start' => true,
)
[ info ] [ LOG ] INIT File
---------------------------------------------------------------
[ 2018-04-21T23:36:16+08:00 ] 0.0.0.0 POST /bick/public/admin/login/checklogin
[ info ] localhost/bick/public/admin/login/checklogin [运行时间：2.428147s][吞吐率：0.41req/s] [内存消耗：4,673.05kb] [文件加载：62]
[ info ] [ LANG ] F:\PHP\xiangmu\bick\thinkphp\lang\zh-cn.php
[ info ] [ ROUTE ] array (
  'type' => 'module',
  'module' => 
  array (
    0 => 'admin',
    1 => 'login',
    2 => 'checklogin',
  ),
)
[ info ] [ HEADER ] array (
  'host' => 'localhost',
  'connection' => 'keep-alive',
  'content-length' => '43',
  'cache-control' => 'max-age=0',
  'origin' => 'http://localhost',
  'upgrade-insecure-requests' => '1',
  'content-type' => 'application/x-www-form-urlencoded',
  'user-agent' => 'Mozilla/5.0 (Windows NT 10.0; WOW64) AppleWebKit/537.36 (KHTML, like Gecko) Chrome/67.0.3371.0 Safari/537.36',
  'accept' => 'text/html,application/xhtml+xml,application/xml;q=0.9,image/webp,image/apng,*/*;q=0.8',
  'referer' => 'http://localhost/bick/public/admin/login/index',
  'accept-encoding' => 'gzip, deflate, br',
  'accept-language' => 'zh-CN,zh;q=0.9',
  'cookie' => 'thinkphp_show_page_trace=0|0; thinkphp_show_page_trace=0|0; Phpstorm-e00e1f4d=ca750f83-cc19-4427-a556-8045ab72843e; pgv_pvi=3498281984; PHPSESSID=p79qtc1otr9ppkpk6f7dls69c7',
)
[ info ] [ PARAM ] array (
  'username' => 'admin',
  'password' => '123456',
  'captcha' => '4104',
)
[ info ] [ RUN ] app\admin\controller\Login->checklogin[ F:\PHP\xiangmu\bick\application\admin\controller\Login.php ]
[ info ] [ SESSION ] INIT array (
  'id' => '',
  'var_session_id' => '',
  'prefix' => 'think',
  'type' => '',
  'auto_start' => true,
)
[ info ] [ DB ] INIT mysql
[ info ] [ VIEW ] F:\PHP\xiangmu\bick\thinkphp\tpl\dispatch_jump.tpl [ array (
  0 => 'code',
  1 => 'msg',
  2 => 'data',
  3 => 'url',
  4 => 'wait',
) ]
[ info ] [ LOG ] INIT File
[ sql ] [ DB ] CONNECT:[ UseTime:0.598220s ] mysql:host=127.0.0.1;dbname=bick;charset=utf8
[ sql ] [ SQL ] SHOW COLUMNS FROM `bk_admin` [ RunTime:0.957219s ]
[ sql ] [ SQL ] SELECT * FROM `bk_admin` WHERE  `name` = 'admin'  AND `password` = 'e10adc3949ba59abbe56e057f20f883e' LIMIT 1 [ RunTime:0.058049s ]
[ sql ] [ SQL ] SHOW COLUMNS FROM `bk_auth_group_access` [ RunTime:0.065695s ]
[ sql ] [ SQL ] SELECT `group_id` FROM `bk_auth_group_access` WHERE  `uid` = 1 LIMIT 1 [ RunTime:0.033988s ]
[ sql ] [ SQL ] SHOW COLUMNS FROM `bk_auth_group` [ RunTime:0.045648s ]
[ sql ] [ SQL ] SELECT `rules` FROM `bk_auth_group` WHERE  `id` = 1 LIMIT 1 [ RunTime:0.035492s ]
[ sql ] [ SQL ] SHOW COLUMNS FROM `bk_auth_rule` [ RunTime:0.085873s ]
[ sql ] [ SQL ] SELECT `name` FROM `bk_auth_rule` WHERE  `id` IN (15,16,19,18,17,1,9,11,14,13,12,2,3,20,10,4,21,22,23,24,26,27,28,29,30,32,33,34,35,36,0) [ RunTime:0.058733s ]
---------------------------------------------------------------
[ 2018-04-21T23:36:17+08:00 ] 0.0.0.0 GET /bick/public/admin/index/index
[ info ] localhost/bick/public/admin/index/index [运行时间：0.117975s][吞吐率：8.48req/s] [内存消耗：2,752.01kb] [文件加载：52]
[ info ] [ LANG ] F:\PHP\xiangmu\bick\thinkphp\lang\zh-cn.php
[ info ] [ ROUTE ] array (
  'type' => 'module',
  'module' => 
  array (
    0 => 'admin',
    1 => 'index',
    2 => 'index',
  ),
)
[ info ] [ HEADER ] array (
  'host' => 'localhost',
  'connection' => 'keep-alive',
  'upgrade-insecure-requests' => '1',
  'user-agent' => 'Mozilla/5.0 (Windows NT 10.0; WOW64) AppleWebKit/537.36 (KHTML, like Gecko) Chrome/67.0.3371.0 Safari/537.36',
  'accept' => 'text/html,application/xhtml+xml,application/xml;q=0.9,image/webp,image/apng,*/*;q=0.8',
  'referer' => 'http://localhost/bick/public/admin/login/checklogin',
  'accept-encoding' => 'gzip, deflate, br',
  'accept-language' => 'zh-CN,zh;q=0.9',
  'cookie' => 'thinkphp_show_page_trace=0|0; Phpstorm-e00e1f4d=ca750f83-cc19-4427-a556-8045ab72843e; pgv_pvi=3498281984; PHPSESSID=p79qtc1otr9ppkpk6f7dls69c7',
)
[ info ] [ PARAM ] array (
)
[ info ] [ SESSION ] INIT array (
  'id' => '',
  'var_session_id' => '',
  'prefix' => 'think',
  'type' => '',
  'auto_start' => true,
)
[ info ] [ RUN ] app\admin\controller\Index->index[ F:\PHP\xiangmu\bick\application\admin\controller\Index.php ]
[ info ] [ VIEW ] F:\PHP\xiangmu\bick\public/../application/admin\view\index\index.html [ array (
) ]
[ info ] [ LOG ] INIT File
---------------------------------------------------------------
[ 2018-04-21T23:36:18+08:00 ] 0.0.0.0 GET /bick/public/static/admin/fonts/fontawesome-webfont.woff2?v=4.3.0
[ info ] localhost/bick/public/static/admin/fonts/fontawesome-webfont.woff2?v=4.3.0 [运行时间：0.270504s][吞吐率：3.70req/s] [内存消耗：2,221.70kb] [文件加载：43]
[ info ] [ LANG ] F:\PHP\xiangmu\bick\thinkphp\lang\zh-cn.php
[ info ] [ ROUTE ] array (
  'type' => 'module',
  'module' => 
  array (
    0 => 'static',
    1 => 'admin',
    2 => 'fonts',
  ),
)
[ info ] [ HEADER ] array (
  'host' => 'localhost',
  'connection' => 'keep-alive',
  'origin' => 'http://localhost',
  'user-agent' => 'Mozilla/5.0 (Windows NT 10.0; WOW64) AppleWebKit/537.36 (KHTML, like Gecko) Chrome/67.0.3371.0 Safari/537.36',
  'accept' => '*/*',
  'referer' => 'http://localhost/bick/public/static/admin/style/font-awesome.css',
  'accept-encoding' => 'gzip, deflate, br',
  'accept-language' => 'zh-CN,zh;q=0.9',
  'cookie' => 'thinkphp_show_page_trace=0|0; Phpstorm-e00e1f4d=ca750f83-cc19-4427-a556-8045ab72843e; pgv_pvi=3498281984; PHPSESSID=p79qtc1otr9ppkpk6f7dls69c7',
)
[ info ] [ PARAM ] array (
  'v' => '4.3.0',
)
[ info ] [ LOG ] INIT File
---------------------------------------------------------------
[ 2018-04-21T23:36:21+08:00 ] 0.0.0.0 GET /bick/public/admin/admin/authgroup
[ info ] localhost/bick/public/admin/admin/authgroup [运行时间：0.113732s][吞吐率：8.79req/s] [内存消耗：2,649.62kb] [文件加载：49]
[ info ] [ LANG ] F:\PHP\xiangmu\bick\thinkphp\lang\zh-cn.php
[ info ] [ ROUTE ] array (
  'type' => 'module',
  'module' => 
  array (
    0 => 'admin',
    1 => 'admin',
    2 => 'authgroup',
  ),
)
[ info ] [ HEADER ] array (
  'host' => 'localhost',
  'connection' => 'keep-alive',
  'upgrade-insecure-requests' => '1',
  'user-agent' => 'Mozilla/5.0 (Windows NT 10.0; WOW64) AppleWebKit/537.36 (KHTML, like Gecko) Chrome/67.0.3371.0 Safari/537.36',
  'accept' => 'text/html,application/xhtml+xml,application/xml;q=0.9,image/webp,image/apng,*/*;q=0.8',
  'referer' => 'http://localhost/bick/public/admin/index/index',
  'accept-encoding' => 'gzip, deflate, br',
  'accept-language' => 'zh-CN,zh;q=0.9',
  'cookie' => 'thinkphp_show_page_trace=0|0; Phpstorm-e00e1f4d=ca750f83-cc19-4427-a556-8045ab72843e; pgv_pvi=3498281984; PHPSESSID=p79qtc1otr9ppkpk6f7dls69c7',
)
[ info ] [ PARAM ] array (
)
[ info ] [ SESSION ] INIT array (
  'id' => '',
  'var_session_id' => '',
  'prefix' => 'think',
  'type' => '',
  'auto_start' => true,
)
[ info ] [ RUN ] app\admin\controller\Common->_empty[ F:\PHP\xiangmu\bick\application\admin\controller\Common.php ]
[ info ] [ LOG ] INIT File
---------------------------------------------------------------
[ 2018-04-21T23:36:22+08:00 ] 0.0.0.0 GET /bick/public/admin/index/index
[ info ] localhost/bick/public/admin/index/index [运行时间：0.055314s][吞吐率：18.08req/s] [内存消耗：2,752.05kb] [文件加载：52]
[ info ] [ LANG ] F:\PHP\xiangmu\bick\thinkphp\lang\zh-cn.php
[ info ] [ ROUTE ] array (
  'type' => 'module',
  'module' => 
  array (
    0 => 'admin',
    1 => 'index',
    2 => 'index',
  ),
)
[ info ] [ HEADER ] array (
  'host' => 'localhost',
  'connection' => 'keep-alive',
  'upgrade-insecure-requests' => '1',
  'user-agent' => 'Mozilla/5.0 (Windows NT 10.0; WOW64) AppleWebKit/537.36 (KHTML, like Gecko) Chrome/67.0.3371.0 Safari/537.36',
  'accept' => 'text/html,application/xhtml+xml,application/xml;q=0.9,image/webp,image/apng,*/*;q=0.8',
  'referer' => 'http://localhost/bick/public/admin/login/checklogin',
  'accept-encoding' => 'gzip, deflate, br',
  'accept-language' => 'zh-CN,zh;q=0.9',
  'cookie' => 'thinkphp_show_page_trace=0|0; thinkphp_show_page_trace=0|0; Phpstorm-e00e1f4d=ca750f83-cc19-4427-a556-8045ab72843e; pgv_pvi=3498281984; PHPSESSID=p79qtc1otr9ppkpk6f7dls69c7',
)
[ info ] [ PARAM ] array (
)
[ info ] [ SESSION ] INIT array (
  'id' => '',
  'var_session_id' => '',
  'prefix' => 'think',
  'type' => '',
  'auto_start' => true,
)
[ info ] [ RUN ] app\admin\controller\Index->index[ F:\PHP\xiangmu\bick\application\admin\controller\Index.php ]
[ info ] [ VIEW ] F:\PHP\xiangmu\bick\public/../application/admin\view\index\index.html [ array (
) ]
[ info ] [ LOG ] INIT File
---------------------------------------------------------------
[ 2018-04-21T23:36:23+08:00 ] 0.0.0.0 GET /bick/public/static/admin/fonts/fontawesome-webfont.woff2?v=4.3.0
[ info ] localhost/bick/public/static/admin/fonts/fontawesome-webfont.woff2?v=4.3.0 [运行时间：0.112312s][吞吐率：8.90req/s] [内存消耗：2,221.67kb] [文件加载：43]
[ info ] [ LANG ] F:\PHP\xiangmu\bick\thinkphp\lang\zh-cn.php
[ info ] [ ROUTE ] array (
  'type' => 'module',
  'module' => 
  array (
    0 => 'static',
    1 => 'admin',
    2 => 'fonts',
  ),
)
[ info ] [ HEADER ] array (
  'host' => 'localhost',
  'connection' => 'keep-alive',
  'origin' => 'http://localhost',
  'user-agent' => 'Mozilla/5.0 (Windows NT 10.0; WOW64) AppleWebKit/537.36 (KHTML, like Gecko) Chrome/67.0.3371.0 Safari/537.36',
  'accept' => '*/*',
  'referer' => 'http://localhost/bick/public/static/admin/style/font-awesome.css',
  'accept-encoding' => 'gzip, deflate, br',
  'accept-language' => 'zh-CN,zh;q=0.9',
  'cookie' => 'thinkphp_show_page_trace=0|0; Phpstorm-e00e1f4d=ca750f83-cc19-4427-a556-8045ab72843e; pgv_pvi=3498281984; PHPSESSID=p79qtc1otr9ppkpk6f7dls69c7',
)
[ info ] [ PARAM ] array (
  'v' => '4.3.0',
)
[ info ] [ LOG ] INIT File
---------------------------------------------------------------
[ 2018-04-21T23:36:25+08:00 ] 0.0.0.0 GET /bick/public/admin/authrule/lst
[ info ] localhost/bick/public/admin/authrule/lst [运行时间：0.169856s][吞吐率：5.89req/s] [内存消耗：4,465.83kb] [文件加载：59]
[ info ] [ LANG ] F:\PHP\xiangmu\bick\thinkphp\lang\zh-cn.php
[ info ] [ ROUTE ] array (
  'type' => 'module',
  'module' => 
  array (
    0 => 'admin',
    1 => 'authrule',
    2 => 'lst',
  ),
)
[ info ] [ HEADER ] array (
  'host' => 'localhost',
  'connection' => 'keep-alive',
  'upgrade-insecure-requests' => '1',
  'user-agent' => 'Mozilla/5.0 (Windows NT 10.0; WOW64) AppleWebKit/537.36 (KHTML, like Gecko) Chrome/67.0.3371.0 Safari/537.36',
  'accept' => 'text/html,application/xhtml+xml,application/xml;q=0.9,image/webp,image/apng,*/*;q=0.8',
  'referer' => 'http://localhost/bick/public/admin/index/index',
  'accept-encoding' => 'gzip, deflate, br',
  'accept-language' => 'zh-CN,zh;q=0.9',
  'cookie' => 'thinkphp_show_page_trace=0|0; Phpstorm-e00e1f4d=ca750f83-cc19-4427-a556-8045ab72843e; pgv_pvi=3498281984; PHPSESSID=p79qtc1otr9ppkpk6f7dls69c7',
)
[ info ] [ PARAM ] array (
)
[ info ] [ SESSION ] INIT array (
  'id' => '',
  'var_session_id' => '',
  'prefix' => 'think',
  'type' => '',
  'auto_start' => true,
)
[ info ] [ RUN ] app\admin\controller\Authrule->lst[ F:\PHP\xiangmu\bick\application\admin\controller\Authrule.php ]
[ info ] [ DB ] INIT mysql
[ info ] [ VIEW ] F:\PHP\xiangmu\bick\public/../application/admin\view\authrule\lst.html [ array (
  0 => 'arr',
) ]
[ info ] [ LOG ] INIT File
[ sql ] [ DB ] CONNECT:[ UseTime:0.025114s ] mysql:host=127.0.0.1;dbname=bick;charset=utf8
[ sql ] [ SQL ] SHOW COLUMNS FROM `bk_auth_rule` [ RunTime:0.023991s ]
[ sql ] [ SQL ] SELECT * FROM `bk_auth_rule` [ RunTime:0.001212s ]
---------------------------------------------------------------
[ 2018-04-21T23:36:25+08:00 ] 0.0.0.0 GET /bick/public/static/admin/fonts/fontawesome-webfont.woff2?v=4.3.0
[ info ] localhost/bick/public/static/admin/fonts/fontawesome-webfont.woff2?v=4.3.0 [运行时间：0.054968s][吞吐率：18.19req/s] [内存消耗：2,221.67kb] [文件加载：43]
[ info ] [ LANG ] F:\PHP\xiangmu\bick\thinkphp\lang\zh-cn.php
[ info ] [ ROUTE ] array (
  'type' => 'module',
  'module' => 
  array (
    0 => 'static',
    1 => 'admin',
    2 => 'fonts',
  ),
)
[ info ] [ HEADER ] array (
  'host' => 'localhost',
  'connection' => 'keep-alive',
  'origin' => 'http://localhost',
  'user-agent' => 'Mozilla/5.0 (Windows NT 10.0; WOW64) AppleWebKit/537.36 (KHTML, like Gecko) Chrome/67.0.3371.0 Safari/537.36',
  'accept' => '*/*',
  'referer' => 'http://localhost/bick/public/static/admin/style/font-awesome.css',
  'accept-encoding' => 'gzip, deflate, br',
  'accept-language' => 'zh-CN,zh;q=0.9',
  'cookie' => 'thinkphp_show_page_trace=0|0; Phpstorm-e00e1f4d=ca750f83-cc19-4427-a556-8045ab72843e; pgv_pvi=3498281984; PHPSESSID=p79qtc1otr9ppkpk6f7dls69c7',
)
[ info ] [ PARAM ] array (
  'v' => '4.3.0',
)
[ info ] [ LOG ] INIT File
---------------------------------------------------------------
[ 2018-04-21T23:36:27+08:00 ] 0.0.0.0 GET /bick/public/admin/authrule/add
[ info ] localhost/bick/public/admin/authrule/add [运行时间：0.144344s][吞吐率：6.93req/s] [内存消耗：4,442.19kb] [文件加载：59]
[ info ] [ LANG ] F:\PHP\xiangmu\bick\thinkphp\lang\zh-cn.php
[ info ] [ ROUTE ] array (
  'type' => 'module',
  'module' => 
  array (
    0 => 'admin',
    1 => 'authrule',
    2 => 'add',
  ),
)
[ info ] [ HEADER ] array (
  'host' => 'localhost',
  'connection' => 'keep-alive',
  'upgrade-insecure-requests' => '1',
  'user-agent' => 'Mozilla/5.0 (Windows NT 10.0; WOW64) AppleWebKit/537.36 (KHTML, like Gecko) Chrome/67.0.3371.0 Safari/537.36',
  'accept' => 'text/html,application/xhtml+xml,application/xml;q=0.9,image/webp,image/apng,*/*;q=0.8',
  'referer' => 'http://localhost/bick/public/admin/authrule/lst',
  'accept-encoding' => 'gzip, deflate, br',
  'accept-language' => 'zh-CN,zh;q=0.9',
  'cookie' => 'thinkphp_show_page_trace=0|0; thinkphp_show_page_trace=0|0; Phpstorm-e00e1f4d=ca750f83-cc19-4427-a556-8045ab72843e; pgv_pvi=3498281984; PHPSESSID=p79qtc1otr9ppkpk6f7dls69c7',
)
[ info ] [ PARAM ] array (
)
[ info ] [ SESSION ] INIT array (
  'id' => '',
  'var_session_id' => '',
  'prefix' => 'think',
  'type' => '',
  'auto_start' => true,
)
[ info ] [ RUN ] app\admin\controller\Authrule->add[ F:\PHP\xiangmu\bick\application\admin\controller\Authrule.php ]
[ info ] [ DB ] INIT mysql
[ info ] [ VIEW ] F:\PHP\xiangmu\bick\public/../application/admin\view\authrule\add.html [ array (
  0 => 'arr',
) ]
[ info ] [ LOG ] INIT File
[ sql ] [ DB ] CONNECT:[ UseTime:0.001833s ] mysql:host=127.0.0.1;dbname=bick;charset=utf8
[ sql ] [ SQL ] SHOW COLUMNS FROM `bk_auth_rule` [ RunTime:0.022845s ]
[ sql ] [ SQL ] SELECT * FROM `bk_auth_rule` [ RunTime:0.000999s ]
---------------------------------------------------------------
[ 2018-04-21T23:36:27+08:00 ] 0.0.0.0 GET /bick/public/static/admin/fonts/fontawesome-webfont.woff2?v=4.3.0
[ info ] localhost/bick/public/static/admin/fonts/fontawesome-webfont.woff2?v=4.3.0 [运行时间：0.057876s][吞吐率：17.28req/s] [内存消耗：2,221.67kb] [文件加载：43]
[ info ] [ LANG ] F:\PHP\xiangmu\bick\thinkphp\lang\zh-cn.php
[ info ] [ ROUTE ] array (
  'type' => 'module',
  'module' => 
  array (
    0 => 'static',
    1 => 'admin',
    2 => 'fonts',
  ),
)
[ info ] [ HEADER ] array (
  'host' => 'localhost',
  'connection' => 'keep-alive',
  'origin' => 'http://localhost',
  'user-agent' => 'Mozilla/5.0 (Windows NT 10.0; WOW64) AppleWebKit/537.36 (KHTML, like Gecko) Chrome/67.0.3371.0 Safari/537.36',
  'accept' => '*/*',
  'referer' => 'http://localhost/bick/public/static/admin/style/font-awesome.css',
  'accept-encoding' => 'gzip, deflate, br',
  'accept-language' => 'zh-CN,zh;q=0.9',
  'cookie' => 'thinkphp_show_page_trace=0|0; Phpstorm-e00e1f4d=ca750f83-cc19-4427-a556-8045ab72843e; pgv_pvi=3498281984; PHPSESSID=p79qtc1otr9ppkpk6f7dls69c7',
)
[ info ] [ PARAM ] array (
  'v' => '4.3.0',
)
[ info ] [ LOG ] INIT File
---------------------------------------------------------------
[ 2018-04-21T23:39:45+08:00 ] 127.0.0.1 GET /bick/public/static/admin/fonts/fontawesome-webfont.woff2?v=4.3.0
[ info ] 127.0.0.1/bick/public/static/admin/fonts/fontawesome-webfont.woff2?v=4.3.0 [运行时间：0.112389s][吞吐率：8.90req/s] [内存消耗：2,220.70kb] [文件加载：43]
[ info ] [ LANG ] F:\PHP\xiangmu\bick\thinkphp\lang\zh-cn.php
[ info ] [ ROUTE ] array (
  'type' => 'module',
  'module' => 
  array (
    0 => 'static',
    1 => 'admin',
    2 => 'fonts',
  ),
)
[ info ] [ HEADER ] array (
  'host' => '127.0.0.1',
  'connection' => 'keep-alive',
  'origin' => 'http://localhost',
  'user-agent' => 'Mozilla/5.0 (Windows NT 10.0; WOW64) AppleWebKit/537.36 (KHTML, like Gecko) Chrome/67.0.3371.0 Safari/537.36',
  'accept' => '*/*',
  'referer' => 'http://127.0.0.1/bick/public/static/admin/style/font-awesome.css',
  'accept-encoding' => 'gzip, deflate, br',
  'accept-language' => 'zh-CN,zh;q=0.9',
)
[ info ] [ PARAM ] array (
  'v' => '4.3.0',
)
[ info ] [ LOG ] INIT File
---------------------------------------------------------------
[ 2018-04-21T23:39:48+08:00 ] 127.0.0.1 GET /bick/public/static/admin/fonts/fontawesome-webfont.woff2?v=4.3.0
[ info ] 127.0.0.1/bick/public/static/admin/fonts/fontawesome-webfont.woff2?v=4.3.0 [运行时间：0.069988s][吞吐率：14.29req/s] [内存消耗：2,220.70kb] [文件加载：43]
[ info ] [ LANG ] F:\PHP\xiangmu\bick\thinkphp\lang\zh-cn.php
[ info ] [ ROUTE ] array (
  'type' => 'module',
  'module' => 
  array (
    0 => 'static',
    1 => 'admin',
    2 => 'fonts',
  ),
)
[ info ] [ HEADER ] array (
  'host' => '127.0.0.1',
  'connection' => 'keep-alive',
  'origin' => 'http://localhost',
  'user-agent' => 'Mozilla/5.0 (Windows NT 10.0; WOW64) AppleWebKit/537.36 (KHTML, like Gecko) Chrome/67.0.3371.0 Safari/537.36',
  'accept' => '*/*',
  'referer' => 'http://127.0.0.1/bick/public/static/admin/style/font-awesome.css',
  'accept-encoding' => 'gzip, deflate, br',
  'accept-language' => 'zh-CN,zh;q=0.9',
)
[ info ] [ PARAM ] array (
  'v' => '4.3.0',
)
[ info ] [ LOG ] INIT File
---------------------------------------------------------------
[ 2018-04-21T23:39:50+08:00 ] 127.0.0.1 GET /bick/public/static/admin/fonts/fontawesome-webfont.woff2?v=4.3.0
[ info ] 127.0.0.1/bick/public/static/admin/fonts/fontawesome-webfont.woff2?v=4.3.0 [运行时间：0.071474s][吞吐率：13.99req/s] [内存消耗：2,220.70kb] [文件加载：43]
[ info ] [ LANG ] F:\PHP\xiangmu\bick\thinkphp\lang\zh-cn.php
[ info ] [ ROUTE ] array (
  'type' => 'module',
  'module' => 
  array (
    0 => 'static',
    1 => 'admin',
    2 => 'fonts',
  ),
)
[ info ] [ HEADER ] array (
  'host' => '127.0.0.1',
  'connection' => 'keep-alive',
  'origin' => 'http://localhost',
  'user-agent' => 'Mozilla/5.0 (Windows NT 10.0; WOW64) AppleWebKit/537.36 (KHTML, like Gecko) Chrome/67.0.3371.0 Safari/537.36',
  'accept' => '*/*',
  'referer' => 'http://127.0.0.1/bick/public/static/admin/style/font-awesome.css',
  'accept-encoding' => 'gzip, deflate, br',
  'accept-language' => 'zh-CN,zh;q=0.9',
)
[ info ] [ PARAM ] array (
  'v' => '4.3.0',
)
[ info ] [ LOG ] INIT File
---------------------------------------------------------------
[ 2018-04-21T23:53:06+08:00 ] 127.0.0.1 GET /bick/public/static/admin/fonts/fontawesome-webfont.woff2?v=4.3.0
[ info ] 127.0.0.1/bick/public/static/admin/fonts/fontawesome-webfont.woff2?v=4.3.0 [运行时间：0.117323s][吞吐率：8.52req/s] [内存消耗：2,220.70kb] [文件加载：43]
[ info ] [ LANG ] F:\PHP\xiangmu\bick\thinkphp\lang\zh-cn.php
[ info ] [ ROUTE ] array (
  'type' => 'module',
  'module' => 
  array (
    0 => 'static',
    1 => 'admin',
    2 => 'fonts',
  ),
)
[ info ] [ HEADER ] array (
  'host' => '127.0.0.1',
  'connection' => 'keep-alive',
  'origin' => 'http://localhost',
  'user-agent' => 'Mozilla/5.0 (Windows NT 10.0; WOW64) AppleWebKit/537.36 (KHTML, like Gecko) Chrome/67.0.3371.0 Safari/537.36',
  'accept' => '*/*',
  'referer' => 'http://127.0.0.1/bick/public/static/admin/style/font-awesome.css',
  'accept-encoding' => 'gzip, deflate, br',
  'accept-language' => 'zh-CN,zh;q=0.9',
)
[ info ] [ PARAM ] array (
  'v' => '4.3.0',
)
[ info ] [ LOG ] INIT File
---------------------------------------------------------------
[ 2018-04-21T23:53:30+08:00 ] 0.0.0.0 GET /bick/public/admin/authrule/add
[ info ] localhost/bick/public/admin/authrule/add [运行时间：0.517922s][吞吐率：1.93req/s] [内存消耗：4,702.55kb] [文件加载：61]
[ info ] [ LANG ] F:\PHP\xiangmu\bick\thinkphp\lang\zh-cn.php
[ info ] [ ROUTE ] array (
  'type' => 'module',
  'module' => 
  array (
    0 => 'admin',
    1 => 'authrule',
    2 => 'add',
  ),
)
[ info ] [ HEADER ] array (
  'host' => 'localhost',
  'connection' => 'keep-alive',
  'cache-control' => 'max-age=0',
  'upgrade-insecure-requests' => '1',
  'user-agent' => 'Mozilla/5.0 (Windows NT 10.0; WOW64) AppleWebKit/537.36 (KHTML, like Gecko) Chrome/67.0.3371.0 Safari/537.36',
  'accept' => 'text/html,application/xhtml+xml,application/xml;q=0.9,image/webp,image/apng,*/*;q=0.8',
  'referer' => 'http://localhost/bick/public/admin/authrule/lst',
  'accept-encoding' => 'gzip, deflate, br',
  'accept-language' => 'zh-CN,zh;q=0.9',
  'cookie' => 'thinkphp_show_page_trace=0|0; thinkphp_show_page_trace=0|0; Phpstorm-e00e1f4d=ca750f83-cc19-4427-a556-8045ab72843e; pgv_pvi=3498281984; PHPSESSID=p79qtc1otr9ppkpk6f7dls69c7',
)
[ info ] [ PARAM ] array (
)
[ info ] [ SESSION ] INIT array (
  'id' => '',
  'var_session_id' => '',
  'prefix' => 'think',
  'type' => '',
  'auto_start' => true,
)
[ info ] [ RUN ] app\admin\controller\Authrule->add[ F:\PHP\xiangmu\bick\application\admin\controller\Authrule.php ]
[ info ] [ DB ] INIT mysql
[ info ] [ VIEW ] F:\PHP\xiangmu\bick\public/../application/admin\view\authrule\add.html [ array (
  0 => 'arr',
) ]
[ info ] [ LOG ] INIT File
[ sql ] [ DB ] CONNECT:[ UseTime:0.001688s ] mysql:host=127.0.0.1;dbname=bick;charset=utf8
[ sql ] [ SQL ] SHOW COLUMNS FROM `bk_auth_rule` [ RunTime:0.022994s ]
[ sql ] [ SQL ] SELECT * FROM `bk_auth_rule` [ RunTime:0.001212s ]
---------------------------------------------------------------
[ 2018-04-21T23:53:31+08:00 ] 0.0.0.0 GET /bick/public/static/admin/fonts/fontawesome-webfont.woff2?v=4.3.0
[ info ] localhost/bick/public/static/admin/fonts/fontawesome-webfont.woff2?v=4.3.0 [运行时间：0.049648s][吞吐率：20.14req/s] [内存消耗：2,221.67kb] [文件加载：43]
[ info ] [ LANG ] F:\PHP\xiangmu\bick\thinkphp\lang\zh-cn.php
[ info ] [ ROUTE ] array (
  'type' => 'module',
  'module' => 
  array (
    0 => 'static',
    1 => 'admin',
    2 => 'fonts',
  ),
)
[ info ] [ HEADER ] array (
  'host' => 'localhost',
  'connection' => 'keep-alive',
  'origin' => 'http://localhost',
  'user-agent' => 'Mozilla/5.0 (Windows NT 10.0; WOW64) AppleWebKit/537.36 (KHTML, like Gecko) Chrome/67.0.3371.0 Safari/537.36',
  'accept' => '*/*',
  'referer' => 'http://localhost/bick/public/static/admin/style/font-awesome.css',
  'accept-encoding' => 'gzip, deflate, br',
  'accept-language' => 'zh-CN,zh;q=0.9',
  'cookie' => 'thinkphp_show_page_trace=0|0; Phpstorm-e00e1f4d=ca750f83-cc19-4427-a556-8045ab72843e; pgv_pvi=3498281984; PHPSESSID=p79qtc1otr9ppkpk6f7dls69c7',
)
[ info ] [ PARAM ] array (
  'v' => '4.3.0',
)
[ info ] [ LOG ] INIT File
---------------------------------------------------------------
[ 2018-04-21T23:53:33+08:00 ] 0.0.0.0 GET /bick/public/admin/authrule/lst
[ info ] localhost/bick/public/admin/authrule/lst [运行时间：0.127151s][吞吐率：7.86req/s] [内存消耗：4,473.38kb] [文件加载：59]
[ info ] [ LANG ] F:\PHP\xiangmu\bick\thinkphp\lang\zh-cn.php
[ info ] [ ROUTE ] array (
  'type' => 'module',
  'module' => 
  array (
    0 => 'admin',
    1 => 'authrule',
    2 => 'lst',
  ),
)
[ info ] [ HEADER ] array (
  'host' => 'localhost',
  'connection' => 'keep-alive',
  'upgrade-insecure-requests' => '1',
  'user-agent' => 'Mozilla/5.0 (Windows NT 10.0; WOW64) AppleWebKit/537.36 (KHTML, like Gecko) Chrome/67.0.3371.0 Safari/537.36',
  'accept' => 'text/html,application/xhtml+xml,application/xml;q=0.9,image/webp,image/apng,*/*;q=0.8',
  'referer' => 'http://localhost/bick/public/admin/index/index',
  'accept-encoding' => 'gzip, deflate, br',
  'accept-language' => 'zh-CN,zh;q=0.9',
  'cookie' => 'thinkphp_show_page_trace=0|0; thinkphp_show_page_trace=0|0; Phpstorm-e00e1f4d=ca750f83-cc19-4427-a556-8045ab72843e; pgv_pvi=3498281984; PHPSESSID=p79qtc1otr9ppkpk6f7dls69c7',
)
[ info ] [ PARAM ] array (
)
[ info ] [ SESSION ] INIT array (
  'id' => '',
  'var_session_id' => '',
  'prefix' => 'think',
  'type' => '',
  'auto_start' => true,
)
[ info ] [ RUN ] app\admin\controller\Authrule->lst[ F:\PHP\xiangmu\bick\application\admin\controller\Authrule.php ]
[ info ] [ DB ] INIT mysql
[ info ] [ VIEW ] F:\PHP\xiangmu\bick\public/../application/admin\view\authrule\lst.html [ array (
  0 => 'arr',
) ]
[ info ] [ LOG ] INIT File
[ sql ] [ DB ] CONNECT:[ UseTime:0.001807s ] mysql:host=127.0.0.1;dbname=bick;charset=utf8
[ sql ] [ SQL ] SHOW COLUMNS FROM `bk_auth_rule` [ RunTime:0.025326s ]
[ sql ] [ SQL ] SELECT * FROM `bk_auth_rule` [ RunTime:0.001065s ]
---------------------------------------------------------------
[ 2018-04-21T23:53:34+08:00 ] 0.0.0.0 GET /bick/public/admin/authrule/lst
[ info ] localhost/bick/public/admin/authrule/lst [运行时间：0.104668s][吞吐率：9.55req/s] [内存消耗：4,473.07kb] [文件加载：59]
[ info ] [ LANG ] F:\PHP\xiangmu\bick\thinkphp\lang\zh-cn.php
[ info ] [ ROUTE ] array (
  'type' => 'module',
  'module' => 
  array (
    0 => 'admin',
    1 => 'authrule',
    2 => 'lst',
  ),
)
[ info ] [ HEADER ] array (
  'host' => 'localhost',
  'connection' => 'keep-alive',
  'cache-control' => 'max-age=0',
  'upgrade-insecure-requests' => '1',
  'user-agent' => 'Mozilla/5.0 (Windows NT 10.0; WOW64) AppleWebKit/537.36 (KHTML, like Gecko) Chrome/67.0.3371.0 Safari/537.36',
  'accept' => 'text/html,application/xhtml+xml,application/xml;q=0.9,image/webp,image/apng,*/*;q=0.8',
  'referer' => 'http://localhost/bick/public/admin/index/index',
  'accept-encoding' => 'gzip, deflate, br',
  'accept-language' => 'zh-CN,zh;q=0.9',
  'cookie' => 'thinkphp_show_page_trace=0|0; thinkphp_show_page_trace=0|0; Phpstorm-e00e1f4d=ca750f83-cc19-4427-a556-8045ab72843e; pgv_pvi=3498281984; PHPSESSID=p79qtc1otr9ppkpk6f7dls69c7',
)
[ info ] [ PARAM ] array (
)
[ info ] [ SESSION ] INIT array (
  'id' => '',
  'var_session_id' => '',
  'prefix' => 'think',
  'type' => '',
  'auto_start' => true,
)
[ info ] [ RUN ] app\admin\controller\Authrule->lst[ F:\PHP\xiangmu\bick\application\admin\controller\Authrule.php ]
[ info ] [ DB ] INIT mysql
[ info ] [ VIEW ] F:\PHP\xiangmu\bick\public/../application/admin\view\authrule\lst.html [ array (
  0 => 'arr',
) ]
[ info ] [ LOG ] INIT File
[ sql ] [ DB ] CONNECT:[ UseTime:0.002579s ] mysql:host=127.0.0.1;dbname=bick;charset=utf8
[ sql ] [ SQL ] SHOW COLUMNS FROM `bk_auth_rule` [ RunTime:0.025137s ]
[ sql ] [ SQL ] SELECT * FROM `bk_auth_rule` [ RunTime:0.000957s ]
---------------------------------------------------------------
[ 2018-04-21T23:53:34+08:00 ] 0.0.0.0 GET /bick/public/static/admin/fonts/fontawesome-webfont.woff2?v=4.3.0
[ info ] localhost/bick/public/static/admin/fonts/fontawesome-webfont.woff2?v=4.3.0 [运行时间：0.075747s][吞吐率：13.20req/s] [内存消耗：2,221.67kb] [文件加载：43]
[ info ] [ LANG ] F:\PHP\xiangmu\bick\thinkphp\lang\zh-cn.php
[ info ] [ ROUTE ] array (
  'type' => 'module',
  'module' => 
  array (
    0 => 'static',
    1 => 'admin',
    2 => 'fonts',
  ),
)
[ info ] [ HEADER ] array (
  'host' => 'localhost',
  'connection' => 'keep-alive',
  'origin' => 'http://localhost',
  'user-agent' => 'Mozilla/5.0 (Windows NT 10.0; WOW64) AppleWebKit/537.36 (KHTML, like Gecko) Chrome/67.0.3371.0 Safari/537.36',
  'accept' => '*/*',
  'referer' => 'http://localhost/bick/public/static/admin/style/font-awesome.css',
  'accept-encoding' => 'gzip, deflate, br',
  'accept-language' => 'zh-CN,zh;q=0.9',
  'cookie' => 'thinkphp_show_page_trace=0|0; Phpstorm-e00e1f4d=ca750f83-cc19-4427-a556-8045ab72843e; pgv_pvi=3498281984; PHPSESSID=p79qtc1otr9ppkpk6f7dls69c7',
)
[ info ] [ PARAM ] array (
  'v' => '4.3.0',
)
[ info ] [ LOG ] INIT File
---------------------------------------------------------------
[ 2018-04-21T23:53:40+08:00 ] 0.0.0.0 GET /bick/public/admin/authrule/add
[ info ] localhost/bick/public/admin/authrule/add [运行时间：0.111150s][吞吐率：9.00req/s] [内存消耗：4,449.44kb] [文件加载：59]
[ info ] [ LANG ] F:\PHP\xiangmu\bick\thinkphp\lang\zh-cn.php
[ info ] [ ROUTE ] array (
  'type' => 'module',
  'module' => 
  array (
    0 => 'admin',
    1 => 'authrule',
    2 => 'add',
  ),
)
[ info ] [ HEADER ] array (
  'host' => 'localhost',
  'connection' => 'keep-alive',
  'upgrade-insecure-requests' => '1',
  'user-agent' => 'Mozilla/5.0 (Windows NT 10.0; WOW64) AppleWebKit/537.36 (KHTML, like Gecko) Chrome/67.0.3371.0 Safari/537.36',
  'accept' => 'text/html,application/xhtml+xml,application/xml;q=0.9,image/webp,image/apng,*/*;q=0.8',
  'referer' => 'http://localhost/bick/public/admin/authrule/lst',
  'accept-encoding' => 'gzip, deflate, br',
  'accept-language' => 'zh-CN,zh;q=0.9',
  'cookie' => 'thinkphp_show_page_trace=0|0; thinkphp_show_page_trace=0|0; Phpstorm-e00e1f4d=ca750f83-cc19-4427-a556-8045ab72843e; pgv_pvi=3498281984; PHPSESSID=p79qtc1otr9ppkpk6f7dls69c7',
)
[ info ] [ PARAM ] array (
)
[ info ] [ SESSION ] INIT array (
  'id' => '',
  'var_session_id' => '',
  'prefix' => 'think',
  'type' => '',
  'auto_start' => true,
)
[ info ] [ RUN ] app\admin\controller\Authrule->add[ F:\PHP\xiangmu\bick\application\admin\controller\Authrule.php ]
[ info ] [ DB ] INIT mysql
[ info ] [ VIEW ] F:\PHP\xiangmu\bick\public/../application/admin\view\authrule\add.html [ array (
  0 => 'arr',
) ]
[ info ] [ LOG ] INIT File
[ sql ] [ DB ] CONNECT:[ UseTime:0.002258s ] mysql:host=127.0.0.1;dbname=bick;charset=utf8
[ sql ] [ SQL ] SHOW COLUMNS FROM `bk_auth_rule` [ RunTime:0.026024s ]
[ sql ] [ SQL ] SELECT * FROM `bk_auth_rule` [ RunTime:0.000853s ]
---------------------------------------------------------------
[ 2018-04-21T23:53:40+08:00 ] 0.0.0.0 GET /bick/public/static/admin/fonts/fontawesome-webfont.woff2?v=4.3.0
[ info ] localhost/bick/public/static/admin/fonts/fontawesome-webfont.woff2?v=4.3.0 [运行时间：0.087286s][吞吐率：11.46req/s] [内存消耗：2,221.67kb] [文件加载：43]
[ info ] [ LANG ] F:\PHP\xiangmu\bick\thinkphp\lang\zh-cn.php
[ info ] [ ROUTE ] array (
  'type' => 'module',
  'module' => 
  array (
    0 => 'static',
    1 => 'admin',
    2 => 'fonts',
  ),
)
[ info ] [ HEADER ] array (
  'host' => 'localhost',
  'connection' => 'keep-alive',
  'origin' => 'http://localhost',
  'user-agent' => 'Mozilla/5.0 (Windows NT 10.0; WOW64) AppleWebKit/537.36 (KHTML, like Gecko) Chrome/67.0.3371.0 Safari/537.36',
  'accept' => '*/*',
  'referer' => 'http://localhost/bick/public/static/admin/style/font-awesome.css',
  'accept-encoding' => 'gzip, deflate, br',
  'accept-language' => 'zh-CN,zh;q=0.9',
  'cookie' => 'thinkphp_show_page_trace=0|0; Phpstorm-e00e1f4d=ca750f83-cc19-4427-a556-8045ab72843e; pgv_pvi=3498281984; PHPSESSID=p79qtc1otr9ppkpk6f7dls69c7',
)
[ info ] [ PARAM ] array (
  'v' => '4.3.0',
)
[ info ] [ LOG ] INIT File
---------------------------------------------------------------
[ 2018-04-21T23:53:50+08:00 ] 0.0.0.0 POST /bick/public/admin/authrule/add
[ info ] localhost/bick/public/admin/authrule/add [运行时间：0.358860s][吞吐率：2.79req/s] [内存消耗：4,308.17kb] [文件加载：61]
[ info ] [ LANG ] F:\PHP\xiangmu\bick\thinkphp\lang\zh-cn.php
[ info ] [ ROUTE ] array (
  'type' => 'module',
  'module' => 
  array (
    0 => 'admin',
    1 => 'authrule',
    2 => 'add',
  ),
)
[ info ] [ HEADER ] array (
  'host' => 'localhost',
  'connection' => 'keep-alive',
  'content-length' => '25',
  'cache-control' => 'max-age=0',
  'origin' => 'http://localhost',
  'upgrade-insecure-requests' => '1',
  'content-type' => 'application/x-www-form-urlencoded',
  'user-agent' => 'Mozilla/5.0 (Windows NT 10.0; WOW64) AppleWebKit/537.36 (KHTML, like Gecko) Chrome/67.0.3371.0 Safari/537.36',
  'accept' => 'text/html,application/xhtml+xml,application/xml;q=0.9,image/webp,image/apng,*/*;q=0.8',
  'referer' => 'http://localhost/bick/public/admin/authrule/add',
  'accept-encoding' => 'gzip, deflate, br',
  'accept-language' => 'zh-CN,zh;q=0.9',
  'cookie' => 'thinkphp_show_page_trace=0|0; thinkphp_show_page_trace=0|0; Phpstorm-e00e1f4d=ca750f83-cc19-4427-a556-8045ab72843e; pgv_pvi=3498281984; PHPSESSID=p79qtc1otr9ppkpk6f7dls69c7',
)
[ info ] [ PARAM ] array (
  'group_id' => '',
  'title' => 'x',
  'name' => 'na',
)
[ info ] [ SESSION ] INIT array (
  'id' => '',
  'var_session_id' => '',
  'prefix' => 'think',
  'type' => '',
  'auto_start' => true,
)
[ info ] [ RUN ] app\admin\controller\Authrule->add[ F:\PHP\xiangmu\bick\application\admin\controller\Authrule.php ]
[ info ] [ DB ] INIT mysql
[ info ] [ LOG ] INIT File
[ sql ] [ DB ] CONNECT:[ UseTime:0.003659s ] mysql:host=127.0.0.1;dbname=bick;charset=utf8
[ error ] [10501]SQLSTATE[42S02]: Base table or view not found: 1146 Table 'bick.bk_auto_rule' doesn't exist[F:\PHP\xiangmu\bick\thinkphp\library\think\db\Connection.php:388]
---------------------------------------------------------------
[ 2018-04-21T23:54:55+08:00 ] 0.0.0.0 POST /bick/public/admin/authrule/add
[ info ] localhost/bick/public/admin/authrule/add [运行时间：0.127196s][吞吐率：7.86req/s] [内存消耗：4,308.16kb] [文件加载：61]
[ info ] [ LANG ] F:\PHP\xiangmu\bick\thinkphp\lang\zh-cn.php
[ info ] [ ROUTE ] array (
  'type' => 'module',
  'module' => 
  array (
    0 => 'admin',
    1 => 'authrule',
    2 => 'add',
  ),
)
[ info ] [ HEADER ] array (
  'host' => 'localhost',
  'connection' => 'keep-alive',
  'content-length' => '25',
  'cache-control' => 'max-age=0',
  'upgrade-insecure-requests' => '1',
  'user-agent' => 'Mozilla/5.0 (Windows NT 10.0; WOW64) AppleWebKit/537.36 (KHTML, like Gecko) Chrome/67.0.3371.0 Safari/537.36',
  'origin' => 'http://localhost',
  'content-type' => 'application/x-www-form-urlencoded',
  'accept' => 'text/html,application/xhtml+xml,application/xml;q=0.9,image/webp,image/apng,*/*;q=0.8',
  'referer' => 'http://localhost/bick/public/admin/authrule/add',
  'accept-encoding' => 'gzip, deflate, br',
  'accept-language' => 'zh-CN,zh;q=0.9',
  'cookie' => 'thinkphp_show_page_trace=0|0; thinkphp_show_page_trace=0|0; Phpstorm-e00e1f4d=ca750f83-cc19-4427-a556-8045ab72843e; pgv_pvi=3498281984; PHPSESSID=p79qtc1otr9ppkpk6f7dls69c7',
)
[ info ] [ PARAM ] array (
  'group_id' => '',
  'title' => 'x',
  'name' => 'na',
)
[ info ] [ SESSION ] INIT array (
  'id' => '',
  'var_session_id' => '',
  'prefix' => 'think',
  'type' => '',
  'auto_start' => true,
)
[ info ] [ RUN ] app\admin\controller\Authrule->add[ F:\PHP\xiangmu\bick\application\admin\controller\Authrule.php ]
[ info ] [ DB ] INIT mysql
[ info ] [ LOG ] INIT File
[ sql ] [ DB ] CONNECT:[ UseTime:0.001883s ] mysql:host=127.0.0.1;dbname=bick;charset=utf8
[ error ] [10501]SQLSTATE[42S02]: Base table or view not found: 1146 Table 'bick.bk_auto_rule' doesn't exist[F:\PHP\xiangmu\bick\thinkphp\library\think\db\Connection.php:388]
---------------------------------------------------------------
[ 2018-04-21T23:54:58+08:00 ] 0.0.0.0 GET /bick/public/admin/authrule/add
[ info ] localhost/bick/public/admin/authrule/add [运行时间：0.109038s][吞吐率：9.17req/s] [内存消耗：4,449.44kb] [文件加载：59]
[ info ] [ LANG ] F:\PHP\xiangmu\bick\thinkphp\lang\zh-cn.php
[ info ] [ ROUTE ] array (
  'type' => 'module',
  'module' => 
  array (
    0 => 'admin',
    1 => 'authrule',
    2 => 'add',
  ),
)
[ info ] [ HEADER ] array (
  'host' => 'localhost',
  'connection' => 'keep-alive',
  'upgrade-insecure-requests' => '1',
  'user-agent' => 'Mozilla/5.0 (Windows NT 10.0; WOW64) AppleWebKit/537.36 (KHTML, like Gecko) Chrome/67.0.3371.0 Safari/537.36',
  'accept' => 'text/html,application/xhtml+xml,application/xml;q=0.9,image/webp,image/apng,*/*;q=0.8',
  'referer' => 'http://localhost/bick/public/admin/authrule/lst',
  'accept-encoding' => 'gzip, deflate, br',
  'accept-language' => 'zh-CN,zh;q=0.9',
  'cookie' => 'thinkphp_show_page_trace=0|0; thinkphp_show_page_trace=0|0; Phpstorm-e00e1f4d=ca750f83-cc19-4427-a556-8045ab72843e; pgv_pvi=3498281984; PHPSESSID=p79qtc1otr9ppkpk6f7dls69c7',
)
[ info ] [ PARAM ] array (
)
[ info ] [ SESSION ] INIT array (
  'id' => '',
  'var_session_id' => '',
  'prefix' => 'think',
  'type' => '',
  'auto_start' => true,
)
[ info ] [ RUN ] app\admin\controller\Authrule->add[ F:\PHP\xiangmu\bick\application\admin\controller\Authrule.php ]
[ info ] [ DB ] INIT mysql
[ info ] [ VIEW ] F:\PHP\xiangmu\bick\public/../application/admin\view\authrule\add.html [ array (
  0 => 'arr',
) ]
[ info ] [ LOG ] INIT File
[ sql ] [ DB ] CONNECT:[ UseTime:0.001821s ] mysql:host=127.0.0.1;dbname=bick;charset=utf8
[ sql ] [ SQL ] SHOW COLUMNS FROM `bk_auth_rule` [ RunTime:0.029425s ]
[ sql ] [ SQL ] SELECT * FROM `bk_auth_rule` [ RunTime:0.000806s ]
---------------------------------------------------------------
[ 2018-04-21T23:54:58+08:00 ] 0.0.0.0 GET /bick/public/static/admin/fonts/fontawesome-webfont.woff2?v=4.3.0
[ info ] localhost/bick/public/static/admin/fonts/fontawesome-webfont.woff2?v=4.3.0 [运行时间：0.100824s][吞吐率：9.92req/s] [内存消耗：2,221.67kb] [文件加载：43]
[ info ] [ LANG ] F:\PHP\xiangmu\bick\thinkphp\lang\zh-cn.php
[ info ] [ ROUTE ] array (
  'type' => 'module',
  'module' => 
  array (
    0 => 'static',
    1 => 'admin',
    2 => 'fonts',
  ),
)
[ info ] [ HEADER ] array (
  'host' => 'localhost',
  'connection' => 'keep-alive',
  'origin' => 'http://localhost',
  'user-agent' => 'Mozilla/5.0 (Windows NT 10.0; WOW64) AppleWebKit/537.36 (KHTML, like Gecko) Chrome/67.0.3371.0 Safari/537.36',
  'accept' => '*/*',
  'referer' => 'http://localhost/bick/public/static/admin/style/font-awesome.css',
  'accept-encoding' => 'gzip, deflate, br',
  'accept-language' => 'zh-CN,zh;q=0.9',
  'cookie' => 'thinkphp_show_page_trace=0|0; Phpstorm-e00e1f4d=ca750f83-cc19-4427-a556-8045ab72843e; pgv_pvi=3498281984; PHPSESSID=p79qtc1otr9ppkpk6f7dls69c7',
)
[ info ] [ PARAM ] array (
  'v' => '4.3.0',
)
[ info ] [ LOG ] INIT File
---------------------------------------------------------------
[ 2018-04-21T23:55:01+08:00 ] 0.0.0.0 GET /bick/public/admin/authrule/add
[ info ] localhost/bick/public/admin/authrule/add [运行时间：0.118047s][吞吐率：8.47req/s] [内存消耗：4,449.29kb] [文件加载：59]
[ info ] [ LANG ] F:\PHP\xiangmu\bick\thinkphp\lang\zh-cn.php
[ info ] [ ROUTE ] array (
  'type' => 'module',
  'module' => 
  array (
    0 => 'admin',
    1 => 'authrule',
    2 => 'add',
  ),
)
[ info ] [ HEADER ] array (
  'host' => 'localhost',
  'connection' => 'keep-alive',
  'cache-control' => 'max-age=0',
  'upgrade-insecure-requests' => '1',
  'user-agent' => 'Mozilla/5.0 (Windows NT 10.0; WOW64) AppleWebKit/537.36 (KHTML, like Gecko) Chrome/67.0.3371.0 Safari/537.36',
  'accept' => 'text/html,application/xhtml+xml,application/xml;q=0.9,image/webp,image/apng,*/*;q=0.8',
  'referer' => 'http://localhost/bick/public/admin/authrule/add',
  'accept-encoding' => 'gzip, deflate, br',
  'accept-language' => 'zh-CN,zh;q=0.9',
  'cookie' => 'thinkphp_show_page_trace=0|0; thinkphp_show_page_trace=0|0; Phpstorm-e00e1f4d=ca750f83-cc19-4427-a556-8045ab72843e; pgv_pvi=3498281984; PHPSESSID=p79qtc1otr9ppkpk6f7dls69c7',
)
[ info ] [ PARAM ] array (
)
[ info ] [ SESSION ] INIT array (
  'id' => '',
  'var_session_id' => '',
  'prefix' => 'think',
  'type' => '',
  'auto_start' => true,
)
[ info ] [ RUN ] app\admin\controller\Authrule->add[ F:\PHP\xiangmu\bick\application\admin\controller\Authrule.php ]
[ info ] [ DB ] INIT mysql
[ info ] [ VIEW ] F:\PHP\xiangmu\bick\public/../application/admin\view\authrule\add.html [ array (
  0 => 'arr',
) ]
[ info ] [ LOG ] INIT File
[ sql ] [ DB ] CONNECT:[ UseTime:0.001502s ] mysql:host=127.0.0.1;dbname=bick;charset=utf8
[ sql ] [ SQL ] SHOW COLUMNS FROM `bk_auth_rule` [ RunTime:0.041068s ]
[ sql ] [ SQL ] SELECT * FROM `bk_auth_rule` [ RunTime:0.000806s ]
---------------------------------------------------------------
[ 2018-04-21T23:55:01+08:00 ] 0.0.0.0 GET /bick/public/static/admin/fonts/fontawesome-webfont.woff2?v=4.3.0
[ info ] localhost/bick/public/static/admin/fonts/fontawesome-webfont.woff2?v=4.3.0 [运行时间：0.118303s][吞吐率：8.45req/s] [内存消耗：2,221.67kb] [文件加载：43]
[ info ] [ LANG ] F:\PHP\xiangmu\bick\thinkphp\lang\zh-cn.php
[ info ] [ ROUTE ] array (
  'type' => 'module',
  'module' => 
  array (
    0 => 'static',
    1 => 'admin',
    2 => 'fonts',
  ),
)
[ info ] [ HEADER ] array (
  'host' => 'localhost',
  'connection' => 'keep-alive',
  'origin' => 'http://localhost',
  'user-agent' => 'Mozilla/5.0 (Windows NT 10.0; WOW64) AppleWebKit/537.36 (KHTML, like Gecko) Chrome/67.0.3371.0 Safari/537.36',
  'accept' => '*/*',
  'referer' => 'http://localhost/bick/public/static/admin/style/font-awesome.css',
  'accept-encoding' => 'gzip, deflate, br',
  'accept-language' => 'zh-CN,zh;q=0.9',
  'cookie' => 'thinkphp_show_page_trace=0|0; Phpstorm-e00e1f4d=ca750f83-cc19-4427-a556-8045ab72843e; pgv_pvi=3498281984; PHPSESSID=p79qtc1otr9ppkpk6f7dls69c7',
)
[ info ] [ PARAM ] array (
  'v' => '4.3.0',
)
[ info ] [ LOG ] INIT File
---------------------------------------------------------------
[ 2018-04-21T23:55:17+08:00 ] 0.0.0.0 POST /bick/public/admin/authrule/add
[ info ] localhost/bick/public/admin/authrule/add [运行时间：0.189143s][吞吐率：5.29req/s] [内存消耗：4,308.17kb] [文件加载：61]
[ info ] [ LANG ] F:\PHP\xiangmu\bick\thinkphp\lang\zh-cn.php
[ info ] [ ROUTE ] array (
  'type' => 'module',
  'module' => 
  array (
    0 => 'admin',
    1 => 'authrule',
    2 => 'add',
  ),
)
[ info ] [ HEADER ] array (
  'host' => 'localhost',
  'connection' => 'keep-alive',
  'content-length' => '25',
  'cache-control' => 'max-age=0',
  'origin' => 'http://localhost',
  'upgrade-insecure-requests' => '1',
  'content-type' => 'application/x-www-form-urlencoded',
  'user-agent' => 'Mozilla/5.0 (Windows NT 10.0; WOW64) AppleWebKit/537.36 (KHTML, like Gecko) Chrome/67.0.3371.0 Safari/537.36',
  'accept' => 'text/html,application/xhtml+xml,application/xml;q=0.9,image/webp,image/apng,*/*;q=0.8',
  'referer' => 'http://localhost/bick/public/admin/authrule/add',
  'accept-encoding' => 'gzip, deflate, br',
  'accept-language' => 'zh-CN,zh;q=0.9',
  'cookie' => 'thinkphp_show_page_trace=0|0; thinkphp_show_page_trace=0|0; Phpstorm-e00e1f4d=ca750f83-cc19-4427-a556-8045ab72843e; pgv_pvi=3498281984; PHPSESSID=p79qtc1otr9ppkpk6f7dls69c7',
)
[ info ] [ PARAM ] array (
  'group_id' => '',
  'title' => 'x',
  'name' => 'na',
)
[ info ] [ SESSION ] INIT array (
  'id' => '',
  'var_session_id' => '',
  'prefix' => 'think',
  'type' => '',
  'auto_start' => true,
)
[ info ] [ RUN ] app\admin\controller\Authrule->add[ F:\PHP\xiangmu\bick\application\admin\controller\Authrule.php ]
[ info ] [ DB ] INIT mysql
[ info ] [ LOG ] INIT File
[ sql ] [ DB ] CONNECT:[ UseTime:0.001272s ] mysql:host=127.0.0.1;dbname=bick;charset=utf8
[ error ] [10501]SQLSTATE[42S02]: Base table or view not found: 1146 Table 'bick.bk_auto_rule' doesn't exist[F:\PHP\xiangmu\bick\thinkphp\library\think\db\Connection.php:388]
---------------------------------------------------------------
[ 2018-04-21T23:56:56+08:00 ] 0.0.0.0 POST /bick/public/admin/authrule/add
[ info ] localhost/bick/public/admin/authrule/add [运行时间：0.180299s][吞吐率：5.55req/s] [内存消耗：4,350.83kb] [文件加载：59]
[ info ] [ LANG ] F:\PHP\xiangmu\bick\thinkphp\lang\zh-cn.php
[ info ] [ ROUTE ] array (
  'type' => 'module',
  'module' => 
  array (
    0 => 'admin',
    1 => 'authrule',
    2 => 'add',
  ),
)
[ info ] [ HEADER ] array (
  'host' => 'localhost',
  'connection' => 'keep-alive',
  'content-length' => '25',
  'cache-control' => 'max-age=0',
  'upgrade-insecure-requests' => '1',
  'user-agent' => 'Mozilla/5.0 (Windows NT 10.0; WOW64) AppleWebKit/537.36 (KHTML, like Gecko) Chrome/67.0.3371.0 Safari/537.36',
  'origin' => 'http://localhost',
  'content-type' => 'application/x-www-form-urlencoded',
  'accept' => 'text/html,application/xhtml+xml,application/xml;q=0.9,image/webp,image/apng,*/*;q=0.8',
  'referer' => 'http://localhost/bick/public/admin/authrule/add',
  'accept-encoding' => 'gzip, deflate, br',
  'accept-language' => 'zh-CN,zh;q=0.9',
  'cookie' => 'thinkphp_show_page_trace=0|0; thinkphp_show_page_trace=0|0; Phpstorm-e00e1f4d=ca750f83-cc19-4427-a556-8045ab72843e; pgv_pvi=3498281984; PHPSESSID=p79qtc1otr9ppkpk6f7dls69c7',
)
[ info ] [ PARAM ] array (
  'group_id' => '',
  'title' => 'x',
  'name' => 'na',
)
[ info ] [ SESSION ] INIT array (
  'id' => '',
  'var_session_id' => '',
  'prefix' => 'think',
  'type' => '',
  'auto_start' => true,
)
[ info ] [ RUN ] app\admin\controller\Authrule->add[ F:\PHP\xiangmu\bick\application\admin\controller\Authrule.php ]
[ info ] [ DB ] INIT mysql
[ info ] [ VIEW ] F:\PHP\xiangmu\bick\thinkphp\tpl\dispatch_jump.tpl [ array (
  0 => 'code',
  1 => 'msg',
  2 => 'data',
  3 => 'url',
  4 => 'wait',
) ]
[ info ] [ LOG ] INIT File
[ sql ] [ DB ] CONNECT:[ UseTime:0.004488s ] mysql:host=127.0.0.1;dbname=bick;charset=utf8
[ sql ] [ SQL ] SHOW COLUMNS FROM `bk_auth_rule` [ RunTime:0.030503s ]
[ sql ] [ SQL ] INSERT INTO `bk_auth_rule` (`title` , `name`) VALUES ('x' , 'na') [ RunTime:0.001125s ]
---------------------------------------------------------------
[ 2018-04-21T23:56:57+08:00 ] 0.0.0.0 GET /bick/public/admin/authrule/lst
[ info ] localhost/bick/public/admin/authrule/lst [运行时间：0.129477s][吞吐率：7.72req/s] [内存消耗：4,479.67kb] [文件加载：59]
[ info ] [ LANG ] F:\PHP\xiangmu\bick\thinkphp\lang\zh-cn.php
[ info ] [ ROUTE ] array (
  'type' => 'module',
  'module' => 
  array (
    0 => 'admin',
    1 => 'authrule',
    2 => 'lst',
  ),
)
[ info ] [ HEADER ] array (
  'host' => 'localhost',
  'connection' => 'keep-alive',
  'upgrade-insecure-requests' => '1',
  'user-agent' => 'Mozilla/5.0 (Windows NT 10.0; WOW64) AppleWebKit/537.36 (KHTML, like Gecko) Chrome/67.0.3371.0 Safari/537.36',
  'accept' => 'text/html,application/xhtml+xml,application/xml;q=0.9,image/webp,image/apng,*/*;q=0.8',
  'referer' => 'http://localhost/bick/public/admin/authrule/add',
  'accept-encoding' => 'gzip, deflate, br',
  'accept-language' => 'zh-CN,zh;q=0.9',
  'cookie' => 'thinkphp_show_page_trace=0|0; thinkphp_show_page_trace=0|0; Phpstorm-e00e1f4d=ca750f83-cc19-4427-a556-8045ab72843e; pgv_pvi=3498281984; PHPSESSID=p79qtc1otr9ppkpk6f7dls69c7',
)
[ info ] [ PARAM ] array (
)
[ info ] [ SESSION ] INIT array (
  'id' => '',
  'var_session_id' => '',
  'prefix' => 'think',
  'type' => '',
  'auto_start' => true,
)
[ info ] [ RUN ] app\admin\controller\Authrule->lst[ F:\PHP\xiangmu\bick\application\admin\controller\Authrule.php ]
[ info ] [ DB ] INIT mysql
[ info ] [ VIEW ] F:\PHP\xiangmu\bick\public/../application/admin\view\authrule\lst.html [ array (
  0 => 'arr',
) ]
[ info ] [ LOG ] INIT File
[ sql ] [ DB ] CONNECT:[ UseTime:0.002068s ] mysql:host=127.0.0.1;dbname=bick;charset=utf8
[ sql ] [ SQL ] SHOW COLUMNS FROM `bk_auth_rule` [ RunTime:0.035292s ]
[ sql ] [ SQL ] SELECT * FROM `bk_auth_rule` [ RunTime:0.001068s ]
---------------------------------------------------------------
[ 2018-04-21T23:56:57+08:00 ] 0.0.0.0 GET /bick/public/static/admin/fonts/fontawesome-webfont.woff2?v=4.3.0
[ info ] localhost/bick/public/static/admin/fonts/fontawesome-webfont.woff2?v=4.3.0 [运行时间：0.060958s][吞吐率：16.40req/s] [内存消耗：2,221.67kb] [文件加载：43]
[ info ] [ LANG ] F:\PHP\xiangmu\bick\thinkphp\lang\zh-cn.php
[ info ] [ ROUTE ] array (
  'type' => 'module',
  'module' => 
  array (
    0 => 'static',
    1 => 'admin',
    2 => 'fonts',
  ),
)
[ info ] [ HEADER ] array (
  'host' => 'localhost',
  'connection' => 'keep-alive',
  'origin' => 'http://localhost',
  'user-agent' => 'Mozilla/5.0 (Windows NT 10.0; WOW64) AppleWebKit/537.36 (KHTML, like Gecko) Chrome/67.0.3371.0 Safari/537.36',
  'accept' => '*/*',
  'referer' => 'http://localhost/bick/public/static/admin/style/font-awesome.css',
  'accept-encoding' => 'gzip, deflate, br',
  'accept-language' => 'zh-CN,zh;q=0.9',
  'cookie' => 'thinkphp_show_page_trace=0|0; Phpstorm-e00e1f4d=ca750f83-cc19-4427-a556-8045ab72843e; pgv_pvi=3498281984; PHPSESSID=p79qtc1otr9ppkpk6f7dls69c7',
)
[ info ] [ PARAM ] array (
  'v' => '4.3.0',
)
[ info ] [ LOG ] INIT File
---------------------------------------------------------------
[ 2018-04-21T23:59:44+08:00 ] 0.0.0.0 GET /bick/public/admin/authrule/lst
[ info ] localhost/bick/public/admin/authrule/lst [运行时间：0.155787s][吞吐率：6.42req/s] [内存消耗：4,480.14kb] [文件加载：59]
[ info ] [ LANG ] F:\PHP\xiangmu\bick\thinkphp\lang\zh-cn.php
[ info ] [ ROUTE ] array (
  'type' => 'module',
  'module' => 
  array (
    0 => 'admin',
    1 => 'authrule',
    2 => 'lst',
  ),
)
[ info ] [ HEADER ] array (
  'host' => 'localhost',
  'connection' => 'keep-alive',
  'cache-control' => 'max-age=0',
  'upgrade-insecure-requests' => '1',
  'user-agent' => 'Mozilla/5.0 (Windows NT 10.0; WOW64) AppleWebKit/537.36 (KHTML, like Gecko) Chrome/67.0.3371.0 Safari/537.36',
  'accept' => 'text/html,application/xhtml+xml,application/xml;q=0.9,image/webp,image/apng,*/*;q=0.8',
  'referer' => 'http://localhost/bick/public/admin/authrule/add',
  'accept-encoding' => 'gzip, deflate, br',
  'accept-language' => 'zh-CN,zh;q=0.9',
  'cookie' => 'thinkphp_show_page_trace=0|0; thinkphp_show_page_trace=0|0; Phpstorm-e00e1f4d=ca750f83-cc19-4427-a556-8045ab72843e; pgv_pvi=3498281984; PHPSESSID=p79qtc1otr9ppkpk6f7dls69c7',
)
[ info ] [ PARAM ] array (
)
[ info ] [ SESSION ] INIT array (
  'id' => '',
  'var_session_id' => '',
  'prefix' => 'think',
  'type' => '',
  'auto_start' => true,
)
[ info ] [ RUN ] app\admin\controller\Authrule->lst[ F:\PHP\xiangmu\bick\application\admin\controller\Authrule.php ]
[ info ] [ DB ] INIT mysql
[ info ] [ VIEW ] F:\PHP\xiangmu\bick\public/../application/admin\view\authrule\lst.html [ array (
  0 => 'arr',
) ]
[ info ] [ LOG ] INIT File
[ sql ] [ DB ] CONNECT:[ UseTime:0.010290s ] mysql:host=127.0.0.1;dbname=bick;charset=utf8
[ sql ] [ SQL ] SHOW COLUMNS FROM `bk_auth_rule` [ RunTime:0.034537s ]
[ sql ] [ SQL ] SELECT * FROM `bk_auth_rule` [ RunTime:0.001235s ]
---------------------------------------------------------------
[ 2018-04-21T23:59:44+08:00 ] 0.0.0.0 GET /bick/public/static/admin/fonts/fontawesome-webfont.woff2?v=4.3.0
[ info ] localhost/bick/public/static/admin/fonts/fontawesome-webfont.woff2?v=4.3.0 [运行时间：0.083682s][吞吐率：11.95req/s] [内存消耗：2,221.67kb] [文件加载：43]
[ info ] [ LANG ] F:\PHP\xiangmu\bick\thinkphp\lang\zh-cn.php
[ info ] [ ROUTE ] array (
  'type' => 'module',
  'module' => 
  array (
    0 => 'static',
    1 => 'admin',
    2 => 'fonts',
  ),
)
[ info ] [ HEADER ] array (
  'host' => 'localhost',
  'connection' => 'keep-alive',
  'origin' => 'http://localhost',
  'user-agent' => 'Mozilla/5.0 (Windows NT 10.0; WOW64) AppleWebKit/537.36 (KHTML, like Gecko) Chrome/67.0.3371.0 Safari/537.36',
  'accept' => '*/*',
  'referer' => 'http://localhost/bick/public/static/admin/style/font-awesome.css',
  'accept-encoding' => 'gzip, deflate, br',
  'accept-language' => 'zh-CN,zh;q=0.9',
  'cookie' => 'thinkphp_show_page_trace=0|0; Phpstorm-e00e1f4d=ca750f83-cc19-4427-a556-8045ab72843e; pgv_pvi=3498281984; PHPSESSID=p79qtc1otr9ppkpk6f7dls69c7',
)
[ info ] [ PARAM ] array (
  'v' => '4.3.0',
)
[ info ] [ LOG ] INIT File
---------------------------------------------------------------
[ 2018-04-21T23:59:47+08:00 ] 0.0.0.0 GET /bick/public/admin/authrule/edit/id/39
[ info ] localhost/bick/public/admin/authrule/edit/id/39 [运行时间：0.117265s][吞吐率：8.53req/s] [内存消耗：3,063.84kb] [文件加载：58]
[ info ] [ LANG ] F:\PHP\xiangmu\bick\thinkphp\lang\zh-cn.php
[ info ] [ ROUTE ] array (
  'type' => 'module',
  'module' => 
  array (
    0 => 'admin',
    1 => 'authrule',
    2 => 'edit',
  ),
)
[ info ] [ HEADER ] array (
  'host' => 'localhost',
  'connection' => 'keep-alive',
  'upgrade-insecure-requests' => '1',
  'user-agent' => 'Mozilla/5.0 (Windows NT 10.0; WOW64) AppleWebKit/537.36 (KHTML, like Gecko) Chrome/67.0.3371.0 Safari/537.36',
  'accept' => 'text/html,application/xhtml+xml,application/xml;q=0.9,image/webp,image/apng,*/*;q=0.8',
  'referer' => 'http://localhost/bick/public/admin/authrule/lst',
  'accept-encoding' => 'gzip, deflate, br',
  'accept-language' => 'zh-CN,zh;q=0.9',
  'cookie' => 'thinkphp_show_page_trace=0|0; thinkphp_show_page_trace=0|0; Phpstorm-e00e1f4d=ca750f83-cc19-4427-a556-8045ab72843e; pgv_pvi=3498281984; PHPSESSID=p79qtc1otr9ppkpk6f7dls69c7',
)
[ info ] [ PARAM ] array (
  'id' => '39',
)
[ info ] [ SESSION ] INIT array (
  'id' => '',
  'var_session_id' => '',
  'prefix' => 'think',
  'type' => '',
  'auto_start' => true,
)
[ info ] [ RUN ] app\admin\controller\Authrule->edit[ F:\PHP\xiangmu\bick\application\admin\controller\Authrule.php ]
[ info ] [ VIEW ] F:\PHP\xiangmu\bick\public/../application/admin\view\authrule\edit.html [ array (
) ]
[ info ] [ LOG ] INIT File
[ error ] [8]未定义变量: edit[F:\PHP\xiangmu\bick\runtime\temp\1993b57bf42579212c6a2bf1655554db.php:245]
