---------------------------------------------------------------
[ 2018-04-24T08:37:47+08:00 ] 0.0.0.0 GET /bick/public/admin/index
[ info ] localhost/bick/public/admin/index [运行时间：1.912411s][吞吐率：0.52req/s] [内存消耗：2,730.17kb] [文件加载：52]
[ info ] [ LANG ] F:\PHP\xiangmu\bick\thinkphp\lang\zh-cn.php
[ info ] [ ROUTE ] array (
  'type' => 'module',
  'module' => 
  array (
    0 => 'admin',
    1 => 'index',
    2 => NULL,
  ),
)
[ info ] [ HEADER ] array (
  'host' => 'localhost',
  'connection' => 'keep-alive',
  'upgrade-insecure-requests' => '1',
  'user-agent' => 'Mozilla/5.0 (Windows NT 10.0; WOW64) AppleWebKit/537.36 (KHTML, like Gecko) Chrome/67.0.3396.10 Safari/537.36',
  'accept' => 'text/html,application/xhtml+xml,application/xml;q=0.9,image/webp,image/apng,*/*;q=0.8',
  'accept-encoding' => 'gzip, deflate, br',
  'accept-language' => 'zh-CN,zh;q=0.9',
  'cookie' => 'Phpstorm-e00e1f4d=ca750f83-cc19-4427-a556-8045ab72843e; pgv_pvi=3498281984',
)
[ info ] [ PARAM ] array (
)
[ info ] [ SESSION ] INIT array (
  'id' => '',
  'var_session_id' => '',
  'prefix' => 'think',
  'type' => '',
  'auto_start' => true,
)
[ info ] [ VIEW ] F:\PHP\xiangmu\bick\thinkphp\tpl\dispatch_jump.tpl [ array (
  0 => 'code',
  1 => 'msg',
  2 => 'data',
  3 => 'url',
  4 => 'wait',
) ]
[ info ] [ LOG ] INIT File
---------------------------------------------------------------
[ 2018-04-24T08:37:51+08:00 ] 0.0.0.0 GET /bick/public/admin/login/index
[ info ] localhost/bick/public/admin/login/index [运行时间：0.367372s][吞吐率：2.72req/s] [内存消耗：2,734.70kb] [文件加载：51]
[ info ] [ LANG ] F:\PHP\xiangmu\bick\thinkphp\lang\zh-cn.php
[ info ] [ ROUTE ] array (
  'type' => 'module',
  'module' => 
  array (
    0 => 'admin',
    1 => 'login',
    2 => 'index',
  ),
)
[ info ] [ HEADER ] array (
  'host' => 'localhost',
  'connection' => 'keep-alive',
  'upgrade-insecure-requests' => '1',
  'user-agent' => 'Mozilla/5.0 (Windows NT 10.0; WOW64) AppleWebKit/537.36 (KHTML, like Gecko) Chrome/67.0.3396.10 Safari/537.36',
  'accept' => 'text/html,application/xhtml+xml,application/xml;q=0.9,image/webp,image/apng,*/*;q=0.8',
  'referer' => 'http://localhost/bick/public/admin/index',
  'accept-encoding' => 'gzip, deflate, br',
  'accept-language' => 'zh-CN,zh;q=0.9',
  'cookie' => 'thinkphp_show_page_trace=0|0; Phpstorm-e00e1f4d=ca750f83-cc19-4427-a556-8045ab72843e; pgv_pvi=3498281984; PHPSESSID=7e28qjhak5eqdiiqtkg8cck9c7',
)
[ info ] [ PARAM ] array (
)
[ info ] [ RUN ] app\admin\controller\Login->index[ F:\PHP\xiangmu\bick\application\admin\controller\Login.php ]
[ info ] [ VIEW ] F:\PHP\xiangmu\bick\public/../application/admin\view\login\login.html [ array (
) ]
[ info ] [ LOG ] INIT File
---------------------------------------------------------------
[ 2018-04-24T08:37:52+08:00 ] 0.0.0.0 GET /bick/public/captcha
[ info ] localhost/bick/public/captcha [运行时间：0.874749s][吞吐率：1.14req/s] [内存消耗：2,178.64kb] [文件加载：39]
[ info ] [ LANG ] F:\PHP\xiangmu\bick\thinkphp\lang\zh-cn.php
[ info ] [ ROUTE ] array (
  'type' => 'method',
  'method' => 
  array (
    0 => '\\think\\captcha\\CaptchaController',
    1 => 'index',
  ),
  'var' => 
  array (
  ),
)
[ info ] [ HEADER ] array (
  'host' => 'localhost',
  'connection' => 'keep-alive',
  'user-agent' => 'Mozilla/5.0 (Windows NT 10.0; WOW64) AppleWebKit/537.36 (KHTML, like Gecko) Chrome/67.0.3396.10 Safari/537.36',
  'accept' => 'image/webp,image/apng,image/*,*/*;q=0.8',
  'referer' => 'http://localhost/bick/public/admin/login/index',
  'accept-encoding' => 'gzip, deflate, br',
  'accept-language' => 'zh-CN,zh;q=0.9',
  'cookie' => 'Phpstorm-e00e1f4d=ca750f83-cc19-4427-a556-8045ab72843e; pgv_pvi=3498281984; PHPSESSID=7e28qjhak5eqdiiqtkg8cck9c7',
)
[ info ] [ PARAM ] array (
  'id' => NULL,
)
[ info ] [ RUN ] think\captcha\CaptchaController->index[ F:\PHP\xiangmu\bick\vendor\topthink\think-captcha\src\CaptchaController.php ]
[ info ] [ SESSION ] INIT array (
  'id' => '',
  'var_session_id' => '',
  'prefix' => 'think',
  'type' => '',
  'auto_start' => true,
)
[ info ] [ LOG ] INIT File
---------------------------------------------------------------
[ 2018-04-24T08:38:26+08:00 ] 0.0.0.0 POST /bick/public/admin/login/checklogin
[ info ] localhost/bick/public/admin/login/checklogin [运行时间：1.391858s][吞吐率：0.72req/s] [内存消耗：4,698.53kb] [文件加载：62]
[ info ] [ LANG ] F:\PHP\xiangmu\bick\thinkphp\lang\zh-cn.php
[ info ] [ ROUTE ] array (
  'type' => 'module',
  'module' => 
  array (
    0 => 'admin',
    1 => 'login',
    2 => 'checklogin',
  ),
)
[ info ] [ HEADER ] array (
  'host' => 'localhost',
  'connection' => 'keep-alive',
  'content-length' => '43',
  'cache-control' => 'max-age=0',
  'origin' => 'http://localhost',
  'upgrade-insecure-requests' => '1',
  'content-type' => 'application/x-www-form-urlencoded',
  'user-agent' => 'Mozilla/5.0 (Windows NT 10.0; WOW64) AppleWebKit/537.36 (KHTML, like Gecko) Chrome/67.0.3396.10 Safari/537.36',
  'accept' => 'text/html,application/xhtml+xml,application/xml;q=0.9,image/webp,image/apng,*/*;q=0.8',
  'referer' => 'http://localhost/bick/public/admin/login/index',
  'accept-encoding' => 'gzip, deflate, br',
  'accept-language' => 'zh-CN,zh;q=0.9',
  'cookie' => 'thinkphp_show_page_trace=0|0; thinkphp_show_page_trace=0|0; Phpstorm-e00e1f4d=ca750f83-cc19-4427-a556-8045ab72843e; pgv_pvi=3498281984; PHPSESSID=7e28qjhak5eqdiiqtkg8cck9c7',
)
[ info ] [ PARAM ] array (
  'username' => 'admin',
  'password' => '123456',
  'captcha' => '7175',
)
[ info ] [ RUN ] app\admin\controller\Login->checklogin[ F:\PHP\xiangmu\bick\application\admin\controller\Login.php ]
[ info ] [ SESSION ] INIT array (
  'id' => '',
  'var_session_id' => '',
  'prefix' => 'think',
  'type' => '',
  'auto_start' => true,
)
[ info ] [ DB ] INIT mysql
[ info ] [ VIEW ] F:\PHP\xiangmu\bick\thinkphp\tpl\dispatch_jump.tpl [ array (
  0 => 'code',
  1 => 'msg',
  2 => 'data',
  3 => 'url',
  4 => 'wait',
) ]
[ info ] [ LOG ] INIT File
[ sql ] [ DB ] CONNECT:[ UseTime:0.137611s ] mysql:host=127.0.0.1;dbname=bick;charset=utf8
[ sql ] [ SQL ] SHOW COLUMNS FROM `bk_admin` [ RunTime:0.170851s ]
[ sql ] [ SQL ] SELECT * FROM `bk_admin` WHERE  `name` = 'admin'  AND `password` = 'e10adc3949ba59abbe56e057f20f883e' LIMIT 1 [ RunTime:0.002169s ]
[ sql ] [ SQL ] SHOW COLUMNS FROM `bk_auth_group_access` [ RunTime:0.203514s ]
[ sql ] [ SQL ] SELECT `group_id` FROM `bk_auth_group_access` WHERE  `uid` = 1 LIMIT 1 [ RunTime:0.002133s ]
[ sql ] [ SQL ] SHOW COLUMNS FROM `bk_auth_group` [ RunTime:0.096626s ]
[ sql ] [ SQL ] SELECT `rules` FROM `bk_auth_group` WHERE  `id` = 1 LIMIT 1 [ RunTime:0.021415s ]
[ sql ] [ SQL ] SHOW COLUMNS FROM `bk_auth_rule` [ RunTime:0.265851s ]
[ sql ] [ SQL ] SELECT `name` FROM `bk_auth_rule` WHERE  `id` IN (15,16,19,18,17,1,9,11,14,13,12,2,3,20,10,4,21,22,23,24,26,27,28,29,30,32,33,34,35,36,40,41,42,43,44) [ RunTime:0.039435s ]
---------------------------------------------------------------
[ 2018-04-24T08:38:29+08:00 ] 0.0.0.0 GET /bick/public/admin/index/index
[ info ] localhost/bick/public/admin/index/index [运行时间：0.212461s][吞吐率：4.71req/s] [内存消耗：2,987.35kb] [文件加载：54]
[ info ] [ LANG ] F:\PHP\xiangmu\bick\thinkphp\lang\zh-cn.php
[ info ] [ ROUTE ] array (
  'type' => 'module',
  'module' => 
  array (
    0 => 'admin',
    1 => 'index',
    2 => 'index',
  ),
)
[ info ] [ HEADER ] array (
  'host' => 'localhost',
  'connection' => 'keep-alive',
  'upgrade-insecure-requests' => '1',
  'user-agent' => 'Mozilla/5.0 (Windows NT 10.0; WOW64) AppleWebKit/537.36 (KHTML, like Gecko) Chrome/67.0.3396.10 Safari/537.36',
  'accept' => 'text/html,application/xhtml+xml,application/xml;q=0.9,image/webp,image/apng,*/*;q=0.8',
  'referer' => 'http://localhost/bick/public/admin/login/checklogin',
  'accept-encoding' => 'gzip, deflate, br',
  'accept-language' => 'zh-CN,zh;q=0.9',
  'cookie' => 'thinkphp_show_page_trace=0|0; Phpstorm-e00e1f4d=ca750f83-cc19-4427-a556-8045ab72843e; pgv_pvi=3498281984; PHPSESSID=7e28qjhak5eqdiiqtkg8cck9c7',
)
[ info ] [ PARAM ] array (
)
[ info ] [ SESSION ] INIT array (
  'id' => '',
  'var_session_id' => '',
  'prefix' => 'think',
  'type' => '',
  'auto_start' => true,
)
[ info ] [ RUN ] app\admin\controller\Index->index[ F:\PHP\xiangmu\bick\application\admin\controller\Index.php ]
[ info ] [ VIEW ] F:\PHP\xiangmu\bick\public/../application/admin\view\index\index.html [ array (
) ]
[ info ] [ LOG ] INIT File
---------------------------------------------------------------
[ 2018-04-24T08:38:30+08:00 ] 0.0.0.0 GET /bick/public/static/admin/fonts/fontawesome-webfont.woff2?v=4.3.0
[ info ] localhost/bick/public/static/admin/fonts/fontawesome-webfont.woff2?v=4.3.0 [运行时间：0.330172s][吞吐率：3.03req/s] [内存消耗：2,221.03kb] [文件加载：43]
[ info ] [ LANG ] F:\PHP\xiangmu\bick\thinkphp\lang\zh-cn.php
[ info ] [ ROUTE ] array (
  'type' => 'module',
  'module' => 
  array (
    0 => 'static',
    1 => 'admin',
    2 => 'fonts',
  ),
)
[ info ] [ HEADER ] array (
  'host' => 'localhost',
  'connection' => 'keep-alive',
  'origin' => 'http://localhost',
  'user-agent' => 'Mozilla/5.0 (Windows NT 10.0; WOW64) AppleWebKit/537.36 (KHTML, like Gecko) Chrome/67.0.3396.10 Safari/537.36',
  'accept' => '*/*',
  'referer' => 'http://localhost/bick/public/static/admin/style/font-awesome.css',
  'accept-encoding' => 'gzip, deflate, br',
  'accept-language' => 'zh-CN,zh;q=0.9',
  'cookie' => 'Phpstorm-e00e1f4d=ca750f83-cc19-4427-a556-8045ab72843e; pgv_pvi=3498281984; PHPSESSID=7e28qjhak5eqdiiqtkg8cck9c7',
)
[ info ] [ PARAM ] array (
  'v' => '4.3.0',
)
[ info ] [ LOG ] INIT File
---------------------------------------------------------------
[ 2018-04-24T10:14:01+08:00 ] 0.0.0.0 GET /bick/public/admin/index
[ info ] localhost/bick/public/admin/index [运行时间：1.308160s][吞吐率：0.76req/s] [内存消耗：2,730.18kb] [文件加载：52]
[ info ] [ LANG ] F:\PHP\xiangmu\bick\thinkphp\lang\zh-cn.php
[ info ] [ ROUTE ] array (
  'type' => 'module',
  'module' => 
  array (
    0 => 'admin',
    1 => 'index',
    2 => NULL,
  ),
)
[ info ] [ HEADER ] array (
  'host' => 'localhost',
  'connection' => 'keep-alive',
  'upgrade-insecure-requests' => '1',
  'user-agent' => 'Mozilla/5.0 (Windows NT 10.0; WOW64) AppleWebKit/537.36 (KHTML, like Gecko) Chrome/67.0.3396.10 Safari/537.36',
  'accept' => 'text/html,application/xhtml+xml,application/xml;q=0.9,image/webp,image/apng,*/*;q=0.8',
  'accept-encoding' => 'gzip, deflate, br',
  'accept-language' => 'zh-CN,zh;q=0.9',
  'cookie' => 'Phpstorm-e00e1f4d=ca750f83-cc19-4427-a556-8045ab72843e; pgv_pvi=3498281984',
)
[ info ] [ PARAM ] array (
)
[ info ] [ SESSION ] INIT array (
  'id' => '',
  'var_session_id' => '',
  'prefix' => 'think',
  'type' => '',
  'auto_start' => true,
)
[ info ] [ VIEW ] F:\PHP\xiangmu\bick\thinkphp\tpl\dispatch_jump.tpl [ array (
  0 => 'code',
  1 => 'msg',
  2 => 'data',
  3 => 'url',
  4 => 'wait',
) ]
[ info ] [ LOG ] INIT File
---------------------------------------------------------------
[ 2018-04-24T10:14:05+08:00 ] 0.0.0.0 GET /bick/public/admin/login/index
[ info ] localhost/bick/public/admin/login/index [运行时间：0.149452s][吞吐率：6.69req/s] [内存消耗：2,734.70kb] [文件加载：51]
[ info ] [ LANG ] F:\PHP\xiangmu\bick\thinkphp\lang\zh-cn.php
[ info ] [ ROUTE ] array (
  'type' => 'module',
  'module' => 
  array (
    0 => 'admin',
    1 => 'login',
    2 => 'index',
  ),
)
[ info ] [ HEADER ] array (
  'host' => 'localhost',
  'connection' => 'keep-alive',
  'upgrade-insecure-requests' => '1',
  'user-agent' => 'Mozilla/5.0 (Windows NT 10.0; WOW64) AppleWebKit/537.36 (KHTML, like Gecko) Chrome/67.0.3396.10 Safari/537.36',
  'accept' => 'text/html,application/xhtml+xml,application/xml;q=0.9,image/webp,image/apng,*/*;q=0.8',
  'referer' => 'http://localhost/bick/public/admin/index',
  'accept-encoding' => 'gzip, deflate, br',
  'accept-language' => 'zh-CN,zh;q=0.9',
  'cookie' => 'thinkphp_show_page_trace=0|0; Phpstorm-e00e1f4d=ca750f83-cc19-4427-a556-8045ab72843e; pgv_pvi=3498281984; PHPSESSID=kn5lmsgam58l47a0kn3pfjl0j2',
)
[ info ] [ PARAM ] array (
)
[ info ] [ RUN ] app\admin\controller\Login->index[ F:\PHP\xiangmu\bick\application\admin\controller\Login.php ]
[ info ] [ VIEW ] F:\PHP\xiangmu\bick\public/../application/admin\view\login\login.html [ array (
) ]
[ info ] [ LOG ] INIT File
---------------------------------------------------------------
[ 2018-04-24T10:14:06+08:00 ] 0.0.0.0 GET /bick/public/captcha
[ info ] localhost/bick/public/captcha [运行时间：1.063440s][吞吐率：0.94req/s] [内存消耗：2,178.76kb] [文件加载：39]
[ info ] [ LANG ] F:\PHP\xiangmu\bick\thinkphp\lang\zh-cn.php
[ info ] [ ROUTE ] array (
  'type' => 'method',
  'method' => 
  array (
    0 => '\\think\\captcha\\CaptchaController',
    1 => 'index',
  ),
  'var' => 
  array (
  ),
)
[ info ] [ HEADER ] array (
  'host' => 'localhost',
  'connection' => 'keep-alive',
  'user-agent' => 'Mozilla/5.0 (Windows NT 10.0; WOW64) AppleWebKit/537.36 (KHTML, like Gecko) Chrome/67.0.3396.10 Safari/537.36',
  'accept' => 'image/webp,image/apng,image/*,*/*;q=0.8',
  'referer' => 'http://localhost/bick/public/admin/login/index',
  'accept-encoding' => 'gzip, deflate, br',
  'accept-language' => 'zh-CN,zh;q=0.9',
  'cookie' => 'Phpstorm-e00e1f4d=ca750f83-cc19-4427-a556-8045ab72843e; pgv_pvi=3498281984; PHPSESSID=kn5lmsgam58l47a0kn3pfjl0j2',
)
[ info ] [ PARAM ] array (
  'id' => NULL,
)
[ info ] [ RUN ] think\captcha\CaptchaController->index[ F:\PHP\xiangmu\bick\vendor\topthink\think-captcha\src\CaptchaController.php ]
[ info ] [ SESSION ] INIT array (
  'id' => '',
  'var_session_id' => '',
  'prefix' => 'think',
  'type' => '',
  'auto_start' => true,
)
[ info ] [ LOG ] INIT File
