---------------------------------------------------------------
[ 2018-04-28T18:15:40+08:00 ] 0.0.0.0 GET /bick/public/index/index
[ info ] localhost/bick/public/index/index [运行时间：5.603707s][吞吐率：0.18req/s] [内存消耗：4,725.66kb] [文件加载：61]
[ info ] [ LANG ] F:\PHP\xiangmu\bick\thinkphp\lang\zh-cn.php
[ info ] [ ROUTE ] array (
  'type' => 'module',
  'module' => 
  array (
    0 => 'index',
    1 => 'index',
    2 => NULL,
  ),
)
[ info ] [ HEADER ] array (
  'host' => 'localhost',
  'connection' => 'keep-alive',
  'upgrade-insecure-requests' => '1',
  'user-agent' => 'Mozilla/5.0 (Windows NT 10.0; WOW64) AppleWebKit/537.36 (KHTML, like Gecko) Chrome/67.0.3396.10 Safari/537.36',
  'accept' => 'text/html,application/xhtml+xml,application/xml;q=0.9,image/webp,image/apng,*/*;q=0.8',
  'accept-encoding' => 'gzip, deflate, br',
  'accept-language' => 'zh-CN,zh;q=0.9',
  'cookie' => 'Phpstorm-e00e1f4d=ca750f83-cc19-4427-a556-8045ab72843e; pgv_pvi=3498281984',
)
[ info ] [ PARAM ] array (
)
[ info ] [ DB ] INIT mysql
[ info ] [ RUN ] app\index\controller\Index->index[ F:\PHP\xiangmu\bick\application\index\controller\Index.php ]
[ info ] [ VIEW ] F:\PHP\xiangmu\bick\public/../application/index\view\index\index.html [ array (
  0 => 'arr',
  1 => 'cateArr',
  2 => 'aee',
  3 => 'ass',
  4 => 'recAdd',
  5 => 'art',
  6 => 'right',
  7 => 'link',
) ]
[ info ] [ LOG ] INIT File
[ sql ] [ DB ] CONNECT:[ UseTime:0.038039s ] mysql:host=127.0.0.1;dbname=bick;charset=utf8
[ sql ] [ SQL ] SHOW COLUMNS FROM `bk_conf` [ RunTime:0.092760s ]
[ sql ] [ SQL ] SELECT * FROM `bk_conf` [ RunTime:0.017316s ]
[ sql ] [ SQL ] SHOW COLUMNS FROM `bk_cate` [ RunTime:0.118820s ]
[ sql ] [ SQL ] SELECT `id`,`catename`,`type`,`pid` FROM `bk_cate` [ RunTime:0.014164s ]
[ sql ] [ SQL ] SELECT `id`,`catename`,`type` FROM `bk_cate` WHERE  (  rec_bottom=1 ) [ RunTime:0.000757s ]
[ sql ] [ SQL ] SHOW COLUMNS FROM `bk_article` [ RunTime:0.197030s ]
[ sql ] [ SQL ] SELECT `id`,`title`,`thumb` FROM `bk_article` WHERE  (  rec=1 ) LIMIT 4 [ RunTime:0.035911s ]
[ sql ] [ SQL ] SELECT `id`,`catename`,`type` FROM `bk_cate` WHERE  (  rec_index=1 ) [ RunTime:0.000698s ]
[ sql ] [ SQL ] SELECT `a`.*,`b`.`catename` FROM `bk_article` `a` INNER JOIN `bk_cate` `b` ON `a`.`cateid`=`b`.`id` ORDER BY `time`  desc LIMIT 10 [ RunTime:0.029367s ]
[ sql ] [ SQL ] SELECT `id`,`thumb`,`title`,`click` FROM `bk_article` ORDER BY `click`  desc LIMIT 5 [ RunTime:0.000624s ]
[ sql ] [ SQL ] SHOW COLUMNS FROM `bk_link` [ RunTime:0.154176s ]
[ sql ] [ SQL ] SELECT `title`,`url`,`desc` FROM `bk_link` [ RunTime:0.000621s ]
[ sql ] [ SQL ] SELECT * FROM `bk_conf` [ RunTime:0.000624s ]
[ sql ] [ SQL ] SELECT `id`,`catename`,`type`,`pid` FROM `bk_cate` [ RunTime:0.000730s ]
---------------------------------------------------------------
[ 2018-04-28T18:15:42+08:00 ] 0.0.0.0 GET /bick/public/static/index/images/next01.png
[ info ] localhost/bick/public/static/index/images/next01.png [运行时间：0.697285s][吞吐率：1.43req/s] [内存消耗：2,220.48kb] [文件加载：43]
[ info ] [ LANG ] F:\PHP\xiangmu\bick\thinkphp\lang\zh-cn.php
[ info ] [ ROUTE ] array (
  'type' => 'module',
  'module' => 
  array (
    0 => 'static',
    1 => 'index',
    2 => 'images',
  ),
)
[ info ] [ HEADER ] array (
  'host' => 'localhost',
  'connection' => 'keep-alive',
  'user-agent' => 'Mozilla/5.0 (Windows NT 10.0; WOW64) AppleWebKit/537.36 (KHTML, like Gecko) Chrome/67.0.3396.10 Safari/537.36',
  'accept' => 'image/webp,image/apng,image/*,*/*;q=0.8',
  'referer' => 'http://localhost/bick/public/index/index',
  'accept-encoding' => 'gzip, deflate, br',
  'accept-language' => 'zh-CN,zh;q=0.9',
  'cookie' => 'Phpstorm-e00e1f4d=ca750f83-cc19-4427-a556-8045ab72843e; pgv_pvi=3498281984',
)
[ info ] [ PARAM ] array (
)
[ info ] [ LOG ] INIT File
---------------------------------------------------------------
[ 2018-04-28T18:15:43+08:00 ] 0.0.0.0 GET /bick/public/static/index/images/focus-bg2.png
[ info ] localhost/bick/public/static/index/images/focus-bg2.png [运行时间：0.083770s][吞吐率：11.94req/s] [内存消耗：2,220.35kb] [文件加载：43]
[ info ] [ LANG ] F:\PHP\xiangmu\bick\thinkphp\lang\zh-cn.php
[ info ] [ ROUTE ] array (
  'type' => 'module',
  'module' => 
  array (
    0 => 'static',
    1 => 'index',
    2 => 'images',
  ),
)
[ info ] [ HEADER ] array (
  'host' => 'localhost',
  'connection' => 'keep-alive',
  'user-agent' => 'Mozilla/5.0 (Windows NT 10.0; WOW64) AppleWebKit/537.36 (KHTML, like Gecko) Chrome/67.0.3396.10 Safari/537.36',
  'accept' => 'image/webp,image/apng,image/*,*/*;q=0.8',
  'referer' => 'http://localhost/bick/public/static/index/style/style.css',
  'accept-encoding' => 'gzip, deflate, br',
  'accept-language' => 'zh-CN,zh;q=0.9',
  'cookie' => 'Phpstorm-e00e1f4d=ca750f83-cc19-4427-a556-8045ab72843e; pgv_pvi=3498281984',
)
[ info ] [ PARAM ] array (
)
[ info ] [ LOG ] INIT File
---------------------------------------------------------------
[ 2018-04-28T18:15:43+08:00 ] 0.0.0.0 GET /bick/public/static/index/images/loading.gif
[ info ] localhost/bick/public/static/index/images/loading.gif [运行时间：0.065475s][吞吐率：15.27req/s] [内存消耗：2,220.26kb] [文件加载：43]
[ info ] [ LANG ] F:\PHP\xiangmu\bick\thinkphp\lang\zh-cn.php
[ info ] [ ROUTE ] array (
  'type' => 'module',
  'module' => 
  array (
    0 => 'static',
    1 => 'index',
    2 => 'images',
  ),
)
[ info ] [ HEADER ] array (
  'host' => 'localhost',
  'connection' => 'keep-alive',
  'user-agent' => 'Mozilla/5.0 (Windows NT 10.0; WOW64) AppleWebKit/537.36 (KHTML, like Gecko) Chrome/67.0.3396.10 Safari/537.36',
  'accept' => 'image/webp,image/apng,image/*,*/*;q=0.8',
  'referer' => 'http://localhost/bick/public/static/index/style/style.css',
  'accept-encoding' => 'gzip, deflate, br',
  'accept-language' => 'zh-CN,zh;q=0.9',
  'cookie' => 'Phpstorm-e00e1f4d=ca750f83-cc19-4427-a556-8045ab72843e; pgv_pvi=3498281984',
)
[ info ] [ PARAM ] array (
)
[ info ] [ LOG ] INIT File
---------------------------------------------------------------
[ 2018-04-28T18:15:43+08:00 ] 0.0.0.0 GET /bick/public/static/index/images/sitemap-dot.gif
[ info ] localhost/bick/public/static/index/images/sitemap-dot.gif [运行时间：0.054995s][吞吐率：18.18req/s] [内存消耗：2,220.63kb] [文件加载：43]
[ info ] [ LANG ] F:\PHP\xiangmu\bick\thinkphp\lang\zh-cn.php
[ info ] [ ROUTE ] array (
  'type' => 'module',
  'module' => 
  array (
    0 => 'static',
    1 => 'index',
    2 => 'images',
  ),
)
[ info ] [ HEADER ] array (
  'host' => 'localhost',
  'connection' => 'keep-alive',
  'user-agent' => 'Mozilla/5.0 (Windows NT 10.0; WOW64) AppleWebKit/537.36 (KHTML, like Gecko) Chrome/67.0.3396.10 Safari/537.36',
  'accept' => 'image/webp,image/apng,image/*,*/*;q=0.8',
  'referer' => 'http://localhost/bick/public/static/index/style/style.css',
  'accept-encoding' => 'gzip, deflate, br',
  'accept-language' => 'zh-CN,zh;q=0.9',
  'cookie' => 'Phpstorm-e00e1f4d=ca750f83-cc19-4427-a556-8045ab72843e; pgv_pvi=3498281984',
)
[ info ] [ PARAM ] array (
)
[ info ] [ LOG ] INIT File
---------------------------------------------------------------
[ 2018-04-28T18:15:44+08:00 ] 0.0.0.0 GET /bick/public/static/index/images/scroll.png
[ info ] localhost/bick/public/static/index/images/scroll.png [运行时间：0.057864s][吞吐率：17.28req/s] [内存消耗：2,220.34kb] [文件加载：43]
[ info ] [ LANG ] F:\PHP\xiangmu\bick\thinkphp\lang\zh-cn.php
[ info ] [ ROUTE ] array (
  'type' => 'module',
  'module' => 
  array (
    0 => 'static',
    1 => 'index',
    2 => 'images',
  ),
)
[ info ] [ HEADER ] array (
  'host' => 'localhost',
  'connection' => 'keep-alive',
  'user-agent' => 'Mozilla/5.0 (Windows NT 10.0; WOW64) AppleWebKit/537.36 (KHTML, like Gecko) Chrome/67.0.3396.10 Safari/537.36',
  'accept' => 'image/webp,image/apng,image/*,*/*;q=0.8',
  'referer' => 'http://localhost/bick/public/static/index/style/style.css',
  'accept-encoding' => 'gzip, deflate, br',
  'accept-language' => 'zh-CN,zh;q=0.9',
  'cookie' => 'Phpstorm-e00e1f4d=ca750f83-cc19-4427-a556-8045ab72843e; pgv_pvi=3498281984',
)
[ info ] [ PARAM ] array (
)
[ info ] [ LOG ] INIT File
---------------------------------------------------------------
[ 2018-04-28T18:20:19+08:00 ] 0.0.0.0 GET /bick/public/admin
[ info ] localhost/bick/public/admin [运行时间：0.417291s][吞吐率：2.40req/s] [内存消耗：2,730.06kb] [文件加载：52]
[ info ] [ LANG ] F:\PHP\xiangmu\bick\thinkphp\lang\zh-cn.php
[ info ] [ ROUTE ] array (
  'type' => 'module',
  'module' => 
  array (
    0 => 'admin',
    1 => NULL,
    2 => NULL,
  ),
)
[ info ] [ HEADER ] array (
  'host' => 'localhost',
  'connection' => 'keep-alive',
  'upgrade-insecure-requests' => '1',
  'user-agent' => 'Mozilla/5.0 (Windows NT 10.0; WOW64) AppleWebKit/537.36 (KHTML, like Gecko) Chrome/67.0.3396.10 Safari/537.36',
  'accept' => 'text/html,application/xhtml+xml,application/xml;q=0.9,image/webp,image/apng,*/*;q=0.8',
  'accept-encoding' => 'gzip, deflate, br',
  'accept-language' => 'zh-CN,zh;q=0.9',
  'cookie' => 'Phpstorm-e00e1f4d=ca750f83-cc19-4427-a556-8045ab72843e; pgv_pvi=3498281984',
)
[ info ] [ PARAM ] array (
)
[ info ] [ SESSION ] INIT array (
  'id' => '',
  'var_session_id' => '',
  'prefix' => 'think',
  'type' => '',
  'auto_start' => true,
)
[ info ] [ VIEW ] F:\PHP\xiangmu\bick\thinkphp\tpl\dispatch_jump.tpl [ array (
  0 => 'code',
  1 => 'msg',
  2 => 'data',
  3 => 'url',
  4 => 'wait',
) ]
[ info ] [ LOG ] INIT File
---------------------------------------------------------------
[ 2018-04-28T18:20:24+08:00 ] 0.0.0.0 GET /bick/public/admin/index
[ info ] localhost/bick/public/admin/index [运行时间：0.055763s][吞吐率：17.93req/s] [内存消耗：2,730.02kb] [文件加载：52]
[ info ] [ LANG ] F:\PHP\xiangmu\bick\thinkphp\lang\zh-cn.php
[ info ] [ ROUTE ] array (
  'type' => 'module',
  'module' => 
  array (
    0 => 'admin',
    1 => 'index',
    2 => NULL,
  ),
)
[ info ] [ HEADER ] array (
  'host' => 'localhost',
  'connection' => 'keep-alive',
  'upgrade-insecure-requests' => '1',
  'user-agent' => 'Mozilla/5.0 (Windows NT 10.0; WOW64) AppleWebKit/537.36 (KHTML, like Gecko) Chrome/67.0.3396.10 Safari/537.36',
  'accept' => 'text/html,application/xhtml+xml,application/xml;q=0.9,image/webp,image/apng,*/*;q=0.8',
  'accept-encoding' => 'gzip, deflate, br',
  'accept-language' => 'zh-CN,zh;q=0.9',
  'cookie' => 'Phpstorm-e00e1f4d=ca750f83-cc19-4427-a556-8045ab72843e; pgv_pvi=3498281984; PHPSESSID=41c19j2n9gmj8cojgr4p3uh9i7',
)
[ info ] [ PARAM ] array (
)
[ info ] [ SESSION ] INIT array (
  'id' => '',
  'var_session_id' => '',
  'prefix' => 'think',
  'type' => '',
  'auto_start' => true,
)
[ info ] [ VIEW ] F:\PHP\xiangmu\bick\thinkphp\tpl\dispatch_jump.tpl [ array (
  0 => 'code',
  1 => 'msg',
  2 => 'data',
  3 => 'url',
  4 => 'wait',
) ]
[ info ] [ LOG ] INIT File
---------------------------------------------------------------
[ 2018-04-28T18:20:27+08:00 ] 0.0.0.0 GET /bick/public/admin/login/index
[ info ] localhost/bick/public/admin/login/index [运行时间：0.136332s][吞吐率：7.34req/s] [内存消耗：2,734.70kb] [文件加载：51]
[ info ] [ LANG ] F:\PHP\xiangmu\bick\thinkphp\lang\zh-cn.php
[ info ] [ ROUTE ] array (
  'type' => 'module',
  'module' => 
  array (
    0 => 'admin',
    1 => 'login',
    2 => 'index',
  ),
)
[ info ] [ HEADER ] array (
  'host' => 'localhost',
  'connection' => 'keep-alive',
  'upgrade-insecure-requests' => '1',
  'user-agent' => 'Mozilla/5.0 (Windows NT 10.0; WOW64) AppleWebKit/537.36 (KHTML, like Gecko) Chrome/67.0.3396.10 Safari/537.36',
  'accept' => 'text/html,application/xhtml+xml,application/xml;q=0.9,image/webp,image/apng,*/*;q=0.8',
  'referer' => 'http://localhost/bick/public/admin/index',
  'accept-encoding' => 'gzip, deflate, br',
  'accept-language' => 'zh-CN,zh;q=0.9',
  'cookie' => 'thinkphp_show_page_trace=0|0; Phpstorm-e00e1f4d=ca750f83-cc19-4427-a556-8045ab72843e; pgv_pvi=3498281984; PHPSESSID=41c19j2n9gmj8cojgr4p3uh9i7',
)
[ info ] [ PARAM ] array (
)
[ info ] [ RUN ] app\admin\controller\Login->index[ F:\PHP\xiangmu\bick\application\admin\controller\Login.php ]
[ info ] [ VIEW ] F:\PHP\xiangmu\bick\public/../application/admin\view\login\login.html [ array (
) ]
[ info ] [ LOG ] INIT File
---------------------------------------------------------------
[ 2018-04-28T18:20:29+08:00 ] 0.0.0.0 GET /bick/public/captcha
[ info ] localhost/bick/public/captcha [运行时间：1.350365s][吞吐率：0.74req/s] [内存消耗：2,178.69kb] [文件加载：39]
[ info ] [ LANG ] F:\PHP\xiangmu\bick\thinkphp\lang\zh-cn.php
[ info ] [ ROUTE ] array (
  'type' => 'method',
  'method' => 
  array (
    0 => '\\think\\captcha\\CaptchaController',
    1 => 'index',
  ),
  'var' => 
  array (
  ),
)
[ info ] [ HEADER ] array (
  'host' => 'localhost',
  'connection' => 'keep-alive',
  'user-agent' => 'Mozilla/5.0 (Windows NT 10.0; WOW64) AppleWebKit/537.36 (KHTML, like Gecko) Chrome/67.0.3396.10 Safari/537.36',
  'accept' => 'image/webp,image/apng,image/*,*/*;q=0.8',
  'referer' => 'http://localhost/bick/public/admin/login/index',
  'accept-encoding' => 'gzip, deflate, br',
  'accept-language' => 'zh-CN,zh;q=0.9',
  'cookie' => 'Phpstorm-e00e1f4d=ca750f83-cc19-4427-a556-8045ab72843e; pgv_pvi=3498281984; PHPSESSID=41c19j2n9gmj8cojgr4p3uh9i7',
)
[ info ] [ PARAM ] array (
  'id' => NULL,
)
[ info ] [ RUN ] think\captcha\CaptchaController->index[ F:\PHP\xiangmu\bick\vendor\topthink\think-captcha\src\CaptchaController.php ]
[ info ] [ SESSION ] INIT array (
  'id' => '',
  'var_session_id' => '',
  'prefix' => 'think',
  'type' => '',
  'auto_start' => true,
)
[ info ] [ LOG ] INIT File
---------------------------------------------------------------
[ 2018-04-28T18:20:40+08:00 ] 0.0.0.0 POST /bick/public/admin/login/checklogin
[ info ] localhost/bick/public/admin/login/checklogin [运行时间：0.960833s][吞吐率：1.04req/s] [内存消耗：4,698.53kb] [文件加载：62]
[ info ] [ LANG ] F:\PHP\xiangmu\bick\thinkphp\lang\zh-cn.php
[ info ] [ ROUTE ] array (
  'type' => 'module',
  'module' => 
  array (
    0 => 'admin',
    1 => 'login',
    2 => 'checklogin',
  ),
)
[ info ] [ HEADER ] array (
  'host' => 'localhost',
  'connection' => 'keep-alive',
  'content-length' => '43',
  'cache-control' => 'max-age=0',
  'origin' => 'http://localhost',
  'upgrade-insecure-requests' => '1',
  'content-type' => 'application/x-www-form-urlencoded',
  'user-agent' => 'Mozilla/5.0 (Windows NT 10.0; WOW64) AppleWebKit/537.36 (KHTML, like Gecko) Chrome/67.0.3396.10 Safari/537.36',
  'accept' => 'text/html,application/xhtml+xml,application/xml;q=0.9,image/webp,image/apng,*/*;q=0.8',
  'referer' => 'http://localhost/bick/public/admin/login/index',
  'accept-encoding' => 'gzip, deflate, br',
  'accept-language' => 'zh-CN,zh;q=0.9',
  'cookie' => 'thinkphp_show_page_trace=0|0; thinkphp_show_page_trace=0|0; Phpstorm-e00e1f4d=ca750f83-cc19-4427-a556-8045ab72843e; pgv_pvi=3498281984; PHPSESSID=41c19j2n9gmj8cojgr4p3uh9i7',
)
[ info ] [ PARAM ] array (
  'username' => 'admin',
  'password' => '123456',
  'captcha' => '5310',
)
[ info ] [ RUN ] app\admin\controller\Login->checklogin[ F:\PHP\xiangmu\bick\application\admin\controller\Login.php ]
[ info ] [ SESSION ] INIT array (
  'id' => '',
  'var_session_id' => '',
  'prefix' => 'think',
  'type' => '',
  'auto_start' => true,
)
[ info ] [ DB ] INIT mysql
[ info ] [ VIEW ] F:\PHP\xiangmu\bick\thinkphp\tpl\dispatch_jump.tpl [ array (
  0 => 'code',
  1 => 'msg',
  2 => 'data',
  3 => 'url',
  4 => 'wait',
) ]
[ info ] [ LOG ] INIT File
[ sql ] [ DB ] CONNECT:[ UseTime:0.015558s ] mysql:host=127.0.0.1;dbname=bick;charset=utf8
[ sql ] [ SQL ] SHOW COLUMNS FROM `bk_admin` [ RunTime:0.138894s ]
[ sql ] [ SQL ] SELECT * FROM `bk_admin` WHERE  `name` = 'admin'  AND `password` = 'e10adc3949ba59abbe56e057f20f883e' LIMIT 1 [ RunTime:0.019650s ]
[ sql ] [ SQL ] SHOW COLUMNS FROM `bk_auth_group_access` [ RunTime:0.072882s ]
[ sql ] [ SQL ] SELECT `group_id` FROM `bk_auth_group_access` WHERE  `uid` = 1 LIMIT 1 [ RunTime:0.041427s ]
[ sql ] [ SQL ] SHOW COLUMNS FROM `bk_auth_group` [ RunTime:0.141167s ]
[ sql ] [ SQL ] SELECT `rules` FROM `bk_auth_group` WHERE  `id` = 1 LIMIT 1 [ RunTime:0.006318s ]
[ sql ] [ SQL ] SHOW COLUMNS FROM `bk_auth_rule` [ RunTime:0.106279s ]
[ sql ] [ SQL ] SELECT `name` FROM `bk_auth_rule` WHERE  `id` IN (15,16,19,18,17,1,9,11,14,13,12,2,3,20,10,4,21,22,23,24,26,27,28,29,30,32,33,34,35,36,40,41,42,43,44) [ RunTime:0.071897s ]
---------------------------------------------------------------
[ 2018-04-28T18:20:42+08:00 ] 0.0.0.0 GET /bick/public/admin/index/index
[ info ] localhost/bick/public/admin/index/index [运行时间：0.136580s][吞吐率：7.32req/s] [内存消耗：2,749.07kb] [文件加载：52]
[ info ] [ LANG ] F:\PHP\xiangmu\bick\thinkphp\lang\zh-cn.php
[ info ] [ ROUTE ] array (
  'type' => 'module',
  'module' => 
  array (
    0 => 'admin',
    1 => 'index',
    2 => 'index',
  ),
)
[ info ] [ HEADER ] array (
  'host' => 'localhost',
  'connection' => 'keep-alive',
  'upgrade-insecure-requests' => '1',
  'user-agent' => 'Mozilla/5.0 (Windows NT 10.0; WOW64) AppleWebKit/537.36 (KHTML, like Gecko) Chrome/67.0.3396.10 Safari/537.36',
  'accept' => 'text/html,application/xhtml+xml,application/xml;q=0.9,image/webp,image/apng,*/*;q=0.8',
  'referer' => 'http://localhost/bick/public/admin/login/checklogin',
  'accept-encoding' => 'gzip, deflate, br',
  'accept-language' => 'zh-CN,zh;q=0.9',
  'cookie' => 'thinkphp_show_page_trace=0|0; Phpstorm-e00e1f4d=ca750f83-cc19-4427-a556-8045ab72843e; pgv_pvi=3498281984; PHPSESSID=41c19j2n9gmj8cojgr4p3uh9i7',
)
[ info ] [ PARAM ] array (
)
[ info ] [ SESSION ] INIT array (
  'id' => '',
  'var_session_id' => '',
  'prefix' => 'think',
  'type' => '',
  'auto_start' => true,
)
[ info ] [ RUN ] app\admin\controller\Index->index[ F:\PHP\xiangmu\bick\application\admin\controller\Index.php ]
[ info ] [ VIEW ] F:\PHP\xiangmu\bick\public/../application/admin\view\index\index.html [ array (
) ]
[ info ] [ LOG ] INIT File
---------------------------------------------------------------
[ 2018-04-28T18:20:42+08:00 ] 0.0.0.0 GET /bick/public/static/admin/fonts/fontawesome-webfont.woff2?v=4.3.0
[ info ] localhost/bick/public/static/admin/fonts/fontawesome-webfont.woff2?v=4.3.0 [运行时间：0.078451s][吞吐率：12.75req/s] [内存消耗：2,221.05kb] [文件加载：43]
[ info ] [ LANG ] F:\PHP\xiangmu\bick\thinkphp\lang\zh-cn.php
[ info ] [ ROUTE ] array (
  'type' => 'module',
  'module' => 
  array (
    0 => 'static',
    1 => 'admin',
    2 => 'fonts',
  ),
)
[ info ] [ HEADER ] array (
  'host' => 'localhost',
  'connection' => 'keep-alive',
  'origin' => 'http://localhost',
  'user-agent' => 'Mozilla/5.0 (Windows NT 10.0; WOW64) AppleWebKit/537.36 (KHTML, like Gecko) Chrome/67.0.3396.10 Safari/537.36',
  'accept' => '*/*',
  'referer' => 'http://localhost/bick/public/static/admin/style/font-awesome.css',
  'accept-encoding' => 'gzip, deflate, br',
  'accept-language' => 'zh-CN,zh;q=0.9',
  'cookie' => 'Phpstorm-e00e1f4d=ca750f83-cc19-4427-a556-8045ab72843e; pgv_pvi=3498281984; PHPSESSID=41c19j2n9gmj8cojgr4p3uh9i7',
)
[ info ] [ PARAM ] array (
  'v' => '4.3.0',
)
[ info ] [ LOG ] INIT File
---------------------------------------------------------------
[ 2018-04-28T18:20:46+08:00 ] 0.0.0.0 GET /bick/public/admin/authrule/lst
[ info ] localhost/bick/public/admin/authrule/lst [运行时间：0.331288s][吞吐率：3.02req/s] [内存消耗：4,782.52kb] [文件加载：61]
[ info ] [ LANG ] F:\PHP\xiangmu\bick\thinkphp\lang\zh-cn.php
[ info ] [ ROUTE ] array (
  'type' => 'module',
  'module' => 
  array (
    0 => 'admin',
    1 => 'authrule',
    2 => 'lst',
  ),
)
[ info ] [ HEADER ] array (
  'host' => 'localhost',
  'connection' => 'keep-alive',
  'upgrade-insecure-requests' => '1',
  'user-agent' => 'Mozilla/5.0 (Windows NT 10.0; WOW64) AppleWebKit/537.36 (KHTML, like Gecko) Chrome/67.0.3396.10 Safari/537.36',
  'accept' => 'text/html,application/xhtml+xml,application/xml;q=0.9,image/webp,image/apng,*/*;q=0.8',
  'referer' => 'http://localhost/bick/public/admin/index/index',
  'accept-encoding' => 'gzip, deflate, br',
  'accept-language' => 'zh-CN,zh;q=0.9',
  'cookie' => 'thinkphp_show_page_trace=0|0; Phpstorm-e00e1f4d=ca750f83-cc19-4427-a556-8045ab72843e; pgv_pvi=3498281984; PHPSESSID=41c19j2n9gmj8cojgr4p3uh9i7',
)
[ info ] [ PARAM ] array (
)
[ info ] [ SESSION ] INIT array (
  'id' => '',
  'var_session_id' => '',
  'prefix' => 'think',
  'type' => '',
  'auto_start' => true,
)
[ info ] [ RUN ] app\admin\controller\Authrule->lst[ F:\PHP\xiangmu\bick\application\admin\controller\Authrule.php ]
[ info ] [ DB ] INIT mysql
[ info ] [ VIEW ] F:\PHP\xiangmu\bick\public/../application/admin\view\authrule\lst.html [ array (
  0 => 'arr',
) ]
[ info ] [ LOG ] INIT File
[ sql ] [ DB ] CONNECT:[ UseTime:0.003889s ] mysql:host=127.0.0.1;dbname=bick;charset=utf8
[ sql ] [ SQL ] SHOW COLUMNS FROM `bk_auth_rule` [ RunTime:0.031228s ]
[ sql ] [ SQL ] SELECT * FROM `bk_auth_rule` [ RunTime:0.000819s ]
---------------------------------------------------------------
[ 2018-04-28T18:20:46+08:00 ] 0.0.0.0 GET /bick/public/static/admin/fonts/fontawesome-webfont.woff2?v=4.3.0
[ info ] localhost/bick/public/static/admin/fonts/fontawesome-webfont.woff2?v=4.3.0 [运行时间：0.054101s][吞吐率：18.48req/s] [内存消耗：2,221.05kb] [文件加载：43]
[ info ] [ LANG ] F:\PHP\xiangmu\bick\thinkphp\lang\zh-cn.php
[ info ] [ ROUTE ] array (
  'type' => 'module',
  'module' => 
  array (
    0 => 'static',
    1 => 'admin',
    2 => 'fonts',
  ),
)
[ info ] [ HEADER ] array (
  'host' => 'localhost',
  'connection' => 'keep-alive',
  'origin' => 'http://localhost',
  'user-agent' => 'Mozilla/5.0 (Windows NT 10.0; WOW64) AppleWebKit/537.36 (KHTML, like Gecko) Chrome/67.0.3396.10 Safari/537.36',
  'accept' => '*/*',
  'referer' => 'http://localhost/bick/public/static/admin/style/font-awesome.css',
  'accept-encoding' => 'gzip, deflate, br',
  'accept-language' => 'zh-CN,zh;q=0.9',
  'cookie' => 'Phpstorm-e00e1f4d=ca750f83-cc19-4427-a556-8045ab72843e; pgv_pvi=3498281984; PHPSESSID=41c19j2n9gmj8cojgr4p3uh9i7',
)
[ info ] [ PARAM ] array (
  'v' => '4.3.0',
)
[ info ] [ LOG ] INIT File
