[ 2016-11-17T00:00:07+08:00 ] 127.0.0.1 127.0.0.1 GET /bick/public/index.php/admin/admin/edit/id/2.html
[ log ] 127.0.0.1/bick/public/index.php/admin/admin/edit/id/2.html [运行时间：0.040002s][吞吐率：25.00req/s] [内存消耗：1,810.54kb] [文件加载：53]
[ info ] [ LANG ] F:\phpStudy\WWW\bick\thinkphp\lang\zh-cn.php
[ info ] [ ROUTE ] array (
  'type' => 'module',
  'module' => 
  array (
    0 => 'admin',
    1 => 'admin',
    2 => 'edit',
  ),
)
[ info ] [ HEADER ] array (
  'upgrade-insecure-requests' => '1',
  'connection' => 'close',
  'referer' => 'http://127.0.0.1/bick/public/index.php/admin/admin/lst.html',
  'accept-encoding' => 'gzip, deflate',
  'accept-language' => 'zh-CN,zh;q=0.8,en-US;q=0.5,en;q=0.3',
  'accept' => 'text/html,application/xhtml+xml,application/xml;q=0.9,*/*;q=0.8',
  'user-agent' => 'Mozilla/5.0 (Windows NT 6.1; WOW64; rv:49.0) Gecko/20100101 Firefox/49.0',
  'host' => '127.0.0.1',
)
[ info ] [ PARAM ] array (
  'id' => '2',
)
[ info ] [ RUN ] app\admin\controller\Admin->edit[ F:\phpStudy\WWW\bick\application\admin\controller\Admin.php ]
[ info ] [ DB ] INIT mysql
[ info ] [ VIEW ] F:\phpStudy\WWW\bick\public/../application/admin\view\admin\edit.htm [ array (
  0 => 'admin',
) ]
[ info ] [ LOG ] INIT File
[ sql ] [ DB ] CONNECT:[ UseTime:0.002001s ] mysql:dbname=bick;host=127.0.0.1;charset=utf8
[ sql ] [ SQL ] SHOW COLUMNS FROM `bk_admin` [ RunTime:0.005000s ]
[ sql ] [ SQL ] SELECT * FROM `bk_admin` WHERE  `id` = 2 LIMIT 1    [ RunTime:0.000000s ]

---------------------------------------------------------------
[ 2016-11-17T00:00:09+08:00 ] 127.0.0.1 127.0.0.1 GET /bick/public/index.php/admin/admin/lst.html
[ log ] 127.0.0.1/bick/public/index.php/admin/admin/lst.html [运行时间：0.077005s][吞吐率：12.99req/s] [内存消耗：2,072.63kb] [文件加载：59]
[ info ] [ LANG ] F:\phpStudy\WWW\bick\thinkphp\lang\zh-cn.php
[ info ] [ ROUTE ] array (
  'type' => 'module',
  'module' => 
  array (
    0 => 'admin',
    1 => 'admin',
    2 => 'lst',
  ),
)
[ info ] [ HEADER ] array (
  'upgrade-insecure-requests' => '1',
  'connection' => 'close',
  'referer' => 'http://127.0.0.1/bick/public/index.php/admin/admin/edit/id/2.html',
  'accept-encoding' => 'gzip, deflate',
  'accept-language' => 'zh-CN,zh;q=0.8,en-US;q=0.5,en;q=0.3',
  'accept' => 'text/html,application/xhtml+xml,application/xml;q=0.9,*/*;q=0.8',
  'user-agent' => 'Mozilla/5.0 (Windows NT 6.1; WOW64; rv:49.0) Gecko/20100101 Firefox/49.0',
  'host' => '127.0.0.1',
)
[ info ] [ PARAM ] array (
)
[ info ] [ RUN ] app\admin\controller\Admin->lst[ F:\phpStudy\WWW\bick\application\admin\controller\Admin.php ]
[ info ] [ DB ] INIT mysql
[ info ] [ VIEW ] F:\phpStudy\WWW\bick\public/../application/admin\view\admin\lst.htm [ array (
  0 => 'adminres',
) ]
[ info ] [ LOG ] INIT File
[ sql ] [ DB ] CONNECT:[ UseTime:0.011000s ] mysql:dbname=bick;host=127.0.0.1;charset=utf8
[ sql ] [ SQL ] SHOW COLUMNS FROM `bk_admin` [ RunTime:0.018001s ]
[ sql ] [ SQL ] SELECT COUNT(*) AS tp_count FROM `bk_admin` LIMIT 1   [ RunTime:0.000000s ]
[ sql ] [ SQL ] SELECT * FROM `bk_admin` LIMIT 0,5   [ RunTime:0.001000s ]

---------------------------------------------------------------
[ 2016-11-17T00:14:34+08:00 ] 127.0.0.1 127.0.0.1 GET /bick/public/index.php/admin/admin/edit/id/2.html
[ log ] 127.0.0.1/bick/public/index.php/admin/admin/edit/id/2.html [运行时间：0.053003s][吞吐率：18.87req/s] [内存消耗：1,809.16kb] [文件加载：53]
[ info ] [ LANG ] F:\phpStudy\WWW\bick\thinkphp\lang\zh-cn.php
[ info ] [ ROUTE ] array (
  'type' => 'module',
  'module' => 
  array (
    0 => 'admin',
    1 => 'admin',
    2 => 'edit',
  ),
)
[ info ] [ HEADER ] array (
  'upgrade-insecure-requests' => '1',
  'connection' => 'close',
  'referer' => 'http://127.0.0.1/bick/public/index.php/admin/admin/lst.html',
  'accept-encoding' => 'gzip, deflate',
  'accept-language' => 'zh-CN,zh;q=0.8,en-US;q=0.5,en;q=0.3',
  'accept' => 'text/html,application/xhtml+xml,application/xml;q=0.9,*/*;q=0.8',
  'user-agent' => 'Mozilla/5.0 (Windows NT 6.1; WOW64; rv:49.0) Gecko/20100101 Firefox/49.0',
  'host' => '127.0.0.1',
)
[ info ] [ PARAM ] array (
  'id' => '2',
)
[ info ] [ RUN ] app\admin\controller\Admin->edit[ F:\phpStudy\WWW\bick\application\admin\controller\Admin.php ]
[ info ] [ DB ] INIT mysql
[ info ] [ VIEW ] F:\phpStudy\WWW\bick\public/../application/admin\view\admin\edit.htm [ array (
  0 => 'admin',
) ]
[ info ] [ LOG ] INIT File
[ sql ] [ DB ] CONNECT:[ UseTime:0.013001s ] mysql:dbname=bick;host=127.0.0.1;charset=utf8
[ sql ] [ SQL ] SHOW COLUMNS FROM `bk_admin` [ RunTime:0.012000s ]
[ sql ] [ SQL ] SELECT * FROM `bk_admin` WHERE  `id` = 2 LIMIT 1    [ RunTime:0.000000s ]

---------------------------------------------------------------
[ 2016-11-17T00:14:38+08:00 ] 127.0.0.1 127.0.0.1 POST /bick/public/index.php/admin/admin/edit/id/2.html
[ log ] 127.0.0.1/bick/public/index.php/admin/admin/edit/id/2.html [运行时间：0.065004s][吞吐率：15.38req/s] [内存消耗：1,955.32kb] [文件加载：56]
[ info ] [ LANG ] F:\phpStudy\WWW\bick\thinkphp\lang\zh-cn.php
[ info ] [ ROUTE ] array (
  'type' => 'module',
  'module' => 
  array (
    0 => 'admin',
    1 => 'admin',
    2 => 'edit',
  ),
)
[ info ] [ HEADER ] array (
  'content-length' => '23',
  'content-type' => 'application/x-www-form-urlencoded',
  'upgrade-insecure-requests' => '1',
  'connection' => 'close',
  'referer' => 'http://127.0.0.1/bick/public/index.php/admin/admin/edit/id/2.html',
  'accept-encoding' => 'gzip, deflate',
  'accept-language' => 'zh-CN,zh;q=0.8,en-US;q=0.5,en;q=0.3',
  'accept' => 'text/html,application/xhtml+xml,application/xml;q=0.9,*/*;q=0.8',
  'user-agent' => 'Mozilla/5.0 (Windows NT 6.1; WOW64; rv:49.0) Gecko/20100101 Firefox/49.0',
  'host' => '127.0.0.1',
)
[ info ] [ PARAM ] array (
  'id' => '2',
  'name' => '11',
  'password' => '1',
)
[ info ] [ RUN ] app\admin\controller\Admin->edit[ F:\phpStudy\WWW\bick\application\admin\controller\Admin.php ]
[ info ] [ DB ] INIT mysql
[ info ] [ LOG ] INIT File
[ sql ] [ DB ] CONNECT:[ UseTime:0.001000s ] mysql:dbname=bick;host=127.0.0.1;charset=utf8
[ sql ] [ SQL ] SHOW COLUMNS FROM `bk_admin` [ RunTime:0.012001s ]
[ sql ] [ SQL ] SELECT * FROM `bk_admin` WHERE  `id` = 2 LIMIT 1    [ RunTime:0.001000s ]
[ error ] [2048]Non-static method app\admin\model\Admin::saveadmin() should not be called statically, assuming $this from incompatible context[F:\phpStudy\WWW\bick\application\admin\controller\Admin.php:37]

---------------------------------------------------------------
[ 2016-11-17T00:15:10+08:00 ] 127.0.0.1 127.0.0.1 POST /bick/public/index.php/admin/admin/edit/id/2.html
[ log ] 127.0.0.1/bick/public/index.php/admin/admin/edit/id/2.html [运行时间：0.045002s][吞吐率：22.22req/s] [内存消耗：2,054.24kb] [文件加载：58]
[ info ] [ LANG ] F:\phpStudy\WWW\bick\thinkphp\lang\zh-cn.php
[ info ] [ ROUTE ] array (
  'type' => 'module',
  'module' => 
  array (
    0 => 'admin',
    1 => 'admin',
    2 => 'edit',
  ),
)
[ info ] [ HEADER ] array (
  'content-length' => '23',
  'content-type' => 'application/x-www-form-urlencoded',
  'cache-control' => 'max-age=0',
  'upgrade-insecure-requests' => '1',
  'connection' => 'close',
  'referer' => 'http://127.0.0.1/bick/public/index.php/admin/admin/edit/id/2.html',
  'accept-encoding' => 'gzip, deflate',
  'accept-language' => 'zh-CN,zh;q=0.8,en-US;q=0.5,en;q=0.3',
  'accept' => 'text/html,application/xhtml+xml,application/xml;q=0.9,*/*;q=0.8',
  'user-agent' => 'Mozilla/5.0 (Windows NT 6.1; WOW64; rv:49.0) Gecko/20100101 Firefox/49.0',
  'host' => '127.0.0.1',
)
[ info ] [ PARAM ] array (
  'id' => '2',
  'name' => '11',
  'password' => '1',
)
[ info ] [ RUN ] app\admin\controller\Admin->edit[ F:\phpStudy\WWW\bick\application\admin\controller\Admin.php ]
[ info ] [ DB ] INIT mysql
[ info ] [ DB ] INIT mysql
[ info ] [ CACHE ] INIT File
[ info ] [ VIEW ] F:\phpStudy\WWW\bick\thinkphp\tpl\dispatch_jump.tpl [ array (
  0 => 'code',
  1 => 'msg',
  2 => 'data',
  3 => 'url',
  4 => 'wait',
) ]
[ info ] [ LOG ] INIT File
[ sql ] [ DB ] CONNECT:[ UseTime:0.001000s ] mysql:dbname=bick;host=127.0.0.1;charset=utf8
[ sql ] [ SQL ] SHOW COLUMNS FROM `bk_admin` [ RunTime:0.010001s ]
[ sql ] [ SQL ] SELECT * FROM `bk_admin` WHERE  `id` = 2 LIMIT 1    [ RunTime:0.001000s ]
[ sql ] [ DB ] CONNECT:[ UseTime:0.001000s ] mysql:dbname=bick;host=127.0.0.1;charset=utf8
[ sql ] [ SQL ] UPDATE `bk_admin`  SET `name`='11',`password`='c4ca4238a0b923820dcc509a6f75849b'  WHERE  `id` = 2      [ RunTime:0.001000s ]

---------------------------------------------------------------
[ 2016-11-17T00:15:14+08:00 ] 127.0.0.1 127.0.0.1 GET /bick/public/index.php/admin/admin/lst.html
[ log ] 127.0.0.1/bick/public/index.php/admin/admin/lst.html [运行时间：0.077004s][吞吐率：12.99req/s] [内存消耗：2,073.24kb] [文件加载：59]
[ info ] [ LANG ] F:\phpStudy\WWW\bick\thinkphp\lang\zh-cn.php
[ info ] [ ROUTE ] array (
  'type' => 'module',
  'module' => 
  array (
    0 => 'admin',
    1 => 'admin',
    2 => 'lst',
  ),
)
[ info ] [ HEADER ] array (
  'upgrade-insecure-requests' => '1',
  'connection' => 'close',
  'referer' => 'http://127.0.0.1/bick/public/index.php/admin/admin/edit/id/2.html',
  'accept-encoding' => 'gzip, deflate',
  'accept-language' => 'zh-CN,zh;q=0.8,en-US;q=0.5,en;q=0.3',
  'accept' => 'text/html,application/xhtml+xml,application/xml;q=0.9,*/*;q=0.8',
  'user-agent' => 'Mozilla/5.0 (Windows NT 6.1; WOW64; rv:49.0) Gecko/20100101 Firefox/49.0',
  'host' => '127.0.0.1',
)
[ info ] [ PARAM ] array (
)
[ info ] [ RUN ] app\admin\controller\Admin->lst[ F:\phpStudy\WWW\bick\application\admin\controller\Admin.php ]
[ info ] [ DB ] INIT mysql
[ info ] [ VIEW ] F:\phpStudy\WWW\bick\public/../application/admin\view\admin\lst.htm [ array (
  0 => 'adminres',
) ]
[ info ] [ LOG ] INIT File
[ sql ] [ DB ] CONNECT:[ UseTime:0.001000s ] mysql:dbname=bick;host=127.0.0.1;charset=utf8
[ sql ] [ SQL ] SHOW COLUMNS FROM `bk_admin` [ RunTime:0.013001s ]
[ sql ] [ SQL ] SELECT COUNT(*) AS tp_count FROM `bk_admin` LIMIT 1   [ RunTime:0.001000s ]
[ sql ] [ SQL ] SELECT * FROM `bk_admin` LIMIT 0,5   [ RunTime:0.000000s ]

---------------------------------------------------------------
[ 2016-11-17T00:15:33+08:00 ] 127.0.0.1 127.0.0.1 GET /bick/public/index.php/admin/admin/edit/id/2.html
[ log ] 127.0.0.1/bick/public/index.php/admin/admin/edit/id/2.html [运行时间：0.049002s][吞吐率：20.41req/s] [内存消耗：1,809.27kb] [文件加载：53]
[ info ] [ LANG ] F:\phpStudy\WWW\bick\thinkphp\lang\zh-cn.php
[ info ] [ ROUTE ] array (
  'type' => 'module',
  'module' => 
  array (
    0 => 'admin',
    1 => 'admin',
    2 => 'edit',
  ),
)
[ info ] [ HEADER ] array (
  'upgrade-insecure-requests' => '1',
  'connection' => 'close',
  'referer' => 'http://127.0.0.1/bick/public/index.php/admin/admin/lst.html',
  'accept-encoding' => 'gzip, deflate',
  'accept-language' => 'zh-CN,zh;q=0.8,en-US;q=0.5,en;q=0.3',
  'accept' => 'text/html,application/xhtml+xml,application/xml;q=0.9,*/*;q=0.8',
  'user-agent' => 'Mozilla/5.0 (Windows NT 6.1; WOW64; rv:49.0) Gecko/20100101 Firefox/49.0',
  'host' => '127.0.0.1',
)
[ info ] [ PARAM ] array (
  'id' => '2',
)
[ info ] [ RUN ] app\admin\controller\Admin->edit[ F:\phpStudy\WWW\bick\application\admin\controller\Admin.php ]
[ info ] [ DB ] INIT mysql
[ info ] [ VIEW ] F:\phpStudy\WWW\bick\public/../application/admin\view\admin\edit.htm [ array (
  0 => 'admin',
) ]
[ info ] [ LOG ] INIT File
[ sql ] [ DB ] CONNECT:[ UseTime:0.002000s ] mysql:dbname=bick;host=127.0.0.1;charset=utf8
[ sql ] [ SQL ] SHOW COLUMNS FROM `bk_admin` [ RunTime:0.012001s ]
[ sql ] [ SQL ] SELECT * FROM `bk_admin` WHERE  `id` = 2 LIMIT 1    [ RunTime:0.001000s ]

---------------------------------------------------------------
[ 2016-11-17T00:15:46+08:00 ] 127.0.0.1 127.0.0.1 GET /bick/public/index.php/admin/admin/edit/id/2.html
[ log ] 127.0.0.1/bick/public/index.php/admin/admin/edit/id/2.html [运行时间：0.046002s][吞吐率：21.74req/s] [内存消耗：1,935.73kb] [文件加载：55]
[ info ] [ LANG ] F:\phpStudy\WWW\bick\thinkphp\lang\zh-cn.php
[ info ] [ ROUTE ] array (
  'type' => 'module',
  'module' => 
  array (
    0 => 'admin',
    1 => 'admin',
    2 => 'edit',
  ),
)
[ info ] [ HEADER ] array (
  'cache-control' => 'max-age=0',
  'upgrade-insecure-requests' => '1',
  'connection' => 'close',
  'referer' => 'http://127.0.0.1/bick/public/index.php/admin/admin/lst.html',
  'accept-encoding' => 'gzip, deflate',
  'accept-language' => 'zh-CN,zh;q=0.8,en-US;q=0.5,en;q=0.3',
  'accept' => 'text/html,application/xhtml+xml,application/xml;q=0.9,*/*;q=0.8',
  'user-agent' => 'Mozilla/5.0 (Windows NT 6.1; WOW64; rv:49.0) Gecko/20100101 Firefox/49.0',
  'host' => '127.0.0.1',
)
[ info ] [ PARAM ] array (
  'id' => '2',
)
[ info ] [ RUN ] app\admin\controller\Admin->edit[ F:\phpStudy\WWW\bick\application\admin\controller\Admin.php ]
[ info ] [ DB ] INIT mysql
[ info ] [ VIEW ] F:\phpStudy\WWW\bick\public/../application/admin\view\admin\edit.htm [ array (
  0 => 'admin',
) ]
[ info ] [ LOG ] INIT File
[ sql ] [ DB ] CONNECT:[ UseTime:0.001000s ] mysql:dbname=bick;host=127.0.0.1;charset=utf8
[ sql ] [ SQL ] SHOW COLUMNS FROM `bk_admin` [ RunTime:0.011001s ]
[ sql ] [ SQL ] SELECT * FROM `bk_admin` WHERE  `id` = 2 LIMIT 1    [ RunTime:0.001000s ]

---------------------------------------------------------------
[ 2016-11-17T00:15:48+08:00 ] 127.0.0.1 127.0.0.1 POST /bick/public/index.php/admin/admin/edit/id/2.html
[ log ] 127.0.0.1/bick/public/index.php/admin/admin/edit/id/2.html [运行时间：0.078005s][吞吐率：12.82req/s] [内存消耗：1,950.76kb] [文件加载：55]
[ info ] [ LANG ] F:\phpStudy\WWW\bick\thinkphp\lang\zh-cn.php
[ info ] [ ROUTE ] array (
  'type' => 'module',
  'module' => 
  array (
    0 => 'admin',
    1 => 'admin',
    2 => 'edit',
  ),
)
[ info ] [ HEADER ] array (
  'content-length' => '20',
  'content-type' => 'application/x-www-form-urlencoded',
  'upgrade-insecure-requests' => '1',
  'connection' => 'close',
  'referer' => 'http://127.0.0.1/bick/public/index.php/admin/admin/edit/id/2.html',
  'accept-encoding' => 'gzip, deflate',
  'accept-language' => 'zh-CN,zh;q=0.8,en-US;q=0.5,en;q=0.3',
  'accept' => 'text/html,application/xhtml+xml,application/xml;q=0.9,*/*;q=0.8',
  'user-agent' => 'Mozilla/5.0 (Windows NT 6.1; WOW64; rv:49.0) Gecko/20100101 Firefox/49.0',
  'host' => '127.0.0.1',
)
[ info ] [ PARAM ] array (
  'id' => '2',
  'name' => '',
  'password' => '',
)
[ info ] [ RUN ] app\admin\controller\Admin->edit[ F:\phpStudy\WWW\bick\application\admin\controller\Admin.php ]
[ info ] [ DB ] INIT mysql
[ info ] [ DB ] INIT mysql
[ info ] [ LOG ] INIT File
[ sql ] [ DB ] CONNECT:[ UseTime:0.010001s ] mysql:dbname=bick;host=127.0.0.1;charset=utf8
[ sql ] [ SQL ] SHOW COLUMNS FROM `bk_admin` [ RunTime:0.030001s ]
[ sql ] [ SQL ] SELECT * FROM `bk_admin` WHERE  `id` = 2 LIMIT 1    [ RunTime:0.000000s ]
[ error ] [0]method not exist:think\db\Query->error[F:\phpStudy\WWW\bick\thinkphp\library\think\db\Query.php:91]

---------------------------------------------------------------
[ 2016-11-17T00:22:18+08:00 ] 127.0.0.1 127.0.0.1 GET /bick/public/index.php/admin/admin/edit/id/2.html
[ log ] 127.0.0.1/bick/public/index.php/admin/admin/edit/id/2.html [运行时间：0.055003s][吞吐率：18.18req/s] [内存消耗：1,936.34kb] [文件加载：55]
[ info ] [ LANG ] F:\phpStudy\WWW\bick\thinkphp\lang\zh-cn.php
[ info ] [ ROUTE ] array (
  'type' => 'module',
  'module' => 
  array (
    0 => 'admin',
    1 => 'admin',
    2 => 'edit',
  ),
)
[ info ] [ HEADER ] array (
  'upgrade-insecure-requests' => '1',
  'connection' => 'close',
  'referer' => 'http://127.0.0.1/bick/public/index.php/admin/admin/lst.html',
  'accept-encoding' => 'gzip, deflate',
  'accept-language' => 'zh-CN,zh;q=0.8,en-US;q=0.5,en;q=0.3',
  'accept' => 'text/html,application/xhtml+xml,application/xml;q=0.9,*/*;q=0.8',
  'user-agent' => 'Mozilla/5.0 (Windows NT 6.1; WOW64; rv:49.0) Gecko/20100101 Firefox/49.0',
  'host' => '127.0.0.1',
)
[ info ] [ PARAM ] array (
  'id' => '2',
)
[ info ] [ RUN ] app\admin\controller\Admin->edit[ F:\phpStudy\WWW\bick\application\admin\controller\Admin.php ]
[ info ] [ DB ] INIT mysql
[ info ] [ VIEW ] F:\phpStudy\WWW\bick\public/../application/admin\view\admin\edit.htm [ array (
  0 => 'admin',
) ]
[ info ] [ LOG ] INIT File
[ sql ] [ DB ] CONNECT:[ UseTime:0.012001s ] mysql:dbname=bick;host=127.0.0.1;charset=utf8
[ sql ] [ SQL ] SHOW COLUMNS FROM `bk_admin` [ RunTime:0.007000s ]
[ sql ] [ SQL ] SELECT * FROM `bk_admin` WHERE  `id` = 2 LIMIT 1    [ RunTime:0.000000s ]

---------------------------------------------------------------
[ 2016-11-17T00:22:22+08:00 ] 127.0.0.1 127.0.0.1 GET /bick/public/index.php/admin/admin/edit/id/2.html
[ log ] 127.0.0.1/bick/public/index.php/admin/admin/edit/id/2.html [运行时间：0.049003s][吞吐率：20.41req/s] [内存消耗：1,810.33kb] [文件加载：53]
[ info ] [ LANG ] F:\phpStudy\WWW\bick\thinkphp\lang\zh-cn.php
[ info ] [ ROUTE ] array (
  'type' => 'module',
  'module' => 
  array (
    0 => 'admin',
    1 => 'admin',
    2 => 'edit',
  ),
)
[ info ] [ HEADER ] array (
  'cache-control' => 'no-cache',
  'pragma' => 'no-cache',
  'upgrade-insecure-requests' => '1',
  'connection' => 'close',
  'referer' => 'http://127.0.0.1/bick/public/index.php/admin/admin/lst.html',
  'accept-encoding' => 'gzip, deflate',
  'accept-language' => 'zh-CN,zh;q=0.8,en-US;q=0.5,en;q=0.3',
  'accept' => 'text/html,application/xhtml+xml,application/xml;q=0.9,*/*;q=0.8',
  'user-agent' => 'Mozilla/5.0 (Windows NT 6.1; WOW64; rv:49.0) Gecko/20100101 Firefox/49.0',
  'host' => '127.0.0.1',
)
[ info ] [ PARAM ] array (
  'id' => '2',
)
[ info ] [ RUN ] app\admin\controller\Admin->edit[ F:\phpStudy\WWW\bick\application\admin\controller\Admin.php ]
[ info ] [ DB ] INIT mysql
[ info ] [ VIEW ] F:\phpStudy\WWW\bick\public/../application/admin\view\admin\edit.htm [ array (
  0 => 'admin',
) ]
[ info ] [ LOG ] INIT File
[ sql ] [ DB ] CONNECT:[ UseTime:0.010000s ] mysql:dbname=bick;host=127.0.0.1;charset=utf8
[ sql ] [ SQL ] SHOW COLUMNS FROM `bk_admin` [ RunTime:0.013001s ]
[ sql ] [ SQL ] SELECT * FROM `bk_admin` WHERE  `id` = 2 LIMIT 1    [ RunTime:0.000000s ]

---------------------------------------------------------------
[ 2016-11-17T00:22:28+08:00 ] 127.0.0.1 127.0.0.1 POST /bick/public/index.php/admin/admin/edit/id/2.html
[ log ] 127.0.0.1/bick/public/index.php/admin/admin/edit/id/2.html [运行时间：0.046002s][吞吐率：21.74req/s] [内存消耗：1,933.53kb] [文件加载：54]
[ info ] [ LANG ] F:\phpStudy\WWW\bick\thinkphp\lang\zh-cn.php
[ info ] [ ROUTE ] array (
  'type' => 'module',
  'module' => 
  array (
    0 => 'admin',
    1 => 'admin',
    2 => 'edit',
  ),
)
[ info ] [ HEADER ] array (
  'content-length' => '20',
  'content-type' => 'application/x-www-form-urlencoded',
  'upgrade-insecure-requests' => '1',
  'connection' => 'close',
  'referer' => 'http://127.0.0.1/bick/public/index.php/admin/admin/edit/id/2.html',
  'accept-encoding' => 'gzip, deflate',
  'accept-language' => 'zh-CN,zh;q=0.8,en-US;q=0.5,en;q=0.3',
  'accept' => 'text/html,application/xhtml+xml,application/xml;q=0.9,*/*;q=0.8',
  'user-agent' => 'Mozilla/5.0 (Windows NT 6.1; WOW64; rv:49.0) Gecko/20100101 Firefox/49.0',
  'host' => '127.0.0.1',
)
[ info ] [ PARAM ] array (
  'id' => '2',
  'name' => '',
  'password' => '',
)
[ info ] [ RUN ] app\admin\controller\Admin->edit[ F:\phpStudy\WWW\bick\application\admin\controller\Admin.php ]
[ info ] [ DB ] INIT mysql
[ info ] [ DB ] INIT mysql
[ info ] [ VIEW ] F:\phpStudy\WWW\bick\thinkphp\tpl\dispatch_jump.tpl [ array (
  0 => 'code',
  1 => 'msg',
  2 => 'data',
  3 => 'url',
  4 => 'wait',
) ]
[ info ] [ LOG ] INIT File
[ sql ] [ DB ] CONNECT:[ UseTime:0.001000s ] mysql:dbname=bick;host=127.0.0.1;charset=utf8
[ sql ] [ SQL ] SHOW COLUMNS FROM `bk_admin` [ RunTime:0.012001s ]
[ sql ] [ SQL ] SELECT * FROM `bk_admin` WHERE  `id` = 2 LIMIT 1    [ RunTime:0.000000s ]

---------------------------------------------------------------
[ 2016-11-17T00:22:34+08:00 ] 127.0.0.1 127.0.0.1 GET /bick/public/index.php/admin/admin/edit/id/2.html
[ log ] 127.0.0.1/bick/public/index.php/admin/admin/edit/id/2.html [运行时间：0.039003s][吞吐率：25.64req/s] [内存消耗：1,810.33kb] [文件加载：53]
[ info ] [ LANG ] F:\phpStudy\WWW\bick\thinkphp\lang\zh-cn.php
[ info ] [ ROUTE ] array (
  'type' => 'module',
  'module' => 
  array (
    0 => 'admin',
    1 => 'admin',
    2 => 'edit',
  ),
)
[ info ] [ HEADER ] array (
  'cache-control' => 'no-cache',
  'pragma' => 'no-cache',
  'upgrade-insecure-requests' => '1',
  'connection' => 'close',
  'referer' => 'http://127.0.0.1/bick/public/index.php/admin/admin/lst.html',
  'accept-encoding' => 'gzip, deflate',
  'accept-language' => 'zh-CN,zh;q=0.8,en-US;q=0.5,en;q=0.3',
  'accept' => 'text/html,application/xhtml+xml,application/xml;q=0.9,*/*;q=0.8',
  'user-agent' => 'Mozilla/5.0 (Windows NT 6.1; WOW64; rv:49.0) Gecko/20100101 Firefox/49.0',
  'host' => '127.0.0.1',
)
[ info ] [ PARAM ] array (
  'id' => '2',
)
[ info ] [ RUN ] app\admin\controller\Admin->edit[ F:\phpStudy\WWW\bick\application\admin\controller\Admin.php ]
[ info ] [ DB ] INIT mysql
[ info ] [ VIEW ] F:\phpStudy\WWW\bick\public/../application/admin\view\admin\edit.htm [ array (
  0 => 'admin',
) ]
[ info ] [ LOG ] INIT File
[ sql ] [ DB ] CONNECT:[ UseTime:0.001001s ] mysql:dbname=bick;host=127.0.0.1;charset=utf8
[ sql ] [ SQL ] SHOW COLUMNS FROM `bk_admin` [ RunTime:0.012000s ]
[ sql ] [ SQL ] SELECT * FROM `bk_admin` WHERE  `id` = 2 LIMIT 1    [ RunTime:0.000000s ]

---------------------------------------------------------------
[ 2016-11-17T00:22:40+08:00 ] 127.0.0.1 127.0.0.1 POST /bick/public/index.php/admin/admin/edit/id/2.html
[ log ] 127.0.0.1/bick/public/index.php/admin/admin/edit/id/2.html [运行时间：0.054003s][吞吐率：18.52req/s] [内存消耗：2,037.46kb] [文件加载：59]
[ info ] [ LANG ] F:\phpStudy\WWW\bick\thinkphp\lang\zh-cn.php
[ info ] [ ROUTE ] array (
  'type' => 'module',
  'module' => 
  array (
    0 => 'admin',
    1 => 'admin',
    2 => 'edit',
  ),
)
[ info ] [ HEADER ] array (
  'content-length' => '24',
  'content-type' => 'application/x-www-form-urlencoded',
  'upgrade-insecure-requests' => '1',
  'connection' => 'close',
  'referer' => 'http://127.0.0.1/bick/public/index.php/admin/admin/edit/id/2.html',
  'accept-encoding' => 'gzip, deflate',
  'accept-language' => 'zh-CN,zh;q=0.8,en-US;q=0.5,en;q=0.3',
  'accept' => 'text/html,application/xhtml+xml,application/xml;q=0.9,*/*;q=0.8',
  'user-agent' => 'Mozilla/5.0 (Windows NT 6.1; WOW64; rv:49.0) Gecko/20100101 Firefox/49.0',
  'host' => '127.0.0.1',
)
[ info ] [ PARAM ] array (
  'id' => '2',
  'name' => '1122',
  'password' => '',
)
[ info ] [ RUN ] app\admin\controller\Admin->edit[ F:\phpStudy\WWW\bick\application\admin\controller\Admin.php ]
[ info ] [ DB ] INIT mysql
[ info ] [ DB ] INIT mysql
[ info ] [ CACHE ] INIT File
[ info ] [ LOG ] INIT File
[ sql ] [ DB ] CONNECT:[ UseTime:0.011000s ] mysql:dbname=bick;host=127.0.0.1;charset=utf8
[ sql ] [ SQL ] SHOW COLUMNS FROM `bk_admin` [ RunTime:0.012001s ]
[ sql ] [ SQL ] SELECT * FROM `bk_admin` WHERE  `id` = 2 LIMIT 1    [ RunTime:0.001000s ]
[ sql ] [ DB ] CONNECT:[ UseTime:0.000000s ] mysql:dbname=bick;host=127.0.0.1;charset=utf8
[ sql ] [ SQL ] UPDATE `bk_admin`  SET `name`='1122',`password`='c4ca4238a0b923820dcc509a6f75849b'  WHERE  `id` = 2      [ RunTime:0.000000s ]
[ error ] [8]Object of class app\admin\model\Admin could not be converted to int[F:\phpStudy\WWW\bick\application\admin\controller\Admin.php:38]

---------------------------------------------------------------
[ 2016-11-17T00:23:56+08:00 ] 127.0.0.1 127.0.0.1 POST /bick/public/index.php/admin/admin/edit/id/2.html
[ log ] 127.0.0.1/bick/public/index.php/admin/admin/edit/id/2.html [运行时间：0.072004s][吞吐率：13.89req/s] [内存消耗：2,037.62kb] [文件加载：59]
[ info ] [ LANG ] F:\phpStudy\WWW\bick\thinkphp\lang\zh-cn.php
[ info ] [ ROUTE ] array (
  'type' => 'module',
  'module' => 
  array (
    0 => 'admin',
    1 => 'admin',
    2 => 'edit',
  ),
)
[ info ] [ HEADER ] array (
  'content-length' => '24',
  'content-type' => 'application/x-www-form-urlencoded',
  'upgrade-insecure-requests' => '1',
  'connection' => 'close',
  'referer' => 'http://127.0.0.1/bick/public/index.php/admin/admin/edit/id/2.html',
  'accept-encoding' => 'gzip, deflate',
  'accept-language' => 'zh-CN,zh;q=0.8,en-US;q=0.5,en;q=0.3',
  'accept' => 'text/html,application/xhtml+xml,application/xml;q=0.9,*/*;q=0.8',
  'user-agent' => 'Mozilla/5.0 (Windows NT 6.1; WOW64; rv:49.0) Gecko/20100101 Firefox/49.0',
  'host' => '127.0.0.1',
)
[ info ] [ PARAM ] array (
  'id' => '2',
  'name' => '1122',
  'password' => '',
)
[ info ] [ RUN ] app\admin\controller\Admin->edit[ F:\phpStudy\WWW\bick\application\admin\controller\Admin.php ]
[ info ] [ DB ] INIT mysql
[ info ] [ DB ] INIT mysql
[ info ] [ CACHE ] INIT File
[ info ] [ LOG ] INIT File
[ sql ] [ DB ] CONNECT:[ UseTime:0.010000s ] mysql:dbname=bick;host=127.0.0.1;charset=utf8
[ sql ] [ SQL ] SHOW COLUMNS FROM `bk_admin` [ RunTime:0.014001s ]
[ sql ] [ SQL ] SELECT * FROM `bk_admin` WHERE  `id` = 2 LIMIT 1    [ RunTime:0.001000s ]
[ sql ] [ DB ] CONNECT:[ UseTime:0.010000s ] mysql:dbname=bick;host=127.0.0.1;charset=utf8
[ sql ] [ SQL ] UPDATE `bk_admin`  SET `name`='1122',`password`='c4ca4238a0b923820dcc509a6f75849b'  WHERE  `id` = 2      [ RunTime:0.001000s ]
[ error ] [8]Object of class app\admin\model\Admin could not be converted to int[F:\phpStudy\WWW\bick\application\admin\controller\Admin.php:39]

---------------------------------------------------------------
[ 2016-11-17T00:24:30+08:00 ] 127.0.0.1 127.0.0.1 POST /bick/public/index.php/admin/admin/edit/id/2.html
[ log ] 127.0.0.1/bick/public/index.php/admin/admin/edit/id/2.html [运行时间：0.045003s][吞吐率：22.22req/s] [内存消耗：2,055.13kb] [文件加载：58]
[ info ] [ LANG ] F:\phpStudy\WWW\bick\thinkphp\lang\zh-cn.php
[ info ] [ ROUTE ] array (
  'type' => 'module',
  'module' => 
  array (
    0 => 'admin',
    1 => 'admin',
    2 => 'edit',
  ),
)
[ info ] [ HEADER ] array (
  'content-length' => '24',
  'content-type' => 'application/x-www-form-urlencoded',
  'upgrade-insecure-requests' => '1',
  'connection' => 'close',
  'referer' => 'http://127.0.0.1/bick/public/index.php/admin/admin/edit/id/2.html',
  'accept-encoding' => 'gzip, deflate',
  'accept-language' => 'zh-CN,zh;q=0.8,en-US;q=0.5,en;q=0.3',
  'accept' => 'text/html,application/xhtml+xml,application/xml;q=0.9,*/*;q=0.8',
  'user-agent' => 'Mozilla/5.0 (Windows NT 6.1; WOW64; rv:49.0) Gecko/20100101 Firefox/49.0',
  'host' => '127.0.0.1',
)
[ info ] [ PARAM ] array (
  'id' => '2',
  'name' => '1122',
  'password' => '',
)
[ info ] [ RUN ] app\admin\controller\Admin->edit[ F:\phpStudy\WWW\bick\application\admin\controller\Admin.php ]
[ info ] [ DB ] INIT mysql
[ info ] [ DB ] INIT mysql
[ info ] [ CACHE ] INIT File
[ info ] [ VIEW ] F:\phpStudy\WWW\bick\thinkphp\tpl\dispatch_jump.tpl [ array (
  0 => 'code',
  1 => 'msg',
  2 => 'data',
  3 => 'url',
  4 => 'wait',
) ]
[ info ] [ LOG ] INIT File
[ sql ] [ DB ] CONNECT:[ UseTime:0.000000s ] mysql:dbname=bick;host=127.0.0.1;charset=utf8
[ sql ] [ SQL ] SHOW COLUMNS FROM `bk_admin` [ RunTime:0.011000s ]
[ sql ] [ SQL ] SELECT * FROM `bk_admin` WHERE  `id` = 2 LIMIT 1    [ RunTime:0.001001s ]
[ sql ] [ DB ] CONNECT:[ UseTime:0.000000s ] mysql:dbname=bick;host=127.0.0.1;charset=utf8
[ sql ] [ SQL ] UPDATE `bk_admin`  SET `name`='1122',`password`='c4ca4238a0b923820dcc509a6f75849b'  WHERE  `id` = 2      [ RunTime:0.001000s ]

---------------------------------------------------------------
[ 2016-11-17T00:24:33+08:00 ] 127.0.0.1 127.0.0.1 GET /bick/public/index.php/admin/admin/lst.html
[ log ] 127.0.0.1/bick/public/index.php/admin/admin/lst.html [运行时间：0.063004s][吞吐率：15.87req/s] [内存消耗：2,073.72kb] [文件加载：59]
[ info ] [ LANG ] F:\phpStudy\WWW\bick\thinkphp\lang\zh-cn.php
[ info ] [ ROUTE ] array (
  'type' => 'module',
  'module' => 
  array (
    0 => 'admin',
    1 => 'admin',
    2 => 'lst',
  ),
)
[ info ] [ HEADER ] array (
  'upgrade-insecure-requests' => '1',
  'connection' => 'close',
  'referer' => 'http://127.0.0.1/bick/public/index.php/admin/admin/edit/id/2.html',
  'accept-encoding' => 'gzip, deflate',
  'accept-language' => 'zh-CN,zh;q=0.8,en-US;q=0.5,en;q=0.3',
  'accept' => 'text/html,application/xhtml+xml,application/xml;q=0.9,*/*;q=0.8',
  'user-agent' => 'Mozilla/5.0 (Windows NT 6.1; WOW64; rv:49.0) Gecko/20100101 Firefox/49.0',
  'host' => '127.0.0.1',
)
[ info ] [ PARAM ] array (
)
[ info ] [ RUN ] app\admin\controller\Admin->lst[ F:\phpStudy\WWW\bick\application\admin\controller\Admin.php ]
[ info ] [ DB ] INIT mysql
[ info ] [ VIEW ] F:\phpStudy\WWW\bick\public/../application/admin\view\admin\lst.htm [ array (
  0 => 'adminres',
) ]
[ info ] [ LOG ] INIT File
[ sql ] [ DB ] CONNECT:[ UseTime:0.001000s ] mysql:dbname=bick;host=127.0.0.1;charset=utf8
[ sql ] [ SQL ] SHOW COLUMNS FROM `bk_admin` [ RunTime:0.011001s ]
[ sql ] [ SQL ] SELECT COUNT(*) AS tp_count FROM `bk_admin` LIMIT 1   [ RunTime:0.000000s ]
[ sql ] [ SQL ] SELECT * FROM `bk_admin` LIMIT 0,5   [ RunTime:0.001000s ]

---------------------------------------------------------------
[ 2016-11-17T00:24:54+08:00 ] 127.0.0.1 127.0.0.1 GET /bick/public/index.php/admin/admin/edit/id/2.html
[ log ] 127.0.0.1/bick/public/index.php/admin/admin/edit/id/2.html [运行时间：0.036002s][吞吐率：27.78req/s] [内存消耗：1,809.93kb] [文件加载：53]
[ info ] [ LANG ] F:\phpStudy\WWW\bick\thinkphp\lang\zh-cn.php
[ info ] [ ROUTE ] array (
  'type' => 'module',
  'module' => 
  array (
    0 => 'admin',
    1 => 'admin',
    2 => 'edit',
  ),
)
[ info ] [ HEADER ] array (
  'upgrade-insecure-requests' => '1',
  'connection' => 'close',
  'referer' => 'http://127.0.0.1/bick/public/index.php/admin/admin/lst.html',
  'accept-encoding' => 'gzip, deflate',
  'accept-language' => 'zh-CN,zh;q=0.8,en-US;q=0.5,en;q=0.3',
  'accept' => 'text/html,application/xhtml+xml,application/xml;q=0.9,*/*;q=0.8',
  'user-agent' => 'Mozilla/5.0 (Windows NT 6.1; WOW64; rv:49.0) Gecko/20100101 Firefox/49.0',
  'host' => '127.0.0.1',
)
[ info ] [ PARAM ] array (
  'id' => '2',
)
[ info ] [ RUN ] app\admin\controller\Admin->edit[ F:\phpStudy\WWW\bick\application\admin\controller\Admin.php ]
[ info ] [ DB ] INIT mysql
[ info ] [ VIEW ] F:\phpStudy\WWW\bick\public/../application/admin\view\admin\edit.htm [ array (
  0 => 'admin',
) ]
[ info ] [ LOG ] INIT File
[ sql ] [ DB ] CONNECT:[ UseTime:0.002000s ] mysql:dbname=bick;host=127.0.0.1;charset=utf8
[ sql ] [ SQL ] SHOW COLUMNS FROM `bk_admin` [ RunTime:0.006001s ]
[ sql ] [ SQL ] SELECT * FROM `bk_admin` WHERE  `id` = 2 LIMIT 1    [ RunTime:0.001000s ]

---------------------------------------------------------------
[ 2016-11-17T00:24:57+08:00 ] 127.0.0.1 127.0.0.1 POST /bick/public/index.php/admin/admin/edit/id/2.html
[ log ] 127.0.0.1/bick/public/index.php/admin/admin/edit/id/2.html [运行时间：0.051002s][吞吐率：19.61req/s] [内存消耗：1,933.39kb] [文件加载：54]
[ info ] [ LANG ] F:\phpStudy\WWW\bick\thinkphp\lang\zh-cn.php
[ info ] [ ROUTE ] array (
  'type' => 'module',
  'module' => 
  array (
    0 => 'admin',
    1 => 'admin',
    2 => 'edit',
  ),
)
[ info ] [ HEADER ] array (
  'content-length' => '20',
  'content-type' => 'application/x-www-form-urlencoded',
  'upgrade-insecure-requests' => '1',
  'connection' => 'close',
  'referer' => 'http://127.0.0.1/bick/public/index.php/admin/admin/edit/id/2.html',
  'accept-encoding' => 'gzip, deflate',
  'accept-language' => 'zh-CN,zh;q=0.8,en-US;q=0.5,en;q=0.3',
  'accept' => 'text/html,application/xhtml+xml,application/xml;q=0.9,*/*;q=0.8',
  'user-agent' => 'Mozilla/5.0 (Windows NT 6.1; WOW64; rv:49.0) Gecko/20100101 Firefox/49.0',
  'host' => '127.0.0.1',
)
[ info ] [ PARAM ] array (
  'id' => '2',
  'name' => '',
  'password' => '',
)
[ info ] [ RUN ] app\admin\controller\Admin->edit[ F:\phpStudy\WWW\bick\application\admin\controller\Admin.php ]
[ info ] [ DB ] INIT mysql
[ info ] [ DB ] INIT mysql
[ info ] [ VIEW ] F:\phpStudy\WWW\bick\thinkphp\tpl\dispatch_jump.tpl [ array (
  0 => 'code',
  1 => 'msg',
  2 => 'data',
  3 => 'url',
  4 => 'wait',
) ]
[ info ] [ LOG ] INIT File
[ sql ] [ DB ] CONNECT:[ UseTime:0.010000s ] mysql:dbname=bick;host=127.0.0.1;charset=utf8
[ sql ] [ SQL ] SHOW COLUMNS FROM `bk_admin` [ RunTime:0.011001s ]
[ sql ] [ SQL ] SELECT * FROM `bk_admin` WHERE  `id` = 2 LIMIT 1    [ RunTime:0.000000s ]

---------------------------------------------------------------
[ 2016-11-17T00:31:30+08:00 ] 127.0.0.1 127.0.0.1 GET /bick/public/index.php/admin/admin/lst.html
[ log ] 127.0.0.1/bick/public/index.php/admin/admin/lst.html [运行时间：0.049003s][吞吐率：20.41req/s] [内存消耗：2,206.55kb] [文件加载：61]
[ info ] [ LANG ] F:\phpStudy\WWW\bick\thinkphp\lang\zh-cn.php
[ info ] [ ROUTE ] array (
  'type' => 'module',
  'module' => 
  array (
    0 => 'admin',
    1 => 'admin',
    2 => 'lst',
  ),
)
[ info ] [ HEADER ] array (
  'upgrade-insecure-requests' => '1',
  'connection' => 'close',
  'referer' => 'http://127.0.0.1/bick/public/index.php/admin/admin/edit/id/2.html',
  'accept-encoding' => 'gzip, deflate',
  'accept-language' => 'zh-CN,zh;q=0.8,en-US;q=0.5,en;q=0.3',
  'accept' => 'text/html,application/xhtml+xml,application/xml;q=0.9,*/*;q=0.8',
  'user-agent' => 'Mozilla/5.0 (Windows NT 6.1; WOW64; rv:49.0) Gecko/20100101 Firefox/49.0',
  'host' => '127.0.0.1',
)
[ info ] [ PARAM ] array (
)
[ info ] [ RUN ] app\admin\controller\Admin->lst[ F:\phpStudy\WWW\bick\application\admin\controller\Admin.php ]
[ info ] [ DB ] INIT mysql
[ info ] [ VIEW ] F:\phpStudy\WWW\bick\public/../application/admin\view\admin\lst.htm [ array (
  0 => 'adminres',
) ]
[ info ] [ LOG ] INIT File
[ sql ] [ DB ] CONNECT:[ UseTime:0.005000s ] mysql:dbname=bick;host=127.0.0.1;charset=utf8
[ sql ] [ SQL ] SHOW COLUMNS FROM `bk_admin` [ RunTime:0.005001s ]
[ sql ] [ SQL ] SELECT COUNT(*) AS tp_count FROM `bk_admin` LIMIT 1   [ RunTime:0.000000s ]
[ sql ] [ SQL ] SELECT * FROM `bk_admin` LIMIT 0,5   [ RunTime:0.000000s ]

---------------------------------------------------------------
[ 2016-11-17T00:31:36+08:00 ] 127.0.0.1 127.0.0.1 GET /bick/public/index.php/admin/admin/del/id/5.html
[ log ] 127.0.0.1/bick/public/index.php/admin/admin/del/id/5.html [运行时间：0.054003s][吞吐率：18.52req/s] [内存消耗：1,797.02kb] [文件加载：52]
[ info ] [ LANG ] F:\phpStudy\WWW\bick\thinkphp\lang\zh-cn.php
[ info ] [ ROUTE ] array (
  'type' => 'module',
  'module' => 
  array (
    0 => 'admin',
    1 => 'admin',
    2 => 'del',
  ),
)
[ info ] [ HEADER ] array (
  'upgrade-insecure-requests' => '1',
  'connection' => 'close',
  'referer' => 'http://127.0.0.1/bick/public/index.php/admin/admin/lst.html',
  'accept-encoding' => 'gzip, deflate',
  'accept-language' => 'zh-CN,zh;q=0.8,en-US;q=0.5,en;q=0.3',
  'accept' => 'text/html,application/xhtml+xml,application/xml;q=0.9,*/*;q=0.8',
  'user-agent' => 'Mozilla/5.0 (Windows NT 6.1; WOW64; rv:49.0) Gecko/20100101 Firefox/49.0',
  'host' => '127.0.0.1',
)
[ info ] [ PARAM ] array (
  'id' => '5',
)
[ info ] [ RUN ] app\admin\controller\Admin->del[ F:\phpStudy\WWW\bick\application\admin\controller\Admin.php ]
[ info ] [ DB ] INIT mysql
[ info ] [ LOG ] INIT File
[ error ] [0]method not exist:think\db\Query->destory[F:\phpStudy\WWW\bick\thinkphp\library\think\db\Query.php:91]

---------------------------------------------------------------
[ 2016-11-17T00:32:15+08:00 ] 127.0.0.1 127.0.0.1 GET /bick/public/index.php/admin/admin/lst.html
[ log ] 127.0.0.1/bick/public/index.php/admin/admin/lst.html [运行时间：0.040002s][吞吐率：25.00req/s] [内存消耗：2,075.74kb] [文件加载：59]
[ info ] [ LANG ] F:\phpStudy\WWW\bick\thinkphp\lang\zh-cn.php
[ info ] [ ROUTE ] array (
  'type' => 'module',
  'module' => 
  array (
    0 => 'admin',
    1 => 'admin',
    2 => 'lst',
  ),
)
[ info ] [ HEADER ] array (
  'cache-control' => 'max-age=0',
  'upgrade-insecure-requests' => '1',
  'connection' => 'close',
  'accept-encoding' => 'gzip, deflate',
  'accept-language' => 'zh-CN,zh;q=0.8,en-US;q=0.5,en;q=0.3',
  'accept' => 'text/html,application/xhtml+xml,application/xml;q=0.9,*/*;q=0.8',
  'user-agent' => 'Mozilla/5.0 (Windows NT 6.1; WOW64; rv:49.0) Gecko/20100101 Firefox/49.0',
  'host' => '127.0.0.1',
)
[ info ] [ PARAM ] array (
)
[ info ] [ RUN ] app\admin\controller\Admin->lst[ F:\phpStudy\WWW\bick\application\admin\controller\Admin.php ]
[ info ] [ DB ] INIT mysql
[ info ] [ VIEW ] F:\phpStudy\WWW\bick\public/../application/admin\view\admin\lst.htm [ array (
  0 => 'adminres',
) ]
[ info ] [ LOG ] INIT File
[ sql ] [ DB ] CONNECT:[ UseTime:0.001001s ] mysql:dbname=bick;host=127.0.0.1;charset=utf8
[ sql ] [ SQL ] SHOW COLUMNS FROM `bk_admin` [ RunTime:0.005000s ]
[ sql ] [ SQL ] SELECT COUNT(*) AS tp_count FROM `bk_admin` LIMIT 1   [ RunTime:0.000000s ]
[ sql ] [ SQL ] SELECT * FROM `bk_admin` LIMIT 0,5   [ RunTime:0.001000s ]

---------------------------------------------------------------
[ 2016-11-17T00:32:19+08:00 ] 127.0.0.1 127.0.0.1 GET /bick/public/index.php/admin/admin/del/id/5.html
[ log ] 127.0.0.1/bick/public/index.php/admin/admin/del/id/5.html [运行时间：0.048003s][吞吐率：20.83req/s] [内存消耗：1,974.40kb] [文件加载：55]
[ info ] [ LANG ] F:\phpStudy\WWW\bick\thinkphp\lang\zh-cn.php
[ info ] [ ROUTE ] array (
  'type' => 'module',
  'module' => 
  array (
    0 => 'admin',
    1 => 'admin',
    2 => 'del',
  ),
)
[ info ] [ HEADER ] array (
  'upgrade-insecure-requests' => '1',
  'connection' => 'close',
  'referer' => 'http://127.0.0.1/bick/public/index.php/admin/admin/lst.html',
  'accept-encoding' => 'gzip, deflate',
  'accept-language' => 'zh-CN,zh;q=0.8,en-US;q=0.5,en;q=0.3',
  'accept' => 'text/html,application/xhtml+xml,application/xml;q=0.9,*/*;q=0.8',
  'user-agent' => 'Mozilla/5.0 (Windows NT 6.1; WOW64; rv:49.0) Gecko/20100101 Firefox/49.0',
  'host' => '127.0.0.1',
)
[ info ] [ PARAM ] array (
  'id' => '5',
)
[ info ] [ RUN ] app\admin\controller\Admin->del[ F:\phpStudy\WWW\bick\application\admin\controller\Admin.php ]
[ info ] [ DB ] INIT mysql
[ info ] [ VIEW ] F:\phpStudy\WWW\bick\thinkphp\tpl\dispatch_jump.tpl [ array (
  0 => 'code',
  1 => 'msg',
  2 => 'data',
  3 => 'url',
  4 => 'wait',
) ]
[ info ] [ LOG ] INIT File
[ sql ] [ DB ] CONNECT:[ UseTime:0.001000s ] mysql:dbname=bick;host=127.0.0.1;charset=utf8
[ sql ] [ SQL ] SHOW COLUMNS FROM `bk_admin` [ RunTime:0.009001s ]
[ sql ] [ SQL ] SELECT * FROM `bk_admin` WHERE  `id` = 5   [ RunTime:0.001000s ]
[ sql ] [ SQL ] DELETE FROM `bk_admin`    WHERE  `id` = 5    [ RunTime:0.000000s ]

---------------------------------------------------------------
[ 2016-11-17T00:32:22+08:00 ] 127.0.0.1 127.0.0.1 GET /bick/public/index.php/admin/admin/lst.html
[ log ] 127.0.0.1/bick/public/index.php/admin/admin/lst.html [运行时间：0.062003s][吞吐率：16.13req/s] [内存消耗：2,075.76kb] [文件加载：59]
[ info ] [ LANG ] F:\phpStudy\WWW\bick\thinkphp\lang\zh-cn.php
[ info ] [ ROUTE ] array (
  'type' => 'module',
  'module' => 
  array (
    0 => 'admin',
    1 => 'admin',
    2 => 'lst',
  ),
)
[ info ] [ HEADER ] array (
  'upgrade-insecure-requests' => '1',
  'connection' => 'close',
  'referer' => 'http://127.0.0.1/bick/public/index.php/admin/admin/del/id/5.html',
  'accept-encoding' => 'gzip, deflate',
  'accept-language' => 'zh-CN,zh;q=0.8,en-US;q=0.5,en;q=0.3',
  'accept' => 'text/html,application/xhtml+xml,application/xml;q=0.9,*/*;q=0.8',
  'user-agent' => 'Mozilla/5.0 (Windows NT 6.1; WOW64; rv:49.0) Gecko/20100101 Firefox/49.0',
  'host' => '127.0.0.1',
)
[ info ] [ PARAM ] array (
)
[ info ] [ RUN ] app\admin\controller\Admin->lst[ F:\phpStudy\WWW\bick\application\admin\controller\Admin.php ]
[ info ] [ DB ] INIT mysql
[ info ] [ VIEW ] F:\phpStudy\WWW\bick\public/../application/admin\view\admin\lst.htm [ array (
  0 => 'adminres',
) ]
[ info ] [ LOG ] INIT File
[ sql ] [ DB ] CONNECT:[ UseTime:0.010000s ] mysql:dbname=bick;host=127.0.0.1;charset=utf8
[ sql ] [ SQL ] SHOW COLUMNS FROM `bk_admin` [ RunTime:0.010001s ]
[ sql ] [ SQL ] SELECT COUNT(*) AS tp_count FROM `bk_admin` LIMIT 1   [ RunTime:0.001000s ]
[ sql ] [ SQL ] SELECT * FROM `bk_admin` LIMIT 0,5   [ RunTime:0.001000s ]

---------------------------------------------------------------
[ 2016-11-17T15:44:37+08:00 ] 127.0.0.1 127.0.0.1 GET /bick/public/index.php/
[ log ] 127.0.0.1/bick/public/index.php/ [运行时间：0.100005s][吞吐率：10.00req/s] [内存消耗：1,236.36kb] [文件加载：42]
[ info ] [ LANG ] F:\phpStudy\WWW\bick\thinkphp\lang\zh-cn.php
[ info ] [ ROUTE ] array (
  'type' => 'module',
  'module' => 
  array (
    0 => '',
    1 => NULL,
    2 => NULL,
  ),
)
[ info ] [ HEADER ] array (
  'upgrade-insecure-requests' => '1',
  'connection' => 'close',
  'accept-encoding' => 'gzip, deflate',
  'accept-language' => 'zh-CN,zh;q=0.8,en-US;q=0.5,en;q=0.3',
  'accept' => 'text/html,application/xhtml+xml,application/xml;q=0.9,*/*;q=0.8',
  'user-agent' => 'Mozilla/5.0 (Windows NT 6.1; WOW64; rv:49.0) Gecko/20100101 Firefox/49.0',
  'host' => '127.0.0.1',
)
[ info ] [ PARAM ] array (
)
[ info ] [ RUN ] app\index\controller\Index->index[ F:\phpStudy\WWW\bick\application\index\controller\Index.php ]
[ info ] [ VIEW ] F:\phpStudy\WWW\bick\public/../application/index\view\index\index.html [ array (
) ]
[ info ] [ LOG ] INIT File

---------------------------------------------------------------
[ 2016-11-17T15:44:38+08:00 ] 127.0.0.1 127.0.0.1 GET /bick/public/index.php/style/common.js
[ log ] 127.0.0.1/bick/public/index.php/style/common.js [运行时间：0.185010s][吞吐率：5.41req/s] [内存消耗：1,056.83kb] [文件加载：38]
[ info ] [ LANG ] F:\phpStudy\WWW\bick\thinkphp\lang\zh-cn.php
[ info ] [ ROUTE ] array (
  'type' => 'module',
  'module' => 
  array (
    0 => 'style',
    1 => 'common.js',
    2 => NULL,
  ),
)
[ info ] [ HEADER ] array (
  'connection' => 'close',
  'referer' => 'http://127.0.0.1/bick/public/index.php/',
  'accept-encoding' => 'gzip, deflate',
  'accept-language' => 'zh-CN,zh;q=0.8,en-US;q=0.5,en;q=0.3',
  'accept' => '*/*',
  'user-agent' => 'Mozilla/5.0 (Windows NT 6.1; WOW64; rv:49.0) Gecko/20100101 Firefox/49.0',
  'host' => '127.0.0.1',
)
[ info ] [ PARAM ] array (
)
[ info ] [ LOG ] INIT File

---------------------------------------------------------------
[ 2016-11-17T15:44:39+08:00 ] 127.0.0.1 127.0.0.1 GET /bick/public/index.php/style/img/tg.jpg
[ log ] 127.0.0.1/bick/public/index.php/style/img/tg.jpg [运行时间：0.021002s][吞吐率：47.61req/s] [内存消耗：1,056.83kb] [文件加载：38]
[ info ] [ LANG ] F:\phpStudy\WWW\bick\thinkphp\lang\zh-cn.php
[ info ] [ ROUTE ] array (
  'type' => 'module',
  'module' => 
  array (
    0 => 'style',
    1 => 'img',
    2 => 'tg.jpg',
  ),
)
[ info ] [ HEADER ] array (
  'connection' => 'close',
  'referer' => 'http://127.0.0.1/bick/public/index.php/',
  'accept-encoding' => 'gzip, deflate',
  'accept-language' => 'zh-CN,zh;q=0.8,en-US;q=0.5,en;q=0.3',
  'accept' => '*/*',
  'user-agent' => 'Mozilla/5.0 (Windows NT 6.1; WOW64; rv:49.0) Gecko/20100101 Firefox/49.0',
  'host' => '127.0.0.1',
)
[ info ] [ PARAM ] array (
)
[ info ] [ LOG ] INIT File

---------------------------------------------------------------
[ 2016-11-17T15:44:40+08:00 ] 127.0.0.1 127.0.0.1 GET /bick/public/index.php/style/common.js
[ log ] 127.0.0.1/bick/public/index.php/style/common.js [运行时间：0.035002s][吞吐率：28.57req/s] [内存消耗：1,056.83kb] [文件加载：38]
[ info ] [ LANG ] F:\phpStudy\WWW\bick\thinkphp\lang\zh-cn.php
[ info ] [ ROUTE ] array (
  'type' => 'module',
  'module' => 
  array (
    0 => 'style',
    1 => 'common.js',
    2 => NULL,
  ),
)
[ info ] [ HEADER ] array (
  'connection' => 'close',
  'referer' => 'http://127.0.0.1/bick/public/index.php/',
  'accept-encoding' => 'gzip, deflate',
  'accept-language' => 'zh-CN,zh;q=0.8,en-US;q=0.5,en;q=0.3',
  'accept' => '*/*',
  'user-agent' => 'Mozilla/5.0 (Windows NT 6.1; WOW64; rv:49.0) Gecko/20100101 Firefox/49.0',
  'host' => '127.0.0.1',
)
[ info ] [ PARAM ] array (
)
[ info ] [ LOG ] INIT File

---------------------------------------------------------------
[ 2016-11-17T15:44:40+08:00 ] 127.0.0.1 127.0.0.1 GET /bick/public/index.php/style/img/tg.jpg
[ log ] 127.0.0.1/bick/public/index.php/style/img/tg.jpg [运行时间：0.017001s][吞吐率：58.82req/s] [内存消耗：1,056.83kb] [文件加载：38]
[ info ] [ LANG ] F:\phpStudy\WWW\bick\thinkphp\lang\zh-cn.php
[ info ] [ ROUTE ] array (
  'type' => 'module',
  'module' => 
  array (
    0 => 'style',
    1 => 'img',
    2 => 'tg.jpg',
  ),
)
[ info ] [ HEADER ] array (
  'connection' => 'close',
  'referer' => 'http://127.0.0.1/bick/public/index.php/',
  'accept-encoding' => 'gzip, deflate',
  'accept-language' => 'zh-CN,zh;q=0.8,en-US;q=0.5,en;q=0.3',
  'accept' => '*/*',
  'user-agent' => 'Mozilla/5.0 (Windows NT 6.1; WOW64; rv:49.0) Gecko/20100101 Firefox/49.0',
  'host' => '127.0.0.1',
)
[ info ] [ PARAM ] array (
)
[ info ] [ LOG ] INIT File

---------------------------------------------------------------
[ 2016-11-17T15:44:41+08:00 ] 127.0.0.1 127.0.0.1 GET /bick/public/index.php/style/img/hots_bg.png
[ log ] 127.0.0.1/bick/public/index.php/style/img/hots_bg.png [运行时间：0.054003s][吞吐率：18.52req/s] [内存消耗：1,056.88kb] [文件加载：38]
[ info ] [ LANG ] F:\phpStudy\WWW\bick\thinkphp\lang\zh-cn.php
[ info ] [ ROUTE ] array (
  'type' => 'module',
  'module' => 
  array (
    0 => 'style',
    1 => 'img',
    2 => 'hots_bg.png',
  ),
)
[ info ] [ HEADER ] array (
  'connection' => 'close',
  'referer' => 'http://127.0.0.1/bick/public/index.php/',
  'accept-encoding' => 'gzip, deflate',
  'accept-language' => 'zh-CN,zh;q=0.8,en-US;q=0.5,en;q=0.3',
  'accept' => '*/*',
  'user-agent' => 'Mozilla/5.0 (Windows NT 6.1; WOW64; rv:49.0) Gecko/20100101 Firefox/49.0',
  'host' => '127.0.0.1',
)
[ info ] [ PARAM ] array (
)
[ info ] [ LOG ] INIT File

---------------------------------------------------------------
[ 2016-11-17T15:44:45+08:00 ] 127.0.0.1 127.0.0.1 GET /bick/public/index.php/admin/
[ log ] 127.0.0.1/bick/public/index.php/admin/ [运行时间：0.072004s][吞吐率：13.89req/s] [内存消耗：1,260.56kb] [文件加载：44]
[ info ] [ LANG ] F:\phpStudy\WWW\bick\thinkphp\lang\zh-cn.php
[ info ] [ ROUTE ] array (
  'type' => 'module',
  'module' => 
  array (
    0 => 'admin',
    1 => NULL,
    2 => NULL,
  ),
)
[ info ] [ HEADER ] array (
  'upgrade-insecure-requests' => '1',
  'connection' => 'close',
  'accept-encoding' => 'gzip, deflate',
  'accept-language' => 'zh-CN,zh;q=0.8,en-US;q=0.5,en;q=0.3',
  'accept' => 'text/html,application/xhtml+xml,application/xml;q=0.9,*/*;q=0.8',
  'user-agent' => 'Mozilla/5.0 (Windows NT 6.1; WOW64; rv:49.0) Gecko/20100101 Firefox/49.0',
  'host' => '127.0.0.1',
)
[ info ] [ PARAM ] array (
)
[ info ] [ RUN ] app\admin\controller\Index->index[ F:\phpStudy\WWW\bick\application\admin\controller\Index.php ]
[ info ] [ VIEW ] F:\phpStudy\WWW\bick\public/../application/admin\view\index\index.htm [ array (
) ]
[ info ] [ LOG ] INIT File

---------------------------------------------------------------
[ 2016-11-17T15:44:48+08:00 ] 127.0.0.1 127.0.0.1 GET /bick/public/index.php/admin/admin/lst.html
[ log ] 127.0.0.1/bick/public/index.php/admin/admin/lst.html [运行时间：0.174010s][吞吐率：5.75req/s] [内存消耗：2,075.80kb] [文件加载：59]
[ info ] [ LANG ] F:\phpStudy\WWW\bick\thinkphp\lang\zh-cn.php
[ info ] [ ROUTE ] array (
  'type' => 'module',
  'module' => 
  array (
    0 => 'admin',
    1 => 'admin',
    2 => 'lst',
  ),
)
[ info ] [ HEADER ] array (
  'upgrade-insecure-requests' => '1',
  'connection' => 'close',
  'referer' => 'http://127.0.0.1/bick/public/index.php/admin/',
  'accept-encoding' => 'gzip, deflate',
  'accept-language' => 'zh-CN,zh;q=0.8,en-US;q=0.5,en;q=0.3',
  'accept' => 'text/html,application/xhtml+xml,application/xml;q=0.9,*/*;q=0.8',
  'user-agent' => 'Mozilla/5.0 (Windows NT 6.1; WOW64; rv:49.0) Gecko/20100101 Firefox/49.0',
  'host' => '127.0.0.1',
)
[ info ] [ PARAM ] array (
)
[ info ] [ RUN ] app\admin\controller\Admin->lst[ F:\phpStudy\WWW\bick\application\admin\controller\Admin.php ]
[ info ] [ DB ] INIT mysql
[ info ] [ VIEW ] F:\phpStudy\WWW\bick\public/../application/admin\view\admin\lst.htm [ array (
  0 => 'adminres',
) ]
[ info ] [ LOG ] INIT File
[ sql ] [ DB ] CONNECT:[ UseTime:0.005000s ] mysql:dbname=bick;host=127.0.0.1;charset=utf8
[ sql ] [ SQL ] SHOW COLUMNS FROM `bk_admin` [ RunTime:0.025002s ]
[ sql ] [ SQL ] SELECT COUNT(*) AS tp_count FROM `bk_admin` LIMIT 1   [ RunTime:0.001000s ]
[ sql ] [ SQL ] SELECT * FROM `bk_admin` LIMIT 0,5   [ RunTime:0.000000s ]

---------------------------------------------------------------
[ 2016-11-17T15:44:54+08:00 ] 127.0.0.1 127.0.0.1 GET /bick/public/index.php/admin/admin/lst.html?page=2
[ log ] 127.0.0.1/bick/public/index.php/admin/admin/lst.html?page=2 [运行时间：0.063003s][吞吐率：15.87req/s] [内存消耗：2,076.14kb] [文件加载：59]
[ info ] [ LANG ] F:\phpStudy\WWW\bick\thinkphp\lang\zh-cn.php
[ info ] [ ROUTE ] array (
  'type' => 'module',
  'module' => 
  array (
    0 => 'admin',
    1 => 'admin',
    2 => 'lst',
  ),
)
[ info ] [ HEADER ] array (
  'upgrade-insecure-requests' => '1',
  'connection' => 'close',
  'referer' => 'http://127.0.0.1/bick/public/index.php/admin/admin/lst.html',
  'accept-encoding' => 'gzip, deflate',
  'accept-language' => 'zh-CN,zh;q=0.8,en-US;q=0.5,en;q=0.3',
  'accept' => 'text/html,application/xhtml+xml,application/xml;q=0.9,*/*;q=0.8',
  'user-agent' => 'Mozilla/5.0 (Windows NT 6.1; WOW64; rv:49.0) Gecko/20100101 Firefox/49.0',
  'host' => '127.0.0.1',
)
[ info ] [ PARAM ] array (
  'page' => '2',
)
[ info ] [ RUN ] app\admin\controller\Admin->lst[ F:\phpStudy\WWW\bick\application\admin\controller\Admin.php ]
[ info ] [ DB ] INIT mysql
[ info ] [ VIEW ] F:\phpStudy\WWW\bick\public/../application/admin\view\admin\lst.htm [ array (
  0 => 'adminres',
) ]
[ info ] [ LOG ] INIT File
[ sql ] [ DB ] CONNECT:[ UseTime:0.003000s ] mysql:dbname=bick;host=127.0.0.1;charset=utf8
[ sql ] [ SQL ] SHOW COLUMNS FROM `bk_admin` [ RunTime:0.016001s ]
[ sql ] [ SQL ] SELECT COUNT(*) AS tp_count FROM `bk_admin` LIMIT 1   [ RunTime:0.001000s ]
[ sql ] [ SQL ] SELECT * FROM `bk_admin` LIMIT 5,5   [ RunTime:0.000000s ]

---------------------------------------------------------------
[ 2016-11-17T15:44:56+08:00 ] 127.0.0.1 127.0.0.1 GET /bick/public/index.php/admin/admin/lst.html?page=3
[ log ] 127.0.0.1/bick/public/index.php/admin/admin/lst.html?page=3 [运行时间：0.047003s][吞吐率：21.28req/s] [内存消耗：2,076.11kb] [文件加载：59]
[ info ] [ LANG ] F:\phpStudy\WWW\bick\thinkphp\lang\zh-cn.php
[ info ] [ ROUTE ] array (
  'type' => 'module',
  'module' => 
  array (
    0 => 'admin',
    1 => 'admin',
    2 => 'lst',
  ),
)
[ info ] [ HEADER ] array (
  'upgrade-insecure-requests' => '1',
  'connection' => 'close',
  'referer' => 'http://127.0.0.1/bick/public/index.php/admin/admin/lst.html?page=2',
  'accept-encoding' => 'gzip, deflate',
  'accept-language' => 'zh-CN,zh;q=0.8,en-US;q=0.5,en;q=0.3',
  'accept' => 'text/html,application/xhtml+xml,application/xml;q=0.9,*/*;q=0.8',
  'user-agent' => 'Mozilla/5.0 (Windows NT 6.1; WOW64; rv:49.0) Gecko/20100101 Firefox/49.0',
  'host' => '127.0.0.1',
)
[ info ] [ PARAM ] array (
  'page' => '3',
)
[ info ] [ RUN ] app\admin\controller\Admin->lst[ F:\phpStudy\WWW\bick\application\admin\controller\Admin.php ]
[ info ] [ DB ] INIT mysql
[ info ] [ VIEW ] F:\phpStudy\WWW\bick\public/../application/admin\view\admin\lst.htm [ array (
  0 => 'adminres',
) ]
[ info ] [ LOG ] INIT File
[ sql ] [ DB ] CONNECT:[ UseTime:0.001001s ] mysql:dbname=bick;host=127.0.0.1;charset=utf8
[ sql ] [ SQL ] SHOW COLUMNS FROM `bk_admin` [ RunTime:0.015000s ]
[ sql ] [ SQL ] SELECT COUNT(*) AS tp_count FROM `bk_admin` LIMIT 1   [ RunTime:0.000000s ]
[ sql ] [ SQL ] SELECT * FROM `bk_admin` LIMIT 10,5   [ RunTime:0.000000s ]

---------------------------------------------------------------
[ 2016-11-17T15:44:56+08:00 ] 127.0.0.1 127.0.0.1 GET /bick/public/index.php/admin/admin/lst.html?page=4
[ log ] 127.0.0.1/bick/public/index.php/admin/admin/lst.html?page=4 [运行时间：0.046003s][吞吐率：21.74req/s] [内存消耗：2,073.49kb] [文件加载：59]
[ info ] [ LANG ] F:\phpStudy\WWW\bick\thinkphp\lang\zh-cn.php
[ info ] [ ROUTE ] array (
  'type' => 'module',
  'module' => 
  array (
    0 => 'admin',
    1 => 'admin',
    2 => 'lst',
  ),
)
[ info ] [ HEADER ] array (
  'upgrade-insecure-requests' => '1',
  'connection' => 'close',
  'referer' => 'http://127.0.0.1/bick/public/index.php/admin/admin/lst.html?page=3',
  'accept-encoding' => 'gzip, deflate',
  'accept-language' => 'zh-CN,zh;q=0.8,en-US;q=0.5,en;q=0.3',
  'accept' => 'text/html,application/xhtml+xml,application/xml;q=0.9,*/*;q=0.8',
  'user-agent' => 'Mozilla/5.0 (Windows NT 6.1; WOW64; rv:49.0) Gecko/20100101 Firefox/49.0',
  'host' => '127.0.0.1',
)
[ info ] [ PARAM ] array (
  'page' => '4',
)
[ info ] [ RUN ] app\admin\controller\Admin->lst[ F:\phpStudy\WWW\bick\application\admin\controller\Admin.php ]
[ info ] [ DB ] INIT mysql
[ info ] [ VIEW ] F:\phpStudy\WWW\bick\public/../application/admin\view\admin\lst.htm [ array (
  0 => 'adminres',
) ]
[ info ] [ LOG ] INIT File
[ sql ] [ DB ] CONNECT:[ UseTime:0.002001s ] mysql:dbname=bick;host=127.0.0.1;charset=utf8
[ sql ] [ SQL ] SHOW COLUMNS FROM `bk_admin` [ RunTime:0.011000s ]
[ sql ] [ SQL ] SELECT COUNT(*) AS tp_count FROM `bk_admin` LIMIT 1   [ RunTime:0.000000s ]
[ sql ] [ SQL ] SELECT * FROM `bk_admin` LIMIT 15,5   [ RunTime:0.001000s ]

---------------------------------------------------------------
[ 2016-11-17T15:44:58+08:00 ] 127.0.0.1 127.0.0.1 GET /bick/public/index.php/admin/admin/lst.html?page=1
[ log ] 127.0.0.1/bick/public/index.php/admin/admin/lst.html?page=1 [运行时间：0.064004s][吞吐率：15.62req/s] [内存消耗：2,076.19kb] [文件加载：59]
[ info ] [ LANG ] F:\phpStudy\WWW\bick\thinkphp\lang\zh-cn.php
[ info ] [ ROUTE ] array (
  'type' => 'module',
  'module' => 
  array (
    0 => 'admin',
    1 => 'admin',
    2 => 'lst',
  ),
)
[ info ] [ HEADER ] array (
  'upgrade-insecure-requests' => '1',
  'connection' => 'close',
  'referer' => 'http://127.0.0.1/bick/public/index.php/admin/admin/lst.html?page=4',
  'accept-encoding' => 'gzip, deflate',
  'accept-language' => 'zh-CN,zh;q=0.8,en-US;q=0.5,en;q=0.3',
  'accept' => 'text/html,application/xhtml+xml,application/xml;q=0.9,*/*;q=0.8',
  'user-agent' => 'Mozilla/5.0 (Windows NT 6.1; WOW64; rv:49.0) Gecko/20100101 Firefox/49.0',
  'host' => '127.0.0.1',
)
[ info ] [ PARAM ] array (
  'page' => '1',
)
[ info ] [ RUN ] app\admin\controller\Admin->lst[ F:\phpStudy\WWW\bick\application\admin\controller\Admin.php ]
[ info ] [ DB ] INIT mysql
[ info ] [ VIEW ] F:\phpStudy\WWW\bick\public/../application/admin\view\admin\lst.htm [ array (
  0 => 'adminres',
) ]
[ info ] [ LOG ] INIT File
[ sql ] [ DB ] CONNECT:[ UseTime:0.002000s ] mysql:dbname=bick;host=127.0.0.1;charset=utf8
[ sql ] [ SQL ] SHOW COLUMNS FROM `bk_admin` [ RunTime:0.014001s ]
[ sql ] [ SQL ] SELECT COUNT(*) AS tp_count FROM `bk_admin` LIMIT 1   [ RunTime:0.001000s ]
[ sql ] [ SQL ] SELECT * FROM `bk_admin` LIMIT 0,5   [ RunTime:0.000000s ]

---------------------------------------------------------------
[ 2016-11-17T15:45:00+08:00 ] 127.0.0.1 127.0.0.1 GET /bick/public/index.php/admin/admin/add.html
[ log ] 127.0.0.1/bick/public/index.php/admin/admin/add.html [运行时间：0.054003s][吞吐率：18.52req/s] [内存消耗：1,307.24kb] [文件加载：46]
[ info ] [ LANG ] F:\phpStudy\WWW\bick\thinkphp\lang\zh-cn.php
[ info ] [ ROUTE ] array (
  'type' => 'module',
  'module' => 
  array (
    0 => 'admin',
    1 => 'admin',
    2 => 'add',
  ),
)
[ info ] [ HEADER ] array (
  'upgrade-insecure-requests' => '1',
  'connection' => 'close',
  'referer' => 'http://127.0.0.1/bick/public/index.php/admin/admin/lst.html?page=1',
  'accept-encoding' => 'gzip, deflate',
  'accept-language' => 'zh-CN,zh;q=0.8,en-US;q=0.5,en;q=0.3',
  'accept' => 'text/html,application/xhtml+xml,application/xml;q=0.9,*/*;q=0.8',
  'user-agent' => 'Mozilla/5.0 (Windows NT 6.1; WOW64; rv:49.0) Gecko/20100101 Firefox/49.0',
  'host' => '127.0.0.1',
)
[ info ] [ PARAM ] array (
)
[ info ] [ RUN ] app\admin\controller\Admin->add[ F:\phpStudy\WWW\bick\application\admin\controller\Admin.php ]
[ info ] [ VIEW ] F:\phpStudy\WWW\bick\public/../application/admin\view\admin\add.htm [ array (
) ]
[ info ] [ LOG ] INIT File

---------------------------------------------------------------
[ 2016-11-17T15:45:03+08:00 ] 127.0.0.1 127.0.0.1 GET /bick/public/index.php/admin/admin/lst.html
[ log ] 127.0.0.1/bick/public/index.php/admin/admin/lst.html [运行时间：0.043003s][吞吐率：23.25req/s] [内存消耗：2,075.77kb] [文件加载：59]
[ info ] [ LANG ] F:\phpStudy\WWW\bick\thinkphp\lang\zh-cn.php
[ info ] [ ROUTE ] array (
  'type' => 'module',
  'module' => 
  array (
    0 => 'admin',
    1 => 'admin',
    2 => 'lst',
  ),
)
[ info ] [ HEADER ] array (
  'upgrade-insecure-requests' => '1',
  'connection' => 'close',
  'referer' => 'http://127.0.0.1/bick/public/index.php/admin/admin/add.html',
  'accept-encoding' => 'gzip, deflate',
  'accept-language' => 'zh-CN,zh;q=0.8,en-US;q=0.5,en;q=0.3',
  'accept' => 'text/html,application/xhtml+xml,application/xml;q=0.9,*/*;q=0.8',
  'user-agent' => 'Mozilla/5.0 (Windows NT 6.1; WOW64; rv:49.0) Gecko/20100101 Firefox/49.0',
  'host' => '127.0.0.1',
)
[ info ] [ PARAM ] array (
)
[ info ] [ RUN ] app\admin\controller\Admin->lst[ F:\phpStudy\WWW\bick\application\admin\controller\Admin.php ]
[ info ] [ DB ] INIT mysql
[ info ] [ VIEW ] F:\phpStudy\WWW\bick\public/../application/admin\view\admin\lst.htm [ array (
  0 => 'adminres',
) ]
[ info ] [ LOG ] INIT File
[ sql ] [ DB ] CONNECT:[ UseTime:0.001000s ] mysql:dbname=bick;host=127.0.0.1;charset=utf8
[ sql ] [ SQL ] SHOW COLUMNS FROM `bk_admin` [ RunTime:0.012000s ]
[ sql ] [ SQL ] SELECT COUNT(*) AS tp_count FROM `bk_admin` LIMIT 1   [ RunTime:0.001000s ]
[ sql ] [ SQL ] SELECT * FROM `bk_admin` LIMIT 0,5   [ RunTime:0.001000s ]

---------------------------------------------------------------
[ 2016-11-17T15:45:06+08:00 ] 127.0.0.1 127.0.0.1 GET /bick/public/index.php/admin/admin/add.html
[ log ] 127.0.0.1/bick/public/index.php/admin/admin/add.html [运行时间：0.022001s][吞吐率：45.45req/s] [内存消耗：1,307.30kb] [文件加载：46]
[ info ] [ LANG ] F:\phpStudy\WWW\bick\thinkphp\lang\zh-cn.php
[ info ] [ ROUTE ] array (
  'type' => 'module',
  'module' => 
  array (
    0 => 'admin',
    1 => 'admin',
    2 => 'add',
  ),
)
[ info ] [ HEADER ] array (
  'upgrade-insecure-requests' => '1',
  'connection' => 'close',
  'referer' => 'http://127.0.0.1/bick/public/index.php/admin/admin/lst.html',
  'accept-encoding' => 'gzip, deflate',
  'accept-language' => 'zh-CN,zh;q=0.8,en-US;q=0.5,en;q=0.3',
  'accept' => 'text/html,application/xhtml+xml,application/xml;q=0.9,*/*;q=0.8',
  'user-agent' => 'Mozilla/5.0 (Windows NT 6.1; WOW64; rv:49.0) Gecko/20100101 Firefox/49.0',
  'host' => '127.0.0.1',
)
[ info ] [ PARAM ] array (
)
[ info ] [ RUN ] app\admin\controller\Admin->add[ F:\phpStudy\WWW\bick\application\admin\controller\Admin.php ]
[ info ] [ VIEW ] F:\phpStudy\WWW\bick\public/../application/admin\view\admin\add.htm [ array (
) ]
[ info ] [ LOG ] INIT File

---------------------------------------------------------------
[ 2016-11-17T15:45:21+08:00 ] 127.0.0.1 127.0.0.1 GET /bick/public/index.php/admin/admin/lst.html
[ log ] 127.0.0.1/bick/public/index.php/admin/admin/lst.html [运行时间：0.048003s][吞吐率：20.83req/s] [内存消耗：2,075.77kb] [文件加载：59]
[ info ] [ LANG ] F:\phpStudy\WWW\bick\thinkphp\lang\zh-cn.php
[ info ] [ ROUTE ] array (
  'type' => 'module',
  'module' => 
  array (
    0 => 'admin',
    1 => 'admin',
    2 => 'lst',
  ),
)
[ info ] [ HEADER ] array (
  'upgrade-insecure-requests' => '1',
  'connection' => 'close',
  'referer' => 'http://127.0.0.1/bick/public/index.php/admin/admin/add.html',
  'accept-encoding' => 'gzip, deflate',
  'accept-language' => 'zh-CN,zh;q=0.8,en-US;q=0.5,en;q=0.3',
  'accept' => 'text/html,application/xhtml+xml,application/xml;q=0.9,*/*;q=0.8',
  'user-agent' => 'Mozilla/5.0 (Windows NT 6.1; WOW64; rv:49.0) Gecko/20100101 Firefox/49.0',
  'host' => '127.0.0.1',
)
[ info ] [ PARAM ] array (
)
[ info ] [ RUN ] app\admin\controller\Admin->lst[ F:\phpStudy\WWW\bick\application\admin\controller\Admin.php ]
[ info ] [ DB ] INIT mysql
[ info ] [ VIEW ] F:\phpStudy\WWW\bick\public/../application/admin\view\admin\lst.htm [ array (
  0 => 'adminres',
) ]
[ info ] [ LOG ] INIT File
[ sql ] [ DB ] CONNECT:[ UseTime:0.001000s ] mysql:dbname=bick;host=127.0.0.1;charset=utf8
[ sql ] [ SQL ] SHOW COLUMNS FROM `bk_admin` [ RunTime:0.014001s ]
[ sql ] [ SQL ] SELECT COUNT(*) AS tp_count FROM `bk_admin` LIMIT 1   [ RunTime:0.000000s ]
[ sql ] [ SQL ] SELECT * FROM `bk_admin` LIMIT 0,5   [ RunTime:0.000000s ]

---------------------------------------------------------------
[ 2016-11-17T15:45:24+08:00 ] 127.0.0.1 127.0.0.1 GET /bick/public/index.php/admin/admin/lst.html
[ log ] 127.0.0.1/bick/public/index.php/admin/admin/lst.html [运行时间：0.061003s][吞吐率：16.39req/s] [内存消耗：2,075.77kb] [文件加载：59]
[ info ] [ LANG ] F:\phpStudy\WWW\bick\thinkphp\lang\zh-cn.php
[ info ] [ ROUTE ] array (
  'type' => 'module',
  'module' => 
  array (
    0 => 'admin',
    1 => 'admin',
    2 => 'lst',
  ),
)
[ info ] [ HEADER ] array (
  'upgrade-insecure-requests' => '1',
  'connection' => 'close',
  'referer' => 'http://127.0.0.1/bick/public/index.php/admin/admin/lst.html',
  'accept-encoding' => 'gzip, deflate',
  'accept-language' => 'zh-CN,zh;q=0.8,en-US;q=0.5,en;q=0.3',
  'accept' => 'text/html,application/xhtml+xml,application/xml;q=0.9,*/*;q=0.8',
  'user-agent' => 'Mozilla/5.0 (Windows NT 6.1; WOW64; rv:49.0) Gecko/20100101 Firefox/49.0',
  'host' => '127.0.0.1',
)
[ info ] [ PARAM ] array (
)
[ info ] [ RUN ] app\admin\controller\Admin->lst[ F:\phpStudy\WWW\bick\application\admin\controller\Admin.php ]
[ info ] [ DB ] INIT mysql
[ info ] [ VIEW ] F:\phpStudy\WWW\bick\public/../application/admin\view\admin\lst.htm [ array (
  0 => 'adminres',
) ]
[ info ] [ LOG ] INIT File
[ sql ] [ DB ] CONNECT:[ UseTime:0.000000s ] mysql:dbname=bick;host=127.0.0.1;charset=utf8
[ sql ] [ SQL ] SHOW COLUMNS FROM `bk_admin` [ RunTime:0.011001s ]
[ sql ] [ SQL ] SELECT COUNT(*) AS tp_count FROM `bk_admin` LIMIT 1   [ RunTime:0.000000s ]
[ sql ] [ SQL ] SELECT * FROM `bk_admin` LIMIT 0,5   [ RunTime:0.001000s ]

---------------------------------------------------------------
[ 2016-11-17T15:45:31+08:00 ] 127.0.0.1 127.0.0.1 GET /bick/public/index.php/admin/admin/lst.html
[ log ] 127.0.0.1/bick/public/index.php/admin/admin/lst.html [运行时间：0.058004s][吞吐率：17.24req/s] [内存消耗：2,075.77kb] [文件加载：59]
[ info ] [ LANG ] F:\phpStudy\WWW\bick\thinkphp\lang\zh-cn.php
[ info ] [ ROUTE ] array (
  'type' => 'module',
  'module' => 
  array (
    0 => 'admin',
    1 => 'admin',
    2 => 'lst',
  ),
)
[ info ] [ HEADER ] array (
  'upgrade-insecure-requests' => '1',
  'connection' => 'close',
  'referer' => 'http://127.0.0.1/bick/public/index.php/admin/admin/lst.html',
  'accept-encoding' => 'gzip, deflate',
  'accept-language' => 'zh-CN,zh;q=0.8,en-US;q=0.5,en;q=0.3',
  'accept' => 'text/html,application/xhtml+xml,application/xml;q=0.9,*/*;q=0.8',
  'user-agent' => 'Mozilla/5.0 (Windows NT 6.1; WOW64; rv:49.0) Gecko/20100101 Firefox/49.0',
  'host' => '127.0.0.1',
)
[ info ] [ PARAM ] array (
)
[ info ] [ RUN ] app\admin\controller\Admin->lst[ F:\phpStudy\WWW\bick\application\admin\controller\Admin.php ]
[ info ] [ DB ] INIT mysql
[ info ] [ VIEW ] F:\phpStudy\WWW\bick\public/../application/admin\view\admin\lst.htm [ array (
  0 => 'adminres',
) ]
[ info ] [ LOG ] INIT File
[ sql ] [ DB ] CONNECT:[ UseTime:0.003000s ] mysql:dbname=bick;host=127.0.0.1;charset=utf8
[ sql ] [ SQL ] SHOW COLUMNS FROM `bk_admin` [ RunTime:0.012000s ]
[ sql ] [ SQL ] SELECT COUNT(*) AS tp_count FROM `bk_admin` LIMIT 1   [ RunTime:0.001000s ]
[ sql ] [ SQL ] SELECT * FROM `bk_admin` LIMIT 0,5   [ RunTime:0.000000s ]

---------------------------------------------------------------
[ 2016-11-17T15:45:32+08:00 ] 127.0.0.1 127.0.0.1 GET /bick/public/index.php/admin/admin/add.html
[ log ] 127.0.0.1/bick/public/index.php/admin/admin/add.html [运行时间：0.020001s][吞吐率：50.00req/s] [内存消耗：1,307.30kb] [文件加载：46]
[ info ] [ LANG ] F:\phpStudy\WWW\bick\thinkphp\lang\zh-cn.php
[ info ] [ ROUTE ] array (
  'type' => 'module',
  'module' => 
  array (
    0 => 'admin',
    1 => 'admin',
    2 => 'add',
  ),
)
[ info ] [ HEADER ] array (
  'upgrade-insecure-requests' => '1',
  'connection' => 'close',
  'referer' => 'http://127.0.0.1/bick/public/index.php/admin/admin/lst.html',
  'accept-encoding' => 'gzip, deflate',
  'accept-language' => 'zh-CN,zh;q=0.8,en-US;q=0.5,en;q=0.3',
  'accept' => 'text/html,application/xhtml+xml,application/xml;q=0.9,*/*;q=0.8',
  'user-agent' => 'Mozilla/5.0 (Windows NT 6.1; WOW64; rv:49.0) Gecko/20100101 Firefox/49.0',
  'host' => '127.0.0.1',
)
[ info ] [ PARAM ] array (
)
[ info ] [ RUN ] app\admin\controller\Admin->add[ F:\phpStudy\WWW\bick\application\admin\controller\Admin.php ]
[ info ] [ VIEW ] F:\phpStudy\WWW\bick\public/../application/admin\view\admin\add.htm [ array (
) ]
[ info ] [ LOG ] INIT File

---------------------------------------------------------------
[ 2016-11-17T15:45:36+08:00 ] 127.0.0.1 127.0.0.1 GET /bick/public/index.php/admin/admin/lst.html
[ log ] 127.0.0.1/bick/public/index.php/admin/admin/lst.html [运行时间：0.072004s][吞吐率：13.89req/s] [内存消耗：2,075.77kb] [文件加载：59]
[ info ] [ LANG ] F:\phpStudy\WWW\bick\thinkphp\lang\zh-cn.php
[ info ] [ ROUTE ] array (
  'type' => 'module',
  'module' => 
  array (
    0 => 'admin',
    1 => 'admin',
    2 => 'lst',
  ),
)
[ info ] [ HEADER ] array (
  'upgrade-insecure-requests' => '1',
  'connection' => 'close',
  'referer' => 'http://127.0.0.1/bick/public/index.php/admin/admin/add.html',
  'accept-encoding' => 'gzip, deflate',
  'accept-language' => 'zh-CN,zh;q=0.8,en-US;q=0.5,en;q=0.3',
  'accept' => 'text/html,application/xhtml+xml,application/xml;q=0.9,*/*;q=0.8',
  'user-agent' => 'Mozilla/5.0 (Windows NT 6.1; WOW64; rv:49.0) Gecko/20100101 Firefox/49.0',
  'host' => '127.0.0.1',
)
[ info ] [ PARAM ] array (
)
[ info ] [ RUN ] app\admin\controller\Admin->lst[ F:\phpStudy\WWW\bick\application\admin\controller\Admin.php ]
[ info ] [ DB ] INIT mysql
[ info ] [ VIEW ] F:\phpStudy\WWW\bick\public/../application/admin\view\admin\lst.htm [ array (
  0 => 'adminres',
) ]
[ info ] [ LOG ] INIT File
[ sql ] [ DB ] CONNECT:[ UseTime:0.010001s ] mysql:dbname=bick;host=127.0.0.1;charset=utf8
[ sql ] [ SQL ] SHOW COLUMNS FROM `bk_admin` [ RunTime:0.010000s ]
[ sql ] [ SQL ] SELECT COUNT(*) AS tp_count FROM `bk_admin` LIMIT 1   [ RunTime:0.001000s ]
[ sql ] [ SQL ] SELECT * FROM `bk_admin` LIMIT 0,5   [ RunTime:0.001000s ]

---------------------------------------------------------------
[ 2016-11-17T15:45:39+08:00 ] 127.0.0.1 127.0.0.1 GET /bick/public/index.php/admin/admin/lst.html?page=2
[ log ] 127.0.0.1/bick/public/index.php/admin/admin/lst.html?page=2 [运行时间：0.072004s][吞吐率：13.89req/s] [内存消耗：2,075.91kb] [文件加载：59]
[ info ] [ LANG ] F:\phpStudy\WWW\bick\thinkphp\lang\zh-cn.php
[ info ] [ ROUTE ] array (
  'type' => 'module',
  'module' => 
  array (
    0 => 'admin',
    1 => 'admin',
    2 => 'lst',
  ),
)
[ info ] [ HEADER ] array (
  'upgrade-insecure-requests' => '1',
  'connection' => 'close',
  'referer' => 'http://127.0.0.1/bick/public/index.php/admin/admin/lst.html',
  'accept-encoding' => 'gzip, deflate',
  'accept-language' => 'zh-CN,zh;q=0.8,en-US;q=0.5,en;q=0.3',
  'accept' => 'text/html,application/xhtml+xml,application/xml;q=0.9,*/*;q=0.8',
  'user-agent' => 'Mozilla/5.0 (Windows NT 6.1; WOW64; rv:49.0) Gecko/20100101 Firefox/49.0',
  'host' => '127.0.0.1',
)
[ info ] [ PARAM ] array (
  'page' => '2',
)
[ info ] [ RUN ] app\admin\controller\Admin->lst[ F:\phpStudy\WWW\bick\application\admin\controller\Admin.php ]
[ info ] [ DB ] INIT mysql
[ info ] [ VIEW ] F:\phpStudy\WWW\bick\public/../application/admin\view\admin\lst.htm [ array (
  0 => 'adminres',
) ]
[ info ] [ LOG ] INIT File
[ sql ] [ DB ] CONNECT:[ UseTime:0.010001s ] mysql:dbname=bick;host=127.0.0.1;charset=utf8
[ sql ] [ SQL ] SHOW COLUMNS FROM `bk_admin` [ RunTime:0.012001s ]
[ sql ] [ SQL ] SELECT COUNT(*) AS tp_count FROM `bk_admin` LIMIT 1   [ RunTime:0.000000s ]
[ sql ] [ SQL ] SELECT * FROM `bk_admin` LIMIT 5,5   [ RunTime:0.000000s ]

---------------------------------------------------------------
[ 2016-11-17T15:45:40+08:00 ] 127.0.0.1 127.0.0.1 GET /bick/public/index.php/admin/admin/lst.html?page=3
[ log ] 127.0.0.1/bick/public/index.php/admin/admin/lst.html?page=3 [运行时间：0.041003s][吞吐率：24.39req/s] [内存消耗：2,076.11kb] [文件加载：59]
[ info ] [ LANG ] F:\phpStudy\WWW\bick\thinkphp\lang\zh-cn.php
[ info ] [ ROUTE ] array (
  'type' => 'module',
  'module' => 
  array (
    0 => 'admin',
    1 => 'admin',
    2 => 'lst',
  ),
)
[ info ] [ HEADER ] array (
  'upgrade-insecure-requests' => '1',
  'connection' => 'close',
  'referer' => 'http://127.0.0.1/bick/public/index.php/admin/admin/lst.html?page=2',
  'accept-encoding' => 'gzip, deflate',
  'accept-language' => 'zh-CN,zh;q=0.8,en-US;q=0.5,en;q=0.3',
  'accept' => 'text/html,application/xhtml+xml,application/xml;q=0.9,*/*;q=0.8',
  'user-agent' => 'Mozilla/5.0 (Windows NT 6.1; WOW64; rv:49.0) Gecko/20100101 Firefox/49.0',
  'host' => '127.0.0.1',
)
[ info ] [ PARAM ] array (
  'page' => '3',
)
[ info ] [ RUN ] app\admin\controller\Admin->lst[ F:\phpStudy\WWW\bick\application\admin\controller\Admin.php ]
[ info ] [ DB ] INIT mysql
[ info ] [ VIEW ] F:\phpStudy\WWW\bick\public/../application/admin\view\admin\lst.htm [ array (
  0 => 'adminres',
) ]
[ info ] [ LOG ] INIT File
[ sql ] [ DB ] CONNECT:[ UseTime:0.001000s ] mysql:dbname=bick;host=127.0.0.1;charset=utf8
[ sql ] [ SQL ] SHOW COLUMNS FROM `bk_admin` [ RunTime:0.010000s ]
[ sql ] [ SQL ] SELECT COUNT(*) AS tp_count FROM `bk_admin` LIMIT 1   [ RunTime:0.000000s ]
[ sql ] [ SQL ] SELECT * FROM `bk_admin` LIMIT 10,5   [ RunTime:0.001000s ]

---------------------------------------------------------------
[ 2016-11-17T15:45:41+08:00 ] 127.0.0.1 127.0.0.1 GET /bick/public/index.php/admin/admin/lst.html?page=4
[ log ] 127.0.0.1/bick/public/index.php/admin/admin/lst.html?page=4 [运行时间：0.053003s][吞吐率：18.87req/s] [内存消耗：2,073.49kb] [文件加载：59]
[ info ] [ LANG ] F:\phpStudy\WWW\bick\thinkphp\lang\zh-cn.php
[ info ] [ ROUTE ] array (
  'type' => 'module',
  'module' => 
  array (
    0 => 'admin',
    1 => 'admin',
    2 => 'lst',
  ),
)
[ info ] [ HEADER ] array (
  'upgrade-insecure-requests' => '1',
  'connection' => 'close',
  'referer' => 'http://127.0.0.1/bick/public/index.php/admin/admin/lst.html?page=3',
  'accept-encoding' => 'gzip, deflate',
  'accept-language' => 'zh-CN,zh;q=0.8,en-US;q=0.5,en;q=0.3',
  'accept' => 'text/html,application/xhtml+xml,application/xml;q=0.9,*/*;q=0.8',
  'user-agent' => 'Mozilla/5.0 (Windows NT 6.1; WOW64; rv:49.0) Gecko/20100101 Firefox/49.0',
  'host' => '127.0.0.1',
)
[ info ] [ PARAM ] array (
  'page' => '4',
)
[ info ] [ RUN ] app\admin\controller\Admin->lst[ F:\phpStudy\WWW\bick\application\admin\controller\Admin.php ]
[ info ] [ DB ] INIT mysql
[ info ] [ VIEW ] F:\phpStudy\WWW\bick\public/../application/admin\view\admin\lst.htm [ array (
  0 => 'adminres',
) ]
[ info ] [ LOG ] INIT File
[ sql ] [ DB ] CONNECT:[ UseTime:0.010000s ] mysql:dbname=bick;host=127.0.0.1;charset=utf8
[ sql ] [ SQL ] SHOW COLUMNS FROM `bk_admin` [ RunTime:0.009001s ]
[ sql ] [ SQL ] SELECT COUNT(*) AS tp_count FROM `bk_admin` LIMIT 1   [ RunTime:0.000000s ]
[ sql ] [ SQL ] SELECT * FROM `bk_admin` LIMIT 15,5   [ RunTime:0.001000s ]

---------------------------------------------------------------
[ 2016-11-17T15:45:43+08:00 ] 127.0.0.1 127.0.0.1 GET /bick/public/index.php/admin/admin/lst.html?page=1
[ log ] 127.0.0.1/bick/public/index.php/admin/admin/lst.html?page=1 [运行时间：0.045003s][吞吐率：22.22req/s] [内存消耗：2,076.19kb] [文件加载：59]
[ info ] [ LANG ] F:\phpStudy\WWW\bick\thinkphp\lang\zh-cn.php
[ info ] [ ROUTE ] array (
  'type' => 'module',
  'module' => 
  array (
    0 => 'admin',
    1 => 'admin',
    2 => 'lst',
  ),
)
[ info ] [ HEADER ] array (
  'upgrade-insecure-requests' => '1',
  'connection' => 'close',
  'referer' => 'http://127.0.0.1/bick/public/index.php/admin/admin/lst.html?page=4',
  'accept-encoding' => 'gzip, deflate',
  'accept-language' => 'zh-CN,zh;q=0.8,en-US;q=0.5,en;q=0.3',
  'accept' => 'text/html,application/xhtml+xml,application/xml;q=0.9,*/*;q=0.8',
  'user-agent' => 'Mozilla/5.0 (Windows NT 6.1; WOW64; rv:49.0) Gecko/20100101 Firefox/49.0',
  'host' => '127.0.0.1',
)
[ info ] [ PARAM ] array (
  'page' => '1',
)
[ info ] [ RUN ] app\admin\controller\Admin->lst[ F:\phpStudy\WWW\bick\application\admin\controller\Admin.php ]
[ info ] [ DB ] INIT mysql
[ info ] [ VIEW ] F:\phpStudy\WWW\bick\public/../application/admin\view\admin\lst.htm [ array (
  0 => 'adminres',
) ]
[ info ] [ LOG ] INIT File
[ sql ] [ DB ] CONNECT:[ UseTime:0.001000s ] mysql:dbname=bick;host=127.0.0.1;charset=utf8
[ sql ] [ SQL ] SHOW COLUMNS FROM `bk_admin` [ RunTime:0.013000s ]
[ sql ] [ SQL ] SELECT COUNT(*) AS tp_count FROM `bk_admin` LIMIT 1   [ RunTime:0.000000s ]
[ sql ] [ SQL ] SELECT * FROM `bk_admin` LIMIT 0,5   [ RunTime:0.000000s ]

---------------------------------------------------------------
[ 2016-11-17T15:52:37+08:00 ] 127.0.0.1 127.0.0.1 GET /bick/public/index.php/admin/admin/lst.html?page=2
[ log ] 127.0.0.1/bick/public/index.php/admin/admin/lst.html?page=2 [运行时间：0.069004s][吞吐率：14.49req/s] [内存消耗：2,076.17kb] [文件加载：59]
[ info ] [ LANG ] F:\phpStudy\WWW\bick\thinkphp\lang\zh-cn.php
[ info ] [ ROUTE ] array (
  'type' => 'module',
  'module' => 
  array (
    0 => 'admin',
    1 => 'admin',
    2 => 'lst',
  ),
)
[ info ] [ HEADER ] array (
  'upgrade-insecure-requests' => '1',
  'connection' => 'close',
  'referer' => 'http://127.0.0.1/bick/public/index.php/admin/admin/lst.html?page=1',
  'accept-encoding' => 'gzip, deflate',
  'accept-language' => 'zh-CN,zh;q=0.8,en-US;q=0.5,en;q=0.3',
  'accept' => 'text/html,application/xhtml+xml,application/xml;q=0.9,*/*;q=0.8',
  'user-agent' => 'Mozilla/5.0 (Windows NT 6.1; WOW64; rv:49.0) Gecko/20100101 Firefox/49.0',
  'host' => '127.0.0.1',
)
[ info ] [ PARAM ] array (
  'page' => '2',
)
[ info ] [ RUN ] app\admin\controller\Admin->lst[ F:\phpStudy\WWW\bick\application\admin\controller\Admin.php ]
[ info ] [ DB ] INIT mysql
[ info ] [ VIEW ] F:\phpStudy\WWW\bick\public/../application/admin\view\admin\lst.htm [ array (
  0 => 'adminres',
) ]
[ info ] [ LOG ] INIT File
[ sql ] [ DB ] CONNECT:[ UseTime:0.015001s ] mysql:dbname=bick;host=127.0.0.1;charset=utf8
[ sql ] [ SQL ] SHOW COLUMNS FROM `bk_admin` [ RunTime:0.014001s ]
[ sql ] [ SQL ] SELECT COUNT(*) AS tp_count FROM `bk_admin` LIMIT 1   [ RunTime:0.000000s ]
[ sql ] [ SQL ] SELECT * FROM `bk_admin` LIMIT 5,5   [ RunTime:0.001000s ]

---------------------------------------------------------------
[ 2016-11-17T15:52:38+08:00 ] 127.0.0.1 127.0.0.1 GET /bick/public/index.php/admin/admin/lst.html?page=3
[ log ] 127.0.0.1/bick/public/index.php/admin/admin/lst.html?page=3 [运行时间：0.048003s][吞吐率：20.83req/s] [内存消耗：2,076.11kb] [文件加载：59]
[ info ] [ LANG ] F:\phpStudy\WWW\bick\thinkphp\lang\zh-cn.php
[ info ] [ ROUTE ] array (
  'type' => 'module',
  'module' => 
  array (
    0 => 'admin',
    1 => 'admin',
    2 => 'lst',
  ),
)
[ info ] [ HEADER ] array (
  'upgrade-insecure-requests' => '1',
  'connection' => 'close',
  'referer' => 'http://127.0.0.1/bick/public/index.php/admin/admin/lst.html?page=2',
  'accept-encoding' => 'gzip, deflate',
  'accept-language' => 'zh-CN,zh;q=0.8,en-US;q=0.5,en;q=0.3',
  'accept' => 'text/html,application/xhtml+xml,application/xml;q=0.9,*/*;q=0.8',
  'user-agent' => 'Mozilla/5.0 (Windows NT 6.1; WOW64; rv:49.0) Gecko/20100101 Firefox/49.0',
  'host' => '127.0.0.1',
)
[ info ] [ PARAM ] array (
  'page' => '3',
)
[ info ] [ RUN ] app\admin\controller\Admin->lst[ F:\phpStudy\WWW\bick\application\admin\controller\Admin.php ]
[ info ] [ DB ] INIT mysql
[ info ] [ VIEW ] F:\phpStudy\WWW\bick\public/../application/admin\view\admin\lst.htm [ array (
  0 => 'adminres',
) ]
[ info ] [ LOG ] INIT File
[ sql ] [ DB ] CONNECT:[ UseTime:0.001000s ] mysql:dbname=bick;host=127.0.0.1;charset=utf8
[ sql ] [ SQL ] SHOW COLUMNS FROM `bk_admin` [ RunTime:0.013001s ]
[ sql ] [ SQL ] SELECT COUNT(*) AS tp_count FROM `bk_admin` LIMIT 1   [ RunTime:0.000000s ]
[ sql ] [ SQL ] SELECT * FROM `bk_admin` LIMIT 10,5   [ RunTime:0.000000s ]

---------------------------------------------------------------
[ 2016-11-17T15:52:39+08:00 ] 127.0.0.1 127.0.0.1 GET /bick/public/index.php/admin/admin/lst.html?page=4
[ log ] 127.0.0.1/bick/public/index.php/admin/admin/lst.html?page=4 [运行时间：0.063003s][吞吐率：15.87req/s] [内存消耗：2,073.49kb] [文件加载：59]
[ info ] [ LANG ] F:\phpStudy\WWW\bick\thinkphp\lang\zh-cn.php
[ info ] [ ROUTE ] array (
  'type' => 'module',
  'module' => 
  array (
    0 => 'admin',
    1 => 'admin',
    2 => 'lst',
  ),
)
[ info ] [ HEADER ] array (
  'upgrade-insecure-requests' => '1',
  'connection' => 'close',
  'referer' => 'http://127.0.0.1/bick/public/index.php/admin/admin/lst.html?page=3',
  'accept-encoding' => 'gzip, deflate',
  'accept-language' => 'zh-CN,zh;q=0.8,en-US;q=0.5,en;q=0.3',
  'accept' => 'text/html,application/xhtml+xml,application/xml;q=0.9,*/*;q=0.8',
  'user-agent' => 'Mozilla/5.0 (Windows NT 6.1; WOW64; rv:49.0) Gecko/20100101 Firefox/49.0',
  'host' => '127.0.0.1',
)
[ info ] [ PARAM ] array (
  'page' => '4',
)
[ info ] [ RUN ] app\admin\controller\Admin->lst[ F:\phpStudy\WWW\bick\application\admin\controller\Admin.php ]
[ info ] [ DB ] INIT mysql
[ info ] [ VIEW ] F:\phpStudy\WWW\bick\public/../application/admin\view\admin\lst.htm [ array (
  0 => 'adminres',
) ]
[ info ] [ LOG ] INIT File
[ sql ] [ DB ] CONNECT:[ UseTime:0.001000s ] mysql:dbname=bick;host=127.0.0.1;charset=utf8
[ sql ] [ SQL ] SHOW COLUMNS FROM `bk_admin` [ RunTime:0.013001s ]
[ sql ] [ SQL ] SELECT COUNT(*) AS tp_count FROM `bk_admin` LIMIT 1   [ RunTime:0.000000s ]
[ sql ] [ SQL ] SELECT * FROM `bk_admin` LIMIT 15,5   [ RunTime:0.000000s ]

---------------------------------------------------------------
[ 2016-11-17T15:53:30+08:00 ] 127.0.0.1 127.0.0.1 GET /bick/public/index.php/admin/admin/lst.html?page=3
[ log ] 127.0.0.1/bick/public/index.php/admin/admin/lst.html?page=3 [运行时间：0.061003s][吞吐率：16.39req/s] [内存消耗：2,076.11kb] [文件加载：59]
[ info ] [ LANG ] F:\phpStudy\WWW\bick\thinkphp\lang\zh-cn.php
[ info ] [ ROUTE ] array (
  'type' => 'module',
  'module' => 
  array (
    0 => 'admin',
    1 => 'admin',
    2 => 'lst',
  ),
)
[ info ] [ HEADER ] array (
  'upgrade-insecure-requests' => '1',
  'connection' => 'close',
  'referer' => 'http://127.0.0.1/bick/public/index.php/admin/admin/lst.html?page=4',
  'accept-encoding' => 'gzip, deflate',
  'accept-language' => 'zh-CN,zh;q=0.8,en-US;q=0.5,en;q=0.3',
  'accept' => 'text/html,application/xhtml+xml,application/xml;q=0.9,*/*;q=0.8',
  'user-agent' => 'Mozilla/5.0 (Windows NT 6.1; WOW64; rv:49.0) Gecko/20100101 Firefox/49.0',
  'host' => '127.0.0.1',
)
[ info ] [ PARAM ] array (
  'page' => '3',
)
[ info ] [ RUN ] app\admin\controller\Admin->lst[ F:\phpStudy\WWW\bick\application\admin\controller\Admin.php ]
[ info ] [ DB ] INIT mysql
[ info ] [ VIEW ] F:\phpStudy\WWW\bick\public/../application/admin\view\admin\lst.htm [ array (
  0 => 'adminres',
) ]
[ info ] [ LOG ] INIT File
[ sql ] [ DB ] CONNECT:[ UseTime:0.011000s ] mysql:dbname=bick;host=127.0.0.1;charset=utf8
[ sql ] [ SQL ] SHOW COLUMNS FROM `bk_admin` [ RunTime:0.011001s ]
[ sql ] [ SQL ] SELECT COUNT(*) AS tp_count FROM `bk_admin` LIMIT 1   [ RunTime:0.000000s ]
[ sql ] [ SQL ] SELECT * FROM `bk_admin` LIMIT 10,5   [ RunTime:0.001000s ]

---------------------------------------------------------------
[ 2016-11-17T15:53:31+08:00 ] 127.0.0.1 127.0.0.1 GET /bick/public/index.php/admin/admin/lst.html?page=2
[ log ] 127.0.0.1/bick/public/index.php/admin/admin/lst.html?page=2 [运行时间：0.062003s][吞吐率：16.13req/s] [内存消耗：2,076.05kb] [文件加载：59]
[ info ] [ LANG ] F:\phpStudy\WWW\bick\thinkphp\lang\zh-cn.php
[ info ] [ ROUTE ] array (
  'type' => 'module',
  'module' => 
  array (
    0 => 'admin',
    1 => 'admin',
    2 => 'lst',
  ),
)
[ info ] [ HEADER ] array (
  'upgrade-insecure-requests' => '1',
  'connection' => 'close',
  'referer' => 'http://127.0.0.1/bick/public/index.php/admin/admin/lst.html?page=3',
  'accept-encoding' => 'gzip, deflate',
  'accept-language' => 'zh-CN,zh;q=0.8,en-US;q=0.5,en;q=0.3',
  'accept' => 'text/html,application/xhtml+xml,application/xml;q=0.9,*/*;q=0.8',
  'user-agent' => 'Mozilla/5.0 (Windows NT 6.1; WOW64; rv:49.0) Gecko/20100101 Firefox/49.0',
  'host' => '127.0.0.1',
)
[ info ] [ PARAM ] array (
  'page' => '2',
)
[ info ] [ RUN ] app\admin\controller\Admin->lst[ F:\phpStudy\WWW\bick\application\admin\controller\Admin.php ]
[ info ] [ DB ] INIT mysql
[ info ] [ VIEW ] F:\phpStudy\WWW\bick\public/../application/admin\view\admin\lst.htm [ array (
  0 => 'adminres',
) ]
[ info ] [ LOG ] INIT File
[ sql ] [ DB ] CONNECT:[ UseTime:0.011000s ] mysql:dbname=bick;host=127.0.0.1;charset=utf8
[ sql ] [ SQL ] SHOW COLUMNS FROM `bk_admin` [ RunTime:0.014001s ]
[ sql ] [ SQL ] SELECT COUNT(*) AS tp_count FROM `bk_admin` LIMIT 1   [ RunTime:0.001000s ]
[ sql ] [ SQL ] SELECT * FROM `bk_admin` LIMIT 5,5   [ RunTime:0.000000s ]

---------------------------------------------------------------
[ 2016-11-17T15:53:32+08:00 ] 127.0.0.1 127.0.0.1 GET /bick/public/index.php/admin/admin/lst.html?page=1
[ log ] 127.0.0.1/bick/public/index.php/admin/admin/lst.html?page=1 [运行时间：0.075004s][吞吐率：13.33req/s] [内存消耗：2,076.19kb] [文件加载：59]
[ info ] [ LANG ] F:\phpStudy\WWW\bick\thinkphp\lang\zh-cn.php
[ info ] [ ROUTE ] array (
  'type' => 'module',
  'module' => 
  array (
    0 => 'admin',
    1 => 'admin',
    2 => 'lst',
  ),
)
[ info ] [ HEADER ] array (
  'upgrade-insecure-requests' => '1',
  'connection' => 'close',
  'referer' => 'http://127.0.0.1/bick/public/index.php/admin/admin/lst.html?page=2',
  'accept-encoding' => 'gzip, deflate',
  'accept-language' => 'zh-CN,zh;q=0.8,en-US;q=0.5,en;q=0.3',
  'accept' => 'text/html,application/xhtml+xml,application/xml;q=0.9,*/*;q=0.8',
  'user-agent' => 'Mozilla/5.0 (Windows NT 6.1; WOW64; rv:49.0) Gecko/20100101 Firefox/49.0',
  'host' => '127.0.0.1',
)
[ info ] [ PARAM ] array (
  'page' => '1',
)
[ info ] [ RUN ] app\admin\controller\Admin->lst[ F:\phpStudy\WWW\bick\application\admin\controller\Admin.php ]
[ info ] [ DB ] INIT mysql
[ info ] [ VIEW ] F:\phpStudy\WWW\bick\public/../application/admin\view\admin\lst.htm [ array (
  0 => 'adminres',
) ]
[ info ] [ LOG ] INIT File
[ sql ] [ DB ] CONNECT:[ UseTime:0.012001s ] mysql:dbname=bick;host=127.0.0.1;charset=utf8
[ sql ] [ SQL ] SHOW COLUMNS FROM `bk_admin` [ RunTime:0.017001s ]
[ sql ] [ SQL ] SELECT COUNT(*) AS tp_count FROM `bk_admin` LIMIT 1   [ RunTime:0.000000s ]
[ sql ] [ SQL ] SELECT * FROM `bk_admin` LIMIT 0,5   [ RunTime:0.000000s ]

---------------------------------------------------------------
[ 2016-11-17T15:53:38+08:00 ] 127.0.0.1 127.0.0.1 GET /bick/public/index.php/admin/admin/lst.html?page=2
[ log ] 127.0.0.1/bick/public/index.php/admin/admin/lst.html?page=2 [运行时间：0.061004s][吞吐率：16.39req/s] [内存消耗：2,076.05kb] [文件加载：59]
[ info ] [ LANG ] F:\phpStudy\WWW\bick\thinkphp\lang\zh-cn.php
[ info ] [ ROUTE ] array (
  'type' => 'module',
  'module' => 
  array (
    0 => 'admin',
    1 => 'admin',
    2 => 'lst',
  ),
)
[ info ] [ HEADER ] array (
  'upgrade-insecure-requests' => '1',
  'connection' => 'close',
  'referer' => 'http://127.0.0.1/bick/public/index.php/admin/admin/lst.html?page=1',
  'accept-encoding' => 'gzip, deflate',
  'accept-language' => 'zh-CN,zh;q=0.8,en-US;q=0.5,en;q=0.3',
  'accept' => 'text/html,application/xhtml+xml,application/xml;q=0.9,*/*;q=0.8',
  'user-agent' => 'Mozilla/5.0 (Windows NT 6.1; WOW64; rv:49.0) Gecko/20100101 Firefox/49.0',
  'host' => '127.0.0.1',
)
[ info ] [ PARAM ] array (
  'page' => '2',
)
[ info ] [ RUN ] app\admin\controller\Admin->lst[ F:\phpStudy\WWW\bick\application\admin\controller\Admin.php ]
[ info ] [ DB ] INIT mysql
[ info ] [ VIEW ] F:\phpStudy\WWW\bick\public/../application/admin\view\admin\lst.htm [ array (
  0 => 'adminres',
) ]
[ info ] [ LOG ] INIT File
[ sql ] [ DB ] CONNECT:[ UseTime:0.011001s ] mysql:dbname=bick;host=127.0.0.1;charset=utf8
[ sql ] [ SQL ] SHOW COLUMNS FROM `bk_admin` [ RunTime:0.011000s ]
[ sql ] [ SQL ] SELECT COUNT(*) AS tp_count FROM `bk_admin` LIMIT 1   [ RunTime:0.001001s ]
[ sql ] [ SQL ] SELECT * FROM `bk_admin` LIMIT 5,5   [ RunTime:0.000000s ]

---------------------------------------------------------------
[ 2016-11-17T15:53:39+08:00 ] 127.0.0.1 127.0.0.1 GET /bick/public/index.php/admin/admin/lst.html?page=3
[ log ] 127.0.0.1/bick/public/index.php/admin/admin/lst.html?page=3 [运行时间：0.058003s][吞吐率：17.24req/s] [内存消耗：2,076.11kb] [文件加载：59]
[ info ] [ LANG ] F:\phpStudy\WWW\bick\thinkphp\lang\zh-cn.php
[ info ] [ ROUTE ] array (
  'type' => 'module',
  'module' => 
  array (
    0 => 'admin',
    1 => 'admin',
    2 => 'lst',
  ),
)
[ info ] [ HEADER ] array (
  'upgrade-insecure-requests' => '1',
  'connection' => 'close',
  'referer' => 'http://127.0.0.1/bick/public/index.php/admin/admin/lst.html?page=2',
  'accept-encoding' => 'gzip, deflate',
  'accept-language' => 'zh-CN,zh;q=0.8,en-US;q=0.5,en;q=0.3',
  'accept' => 'text/html,application/xhtml+xml,application/xml;q=0.9,*/*;q=0.8',
  'user-agent' => 'Mozilla/5.0 (Windows NT 6.1; WOW64; rv:49.0) Gecko/20100101 Firefox/49.0',
  'host' => '127.0.0.1',
)
[ info ] [ PARAM ] array (
  'page' => '3',
)
[ info ] [ RUN ] app\admin\controller\Admin->lst[ F:\phpStudy\WWW\bick\application\admin\controller\Admin.php ]
[ info ] [ DB ] INIT mysql
[ info ] [ VIEW ] F:\phpStudy\WWW\bick\public/../application/admin\view\admin\lst.htm [ array (
  0 => 'adminres',
) ]
[ info ] [ LOG ] INIT File
[ sql ] [ DB ] CONNECT:[ UseTime:0.011000s ] mysql:dbname=bick;host=127.0.0.1;charset=utf8
[ sql ] [ SQL ] SHOW COLUMNS FROM `bk_admin` [ RunTime:0.012000s ]
[ sql ] [ SQL ] SELECT COUNT(*) AS tp_count FROM `bk_admin` LIMIT 1   [ RunTime:0.000000s ]
[ sql ] [ SQL ] SELECT * FROM `bk_admin` LIMIT 10,5   [ RunTime:0.001000s ]

---------------------------------------------------------------
[ 2016-11-17T15:53:39+08:00 ] 127.0.0.1 127.0.0.1 GET /bick/public/index.php/admin/admin/lst.html?page=4
[ log ] 127.0.0.1/bick/public/index.php/admin/admin/lst.html?page=4 [运行时间：0.061004s][吞吐率：16.39req/s] [内存消耗：2,073.49kb] [文件加载：59]
[ info ] [ LANG ] F:\phpStudy\WWW\bick\thinkphp\lang\zh-cn.php
[ info ] [ ROUTE ] array (
  'type' => 'module',
  'module' => 
  array (
    0 => 'admin',
    1 => 'admin',
    2 => 'lst',
  ),
)
[ info ] [ HEADER ] array (
  'upgrade-insecure-requests' => '1',
  'connection' => 'close',
  'referer' => 'http://127.0.0.1/bick/public/index.php/admin/admin/lst.html?page=3',
  'accept-encoding' => 'gzip, deflate',
  'accept-language' => 'zh-CN,zh;q=0.8,en-US;q=0.5,en;q=0.3',
  'accept' => 'text/html,application/xhtml+xml,application/xml;q=0.9,*/*;q=0.8',
  'user-agent' => 'Mozilla/5.0 (Windows NT 6.1; WOW64; rv:49.0) Gecko/20100101 Firefox/49.0',
  'host' => '127.0.0.1',
)
[ info ] [ PARAM ] array (
  'page' => '4',
)
[ info ] [ RUN ] app\admin\controller\Admin->lst[ F:\phpStudy\WWW\bick\application\admin\controller\Admin.php ]
[ info ] [ DB ] INIT mysql
[ info ] [ VIEW ] F:\phpStudy\WWW\bick\public/../application/admin\view\admin\lst.htm [ array (
  0 => 'adminres',
) ]
[ info ] [ LOG ] INIT File
[ sql ] [ DB ] CONNECT:[ UseTime:0.010000s ] mysql:dbname=bick;host=127.0.0.1;charset=utf8
[ sql ] [ SQL ] SHOW COLUMNS FROM `bk_admin` [ RunTime:0.017001s ]
[ sql ] [ SQL ] SELECT COUNT(*) AS tp_count FROM `bk_admin` LIMIT 1   [ RunTime:0.000000s ]
[ sql ] [ SQL ] SELECT * FROM `bk_admin` LIMIT 15,5   [ RunTime:0.001000s ]

---------------------------------------------------------------
[ 2016-11-17T15:53:43+08:00 ] 127.0.0.1 127.0.0.1 GET /bick/public/index.php/admin/admin/lst.html?page=1
[ log ] 127.0.0.1/bick/public/index.php/admin/admin/lst.html?page=1 [运行时间：0.055003s][吞吐率：18.18req/s] [内存消耗：2,076.19kb] [文件加载：59]
[ info ] [ LANG ] F:\phpStudy\WWW\bick\thinkphp\lang\zh-cn.php
[ info ] [ ROUTE ] array (
  'type' => 'module',
  'module' => 
  array (
    0 => 'admin',
    1 => 'admin',
    2 => 'lst',
  ),
)
[ info ] [ HEADER ] array (
  'upgrade-insecure-requests' => '1',
  'connection' => 'close',
  'referer' => 'http://127.0.0.1/bick/public/index.php/admin/admin/lst.html?page=4',
  'accept-encoding' => 'gzip, deflate',
  'accept-language' => 'zh-CN,zh;q=0.8,en-US;q=0.5,en;q=0.3',
  'accept' => 'text/html,application/xhtml+xml,application/xml;q=0.9,*/*;q=0.8',
  'user-agent' => 'Mozilla/5.0 (Windows NT 6.1; WOW64; rv:49.0) Gecko/20100101 Firefox/49.0',
  'host' => '127.0.0.1',
)
[ info ] [ PARAM ] array (
  'page' => '1',
)
[ info ] [ RUN ] app\admin\controller\Admin->lst[ F:\phpStudy\WWW\bick\application\admin\controller\Admin.php ]
[ info ] [ DB ] INIT mysql
[ info ] [ VIEW ] F:\phpStudy\WWW\bick\public/../application/admin\view\admin\lst.htm [ array (
  0 => 'adminres',
) ]
[ info ] [ LOG ] INIT File
[ sql ] [ DB ] CONNECT:[ UseTime:0.000000s ] mysql:dbname=bick;host=127.0.0.1;charset=utf8
[ sql ] [ SQL ] SHOW COLUMNS FROM `bk_admin` [ RunTime:0.014001s ]
[ sql ] [ SQL ] SELECT COUNT(*) AS tp_count FROM `bk_admin` LIMIT 1   [ RunTime:0.001000s ]
[ sql ] [ SQL ] SELECT * FROM `bk_admin` LIMIT 0,5   [ RunTime:0.001000s ]

---------------------------------------------------------------
[ 2016-11-17T15:53:46+08:00 ] 127.0.0.1 127.0.0.1 GET /bick/public/index.php/admin/admin/edit/id/1.html
[ log ] 127.0.0.1/bick/public/index.php/admin/admin/edit/id/1.html [运行时间：0.105006s][吞吐率：9.52req/s] [内存消耗：1,811.28kb] [文件加载：53]
[ info ] [ LANG ] F:\phpStudy\WWW\bick\thinkphp\lang\zh-cn.php
[ info ] [ ROUTE ] array (
  'type' => 'module',
  'module' => 
  array (
    0 => 'admin',
    1 => 'admin',
    2 => 'edit',
  ),
)
[ info ] [ HEADER ] array (
  'upgrade-insecure-requests' => '1',
  'connection' => 'close',
  'referer' => 'http://127.0.0.1/bick/public/index.php/admin/admin/lst.html?page=1',
  'accept-encoding' => 'gzip, deflate',
  'accept-language' => 'zh-CN,zh;q=0.8,en-US;q=0.5,en;q=0.3',
  'accept' => 'text/html,application/xhtml+xml,application/xml;q=0.9,*/*;q=0.8',
  'user-agent' => 'Mozilla/5.0 (Windows NT 6.1; WOW64; rv:49.0) Gecko/20100101 Firefox/49.0',
  'host' => '127.0.0.1',
)
[ info ] [ PARAM ] array (
  'id' => '1',
)
[ info ] [ RUN ] app\admin\controller\Admin->edit[ F:\phpStudy\WWW\bick\application\admin\controller\Admin.php ]
[ info ] [ DB ] INIT mysql
[ info ] [ VIEW ] F:\phpStudy\WWW\bick\public/../application/admin\view\admin\edit.htm [ array (
  0 => 'admin',
) ]
[ info ] [ LOG ] INIT File
[ sql ] [ DB ] CONNECT:[ UseTime:0.005000s ] mysql:dbname=bick;host=127.0.0.1;charset=utf8
[ sql ] [ SQL ] SHOW COLUMNS FROM `bk_admin` [ RunTime:0.009001s ]
[ sql ] [ SQL ] SELECT * FROM `bk_admin` WHERE  `id` = 1 LIMIT 1    [ RunTime:0.000000s ]

---------------------------------------------------------------
[ 2016-11-17T15:53:48+08:00 ] 127.0.0.1 127.0.0.1 GET /bick/public/index.php/admin/admin/lst.html
[ log ] 127.0.0.1/bick/public/index.php/admin/admin/lst.html [运行时间：0.059003s][吞吐率：16.95req/s] [内存消耗：2,075.76kb] [文件加载：59]
[ info ] [ LANG ] F:\phpStudy\WWW\bick\thinkphp\lang\zh-cn.php
[ info ] [ ROUTE ] array (
  'type' => 'module',
  'module' => 
  array (
    0 => 'admin',
    1 => 'admin',
    2 => 'lst',
  ),
)
[ info ] [ HEADER ] array (
  'upgrade-insecure-requests' => '1',
  'connection' => 'close',
  'referer' => 'http://127.0.0.1/bick/public/index.php/admin/admin/edit/id/1.html',
  'accept-encoding' => 'gzip, deflate',
  'accept-language' => 'zh-CN,zh;q=0.8,en-US;q=0.5,en;q=0.3',
  'accept' => 'text/html,application/xhtml+xml,application/xml;q=0.9,*/*;q=0.8',
  'user-agent' => 'Mozilla/5.0 (Windows NT 6.1; WOW64; rv:49.0) Gecko/20100101 Firefox/49.0',
  'host' => '127.0.0.1',
)
[ info ] [ PARAM ] array (
)
[ info ] [ RUN ] app\admin\controller\Admin->lst[ F:\phpStudy\WWW\bick\application\admin\controller\Admin.php ]
[ info ] [ DB ] INIT mysql
[ info ] [ VIEW ] F:\phpStudy\WWW\bick\public/../application/admin\view\admin\lst.htm [ array (
  0 => 'adminres',
) ]
[ info ] [ LOG ] INIT File
[ sql ] [ DB ] CONNECT:[ UseTime:0.011000s ] mysql:dbname=bick;host=127.0.0.1;charset=utf8
[ sql ] [ SQL ] SHOW COLUMNS FROM `bk_admin` [ RunTime:0.013001s ]
[ sql ] [ SQL ] SELECT COUNT(*) AS tp_count FROM `bk_admin` LIMIT 1   [ RunTime:0.001000s ]
[ sql ] [ SQL ] SELECT * FROM `bk_admin` LIMIT 0,5   [ RunTime:0.000000s ]

---------------------------------------------------------------
