[ 2016-11-24T13:53:57+08:00 ] 127.0.0.1 127.0.0.1 GET /bick/public/index.php/admin
[ log ] 127.0.0.1/bick/public/index.php/admin [运行时间：1.746100s][吞吐率：0.57req/s] [内存消耗：1,262.97kb] [文件加载：44]
[ info ] [ LANG ] F:\phpStudy\WWW\bick\thinkphp\lang\zh-cn.php
[ info ] [ ROUTE ] array (
  'type' => 'module',
  'module' => 
  array (
    0 => 'admin',
    1 => NULL,
    2 => NULL,
  ),
)
[ info ] [ HEADER ] array (
  'upgrade-insecure-requests' => '1',
  'connection' => 'close',
  'cookie' => 'Hm_lvt_d7e112eaeea65921aeaadcc0af8f2853=1479379831,1479566738,1479645572,1479721473; DedeUserID=1; DedeUserID__ckMd5=5c72a711245a7d2d; DedeLoginTime=1479954655; DedeLoginTime__ckMd5=e354002d0cf40ffa; PHPSESSID=rvsovhtedqelbqthatsddgqhi2; ENV_GOBACK_URL=%2Fdede%2Fco_url.php%3Fsmall%3D1%26nid%3D3',
  'accept-encoding' => 'gzip, deflate',
  'accept-language' => 'zh-CN,zh;q=0.8,en-US;q=0.5,en;q=0.3',
  'accept' => 'text/html,application/xhtml+xml,application/xml;q=0.9,*/*;q=0.8',
  'user-agent' => 'Mozilla/5.0 (Windows NT 6.1; WOW64; rv:49.0) Gecko/20100101 Firefox/49.0',
  'host' => '127.0.0.1',
)
[ info ] [ PARAM ] array (
)
[ info ] [ RUN ] app\admin\controller\Index->index[ F:\phpStudy\WWW\bick\application\admin\controller\Index.php ]
[ info ] [ VIEW ] F:\phpStudy\WWW\bick\public/../application/admin\view\index\index.htm [ array (
) ]
[ info ] [ SESSION ] INIT array (
  'id' => '',
  'var_session_id' => '',
  'prefix' => 'think',
  'type' => '',
  'auto_start' => true,
)
[ info ] [ LOG ] INIT File

---------------------------------------------------------------
[ 2016-11-24T13:54:04+08:00 ] 127.0.0.1 127.0.0.1 GET /bick/public/index.php/admin/admin/lst.html
[ log ] 127.0.0.1/bick/public/index.php/admin/admin/lst.html [运行时间：0.430025s][吞吐率：2.33req/s] [内存消耗：1,311.68kb] [文件加载：47]
[ info ] [ LANG ] F:\phpStudy\WWW\bick\thinkphp\lang\zh-cn.php
[ info ] [ ROUTE ] array (
  'type' => 'module',
  'module' => 
  array (
    0 => 'admin',
    1 => 'admin',
    2 => 'lst',
  ),
)
[ info ] [ HEADER ] array (
  'upgrade-insecure-requests' => '1',
  'connection' => 'close',
  'cookie' => 'Hm_lvt_d7e112eaeea65921aeaadcc0af8f2853=1479379831,1479566738,1479645572,1479721473; DedeUserID=1; DedeUserID__ckMd5=5c72a711245a7d2d; DedeLoginTime=1479954655; DedeLoginTime__ckMd5=e354002d0cf40ffa; PHPSESSID=rvsovhtedqelbqthatsddgqhi2; ENV_GOBACK_URL=%2Fdede%2Fco_url.php%3Fsmall%3D1%26nid%3D3',
  'referer' => 'http://127.0.0.1/bick/public/index.php/admin',
  'accept-encoding' => 'gzip, deflate',
  'accept-language' => 'zh-CN,zh;q=0.8,en-US;q=0.5,en;q=0.3',
  'accept' => 'text/html,application/xhtml+xml,application/xml;q=0.9,*/*;q=0.8',
  'user-agent' => 'Mozilla/5.0 (Windows NT 6.1; WOW64; rv:49.0) Gecko/20100101 Firefox/49.0',
  'host' => '127.0.0.1',
)
[ info ] [ PARAM ] array (
)
[ info ] [ SESSION ] INIT array (
  'id' => '',
  'var_session_id' => '',
  'prefix' => 'think',
  'type' => '',
  'auto_start' => true,
)
[ info ] [ VIEW ] F:\phpStudy\WWW\bick\thinkphp\tpl\dispatch_jump.tpl [ array (
  0 => 'code',
  1 => 'msg',
  2 => 'data',
  3 => 'url',
  4 => 'wait',
) ]
[ info ] [ LOG ] INIT File

---------------------------------------------------------------
[ 2016-11-24T13:54:07+08:00 ] 127.0.0.1 127.0.0.1 GET /bick/public/index.php/admin/login/index.html
[ log ] 127.0.0.1/bick/public/index.php/admin/login/index.html [运行时间：0.063003s][吞吐率：15.87req/s] [内存消耗：1,259.55kb] [文件加载：45]
[ info ] [ LANG ] F:\phpStudy\WWW\bick\thinkphp\lang\zh-cn.php
[ info ] [ ROUTE ] array (
  'type' => 'module',
  'module' => 
  array (
    0 => 'admin',
    1 => 'login',
    2 => 'index',
  ),
)
[ info ] [ HEADER ] array (
  'upgrade-insecure-requests' => '1',
  'connection' => 'close',
  'cookie' => 'Hm_lvt_d7e112eaeea65921aeaadcc0af8f2853=1479379831,1479566738,1479645572,1479721473; DedeUserID=1; DedeUserID__ckMd5=5c72a711245a7d2d; DedeLoginTime=1479954655; DedeLoginTime__ckMd5=e354002d0cf40ffa; PHPSESSID=rvsovhtedqelbqthatsddgqhi2; ENV_GOBACK_URL=%2Fdede%2Fco_url.php%3Fsmall%3D1%26nid%3D3',
  'referer' => 'http://127.0.0.1/bick/public/index.php/admin/admin/lst.html',
  'accept-encoding' => 'gzip, deflate',
  'accept-language' => 'zh-CN,zh;q=0.8,en-US;q=0.5,en;q=0.3',
  'accept' => 'text/html,application/xhtml+xml,application/xml;q=0.9,*/*;q=0.8',
  'user-agent' => 'Mozilla/5.0 (Windows NT 6.1; WOW64; rv:49.0) Gecko/20100101 Firefox/49.0',
  'host' => '127.0.0.1',
)
[ info ] [ PARAM ] array (
)
[ info ] [ RUN ] app\admin\controller\Login->index[ F:\phpStudy\WWW\bick\application\admin\controller\Login.php ]
[ info ] [ VIEW ] F:\phpStudy\WWW\bick\public/../application/admin\view\login\index.htm [ array (
) ]
[ info ] [ LOG ] INIT File

---------------------------------------------------------------
[ 2016-11-24T13:54:12+08:00 ] 127.0.0.1 127.0.0.1 GET /bick/public/index.php/admin/
[ log ] 127.0.0.1/bick/public/index.php/admin/ [运行时间：0.034001s][吞吐率：29.41req/s] [内存消耗：1,262.98kb] [文件加载：44]
[ info ] [ LANG ] F:\phpStudy\WWW\bick\thinkphp\lang\zh-cn.php
[ info ] [ ROUTE ] array (
  'type' => 'module',
  'module' => 
  array (
    0 => 'admin',
    1 => NULL,
    2 => NULL,
  ),
)
[ info ] [ HEADER ] array (
  'upgrade-insecure-requests' => '1',
  'connection' => 'close',
  'cookie' => 'Hm_lvt_d7e112eaeea65921aeaadcc0af8f2853=1479379831,1479566738,1479645572,1479721473; DedeUserID=1; DedeUserID__ckMd5=5c72a711245a7d2d; DedeLoginTime=1479954655; DedeLoginTime__ckMd5=e354002d0cf40ffa; PHPSESSID=rvsovhtedqelbqthatsddgqhi2; ENV_GOBACK_URL=%2Fdede%2Fco_url.php%3Fsmall%3D1%26nid%3D3',
  'accept-encoding' => 'gzip, deflate',
  'accept-language' => 'zh-CN,zh;q=0.8,en-US;q=0.5,en;q=0.3',
  'accept' => 'text/html,application/xhtml+xml,application/xml;q=0.9,*/*;q=0.8',
  'user-agent' => 'Mozilla/5.0 (Windows NT 6.1; WOW64; rv:49.0) Gecko/20100101 Firefox/49.0',
  'host' => '127.0.0.1',
)
[ info ] [ PARAM ] array (
)
[ info ] [ RUN ] app\admin\controller\Index->index[ F:\phpStudy\WWW\bick\application\admin\controller\Index.php ]
[ info ] [ VIEW ] F:\phpStudy\WWW\bick\public/../application/admin\view\index\index.htm [ array (
) ]
[ info ] [ SESSION ] INIT array (
  'id' => '',
  'var_session_id' => '',
  'prefix' => 'think',
  'type' => '',
  'auto_start' => true,
)
[ info ] [ LOG ] INIT File

---------------------------------------------------------------
[ 2016-11-24T14:07:59+08:00 ] 127.0.0.1 127.0.0.1 GET /bick/public/index.php/admin/admin/lst.html
[ log ] 127.0.0.1/bick/public/index.php/admin/admin/lst.html [运行时间：0.045003s][吞吐率：22.22req/s] [内存消耗：1,311.68kb] [文件加载：47]
[ info ] [ LANG ] F:\phpStudy\WWW\bick\thinkphp\lang\zh-cn.php
[ info ] [ ROUTE ] array (
  'type' => 'module',
  'module' => 
  array (
    0 => 'admin',
    1 => 'admin',
    2 => 'lst',
  ),
)
[ info ] [ HEADER ] array (
  'upgrade-insecure-requests' => '1',
  'connection' => 'close',
  'cookie' => 'Hm_lvt_d7e112eaeea65921aeaadcc0af8f2853=1479379831,1479566738,1479645572,1479721473; DedeUserID=1; DedeUserID__ckMd5=5c72a711245a7d2d; DedeLoginTime=1479954655; DedeLoginTime__ckMd5=e354002d0cf40ffa; PHPSESSID=rvsovhtedqelbqthatsddgqhi2; ENV_GOBACK_URL=%2Fdede%2Fco_url.php%3Fsmall%3D1%26nid%3D3',
  'referer' => 'http://127.0.0.1/bick/public/index.php/admin/',
  'accept-encoding' => 'gzip, deflate',
  'accept-language' => 'zh-CN,zh;q=0.8,en-US;q=0.5,en;q=0.3',
  'accept' => 'text/html,application/xhtml+xml,application/xml;q=0.9,*/*;q=0.8',
  'user-agent' => 'Mozilla/5.0 (Windows NT 6.1; WOW64; rv:49.0) Gecko/20100101 Firefox/49.0',
  'host' => '127.0.0.1',
)
[ info ] [ PARAM ] array (
)
[ info ] [ SESSION ] INIT array (
  'id' => '',
  'var_session_id' => '',
  'prefix' => 'think',
  'type' => '',
  'auto_start' => true,
)
[ info ] [ VIEW ] F:\phpStudy\WWW\bick\thinkphp\tpl\dispatch_jump.tpl [ array (
  0 => 'code',
  1 => 'msg',
  2 => 'data',
  3 => 'url',
  4 => 'wait',
) ]
[ info ] [ LOG ] INIT File

---------------------------------------------------------------
[ 2016-11-24T14:08:02+08:00 ] 127.0.0.1 127.0.0.1 GET /bick/public/index.php/admin/login/index.html
[ log ] 127.0.0.1/bick/public/index.php/admin/login/index.html [运行时间：0.026002s][吞吐率：38.46req/s] [内存消耗：1,259.55kb] [文件加载：45]
[ info ] [ LANG ] F:\phpStudy\WWW\bick\thinkphp\lang\zh-cn.php
[ info ] [ ROUTE ] array (
  'type' => 'module',
  'module' => 
  array (
    0 => 'admin',
    1 => 'login',
    2 => 'index',
  ),
)
[ info ] [ HEADER ] array (
  'upgrade-insecure-requests' => '1',
  'connection' => 'close',
  'cookie' => 'Hm_lvt_d7e112eaeea65921aeaadcc0af8f2853=1479379831,1479566738,1479645572,1479721473; DedeUserID=1; DedeUserID__ckMd5=5c72a711245a7d2d; DedeLoginTime=1479954655; DedeLoginTime__ckMd5=e354002d0cf40ffa; PHPSESSID=rvsovhtedqelbqthatsddgqhi2; ENV_GOBACK_URL=%2Fdede%2Fco_url.php%3Fsmall%3D1%26nid%3D3',
  'referer' => 'http://127.0.0.1/bick/public/index.php/admin/admin/lst.html',
  'accept-encoding' => 'gzip, deflate',
  'accept-language' => 'zh-CN,zh;q=0.8,en-US;q=0.5,en;q=0.3',
  'accept' => 'text/html,application/xhtml+xml,application/xml;q=0.9,*/*;q=0.8',
  'user-agent' => 'Mozilla/5.0 (Windows NT 6.1; WOW64; rv:49.0) Gecko/20100101 Firefox/49.0',
  'host' => '127.0.0.1',
)
[ info ] [ PARAM ] array (
)
[ info ] [ RUN ] app\admin\controller\Login->index[ F:\phpStudy\WWW\bick\application\admin\controller\Login.php ]
[ info ] [ VIEW ] F:\phpStudy\WWW\bick\public/../application/admin\view\login\index.htm [ array (
) ]
[ info ] [ LOG ] INIT File

---------------------------------------------------------------
[ 2016-11-24T14:09:39+08:00 ] 127.0.0.1 127.0.0.1 GET /bick/public/index.php/admin
[ log ] 127.0.0.1/bick/public/index.php/admin [运行时间：0.026001s][吞吐率：38.46req/s] [内存消耗：1,262.98kb] [文件加载：44]
[ info ] [ LANG ] F:\phpStudy\WWW\bick\thinkphp\lang\zh-cn.php
[ info ] [ ROUTE ] array (
  'type' => 'module',
  'module' => 
  array (
    0 => 'admin',
    1 => NULL,
    2 => NULL,
  ),
)
[ info ] [ HEADER ] array (
  'upgrade-insecure-requests' => '1',
  'connection' => 'close',
  'cookie' => 'Hm_lvt_d7e112eaeea65921aeaadcc0af8f2853=1479379831,1479566738,1479645572,1479721473; DedeUserID=1; DedeUserID__ckMd5=5c72a711245a7d2d; DedeLoginTime=1479954655; DedeLoginTime__ckMd5=e354002d0cf40ffa; PHPSESSID=rvsovhtedqelbqthatsddgqhi2; ENV_GOBACK_URL=%2Fdede%2Fco_url.php%3Fsmall%3D1%26nid%3D3',
  'accept-encoding' => 'gzip, deflate',
  'accept-language' => 'zh-CN,zh;q=0.8,en-US;q=0.5,en;q=0.3',
  'accept' => 'text/html,application/xhtml+xml,application/xml;q=0.9,*/*;q=0.8',
  'user-agent' => 'Mozilla/5.0 (Windows NT 6.1; WOW64; rv:49.0) Gecko/20100101 Firefox/49.0',
  'host' => '127.0.0.1',
)
[ info ] [ PARAM ] array (
)
[ info ] [ RUN ] app\admin\controller\Index->index[ F:\phpStudy\WWW\bick\application\admin\controller\Index.php ]
[ info ] [ VIEW ] F:\phpStudy\WWW\bick\public/../application/admin\view\index\index.htm [ array (
) ]
[ info ] [ SESSION ] INIT array (
  'id' => '',
  'var_session_id' => '',
  'prefix' => 'think',
  'type' => '',
  'auto_start' => true,
)
[ info ] [ LOG ] INIT File

---------------------------------------------------------------
[ 2016-11-24T14:09:46+08:00 ] 127.0.0.1 127.0.0.1 GET /bick/public/index.php/admin/admin/lst.html
[ log ] 127.0.0.1/bick/public/index.php/admin/admin/lst.html [运行时间：0.047003s][吞吐率：21.28req/s] [内存消耗：1,311.66kb] [文件加载：47]
[ info ] [ LANG ] F:\phpStudy\WWW\bick\thinkphp\lang\zh-cn.php
[ info ] [ ROUTE ] array (
  'type' => 'module',
  'module' => 
  array (
    0 => 'admin',
    1 => 'admin',
    2 => 'lst',
  ),
)
[ info ] [ HEADER ] array (
  'upgrade-insecure-requests' => '1',
  'connection' => 'close',
  'cookie' => 'Hm_lvt_d7e112eaeea65921aeaadcc0af8f2853=1479379831,1479566738,1479645572,1479721473; DedeUserID=1; DedeUserID__ckMd5=5c72a711245a7d2d; DedeLoginTime=1479954655; DedeLoginTime__ckMd5=e354002d0cf40ffa; PHPSESSID=rvsovhtedqelbqthatsddgqhi2; ENV_GOBACK_URL=%2Fdede%2Fco_url.php%3Fsmall%3D1%26nid%3D3',
  'referer' => 'http://127.0.0.1/bick/public/index.php/admin',
  'accept-encoding' => 'gzip, deflate',
  'accept-language' => 'zh-CN,zh;q=0.8,en-US;q=0.5,en;q=0.3',
  'accept' => 'text/html,application/xhtml+xml,application/xml;q=0.9,*/*;q=0.8',
  'user-agent' => 'Mozilla/5.0 (Windows NT 6.1; WOW64; rv:49.0) Gecko/20100101 Firefox/49.0',
  'host' => '127.0.0.1',
)
[ info ] [ PARAM ] array (
)
[ info ] [ SESSION ] INIT array (
  'id' => '',
  'var_session_id' => '',
  'prefix' => 'think',
  'type' => '',
  'auto_start' => true,
)
[ info ] [ VIEW ] F:\phpStudy\WWW\bick\thinkphp\tpl\dispatch_jump.tpl [ array (
  0 => 'code',
  1 => 'msg',
  2 => 'data',
  3 => 'url',
  4 => 'wait',
) ]
[ info ] [ LOG ] INIT File

---------------------------------------------------------------
[ 2016-11-24T14:09:49+08:00 ] 127.0.0.1 127.0.0.1 GET /bick/public/index.php/admin/login/index.html
[ log ] 127.0.0.1/bick/public/index.php/admin/login/index.html [运行时间：0.022001s][吞吐率：45.45req/s] [内存消耗：1,259.55kb] [文件加载：45]
[ info ] [ LANG ] F:\phpStudy\WWW\bick\thinkphp\lang\zh-cn.php
[ info ] [ ROUTE ] array (
  'type' => 'module',
  'module' => 
  array (
    0 => 'admin',
    1 => 'login',
    2 => 'index',
  ),
)
[ info ] [ HEADER ] array (
  'upgrade-insecure-requests' => '1',
  'connection' => 'close',
  'cookie' => 'Hm_lvt_d7e112eaeea65921aeaadcc0af8f2853=1479379831,1479566738,1479645572,1479721473; DedeUserID=1; DedeUserID__ckMd5=5c72a711245a7d2d; DedeLoginTime=1479954655; DedeLoginTime__ckMd5=e354002d0cf40ffa; PHPSESSID=rvsovhtedqelbqthatsddgqhi2; ENV_GOBACK_URL=%2Fdede%2Fco_url.php%3Fsmall%3D1%26nid%3D3',
  'referer' => 'http://127.0.0.1/bick/public/index.php/admin/admin/lst.html',
  'accept-encoding' => 'gzip, deflate',
  'accept-language' => 'zh-CN,zh;q=0.8,en-US;q=0.5,en;q=0.3',
  'accept' => 'text/html,application/xhtml+xml,application/xml;q=0.9,*/*;q=0.8',
  'user-agent' => 'Mozilla/5.0 (Windows NT 6.1; WOW64; rv:49.0) Gecko/20100101 Firefox/49.0',
  'host' => '127.0.0.1',
)
[ info ] [ PARAM ] array (
)
[ info ] [ RUN ] app\admin\controller\Login->index[ F:\phpStudy\WWW\bick\application\admin\controller\Login.php ]
[ info ] [ VIEW ] F:\phpStudy\WWW\bick\public/../application/admin\view\login\index.htm [ array (
) ]
[ info ] [ LOG ] INIT File

---------------------------------------------------------------
[ 2016-11-24T14:10:27+08:00 ] 127.0.0.1 127.0.0.1 GET /bick/public/index.php/admin
[ log ] 127.0.0.1/bick/public/index.php/admin [运行时间：0.026001s][吞吐率：38.46req/s] [内存消耗：1,303.08kb] [文件加载：47]
[ info ] [ LANG ] F:\phpStudy\WWW\bick\thinkphp\lang\zh-cn.php
[ info ] [ ROUTE ] array (
  'type' => 'module',
  'module' => 
  array (
    0 => 'admin',
    1 => NULL,
    2 => NULL,
  ),
)
[ info ] [ HEADER ] array (
  'upgrade-insecure-requests' => '1',
  'connection' => 'close',
  'cookie' => 'Hm_lvt_d7e112eaeea65921aeaadcc0af8f2853=1479379831,1479566738,1479645572,1479721473; DedeUserID=1; DedeUserID__ckMd5=5c72a711245a7d2d; DedeLoginTime=1479954655; DedeLoginTime__ckMd5=e354002d0cf40ffa; PHPSESSID=rvsovhtedqelbqthatsddgqhi2; ENV_GOBACK_URL=%2Fdede%2Fco_url.php%3Fsmall%3D1%26nid%3D3',
  'accept-encoding' => 'gzip, deflate',
  'accept-language' => 'zh-CN,zh;q=0.8,en-US;q=0.5,en;q=0.3',
  'accept' => 'text/html,application/xhtml+xml,application/xml;q=0.9,*/*;q=0.8',
  'user-agent' => 'Mozilla/5.0 (Windows NT 6.1; WOW64; rv:49.0) Gecko/20100101 Firefox/49.0',
  'host' => '127.0.0.1',
)
[ info ] [ PARAM ] array (
)
[ info ] [ SESSION ] INIT array (
  'id' => '',
  'var_session_id' => '',
  'prefix' => 'think',
  'type' => '',
  'auto_start' => true,
)
[ info ] [ VIEW ] F:\phpStudy\WWW\bick\thinkphp\tpl\dispatch_jump.tpl [ array (
  0 => 'code',
  1 => 'msg',
  2 => 'data',
  3 => 'url',
  4 => 'wait',
) ]
[ info ] [ LOG ] INIT File

---------------------------------------------------------------
[ 2016-11-24T14:10:30+08:00 ] 127.0.0.1 127.0.0.1 GET /bick/public/index.php/admin/login/index.html
[ log ] 127.0.0.1/bick/public/index.php/admin/login/index.html [运行时间：0.037002s][吞吐率：27.03req/s] [内存消耗：1,259.52kb] [文件加载：45]
[ info ] [ LANG ] F:\phpStudy\WWW\bick\thinkphp\lang\zh-cn.php
[ info ] [ ROUTE ] array (
  'type' => 'module',
  'module' => 
  array (
    0 => 'admin',
    1 => 'login',
    2 => 'index',
  ),
)
[ info ] [ HEADER ] array (
  'upgrade-insecure-requests' => '1',
  'connection' => 'close',
  'cookie' => 'Hm_lvt_d7e112eaeea65921aeaadcc0af8f2853=1479379831,1479566738,1479645572,1479721473; DedeUserID=1; DedeUserID__ckMd5=5c72a711245a7d2d; DedeLoginTime=1479954655; DedeLoginTime__ckMd5=e354002d0cf40ffa; PHPSESSID=rvsovhtedqelbqthatsddgqhi2; ENV_GOBACK_URL=%2Fdede%2Fco_url.php%3Fsmall%3D1%26nid%3D3',
  'referer' => 'http://127.0.0.1/bick/public/index.php/admin',
  'accept-encoding' => 'gzip, deflate',
  'accept-language' => 'zh-CN,zh;q=0.8,en-US;q=0.5,en;q=0.3',
  'accept' => 'text/html,application/xhtml+xml,application/xml;q=0.9,*/*;q=0.8',
  'user-agent' => 'Mozilla/5.0 (Windows NT 6.1; WOW64; rv:49.0) Gecko/20100101 Firefox/49.0',
  'host' => '127.0.0.1',
)
[ info ] [ PARAM ] array (
)
[ info ] [ RUN ] app\admin\controller\Login->index[ F:\phpStudy\WWW\bick\application\admin\controller\Login.php ]
[ info ] [ VIEW ] F:\phpStudy\WWW\bick\public/../application/admin\view\login\index.htm [ array (
) ]
[ info ] [ LOG ] INIT File

---------------------------------------------------------------
[ 2016-11-24T14:10:43+08:00 ] 127.0.0.1 127.0.0.1 POST /bick/public/index.php/admin/login/index.html
[ log ] 127.0.0.1/bick/public/index.php/admin/login/index.html [运行时间：0.097005s][吞吐率：10.31req/s] [内存消耗：1,976.45kb] [文件加载：55]
[ info ] [ LANG ] F:\phpStudy\WWW\bick\thinkphp\lang\zh-cn.php
[ info ] [ ROUTE ] array (
  'type' => 'module',
  'module' => 
  array (
    0 => 'admin',
    1 => 'login',
    2 => 'index',
  ),
)
[ info ] [ HEADER ] array (
  'content-length' => '26',
  'content-type' => 'application/x-www-form-urlencoded',
  'upgrade-insecure-requests' => '1',
  'connection' => 'close',
  'cookie' => 'Hm_lvt_d7e112eaeea65921aeaadcc0af8f2853=1479379831,1479566738,1479645572,1479721473; DedeUserID=1; DedeUserID__ckMd5=5c72a711245a7d2d; DedeLoginTime=1479954655; DedeLoginTime__ckMd5=e354002d0cf40ffa; PHPSESSID=rvsovhtedqelbqthatsddgqhi2; ENV_GOBACK_URL=%2Fdede%2Fco_url.php%3Fsmall%3D1%26nid%3D3',
  'referer' => 'http://127.0.0.1/bick/public/index.php/admin/login/index.html',
  'accept-encoding' => 'gzip, deflate',
  'accept-language' => 'zh-CN,zh;q=0.8,en-US;q=0.5,en;q=0.3',
  'accept' => 'text/html,application/xhtml+xml,application/xml;q=0.9,*/*;q=0.8',
  'user-agent' => 'Mozilla/5.0 (Windows NT 6.1; WOW64; rv:49.0) Gecko/20100101 Firefox/49.0',
  'host' => '127.0.0.1',
)
[ info ] [ PARAM ] array (
  'name' => 'admin',
  'password' => '123456',
)
[ info ] [ RUN ] app\admin\controller\Login->index[ F:\phpStudy\WWW\bick\application\admin\controller\Login.php ]
[ info ] [ DB ] INIT mysql
[ info ] [ SESSION ] INIT array (
  'id' => '',
  'var_session_id' => '',
  'prefix' => 'think',
  'type' => '',
  'auto_start' => true,
)
[ info ] [ VIEW ] F:\phpStudy\WWW\bick\thinkphp\tpl\dispatch_jump.tpl [ array (
  0 => 'code',
  1 => 'msg',
  2 => 'data',
  3 => 'url',
  4 => 'wait',
) ]
[ info ] [ LOG ] INIT File
[ sql ] [ DB ] CONNECT:[ UseTime:0.001000s ] mysql:dbname=bick;host=127.0.0.1;charset=utf8
[ sql ] [ SQL ] SHOW COLUMNS FROM `bk_admin` [ RunTime:0.026002s ]
[ sql ] [ SQL ] SELECT * FROM `bk_admin` WHERE  `name` = 'admin' LIMIT 1    [ RunTime:0.000000s ]

---------------------------------------------------------------
[ 2016-11-24T14:10:47+08:00 ] 127.0.0.1 127.0.0.1 GET /bick/public/index.php/admin/index/index.html
[ log ] 127.0.0.1/bick/public/index.php/admin/index/index.html [运行时间：0.039002s][吞吐率：25.64req/s] [内存消耗：1,307.88kb] [文件加载：47]
[ info ] [ LANG ] F:\phpStudy\WWW\bick\thinkphp\lang\zh-cn.php
[ info ] [ ROUTE ] array (
  'type' => 'module',
  'module' => 
  array (
    0 => 'admin',
    1 => 'index',
    2 => 'index',
  ),
)
[ info ] [ HEADER ] array (
  'upgrade-insecure-requests' => '1',
  'connection' => 'close',
  'cookie' => 'Hm_lvt_d7e112eaeea65921aeaadcc0af8f2853=1479379831,1479566738,1479645572,1479721473; DedeUserID=1; DedeUserID__ckMd5=5c72a711245a7d2d; DedeLoginTime=1479954655; DedeLoginTime__ckMd5=e354002d0cf40ffa; PHPSESSID=rvsovhtedqelbqthatsddgqhi2; ENV_GOBACK_URL=%2Fdede%2Fco_url.php%3Fsmall%3D1%26nid%3D3',
  'referer' => 'http://127.0.0.1/bick/public/index.php/admin/login/index.html',
  'accept-encoding' => 'gzip, deflate',
  'accept-language' => 'zh-CN,zh;q=0.8,en-US;q=0.5,en;q=0.3',
  'accept' => 'text/html,application/xhtml+xml,application/xml;q=0.9,*/*;q=0.8',
  'user-agent' => 'Mozilla/5.0 (Windows NT 6.1; WOW64; rv:49.0) Gecko/20100101 Firefox/49.0',
  'host' => '127.0.0.1',
)
[ info ] [ PARAM ] array (
)
[ info ] [ SESSION ] INIT array (
  'id' => '',
  'var_session_id' => '',
  'prefix' => 'think',
  'type' => '',
  'auto_start' => true,
)
[ info ] [ RUN ] app\admin\controller\Index->index[ F:\phpStudy\WWW\bick\application\admin\controller\Index.php ]
[ info ] [ VIEW ] F:\phpStudy\WWW\bick\public/../application/admin\view\index\index.htm [ array (
) ]
[ info ] [ LOG ] INIT File

---------------------------------------------------------------
[ 2016-11-24T14:11:28+08:00 ] 127.0.0.1 127.0.0.1 GET /bick/public/index.php/admin/index/index.html
[ log ] 127.0.0.1/bick/public/index.php/admin/index/index.html [运行时间：0.062004s][吞吐率：16.13req/s] [内存消耗：1,431.52kb] [文件加载：49]
[ info ] [ LANG ] F:\phpStudy\WWW\bick\thinkphp\lang\zh-cn.php
[ info ] [ ROUTE ] array (
  'type' => 'module',
  'module' => 
  array (
    0 => 'admin',
    1 => 'index',
    2 => 'index',
  ),
)
[ info ] [ HEADER ] array (
  'cache-control' => 'max-age=0',
  'upgrade-insecure-requests' => '1',
  'connection' => 'close',
  'cookie' => 'Hm_lvt_d7e112eaeea65921aeaadcc0af8f2853=1479379831,1479566738,1479645572,1479721473; DedeUserID=1; DedeUserID__ckMd5=5c72a711245a7d2d; DedeLoginTime=1479954655; DedeLoginTime__ckMd5=e354002d0cf40ffa; PHPSESSID=rvsovhtedqelbqthatsddgqhi2; ENV_GOBACK_URL=%2Fdede%2Fco_url.php%3Fsmall%3D1%26nid%3D3',
  'referer' => 'http://127.0.0.1/bick/public/index.php/admin/login/index.html',
  'accept-encoding' => 'gzip, deflate',
  'accept-language' => 'zh-CN,zh;q=0.8,en-US;q=0.5,en;q=0.3',
  'accept' => 'text/html,application/xhtml+xml,application/xml;q=0.9,*/*;q=0.8',
  'user-agent' => 'Mozilla/5.0 (Windows NT 6.1; WOW64; rv:49.0) Gecko/20100101 Firefox/49.0',
  'host' => '127.0.0.1',
)
[ info ] [ PARAM ] array (
)
[ info ] [ SESSION ] INIT array (
  'id' => '',
  'var_session_id' => '',
  'prefix' => 'think',
  'type' => '',
  'auto_start' => true,
)
[ info ] [ RUN ] app\admin\controller\Index->index[ F:\phpStudy\WWW\bick\application\admin\controller\Index.php ]
[ info ] [ VIEW ] F:\phpStudy\WWW\bick\public/../application/admin\view\index\index.htm [ array (
) ]
[ info ] [ LOG ] INIT File

---------------------------------------------------------------
[ 2016-11-24T14:12:11+08:00 ] 127.0.0.1 127.0.0.1 GET /bick/public/index.php/admin/index/index.html
[ log ] 127.0.0.1/bick/public/index.php/admin/index/index.html [运行时间：0.046002s][吞吐率：21.74req/s] [内存消耗：1,431.51kb] [文件加载：49]
[ info ] [ LANG ] F:\phpStudy\WWW\bick\thinkphp\lang\zh-cn.php
[ info ] [ ROUTE ] array (
  'type' => 'module',
  'module' => 
  array (
    0 => 'admin',
    1 => 'index',
    2 => 'index',
  ),
)
[ info ] [ HEADER ] array (
  'cache-control' => 'max-age=0',
  'upgrade-insecure-requests' => '1',
  'connection' => 'close',
  'cookie' => 'Hm_lvt_d7e112eaeea65921aeaadcc0af8f2853=1479379831,1479566738,1479645572,1479721473; DedeUserID=1; DedeUserID__ckMd5=5c72a711245a7d2d; DedeLoginTime=1479954655; DedeLoginTime__ckMd5=e354002d0cf40ffa; PHPSESSID=rvsovhtedqelbqthatsddgqhi2; ENV_GOBACK_URL=%2Fdede%2Fco_url.php%3Fsmall%3D1%26nid%3D3',
  'referer' => 'http://127.0.0.1/bick/public/index.php/admin/login/index.html',
  'accept-encoding' => 'gzip, deflate',
  'accept-language' => 'zh-CN,zh;q=0.8,en-US;q=0.5,en;q=0.3',
  'accept' => 'text/html,application/xhtml+xml,application/xml;q=0.9,*/*;q=0.8',
  'user-agent' => 'Mozilla/5.0 (Windows NT 6.1; WOW64; rv:49.0) Gecko/20100101 Firefox/49.0',
  'host' => '127.0.0.1',
)
[ info ] [ PARAM ] array (
)
[ info ] [ SESSION ] INIT array (
  'id' => '',
  'var_session_id' => '',
  'prefix' => 'think',
  'type' => '',
  'auto_start' => true,
)
[ info ] [ RUN ] app\admin\controller\Index->index[ F:\phpStudy\WWW\bick\application\admin\controller\Index.php ]
[ info ] [ VIEW ] F:\phpStudy\WWW\bick\public/../application/admin\view\index\index.htm [ array (
) ]
[ info ] [ LOG ] INIT File

---------------------------------------------------------------
[ 2016-11-24T14:18:02+08:00 ] 127.0.0.1 127.0.0.1 GET /bick/public/index.php/admin/index/index.html
[ log ] 127.0.0.1/bick/public/index.php/admin/index/index.html [运行时间：0.031002s][吞吐率：32.26req/s] [内存消耗：1,431.59kb] [文件加载：49]
[ info ] [ LANG ] F:\phpStudy\WWW\bick\thinkphp\lang\zh-cn.php
[ info ] [ ROUTE ] array (
  'type' => 'module',
  'module' => 
  array (
    0 => 'admin',
    1 => 'index',
    2 => 'index',
  ),
)
[ info ] [ HEADER ] array (
  'cache-control' => 'max-age=0',
  'upgrade-insecure-requests' => '1',
  'connection' => 'close',
  'cookie' => 'Hm_lvt_d7e112eaeea65921aeaadcc0af8f2853=1479379831,1479566738,1479645572,1479721473; DedeUserID=1; DedeUserID__ckMd5=5c72a711245a7d2d; DedeLoginTime=1479954655; DedeLoginTime__ckMd5=e354002d0cf40ffa; PHPSESSID=rvsovhtedqelbqthatsddgqhi2; ENV_GOBACK_URL=%2Fdede%2Fco_url.php%3Fsmall%3D1%26nid%3D3',
  'referer' => 'http://127.0.0.1/bick/public/index.php/admin/login/index.html',
  'accept-encoding' => 'gzip, deflate',
  'accept-language' => 'zh-CN,zh;q=0.8,en-US;q=0.5,en;q=0.3',
  'accept' => 'text/html,application/xhtml+xml,application/xml;q=0.9,*/*;q=0.8',
  'user-agent' => 'Mozilla/5.0 (Windows NT 6.1; WOW64; rv:49.0) Gecko/20100101 Firefox/49.0',
  'host' => '127.0.0.1',
)
[ info ] [ PARAM ] array (
)
[ info ] [ SESSION ] INIT array (
  'id' => '',
  'var_session_id' => '',
  'prefix' => 'think',
  'type' => '',
  'auto_start' => true,
)
[ info ] [ RUN ] app\admin\controller\Index->index[ F:\phpStudy\WWW\bick\application\admin\controller\Index.php ]
[ info ] [ VIEW ] F:\phpStudy\WWW\bick\public/../application/admin\view\index\index.htm [ array (
) ]
[ info ] [ LOG ] INIT File

---------------------------------------------------------------
[ 2016-11-24T14:18:06+08:00 ] 127.0.0.1 127.0.0.1 GET /bick/public/index.php/admin/cate/lst.html
[ log ] 127.0.0.1/bick/public/index.php/admin/cate/lst.html [运行时间：0.063004s][吞吐率：15.87req/s] [内存消耗：1,985.74kb] [文件加载：59]
[ info ] [ LANG ] F:\phpStudy\WWW\bick\thinkphp\lang\zh-cn.php
[ info ] [ ROUTE ] array (
  'type' => 'module',
  'module' => 
  array (
    0 => 'admin',
    1 => 'cate',
    2 => 'lst',
  ),
)
[ info ] [ HEADER ] array (
  'upgrade-insecure-requests' => '1',
  'connection' => 'close',
  'cookie' => 'Hm_lvt_d7e112eaeea65921aeaadcc0af8f2853=1479379831,1479566738,1479645572,1479721473; DedeUserID=1; DedeUserID__ckMd5=5c72a711245a7d2d; DedeLoginTime=1479954655; DedeLoginTime__ckMd5=e354002d0cf40ffa; PHPSESSID=rvsovhtedqelbqthatsddgqhi2; ENV_GOBACK_URL=%2Fdede%2Fco_url.php%3Fsmall%3D1%26nid%3D3',
  'referer' => 'http://127.0.0.1/bick/public/index.php/admin/index/index.html',
  'accept-encoding' => 'gzip, deflate',
  'accept-language' => 'zh-CN,zh;q=0.8,en-US;q=0.5,en;q=0.3',
  'accept' => 'text/html,application/xhtml+xml,application/xml;q=0.9,*/*;q=0.8',
  'user-agent' => 'Mozilla/5.0 (Windows NT 6.1; WOW64; rv:49.0) Gecko/20100101 Firefox/49.0',
  'host' => '127.0.0.1',
)
[ info ] [ PARAM ] array (
)
[ info ] [ SESSION ] INIT array (
  'id' => '',
  'var_session_id' => '',
  'prefix' => 'think',
  'type' => '',
  'auto_start' => true,
)
[ info ] [ RUN ] app\admin\controller\cate->lst[ F:\phpStudy\WWW\bick\application\admin\controller\Cate.php ]
[ info ] [ DB ] INIT mysql
[ info ] [ VIEW ] F:\phpStudy\WWW\bick\public/../application/admin\view\cate\lst.htm [ array (
) ]
[ info ] [ LOG ] INIT File
[ error ] [8]未定义变量: adminres[F:\phpStudy\WWW\bick\runtime\temp\76fb9db325faac5e07aad2d325a16e8b.php:204]

---------------------------------------------------------------
[ 2016-11-24T14:19:34+08:00 ] 127.0.0.1 127.0.0.1 GET /bick/public/index.php/admin/cate/lst.html
[ log ] 127.0.0.1/bick/public/index.php/admin/cate/lst.html [运行时间：0.092005s][吞吐率：10.87req/s] [内存消耗：2,033.95kb] [文件加载：60]
[ info ] [ LANG ] F:\phpStudy\WWW\bick\thinkphp\lang\zh-cn.php
[ info ] [ ROUTE ] array (
  'type' => 'module',
  'module' => 
  array (
    0 => 'admin',
    1 => 'cate',
    2 => 'lst',
  ),
)
[ info ] [ HEADER ] array (
  'cache-control' => 'max-age=0',
  'upgrade-insecure-requests' => '1',
  'connection' => 'close',
  'cookie' => 'Hm_lvt_d7e112eaeea65921aeaadcc0af8f2853=1479379831,1479566738,1479645572,1479721473; DedeUserID=1; DedeUserID__ckMd5=5c72a711245a7d2d; DedeLoginTime=1479954655; DedeLoginTime__ckMd5=e354002d0cf40ffa; PHPSESSID=rvsovhtedqelbqthatsddgqhi2; ENV_GOBACK_URL=%2Fdede%2Fco_url.php%3Fsmall%3D1%26nid%3D3',
  'referer' => 'http://127.0.0.1/bick/public/index.php/admin/index/index.html',
  'accept-encoding' => 'gzip, deflate',
  'accept-language' => 'zh-CN,zh;q=0.8,en-US;q=0.5,en;q=0.3',
  'accept' => 'text/html,application/xhtml+xml,application/xml;q=0.9,*/*;q=0.8',
  'user-agent' => 'Mozilla/5.0 (Windows NT 6.1; WOW64; rv:49.0) Gecko/20100101 Firefox/49.0',
  'host' => '127.0.0.1',
)
[ info ] [ PARAM ] array (
)
[ info ] [ SESSION ] INIT array (
  'id' => '',
  'var_session_id' => '',
  'prefix' => 'think',
  'type' => '',
  'auto_start' => true,
)
[ info ] [ RUN ] app\admin\controller\cate->lst[ F:\phpStudy\WWW\bick\application\admin\controller\Cate.php ]
[ info ] [ DB ] INIT mysql
[ info ] [ DB ] INIT mysql
[ info ] [ VIEW ] F:\phpStudy\WWW\bick\public/../application/admin\view\cate\lst.htm [ array (
  0 => 'adminres',
) ]
[ info ] [ LOG ] INIT File
[ sql ] [ DB ] CONNECT:[ UseTime:0.013001s ] mysql:dbname=bick;host=127.0.0.1;charset=utf8
[ sql ] [ SQL ] SHOW COLUMNS FROM `bk_admin` [ RunTime:0.031001s ]
[ sql ] [ SQL ] SELECT * FROM `bk_admin`  [ RunTime:0.001001s ]
[ error ] [1]Call to a member function render() on a non-object[F:\phpStudy\WWW\bick\runtime\temp\76fb9db325faac5e07aad2d325a16e8b.php:222]

---------------------------------------------------------------
[ 2016-11-24T14:20:46+08:00 ] 127.0.0.1 127.0.0.1 GET /bick/public/index.php/admin/cate/lst.html
[ log ] 127.0.0.1/bick/public/index.php/admin/cate/lst.html [运行时间：0.057004s][吞吐率：17.54req/s] [内存消耗：2,033.95kb] [文件加载：60]
[ info ] [ LANG ] F:\phpStudy\WWW\bick\thinkphp\lang\zh-cn.php
[ info ] [ ROUTE ] array (
  'type' => 'module',
  'module' => 
  array (
    0 => 'admin',
    1 => 'cate',
    2 => 'lst',
  ),
)
[ info ] [ HEADER ] array (
  'cache-control' => 'max-age=0',
  'upgrade-insecure-requests' => '1',
  'connection' => 'close',
  'cookie' => 'Hm_lvt_d7e112eaeea65921aeaadcc0af8f2853=1479379831,1479566738,1479645572,1479721473; DedeUserID=1; DedeUserID__ckMd5=5c72a711245a7d2d; DedeLoginTime=1479954655; DedeLoginTime__ckMd5=e354002d0cf40ffa; PHPSESSID=rvsovhtedqelbqthatsddgqhi2; ENV_GOBACK_URL=%2Fdede%2Fco_url.php%3Fsmall%3D1%26nid%3D3',
  'referer' => 'http://127.0.0.1/bick/public/index.php/admin/index/index.html',
  'accept-encoding' => 'gzip, deflate',
  'accept-language' => 'zh-CN,zh;q=0.8,en-US;q=0.5,en;q=0.3',
  'accept' => 'text/html,application/xhtml+xml,application/xml;q=0.9,*/*;q=0.8',
  'user-agent' => 'Mozilla/5.0 (Windows NT 6.1; WOW64; rv:49.0) Gecko/20100101 Firefox/49.0',
  'host' => '127.0.0.1',
)
[ info ] [ PARAM ] array (
)
[ info ] [ SESSION ] INIT array (
  'id' => '',
  'var_session_id' => '',
  'prefix' => 'think',
  'type' => '',
  'auto_start' => true,
)
[ info ] [ RUN ] app\admin\controller\cate->lst[ F:\phpStudy\WWW\bick\application\admin\controller\Cate.php ]
[ info ] [ DB ] INIT mysql
[ info ] [ DB ] INIT mysql
[ info ] [ VIEW ] F:\phpStudy\WWW\bick\public/../application/admin\view\cate\lst.htm [ array (
  0 => 'adminres',
) ]
[ info ] [ LOG ] INIT File
[ sql ] [ DB ] CONNECT:[ UseTime:0.001000s ] mysql:dbname=bick;host=127.0.0.1;charset=utf8
[ sql ] [ SQL ] SHOW COLUMNS FROM `bk_admin` [ RunTime:0.005000s ]
[ sql ] [ SQL ] SELECT * FROM `bk_admin`  [ RunTime:0.001000s ]
[ error ] [1]Call to a member function render() on a non-object[F:\phpStudy\WWW\bick\runtime\temp\76fb9db325faac5e07aad2d325a16e8b.php:222]

---------------------------------------------------------------
[ 2016-11-24T14:20:54+08:00 ] 127.0.0.1 127.0.0.1 GET /bick/public/index.php/admin/cate/lst.html
[ log ] 127.0.0.1/bick/public/index.php/admin/cate/lst.html [运行时间：0.075005s][吞吐率：13.33req/s] [内存消耗：2,148.81kb] [文件加载：58]
[ info ] [ LANG ] F:\phpStudy\WWW\bick\thinkphp\lang\zh-cn.php
[ info ] [ ROUTE ] array (
  'type' => 'module',
  'module' => 
  array (
    0 => 'admin',
    1 => 'cate',
    2 => 'lst',
  ),
)
[ info ] [ HEADER ] array (
  'cache-control' => 'max-age=0',
  'upgrade-insecure-requests' => '1',
  'connection' => 'close',
  'cookie' => 'Hm_lvt_d7e112eaeea65921aeaadcc0af8f2853=1479379831,1479566738,1479645572,1479721473; DedeUserID=1; DedeUserID__ckMd5=5c72a711245a7d2d; DedeLoginTime=1479954655; DedeLoginTime__ckMd5=e354002d0cf40ffa; PHPSESSID=rvsovhtedqelbqthatsddgqhi2; ENV_GOBACK_URL=%2Fdede%2Fco_url.php%3Fsmall%3D1%26nid%3D3',
  'referer' => 'http://127.0.0.1/bick/public/index.php/admin/index/index.html',
  'accept-encoding' => 'gzip, deflate',
  'accept-language' => 'zh-CN,zh;q=0.8,en-US;q=0.5,en;q=0.3',
  'accept' => 'text/html,application/xhtml+xml,application/xml;q=0.9,*/*;q=0.8',
  'user-agent' => 'Mozilla/5.0 (Windows NT 6.1; WOW64; rv:49.0) Gecko/20100101 Firefox/49.0',
  'host' => '127.0.0.1',
)
[ info ] [ PARAM ] array (
)
[ info ] [ SESSION ] INIT array (
  'id' => '',
  'var_session_id' => '',
  'prefix' => 'think',
  'type' => '',
  'auto_start' => true,
)
[ info ] [ RUN ] app\admin\controller\cate->lst[ F:\phpStudy\WWW\bick\application\admin\controller\Cate.php ]
[ info ] [ DB ] INIT mysql
[ info ] [ DB ] INIT mysql
[ info ] [ VIEW ] F:\phpStudy\WWW\bick\public/../application/admin\view\cate\lst.htm [ array (
  0 => 'adminres',
) ]
[ info ] [ LOG ] INIT File
[ sql ] [ DB ] CONNECT:[ UseTime:0.010001s ] mysql:dbname=bick;host=127.0.0.1;charset=utf8
[ sql ] [ SQL ] SHOW COLUMNS FROM `bk_admin` [ RunTime:0.007000s ]
[ sql ] [ SQL ] SELECT * FROM `bk_admin`  [ RunTime:0.002000s ]

---------------------------------------------------------------
[ 2016-11-24T14:21:07+08:00 ] 127.0.0.1 127.0.0.1 GET /bick/public/index.php/admin/cate/lst.html
[ log ] 127.0.0.1/bick/public/index.php/admin/cate/lst.html [运行时间：0.065003s][吞吐率：15.38req/s] [内存消耗：2,162.69kb] [文件加载：62]
[ info ] [ LANG ] F:\phpStudy\WWW\bick\thinkphp\lang\zh-cn.php
[ info ] [ ROUTE ] array (
  'type' => 'module',
  'module' => 
  array (
    0 => 'admin',
    1 => 'cate',
    2 => 'lst',
  ),
)
[ info ] [ HEADER ] array (
  'cache-control' => 'max-age=0',
  'upgrade-insecure-requests' => '1',
  'connection' => 'close',
  'cookie' => 'Hm_lvt_d7e112eaeea65921aeaadcc0af8f2853=1479379831,1479566738,1479645572,1479721473; DedeUserID=1; DedeUserID__ckMd5=5c72a711245a7d2d; DedeLoginTime=1479954655; DedeLoginTime__ckMd5=e354002d0cf40ffa; PHPSESSID=rvsovhtedqelbqthatsddgqhi2; ENV_GOBACK_URL=%2Fdede%2Fco_url.php%3Fsmall%3D1%26nid%3D3',
  'referer' => 'http://127.0.0.1/bick/public/index.php/admin/index/index.html',
  'accept-encoding' => 'gzip, deflate',
  'accept-language' => 'zh-CN,zh;q=0.8,en-US;q=0.5,en;q=0.3',
  'accept' => 'text/html,application/xhtml+xml,application/xml;q=0.9,*/*;q=0.8',
  'user-agent' => 'Mozilla/5.0 (Windows NT 6.1; WOW64; rv:49.0) Gecko/20100101 Firefox/49.0',
  'host' => '127.0.0.1',
)
[ info ] [ PARAM ] array (
)
[ info ] [ SESSION ] INIT array (
  'id' => '',
  'var_session_id' => '',
  'prefix' => 'think',
  'type' => '',
  'auto_start' => true,
)
[ info ] [ RUN ] app\admin\controller\cate->lst[ F:\phpStudy\WWW\bick\application\admin\controller\Cate.php ]
[ info ] [ DB ] INIT mysql
[ info ] [ DB ] INIT mysql
[ info ] [ VIEW ] F:\phpStudy\WWW\bick\public/../application/admin\view\cate\lst.htm [ array (
  0 => 'adminres',
) ]
[ info ] [ LOG ] INIT File
[ sql ] [ DB ] CONNECT:[ UseTime:0.011000s ] mysql:dbname=bick;host=127.0.0.1;charset=utf8
[ sql ] [ SQL ] SHOW COLUMNS FROM `bk_admin` [ RunTime:0.006001s ]
[ sql ] [ SQL ] SELECT * FROM `bk_admin`  [ RunTime:0.000000s ]
[ error ] [1]Call to a member function render() on a non-object[F:\phpStudy\WWW\bick\runtime\temp\76fb9db325faac5e07aad2d325a16e8b.php:222]

---------------------------------------------------------------
[ 2016-11-24T14:21:25+08:00 ] 127.0.0.1 127.0.0.1 GET /bick/public/index.php/admin/cate/lst.html
[ log ] 127.0.0.1/bick/public/index.php/admin/cate/lst.html [运行时间：0.069004s][吞吐率：14.49req/s] [内存消耗：2,148.63kb] [文件加载：58]
[ info ] [ LANG ] F:\phpStudy\WWW\bick\thinkphp\lang\zh-cn.php
[ info ] [ ROUTE ] array (
  'type' => 'module',
  'module' => 
  array (
    0 => 'admin',
    1 => 'cate',
    2 => 'lst',
  ),
)
[ info ] [ HEADER ] array (
  'cache-control' => 'max-age=0',
  'upgrade-insecure-requests' => '1',
  'connection' => 'close',
  'cookie' => 'Hm_lvt_d7e112eaeea65921aeaadcc0af8f2853=1479379831,1479566738,1479645572,1479721473; DedeUserID=1; DedeUserID__ckMd5=5c72a711245a7d2d; DedeLoginTime=1479954655; DedeLoginTime__ckMd5=e354002d0cf40ffa; PHPSESSID=rvsovhtedqelbqthatsddgqhi2',
  'referer' => 'http://127.0.0.1/bick/public/index.php/admin/index/index.html',
  'accept-encoding' => 'gzip, deflate',
  'accept-language' => 'zh-CN,zh;q=0.8,en-US;q=0.5,en;q=0.3',
  'accept' => 'text/html,application/xhtml+xml,application/xml;q=0.9,*/*;q=0.8',
  'user-agent' => 'Mozilla/5.0 (Windows NT 6.1; WOW64; rv:49.0) Gecko/20100101 Firefox/49.0',
  'host' => '127.0.0.1',
)
[ info ] [ PARAM ] array (
)
[ info ] [ SESSION ] INIT array (
  'id' => '',
  'var_session_id' => '',
  'prefix' => 'think',
  'type' => '',
  'auto_start' => true,
)
[ info ] [ RUN ] app\admin\controller\cate->lst[ F:\phpStudy\WWW\bick\application\admin\controller\Cate.php ]
[ info ] [ DB ] INIT mysql
[ info ] [ DB ] INIT mysql
[ info ] [ VIEW ] F:\phpStudy\WWW\bick\public/../application/admin\view\cate\lst.htm [ array (
  0 => 'adminres',
) ]
[ info ] [ LOG ] INIT File
[ sql ] [ DB ] CONNECT:[ UseTime:0.001000s ] mysql:dbname=bick;host=127.0.0.1;charset=utf8
[ sql ] [ SQL ] SHOW COLUMNS FROM `bk_admin` [ RunTime:0.011001s ]
[ sql ] [ SQL ] SELECT * FROM `bk_admin`  [ RunTime:0.001000s ]

---------------------------------------------------------------
[ 2016-11-24T14:21:53+08:00 ] 127.0.0.1 127.0.0.1 GET /bick/public/index.php/admin/cate/lst.html
[ log ] 127.0.0.1/bick/public/index.php/admin/cate/lst.html [运行时间：0.040002s][吞吐率：25.00req/s] [内存消耗：2,148.61kb] [文件加载：58]
[ info ] [ LANG ] F:\phpStudy\WWW\bick\thinkphp\lang\zh-cn.php
[ info ] [ ROUTE ] array (
  'type' => 'module',
  'module' => 
  array (
    0 => 'admin',
    1 => 'cate',
    2 => 'lst',
  ),
)
[ info ] [ HEADER ] array (
  'cache-control' => 'max-age=0',
  'upgrade-insecure-requests' => '1',
  'connection' => 'close',
  'cookie' => 'Hm_lvt_d7e112eaeea65921aeaadcc0af8f2853=1479379831,1479566738,1479645572,1479721473; DedeUserID=1; DedeUserID__ckMd5=5c72a711245a7d2d; DedeLoginTime=1479954655; DedeLoginTime__ckMd5=e354002d0cf40ffa; PHPSESSID=rvsovhtedqelbqthatsddgqhi2',
  'referer' => 'http://127.0.0.1/bick/public/index.php/admin/index/index.html',
  'accept-encoding' => 'gzip, deflate',
  'accept-language' => 'zh-CN,zh;q=0.8,en-US;q=0.5,en;q=0.3',
  'accept' => 'text/html,application/xhtml+xml,application/xml;q=0.9,*/*;q=0.8',
  'user-agent' => 'Mozilla/5.0 (Windows NT 6.1; WOW64; rv:49.0) Gecko/20100101 Firefox/49.0',
  'host' => '127.0.0.1',
)
[ info ] [ PARAM ] array (
)
[ info ] [ SESSION ] INIT array (
  'id' => '',
  'var_session_id' => '',
  'prefix' => 'think',
  'type' => '',
  'auto_start' => true,
)
[ info ] [ RUN ] app\admin\controller\cate->lst[ F:\phpStudy\WWW\bick\application\admin\controller\Cate.php ]
[ info ] [ DB ] INIT mysql
[ info ] [ DB ] INIT mysql
[ info ] [ VIEW ] F:\phpStudy\WWW\bick\public/../application/admin\view\cate\lst.htm [ array (
  0 => 'adminres',
) ]
[ info ] [ LOG ] INIT File
[ sql ] [ DB ] CONNECT:[ UseTime:0.000000s ] mysql:dbname=bick;host=127.0.0.1;charset=utf8
[ sql ] [ SQL ] SHOW COLUMNS FROM `bk_admin` [ RunTime:0.005000s ]
[ sql ] [ SQL ] SELECT * FROM `bk_admin`  [ RunTime:0.000000s ]

---------------------------------------------------------------
[ 2016-11-24T14:22:30+08:00 ] 127.0.0.1 127.0.0.1 GET /bick/public/index.php/admin/cate/add.html
[ log ] 127.0.0.1/bick/public/index.php/admin/cate/add.html [运行时间：0.031002s][吞吐率：32.26req/s] [内存消耗：1,435.87kb] [文件加载：49]
[ info ] [ LANG ] F:\phpStudy\WWW\bick\thinkphp\lang\zh-cn.php
[ info ] [ ROUTE ] array (
  'type' => 'module',
  'module' => 
  array (
    0 => 'admin',
    1 => 'cate',
    2 => 'add',
  ),
)
[ info ] [ HEADER ] array (
  'upgrade-insecure-requests' => '1',
  'connection' => 'close',
  'cookie' => 'Hm_lvt_d7e112eaeea65921aeaadcc0af8f2853=1479379831,1479566738,1479645572,1479721473; DedeUserID=1; DedeUserID__ckMd5=5c72a711245a7d2d; DedeLoginTime=1479954655; DedeLoginTime__ckMd5=e354002d0cf40ffa; PHPSESSID=rvsovhtedqelbqthatsddgqhi2',
  'referer' => 'http://127.0.0.1/bick/public/index.php/admin/cate/lst.html',
  'accept-encoding' => 'gzip, deflate',
  'accept-language' => 'zh-CN,zh;q=0.8,en-US;q=0.5,en;q=0.3',
  'accept' => 'text/html,application/xhtml+xml,application/xml;q=0.9,*/*;q=0.8',
  'user-agent' => 'Mozilla/5.0 (Windows NT 6.1; WOW64; rv:49.0) Gecko/20100101 Firefox/49.0',
  'host' => '127.0.0.1',
)
[ info ] [ PARAM ] array (
)
[ info ] [ SESSION ] INIT array (
  'id' => '',
  'var_session_id' => '',
  'prefix' => 'think',
  'type' => '',
  'auto_start' => true,
)
[ info ] [ RUN ] app\admin\controller\cate->add[ F:\phpStudy\WWW\bick\application\admin\controller\Cate.php ]
[ info ] [ VIEW ] F:\phpStudy\WWW\bick\public/../application/admin\view\cate\add.htm [ array (
) ]
[ info ] [ LOG ] INIT File

---------------------------------------------------------------
[ 2016-11-24T14:22:48+08:00 ] 127.0.0.1 127.0.0.1 GET /bick/public/index.php/admin/cate/add.html
[ log ] 127.0.0.1/bick/public/index.php/admin/cate/add.html [运行时间：0.034002s][吞吐率：29.41req/s] [内存消耗：1,436.02kb] [文件加载：49]
[ info ] [ LANG ] F:\phpStudy\WWW\bick\thinkphp\lang\zh-cn.php
[ info ] [ ROUTE ] array (
  'type' => 'module',
  'module' => 
  array (
    0 => 'admin',
    1 => 'cate',
    2 => 'add',
  ),
)
[ info ] [ HEADER ] array (
  'cache-control' => 'max-age=0',
  'upgrade-insecure-requests' => '1',
  'connection' => 'close',
  'cookie' => 'Hm_lvt_d7e112eaeea65921aeaadcc0af8f2853=1479379831,1479566738,1479645572,1479721473; DedeUserID=1; DedeUserID__ckMd5=5c72a711245a7d2d; DedeLoginTime=1479954655; DedeLoginTime__ckMd5=e354002d0cf40ffa; PHPSESSID=rvsovhtedqelbqthatsddgqhi2',
  'referer' => 'http://127.0.0.1/bick/public/index.php/admin/cate/lst.html',
  'accept-encoding' => 'gzip, deflate',
  'accept-language' => 'zh-CN,zh;q=0.8,en-US;q=0.5,en;q=0.3',
  'accept' => 'text/html,application/xhtml+xml,application/xml;q=0.9,*/*;q=0.8',
  'user-agent' => 'Mozilla/5.0 (Windows NT 6.1; WOW64; rv:49.0) Gecko/20100101 Firefox/49.0',
  'host' => '127.0.0.1',
)
[ info ] [ PARAM ] array (
)
[ info ] [ SESSION ] INIT array (
  'id' => '',
  'var_session_id' => '',
  'prefix' => 'think',
  'type' => '',
  'auto_start' => true,
)
[ info ] [ RUN ] app\admin\controller\cate->add[ F:\phpStudy\WWW\bick\application\admin\controller\Cate.php ]
[ info ] [ VIEW ] F:\phpStudy\WWW\bick\public/../application/admin\view\cate\add.htm [ array (
) ]
[ info ] [ LOG ] INIT File

---------------------------------------------------------------
[ 2016-11-24T14:24:14+08:00 ] 127.0.0.1 127.0.0.1 GET /bick/public/index.php/admin/cate/add.html
[ log ] 127.0.0.1/bick/public/index.php/admin/cate/add.html [运行时间：0.029002s][吞吐率：34.48req/s] [内存消耗：1,437.13kb] [文件加载：49]
[ info ] [ LANG ] F:\phpStudy\WWW\bick\thinkphp\lang\zh-cn.php
[ info ] [ ROUTE ] array (
  'type' => 'module',
  'module' => 
  array (
    0 => 'admin',
    1 => 'cate',
    2 => 'add',
  ),
)
[ info ] [ HEADER ] array (
  'cache-control' => 'max-age=0',
  'upgrade-insecure-requests' => '1',
  'connection' => 'close',
  'cookie' => 'Hm_lvt_d7e112eaeea65921aeaadcc0af8f2853=1479379831,1479566738,1479645572,1479721473; DedeUserID=1; DedeUserID__ckMd5=5c72a711245a7d2d; DedeLoginTime=1479954655; DedeLoginTime__ckMd5=e354002d0cf40ffa; PHPSESSID=rvsovhtedqelbqthatsddgqhi2',
  'referer' => 'http://127.0.0.1/bick/public/index.php/admin/cate/lst.html',
  'accept-encoding' => 'gzip, deflate',
  'accept-language' => 'zh-CN,zh;q=0.8,en-US;q=0.5,en;q=0.3',
  'accept' => 'text/html,application/xhtml+xml,application/xml;q=0.9,*/*;q=0.8',
  'user-agent' => 'Mozilla/5.0 (Windows NT 6.1; WOW64; rv:49.0) Gecko/20100101 Firefox/49.0',
  'host' => '127.0.0.1',
)
[ info ] [ PARAM ] array (
)
[ info ] [ SESSION ] INIT array (
  'id' => '',
  'var_session_id' => '',
  'prefix' => 'think',
  'type' => '',
  'auto_start' => true,
)
[ info ] [ RUN ] app\admin\controller\cate->add[ F:\phpStudy\WWW\bick\application\admin\controller\Cate.php ]
[ info ] [ VIEW ] F:\phpStudy\WWW\bick\public/../application/admin\view\cate\add.htm [ array (
) ]
[ info ] [ LOG ] INIT File

---------------------------------------------------------------
[ 2016-11-24T14:25:51+08:00 ] 127.0.0.1 127.0.0.1 GET /bick/public/index.php/admin/cate/add.html
[ log ] 127.0.0.1/bick/public/index.php/admin/cate/add.html [运行时间：0.025001s][吞吐率：40.00req/s] [内存消耗：1,438.19kb] [文件加载：49]
[ info ] [ LANG ] F:\phpStudy\WWW\bick\thinkphp\lang\zh-cn.php
[ info ] [ ROUTE ] array (
  'type' => 'module',
  'module' => 
  array (
    0 => 'admin',
    1 => 'cate',
    2 => 'add',
  ),
)
[ info ] [ HEADER ] array (
  'cache-control' => 'max-age=0',
  'upgrade-insecure-requests' => '1',
  'connection' => 'close',
  'cookie' => 'Hm_lvt_d7e112eaeea65921aeaadcc0af8f2853=1479379831,1479566738,1479645572,1479721473; DedeUserID=1; DedeUserID__ckMd5=5c72a711245a7d2d; DedeLoginTime=1479954655; DedeLoginTime__ckMd5=e354002d0cf40ffa; PHPSESSID=rvsovhtedqelbqthatsddgqhi2',
  'referer' => 'http://127.0.0.1/bick/public/index.php/admin/cate/lst.html',
  'accept-encoding' => 'gzip, deflate',
  'accept-language' => 'zh-CN,zh;q=0.8,en-US;q=0.5,en;q=0.3',
  'accept' => 'text/html,application/xhtml+xml,application/xml;q=0.9,*/*;q=0.8',
  'user-agent' => 'Mozilla/5.0 (Windows NT 6.1; WOW64; rv:49.0) Gecko/20100101 Firefox/49.0',
  'host' => '127.0.0.1',
)
[ info ] [ PARAM ] array (
)
[ info ] [ SESSION ] INIT array (
  'id' => '',
  'var_session_id' => '',
  'prefix' => 'think',
  'type' => '',
  'auto_start' => true,
)
[ info ] [ RUN ] app\admin\controller\cate->add[ F:\phpStudy\WWW\bick\application\admin\controller\Cate.php ]
[ info ] [ VIEW ] F:\phpStudy\WWW\bick\public/../application/admin\view\cate\add.htm [ array (
) ]
[ info ] [ LOG ] INIT File

---------------------------------------------------------------
[ 2016-11-24T14:26:09+08:00 ] 127.0.0.1 127.0.0.1 GET /bick/public/index.php/admin/cate/add.html
[ log ] 127.0.0.1/bick/public/index.php/admin/cate/add.html [运行时间：0.027002s][吞吐率：37.03req/s] [内存消耗：1,438.27kb] [文件加载：49]
[ info ] [ LANG ] F:\phpStudy\WWW\bick\thinkphp\lang\zh-cn.php
[ info ] [ ROUTE ] array (
  'type' => 'module',
  'module' => 
  array (
    0 => 'admin',
    1 => 'cate',
    2 => 'add',
  ),
)
[ info ] [ HEADER ] array (
  'cache-control' => 'max-age=0',
  'upgrade-insecure-requests' => '1',
  'connection' => 'close',
  'cookie' => 'Hm_lvt_d7e112eaeea65921aeaadcc0af8f2853=1479379831,1479566738,1479645572,1479721473; DedeUserID=1; DedeUserID__ckMd5=5c72a711245a7d2d; DedeLoginTime=1479954655; DedeLoginTime__ckMd5=e354002d0cf40ffa; PHPSESSID=rvsovhtedqelbqthatsddgqhi2',
  'referer' => 'http://127.0.0.1/bick/public/index.php/admin/cate/lst.html',
  'accept-encoding' => 'gzip, deflate',
  'accept-language' => 'zh-CN,zh;q=0.8,en-US;q=0.5,en;q=0.3',
  'accept' => 'text/html,application/xhtml+xml,application/xml;q=0.9,*/*;q=0.8',
  'user-agent' => 'Mozilla/5.0 (Windows NT 6.1; WOW64; rv:49.0) Gecko/20100101 Firefox/49.0',
  'host' => '127.0.0.1',
)
[ info ] [ PARAM ] array (
)
[ info ] [ SESSION ] INIT array (
  'id' => '',
  'var_session_id' => '',
  'prefix' => 'think',
  'type' => '',
  'auto_start' => true,
)
[ info ] [ RUN ] app\admin\controller\cate->add[ F:\phpStudy\WWW\bick\application\admin\controller\Cate.php ]
[ info ] [ VIEW ] F:\phpStudy\WWW\bick\public/../application/admin\view\cate\add.htm [ array (
) ]
[ info ] [ LOG ] INIT File

---------------------------------------------------------------
[ 2016-11-24T14:26:12+08:00 ] 127.0.0.1 127.0.0.1 GET /bick/public/index.php/admin/cate/add.html
[ log ] 127.0.0.1/bick/public/index.php/admin/cate/add.html [运行时间：0.034002s][吞吐率：29.41req/s] [内存消耗：1,309.17kb] [文件加载：47]
[ info ] [ LANG ] F:\phpStudy\WWW\bick\thinkphp\lang\zh-cn.php
[ info ] [ ROUTE ] array (
  'type' => 'module',
  'module' => 
  array (
    0 => 'admin',
    1 => 'cate',
    2 => 'add',
  ),
)
[ info ] [ HEADER ] array (
  'cache-control' => 'no-cache',
  'pragma' => 'no-cache',
  'upgrade-insecure-requests' => '1',
  'connection' => 'close',
  'cookie' => 'Hm_lvt_d7e112eaeea65921aeaadcc0af8f2853=1479379831,1479566738,1479645572,1479721473; DedeUserID=1; DedeUserID__ckMd5=5c72a711245a7d2d; DedeLoginTime=1479954655; DedeLoginTime__ckMd5=e354002d0cf40ffa; PHPSESSID=rvsovhtedqelbqthatsddgqhi2',
  'referer' => 'http://127.0.0.1/bick/public/index.php/admin/cate/lst.html',
  'accept-encoding' => 'gzip, deflate',
  'accept-language' => 'zh-CN,zh;q=0.8,en-US;q=0.5,en;q=0.3',
  'accept' => 'text/html,application/xhtml+xml,application/xml;q=0.9,*/*;q=0.8',
  'user-agent' => 'Mozilla/5.0 (Windows NT 6.1; WOW64; rv:49.0) Gecko/20100101 Firefox/49.0',
  'host' => '127.0.0.1',
)
[ info ] [ PARAM ] array (
)
[ info ] [ SESSION ] INIT array (
  'id' => '',
  'var_session_id' => '',
  'prefix' => 'think',
  'type' => '',
  'auto_start' => true,
)
[ info ] [ RUN ] app\admin\controller\cate->add[ F:\phpStudy\WWW\bick\application\admin\controller\Cate.php ]
[ info ] [ VIEW ] F:\phpStudy\WWW\bick\public/../application/admin\view\cate\add.htm [ array (
) ]
[ info ] [ LOG ] INIT File

---------------------------------------------------------------
[ 2016-11-24T14:27:51+08:00 ] 127.0.0.1 127.0.0.1 GET /bick/public/index.php/admin/cate/add.html
[ log ] 127.0.0.1/bick/public/index.php/admin/cate/add.html [运行时间：0.034002s][吞吐率：29.41req/s] [内存消耗：1,438.45kb] [文件加载：49]
[ info ] [ LANG ] F:\phpStudy\WWW\bick\thinkphp\lang\zh-cn.php
[ info ] [ ROUTE ] array (
  'type' => 'module',
  'module' => 
  array (
    0 => 'admin',
    1 => 'cate',
    2 => 'add',
  ),
)
[ info ] [ HEADER ] array (
  'cache-control' => 'no-cache',
  'pragma' => 'no-cache',
  'upgrade-insecure-requests' => '1',
  'connection' => 'close',
  'cookie' => 'Hm_lvt_d7e112eaeea65921aeaadcc0af8f2853=1479379831,1479566738,1479645572,1479721473; DedeUserID=1; DedeUserID__ckMd5=5c72a711245a7d2d; DedeLoginTime=1479954655; DedeLoginTime__ckMd5=e354002d0cf40ffa; PHPSESSID=rvsovhtedqelbqthatsddgqhi2',
  'referer' => 'http://127.0.0.1/bick/public/index.php/admin/cate/lst.html',
  'accept-encoding' => 'gzip, deflate',
  'accept-language' => 'zh-CN,zh;q=0.8,en-US;q=0.5,en;q=0.3',
  'accept' => 'text/html,application/xhtml+xml,application/xml;q=0.9,*/*;q=0.8',
  'user-agent' => 'Mozilla/5.0 (Windows NT 6.1; WOW64; rv:49.0) Gecko/20100101 Firefox/49.0',
  'host' => '127.0.0.1',
)
[ info ] [ PARAM ] array (
)
[ info ] [ SESSION ] INIT array (
  'id' => '',
  'var_session_id' => '',
  'prefix' => 'think',
  'type' => '',
  'auto_start' => true,
)
[ info ] [ RUN ] app\admin\controller\cate->add[ F:\phpStudy\WWW\bick\application\admin\controller\Cate.php ]
[ info ] [ VIEW ] F:\phpStudy\WWW\bick\public/../application/admin\view\cate\add.htm [ array (
) ]
[ info ] [ LOG ] INIT File

---------------------------------------------------------------
[ 2016-11-24T14:27:57+08:00 ] 127.0.0.1 127.0.0.1 GET /bick/public/index.php/admin/cate/add.html
[ log ] 127.0.0.1/bick/public/index.php/admin/cate/add.html [运行时间：0.021001s][吞吐率：47.62req/s] [内存消耗：1,309.17kb] [文件加载：47]
[ info ] [ LANG ] F:\phpStudy\WWW\bick\thinkphp\lang\zh-cn.php
[ info ] [ ROUTE ] array (
  'type' => 'module',
  'module' => 
  array (
    0 => 'admin',
    1 => 'cate',
    2 => 'add',
  ),
)
[ info ] [ HEADER ] array (
  'cache-control' => 'no-cache',
  'pragma' => 'no-cache',
  'upgrade-insecure-requests' => '1',
  'connection' => 'close',
  'cookie' => 'Hm_lvt_d7e112eaeea65921aeaadcc0af8f2853=1479379831,1479566738,1479645572,1479721473; DedeUserID=1; DedeUserID__ckMd5=5c72a711245a7d2d; DedeLoginTime=1479954655; DedeLoginTime__ckMd5=e354002d0cf40ffa; PHPSESSID=rvsovhtedqelbqthatsddgqhi2',
  'referer' => 'http://127.0.0.1/bick/public/index.php/admin/cate/lst.html',
  'accept-encoding' => 'gzip, deflate',
  'accept-language' => 'zh-CN,zh;q=0.8,en-US;q=0.5,en;q=0.3',
  'accept' => 'text/html,application/xhtml+xml,application/xml;q=0.9,*/*;q=0.8',
  'user-agent' => 'Mozilla/5.0 (Windows NT 6.1; WOW64; rv:49.0) Gecko/20100101 Firefox/49.0',
  'host' => '127.0.0.1',
)
[ info ] [ PARAM ] array (
)
[ info ] [ SESSION ] INIT array (
  'id' => '',
  'var_session_id' => '',
  'prefix' => 'think',
  'type' => '',
  'auto_start' => true,
)
[ info ] [ RUN ] app\admin\controller\cate->add[ F:\phpStudy\WWW\bick\application\admin\controller\Cate.php ]
[ info ] [ VIEW ] F:\phpStudy\WWW\bick\public/../application/admin\view\cate\add.htm [ array (
) ]
[ info ] [ LOG ] INIT File

---------------------------------------------------------------
[ 2016-11-24T14:28:42+08:00 ] 127.0.0.1 127.0.0.1 GET /bick/public/index.php/admin/cate/add.html
[ log ] 127.0.0.1/bick/public/index.php/admin/cate/add.html [运行时间：0.038002s][吞吐率：26.31req/s] [内存消耗：1,438.36kb] [文件加载：49]
[ info ] [ LANG ] F:\phpStudy\WWW\bick\thinkphp\lang\zh-cn.php
[ info ] [ ROUTE ] array (
  'type' => 'module',
  'module' => 
  array (
    0 => 'admin',
    1 => 'cate',
    2 => 'add',
  ),
)
[ info ] [ HEADER ] array (
  'cache-control' => 'max-age=0',
  'upgrade-insecure-requests' => '1',
  'connection' => 'close',
  'cookie' => 'Hm_lvt_d7e112eaeea65921aeaadcc0af8f2853=1479379831,1479566738,1479645572,1479721473; DedeUserID=1; DedeUserID__ckMd5=5c72a711245a7d2d; DedeLoginTime=1479954655; DedeLoginTime__ckMd5=e354002d0cf40ffa; PHPSESSID=rvsovhtedqelbqthatsddgqhi2',
  'referer' => 'http://127.0.0.1/bick/public/index.php/admin/cate/lst.html',
  'accept-encoding' => 'gzip, deflate',
  'accept-language' => 'zh-CN,zh;q=0.8,en-US;q=0.5,en;q=0.3',
  'accept' => 'text/html,application/xhtml+xml,application/xml;q=0.9,*/*;q=0.8',
  'user-agent' => 'Mozilla/5.0 (Windows NT 6.1; WOW64; rv:49.0) Gecko/20100101 Firefox/49.0',
  'host' => '127.0.0.1',
)
[ info ] [ PARAM ] array (
)
[ info ] [ SESSION ] INIT array (
  'id' => '',
  'var_session_id' => '',
  'prefix' => 'think',
  'type' => '',
  'auto_start' => true,
)
[ info ] [ RUN ] app\admin\controller\cate->add[ F:\phpStudy\WWW\bick\application\admin\controller\Cate.php ]
[ info ] [ VIEW ] F:\phpStudy\WWW\bick\public/../application/admin\view\cate\add.htm [ array (
) ]
[ info ] [ LOG ] INIT File

---------------------------------------------------------------
