[ 2016-11-30T12:19:46+08:00 ] 127.0.0.1 127.0.0.1 GET /bick/public/index.php/admin/
[ log ] 127.0.0.1/bick/public/index.php/admin/ [运行时间：0.047003s][吞吐率：21.28req/s] [内存消耗：1,302.49kb] [文件加载：47]
[ info ] [ LANG ] F:\phpStudy\WWW\bick\thinkphp\lang\zh-cn.php
[ info ] [ ROUTE ] array (
  'type' => 'module',
  'module' => 
  array (
    0 => 'admin',
    1 => NULL,
    2 => NULL,
  ),
)
[ info ] [ HEADER ] array (
  'upgrade-insecure-requests' => '1',
  'connection' => 'close',
  'cookie' => 'Hm_lvt_d7e112eaeea65921aeaadcc0af8f2853=1479379831,1479566738,1479645572,1479721473',
  'accept-encoding' => 'gzip, deflate',
  'accept-language' => 'zh-CN,zh;q=0.8,en-US;q=0.5,en;q=0.3',
  'accept' => 'text/html,application/xhtml+xml,application/xml;q=0.9,*/*;q=0.8',
  'user-agent' => 'Mozilla/5.0 (Windows NT 6.1; WOW64; rv:49.0) Gecko/20100101 Firefox/49.0',
  'host' => '127.0.0.1',
)
[ info ] [ PARAM ] array (
)
[ info ] [ SESSION ] INIT array (
  'id' => '',
  'var_session_id' => '',
  'prefix' => 'think',
  'type' => '',
  'auto_start' => true,
)
[ info ] [ VIEW ] F:\phpStudy\WWW\bick\thinkphp\tpl\dispatch_jump.tpl [ array (
  0 => 'code',
  1 => 'msg',
  2 => 'data',
  3 => 'url',
  4 => 'wait',
) ]
[ info ] [ LOG ] INIT File

---------------------------------------------------------------
[ 2016-11-30T12:19:49+08:00 ] 127.0.0.1 127.0.0.1 GET /bick/public/index.php/admin/login/index.html
[ log ] 127.0.0.1/bick/public/index.php/admin/login/index.html [运行时间：0.082004s][吞吐率：12.19req/s] [内存消耗：1,258.83kb] [文件加载：45]
[ info ] [ LANG ] F:\phpStudy\WWW\bick\thinkphp\lang\zh-cn.php
[ info ] [ ROUTE ] array (
  'type' => 'module',
  'module' => 
  array (
    0 => 'admin',
    1 => 'login',
    2 => 'index',
  ),
)
[ info ] [ HEADER ] array (
  'upgrade-insecure-requests' => '1',
  'connection' => 'close',
  'cookie' => 'Hm_lvt_d7e112eaeea65921aeaadcc0af8f2853=1479379831,1479566738,1479645572,1479721473; PHPSESSID=3ij70gmjnevfvl50rg464jfie6',
  'referer' => 'http://127.0.0.1/bick/public/index.php/admin/',
  'accept-encoding' => 'gzip, deflate',
  'accept-language' => 'zh-CN,zh;q=0.8,en-US;q=0.5,en;q=0.3',
  'accept' => 'text/html,application/xhtml+xml,application/xml;q=0.9,*/*;q=0.8',
  'user-agent' => 'Mozilla/5.0 (Windows NT 6.1; WOW64; rv:49.0) Gecko/20100101 Firefox/49.0',
  'host' => '127.0.0.1',
)
[ info ] [ PARAM ] array (
)
[ info ] [ RUN ] app\admin\controller\Login->index[ F:\phpStudy\WWW\bick\application\admin\controller\Login.php ]
[ info ] [ VIEW ] F:\phpStudy\WWW\bick\public/../application/admin\view\login\index.htm [ array (
) ]
[ info ] [ LOG ] INIT File

---------------------------------------------------------------
[ 2016-11-30T12:19:51+08:00 ] 127.0.0.1 127.0.0.1 POST /bick/public/index.php/admin/login/index.html
[ log ] 127.0.0.1/bick/public/index.php/admin/login/index.html [运行时间：0.088005s][吞吐率：11.36req/s] [内存消耗：1,975.77kb] [文件加载：55]
[ info ] [ LANG ] F:\phpStudy\WWW\bick\thinkphp\lang\zh-cn.php
[ info ] [ ROUTE ] array (
  'type' => 'module',
  'module' => 
  array (
    0 => 'admin',
    1 => 'login',
    2 => 'index',
  ),
)
[ info ] [ HEADER ] array (
  'content-length' => '26',
  'content-type' => 'application/x-www-form-urlencoded',
  'upgrade-insecure-requests' => '1',
  'connection' => 'close',
  'cookie' => 'Hm_lvt_d7e112eaeea65921aeaadcc0af8f2853=1479379831,1479566738,1479645572,1479721473; PHPSESSID=3ij70gmjnevfvl50rg464jfie6',
  'referer' => 'http://127.0.0.1/bick/public/index.php/admin/login/index.html',
  'accept-encoding' => 'gzip, deflate',
  'accept-language' => 'zh-CN,zh;q=0.8,en-US;q=0.5,en;q=0.3',
  'accept' => 'text/html,application/xhtml+xml,application/xml;q=0.9,*/*;q=0.8',
  'user-agent' => 'Mozilla/5.0 (Windows NT 6.1; WOW64; rv:49.0) Gecko/20100101 Firefox/49.0',
  'host' => '127.0.0.1',
)
[ info ] [ PARAM ] array (
  'name' => 'admin',
  'password' => '123456',
)
[ info ] [ RUN ] app\admin\controller\Login->index[ F:\phpStudy\WWW\bick\application\admin\controller\Login.php ]
[ info ] [ DB ] INIT mysql
[ info ] [ SESSION ] INIT array (
  'id' => '',
  'var_session_id' => '',
  'prefix' => 'think',
  'type' => '',
  'auto_start' => true,
)
[ info ] [ VIEW ] F:\phpStudy\WWW\bick\thinkphp\tpl\dispatch_jump.tpl [ array (
  0 => 'code',
  1 => 'msg',
  2 => 'data',
  3 => 'url',
  4 => 'wait',
) ]
[ info ] [ LOG ] INIT File
[ sql ] [ DB ] CONNECT:[ UseTime:0.005001s ] mysql:dbname=bick;host=127.0.0.1;charset=utf8
[ sql ] [ SQL ] SHOW COLUMNS FROM `bk_admin` [ RunTime:0.040002s ]
[ sql ] [ SQL ] SELECT * FROM `bk_admin` WHERE  `name` = 'admin' LIMIT 1    [ RunTime:0.001000s ]

---------------------------------------------------------------
[ 2016-11-30T12:19:54+08:00 ] 127.0.0.1 127.0.0.1 GET /bick/public/index.php/admin/index/index.html
[ log ] 127.0.0.1/bick/public/index.php/admin/index/index.html [运行时间：0.065004s][吞吐率：15.38req/s] [内存消耗：1,307.27kb] [文件加载：47]
[ info ] [ LANG ] F:\phpStudy\WWW\bick\thinkphp\lang\zh-cn.php
[ info ] [ ROUTE ] array (
  'type' => 'module',
  'module' => 
  array (
    0 => 'admin',
    1 => 'index',
    2 => 'index',
  ),
)
[ info ] [ HEADER ] array (
  'upgrade-insecure-requests' => '1',
  'connection' => 'close',
  'cookie' => 'Hm_lvt_d7e112eaeea65921aeaadcc0af8f2853=1479379831,1479566738,1479645572,1479721473; PHPSESSID=3ij70gmjnevfvl50rg464jfie6',
  'referer' => 'http://127.0.0.1/bick/public/index.php/admin/login/index.html',
  'accept-encoding' => 'gzip, deflate',
  'accept-language' => 'zh-CN,zh;q=0.8,en-US;q=0.5,en;q=0.3',
  'accept' => 'text/html,application/xhtml+xml,application/xml;q=0.9,*/*;q=0.8',
  'user-agent' => 'Mozilla/5.0 (Windows NT 6.1; WOW64; rv:49.0) Gecko/20100101 Firefox/49.0',
  'host' => '127.0.0.1',
)
[ info ] [ PARAM ] array (
)
[ info ] [ SESSION ] INIT array (
  'id' => '',
  'var_session_id' => '',
  'prefix' => 'think',
  'type' => '',
  'auto_start' => true,
)
[ info ] [ RUN ] app\admin\controller\Index->index[ F:\phpStudy\WWW\bick\application\admin\controller\Index.php ]
[ info ] [ VIEW ] F:\phpStudy\WWW\bick\public/../application/admin\view\index\index.htm [ array (
) ]
[ info ] [ LOG ] INIT File

---------------------------------------------------------------
[ 2016-11-30T12:20:01+08:00 ] 127.0.0.1 127.0.0.1 GET /bick/public/index.php/admin/cate/lst.html
[ log ] 127.0.0.1/bick/public/index.php/admin/cate/lst.html [运行时间：0.156009s][吞吐率：6.41req/s] [内存消耗：2,022.91kb] [文件加载：56]
[ info ] [ LANG ] F:\phpStudy\WWW\bick\thinkphp\lang\zh-cn.php
[ info ] [ ROUTE ] array (
  'type' => 'module',
  'module' => 
  array (
    0 => 'admin',
    1 => 'cate',
    2 => 'lst',
  ),
)
[ info ] [ HEADER ] array (
  'upgrade-insecure-requests' => '1',
  'connection' => 'close',
  'cookie' => 'Hm_lvt_d7e112eaeea65921aeaadcc0af8f2853=1479379831,1479566738,1479645572,1479721473; PHPSESSID=3ij70gmjnevfvl50rg464jfie6',
  'referer' => 'http://127.0.0.1/bick/public/index.php/admin/index/index.html',
  'accept-encoding' => 'gzip, deflate',
  'accept-language' => 'zh-CN,zh;q=0.8,en-US;q=0.5,en;q=0.3',
  'accept' => 'text/html,application/xhtml+xml,application/xml;q=0.9,*/*;q=0.8',
  'user-agent' => 'Mozilla/5.0 (Windows NT 6.1; WOW64; rv:49.0) Gecko/20100101 Firefox/49.0',
  'host' => '127.0.0.1',
)
[ info ] [ PARAM ] array (
)
[ info ] [ SESSION ] INIT array (
  'id' => '',
  'var_session_id' => '',
  'prefix' => 'think',
  'type' => '',
  'auto_start' => true,
)
[ info ] [ RUN ] app\admin\controller\cate->lst[ F:\phpStudy\WWW\bick\application\admin\controller\Cate.php ]
[ info ] [ DB ] INIT mysql
[ info ] [ VIEW ] F:\phpStudy\WWW\bick\public/../application/admin\view\cate\lst.htm [ array (
  0 => 'cateres',
) ]
[ info ] [ LOG ] INIT File
[ sql ] [ DB ] CONNECT:[ UseTime:0.011001s ] mysql:dbname=bick;host=127.0.0.1;charset=utf8
[ sql ] [ SQL ] SHOW COLUMNS FROM `bk_cate` [ RunTime:0.064003s ]
[ sql ] [ SQL ] SELECT * FROM `bk_cate` ORDER BY sort desc  [ RunTime:0.000000s ]

---------------------------------------------------------------
[ 2016-11-30T12:41:59+08:00 ] 127.0.0.1 127.0.0.1 GET /bick/public/index.php/admin/article/lst.html
[ log ] 127.0.0.1/bick/public/index.php/admin/article/lst.html [运行时间：0.065004s][吞吐率：15.38req/s] [内存消耗：1,915.05kb] [文件加载：58]
[ info ] [ LANG ] F:\phpStudy\WWW\bick\thinkphp\lang\zh-cn.php
[ info ] [ ROUTE ] array (
  'type' => 'module',
  'module' => 
  array (
    0 => 'admin',
    1 => 'article',
    2 => 'lst',
  ),
)
[ info ] [ HEADER ] array (
  'upgrade-insecure-requests' => '1',
  'connection' => 'close',
  'cookie' => 'Hm_lvt_d7e112eaeea65921aeaadcc0af8f2853=1479379831,1479566738,1479645572,1479721473; PHPSESSID=3ij70gmjnevfvl50rg464jfie6',
  'referer' => 'http://127.0.0.1/bick/public/index.php/admin/cate/lst.html',
  'accept-encoding' => 'gzip, deflate',
  'accept-language' => 'zh-CN,zh;q=0.8,en-US;q=0.5,en;q=0.3',
  'accept' => 'text/html,application/xhtml+xml,application/xml;q=0.9,*/*;q=0.8',
  'user-agent' => 'Mozilla/5.0 (Windows NT 6.1; WOW64; rv:49.0) Gecko/20100101 Firefox/49.0',
  'host' => '127.0.0.1',
)
[ info ] [ PARAM ] array (
)
[ info ] [ SESSION ] INIT array (
  'id' => '',
  'var_session_id' => '',
  'prefix' => 'think',
  'type' => '',
  'auto_start' => true,
)
[ info ] [ RUN ] app\admin\controller\Article->lst[ F:\phpStudy\WWW\bick\application\admin\controller\Article.php ]
[ info ] [ DB ] INIT mysql
[ info ] [ VIEW ] F:\phpStudy\WWW\bick\public/../application/admin\view\article\lst.htm [ array (
  0 => 'artres',
) ]
[ info ] [ LOG ] INIT File
[ sql ] [ DB ] CONNECT:[ UseTime:0.003000s ] mysql:dbname=bick;host=127.0.0.1;charset=utf8
[ sql ] [ SQL ] SHOW COLUMNS FROM `bk_article` [ RunTime:0.028002s ]
[ sql ] [ SQL ] SELECT COUNT(*) AS tp_count FROM `bk_article` `a` INNER JOIN `bk_cate` `b` ON `a`.`cateid`=`b`.`id` LIMIT 1   [ RunTime:0.001000s ]
[ sql ] [ SQL ] SELECT `a`.*,`b`.`catename` FROM `bk_article` `a` INNER JOIN `bk_cate` `b` ON `a`.`cateid`=`b`.`id` LIMIT 0,2   [ RunTime:0.000000s ]

---------------------------------------------------------------
[ 2016-11-30T12:42:01+08:00 ] 127.0.0.1 127.0.0.1 GET /bick/public/index.php/admin/article/add.html
[ log ] 127.0.0.1/bick/public/index.php/admin/article/add.html [运行时间：0.051003s][吞吐率：19.61req/s] [内存消耗：2,004.61kb] [文件加载：56]
[ info ] [ LANG ] F:\phpStudy\WWW\bick\thinkphp\lang\zh-cn.php
[ info ] [ ROUTE ] array (
  'type' => 'module',
  'module' => 
  array (
    0 => 'admin',
    1 => 'article',
    2 => 'add',
  ),
)
[ info ] [ HEADER ] array (
  'upgrade-insecure-requests' => '1',
  'connection' => 'close',
  'cookie' => 'Hm_lvt_d7e112eaeea65921aeaadcc0af8f2853=1479379831,1479566738,1479645572,1479721473; PHPSESSID=3ij70gmjnevfvl50rg464jfie6',
  'referer' => 'http://127.0.0.1/bick/public/index.php/admin/article/lst.html',
  'accept-encoding' => 'gzip, deflate',
  'accept-language' => 'zh-CN,zh;q=0.8,en-US;q=0.5,en;q=0.3',
  'accept' => 'text/html,application/xhtml+xml,application/xml;q=0.9,*/*;q=0.8',
  'user-agent' => 'Mozilla/5.0 (Windows NT 6.1; WOW64; rv:49.0) Gecko/20100101 Firefox/49.0',
  'host' => '127.0.0.1',
)
[ info ] [ PARAM ] array (
)
[ info ] [ SESSION ] INIT array (
  'id' => '',
  'var_session_id' => '',
  'prefix' => 'think',
  'type' => '',
  'auto_start' => true,
)
[ info ] [ RUN ] app\admin\controller\Article->add[ F:\phpStudy\WWW\bick\application\admin\controller\Article.php ]
[ info ] [ DB ] INIT mysql
[ info ] [ VIEW ] F:\phpStudy\WWW\bick\public/../application/admin\view\article\add.htm [ array (
  0 => 'cateres',
) ]
[ info ] [ LOG ] INIT File
[ sql ] [ DB ] CONNECT:[ UseTime:0.011000s ] mysql:dbname=bick;host=127.0.0.1;charset=utf8
[ sql ] [ SQL ] SHOW COLUMNS FROM `bk_cate` [ RunTime:0.007001s ]
[ sql ] [ SQL ] SELECT * FROM `bk_cate` ORDER BY sort desc  [ RunTime:0.000000s ]

---------------------------------------------------------------
[ 2016-11-30T12:42:06+08:00 ] 127.0.0.1 127.0.0.1 GET /bick/public/index.php/admin/cate/lst.html
[ log ] 127.0.0.1/bick/public/index.php/admin/cate/lst.html [运行时间：0.050003s][吞吐率：20.00req/s] [内存消耗：2,022.91kb] [文件加载：56]
[ info ] [ LANG ] F:\phpStudy\WWW\bick\thinkphp\lang\zh-cn.php
[ info ] [ ROUTE ] array (
  'type' => 'module',
  'module' => 
  array (
    0 => 'admin',
    1 => 'cate',
    2 => 'lst',
  ),
)
[ info ] [ HEADER ] array (
  'upgrade-insecure-requests' => '1',
  'connection' => 'close',
  'cookie' => 'Hm_lvt_d7e112eaeea65921aeaadcc0af8f2853=1479379831,1479566738,1479645572,1479721473; PHPSESSID=3ij70gmjnevfvl50rg464jfie6',
  'referer' => 'http://127.0.0.1/bick/public/index.php/admin/article/add.html',
  'accept-encoding' => 'gzip, deflate',
  'accept-language' => 'zh-CN,zh;q=0.8,en-US;q=0.5,en;q=0.3',
  'accept' => 'text/html,application/xhtml+xml,application/xml;q=0.9,*/*;q=0.8',
  'user-agent' => 'Mozilla/5.0 (Windows NT 6.1; WOW64; rv:49.0) Gecko/20100101 Firefox/49.0',
  'host' => '127.0.0.1',
)
[ info ] [ PARAM ] array (
)
[ info ] [ SESSION ] INIT array (
  'id' => '',
  'var_session_id' => '',
  'prefix' => 'think',
  'type' => '',
  'auto_start' => true,
)
[ info ] [ RUN ] app\admin\controller\cate->lst[ F:\phpStudy\WWW\bick\application\admin\controller\Cate.php ]
[ info ] [ DB ] INIT mysql
[ info ] [ VIEW ] F:\phpStudy\WWW\bick\public/../application/admin\view\cate\lst.htm [ array (
  0 => 'cateres',
) ]
[ info ] [ LOG ] INIT File
[ sql ] [ DB ] CONNECT:[ UseTime:0.010001s ] mysql:dbname=bick;host=127.0.0.1;charset=utf8
[ sql ] [ SQL ] SHOW COLUMNS FROM `bk_cate` [ RunTime:0.006000s ]
[ sql ] [ SQL ] SELECT * FROM `bk_cate` ORDER BY sort desc  [ RunTime:0.001000s ]

---------------------------------------------------------------
[ 2016-11-30T13:23:38+08:00 ] 127.0.0.1 127.0.0.1 GET /bick/public/index.php/admin/article/lst.html
[ log ] 127.0.0.1/bick/public/index.php/admin/article/lst.html [运行时间：0.050003s][吞吐率：20.00req/s] [内存消耗：1,915.05kb] [文件加载：58]
[ info ] [ LANG ] F:\phpStudy\WWW\bick\thinkphp\lang\zh-cn.php
[ info ] [ ROUTE ] array (
  'type' => 'module',
  'module' => 
  array (
    0 => 'admin',
    1 => 'article',
    2 => 'lst',
  ),
)
[ info ] [ HEADER ] array (
  'upgrade-insecure-requests' => '1',
  'connection' => 'close',
  'cookie' => 'Hm_lvt_d7e112eaeea65921aeaadcc0af8f2853=1479379831,1479566738,1479645572,1479721473; PHPSESSID=3ij70gmjnevfvl50rg464jfie6',
  'referer' => 'http://127.0.0.1/bick/public/index.php/admin/cate/lst.html',
  'accept-encoding' => 'gzip, deflate',
  'accept-language' => 'zh-CN,zh;q=0.8,en-US;q=0.5,en;q=0.3',
  'accept' => 'text/html,application/xhtml+xml,application/xml;q=0.9,*/*;q=0.8',
  'user-agent' => 'Mozilla/5.0 (Windows NT 6.1; WOW64; rv:49.0) Gecko/20100101 Firefox/49.0',
  'host' => '127.0.0.1',
)
[ info ] [ PARAM ] array (
)
[ info ] [ SESSION ] INIT array (
  'id' => '',
  'var_session_id' => '',
  'prefix' => 'think',
  'type' => '',
  'auto_start' => true,
)
[ info ] [ RUN ] app\admin\controller\Article->lst[ F:\phpStudy\WWW\bick\application\admin\controller\Article.php ]
[ info ] [ DB ] INIT mysql
[ info ] [ VIEW ] F:\phpStudy\WWW\bick\public/../application/admin\view\article\lst.htm [ array (
  0 => 'artres',
) ]
[ info ] [ LOG ] INIT File
[ sql ] [ DB ] CONNECT:[ UseTime:0.004000s ] mysql:dbname=bick;host=127.0.0.1;charset=utf8
[ sql ] [ SQL ] SHOW COLUMNS FROM `bk_article` [ RunTime:0.012001s ]
[ sql ] [ SQL ] SELECT COUNT(*) AS tp_count FROM `bk_article` `a` INNER JOIN `bk_cate` `b` ON `a`.`cateid`=`b`.`id` LIMIT 1   [ RunTime:0.002000s ]
[ sql ] [ SQL ] SELECT `a`.*,`b`.`catename` FROM `bk_article` `a` INNER JOIN `bk_cate` `b` ON `a`.`cateid`=`b`.`id` LIMIT 0,2   [ RunTime:0.000000s ]

---------------------------------------------------------------
[ 2016-11-30T13:23:47+08:00 ] 127.0.0.1 127.0.0.1 GET /bick/public/index.php/admin/cate/lst.html
[ log ] 127.0.0.1/bick/public/index.php/admin/cate/lst.html [运行时间：0.057003s][吞吐率：17.54req/s] [内存消耗：2,022.91kb] [文件加载：56]
[ info ] [ LANG ] F:\phpStudy\WWW\bick\thinkphp\lang\zh-cn.php
[ info ] [ ROUTE ] array (
  'type' => 'module',
  'module' => 
  array (
    0 => 'admin',
    1 => 'cate',
    2 => 'lst',
  ),
)
[ info ] [ HEADER ] array (
  'upgrade-insecure-requests' => '1',
  'connection' => 'close',
  'cookie' => 'Hm_lvt_d7e112eaeea65921aeaadcc0af8f2853=1479379831,1479566738,1479645572,1479721473; PHPSESSID=3ij70gmjnevfvl50rg464jfie6',
  'referer' => 'http://127.0.0.1/bick/public/index.php/admin/article/lst.html',
  'accept-encoding' => 'gzip, deflate',
  'accept-language' => 'zh-CN,zh;q=0.8,en-US;q=0.5,en;q=0.3',
  'accept' => 'text/html,application/xhtml+xml,application/xml;q=0.9,*/*;q=0.8',
  'user-agent' => 'Mozilla/5.0 (Windows NT 6.1; WOW64; rv:49.0) Gecko/20100101 Firefox/49.0',
  'host' => '127.0.0.1',
)
[ info ] [ PARAM ] array (
)
[ info ] [ SESSION ] INIT array (
  'id' => '',
  'var_session_id' => '',
  'prefix' => 'think',
  'type' => '',
  'auto_start' => true,
)
[ info ] [ RUN ] app\admin\controller\cate->lst[ F:\phpStudy\WWW\bick\application\admin\controller\Cate.php ]
[ info ] [ DB ] INIT mysql
[ info ] [ VIEW ] F:\phpStudy\WWW\bick\public/../application/admin\view\cate\lst.htm [ array (
  0 => 'cateres',
) ]
[ info ] [ LOG ] INIT File
[ sql ] [ DB ] CONNECT:[ UseTime:0.011001s ] mysql:dbname=bick;host=127.0.0.1;charset=utf8
[ sql ] [ SQL ] SHOW COLUMNS FROM `bk_cate` [ RunTime:0.013001s ]
[ sql ] [ SQL ] SELECT * FROM `bk_cate` ORDER BY sort desc  [ RunTime:0.000000s ]

---------------------------------------------------------------
[ 2016-11-30T13:27:46+08:00 ] 127.0.0.1 127.0.0.1 GET /bick/public/index.php/admin/article/lst.html
[ log ] 127.0.0.1/bick/public/index.php/admin/article/lst.html [运行时间：0.051003s][吞吐率：19.61req/s] [内存消耗：1,915.06kb] [文件加载：58]
[ info ] [ LANG ] F:\phpStudy\WWW\bick\thinkphp\lang\zh-cn.php
[ info ] [ ROUTE ] array (
  'type' => 'module',
  'module' => 
  array (
    0 => 'admin',
    1 => 'article',
    2 => 'lst',
  ),
)
[ info ] [ HEADER ] array (
  'upgrade-insecure-requests' => '1',
  'connection' => 'close',
  'cookie' => 'Hm_lvt_d7e112eaeea65921aeaadcc0af8f2853=1479379831,1479566738,1479645572,1479721473; PHPSESSID=3ij70gmjnevfvl50rg464jfie6',
  'referer' => 'http://127.0.0.1/bick/public/index.php/admin/cate/lst.html',
  'accept-encoding' => 'gzip, deflate',
  'accept-language' => 'zh-CN,zh;q=0.8,en-US;q=0.5,en;q=0.3',
  'accept' => 'text/html,application/xhtml+xml,application/xml;q=0.9,*/*;q=0.8',
  'user-agent' => 'Mozilla/5.0 (Windows NT 6.1; WOW64; rv:49.0) Gecko/20100101 Firefox/49.0',
  'host' => '127.0.0.1',
)
[ info ] [ PARAM ] array (
)
[ info ] [ SESSION ] INIT array (
  'id' => '',
  'var_session_id' => '',
  'prefix' => 'think',
  'type' => '',
  'auto_start' => true,
)
[ info ] [ RUN ] app\admin\controller\Article->lst[ F:\phpStudy\WWW\bick\application\admin\controller\Article.php ]
[ info ] [ DB ] INIT mysql
[ info ] [ VIEW ] F:\phpStudy\WWW\bick\public/../application/admin\view\article\lst.htm [ array (
  0 => 'artres',
) ]
[ info ] [ LOG ] INIT File
[ sql ] [ DB ] CONNECT:[ UseTime:0.010000s ] mysql:dbname=bick;host=127.0.0.1;charset=utf8
[ sql ] [ SQL ] SHOW COLUMNS FROM `bk_article` [ RunTime:0.012001s ]
[ sql ] [ SQL ] SELECT COUNT(*) AS tp_count FROM `bk_article` `a` INNER JOIN `bk_cate` `b` ON `a`.`cateid`=`b`.`id` LIMIT 1   [ RunTime:0.001000s ]
[ sql ] [ SQL ] SELECT `a`.*,`b`.`catename` FROM `bk_article` `a` INNER JOIN `bk_cate` `b` ON `a`.`cateid`=`b`.`id` LIMIT 0,2   [ RunTime:0.000000s ]

---------------------------------------------------------------
[ 2016-11-30T13:28:08+08:00 ] 127.0.0.1 127.0.0.1 GET /bick/public/index.php/admin/article/add.html
[ log ] 127.0.0.1/bick/public/index.php/admin/article/add.html [运行时间：0.063004s][吞吐率：15.87req/s] [内存消耗：2,004.61kb] [文件加载：56]
[ info ] [ LANG ] F:\phpStudy\WWW\bick\thinkphp\lang\zh-cn.php
[ info ] [ ROUTE ] array (
  'type' => 'module',
  'module' => 
  array (
    0 => 'admin',
    1 => 'article',
    2 => 'add',
  ),
)
[ info ] [ HEADER ] array (
  'upgrade-insecure-requests' => '1',
  'connection' => 'close',
  'cookie' => 'Hm_lvt_d7e112eaeea65921aeaadcc0af8f2853=1479379831,1479566738,1479645572,1479721473; PHPSESSID=3ij70gmjnevfvl50rg464jfie6',
  'referer' => 'http://127.0.0.1/bick/public/index.php/admin/article/lst.html',
  'accept-encoding' => 'gzip, deflate',
  'accept-language' => 'zh-CN,zh;q=0.8,en-US;q=0.5,en;q=0.3',
  'accept' => 'text/html,application/xhtml+xml,application/xml;q=0.9,*/*;q=0.8',
  'user-agent' => 'Mozilla/5.0 (Windows NT 6.1; WOW64; rv:49.0) Gecko/20100101 Firefox/49.0',
  'host' => '127.0.0.1',
)
[ info ] [ PARAM ] array (
)
[ info ] [ SESSION ] INIT array (
  'id' => '',
  'var_session_id' => '',
  'prefix' => 'think',
  'type' => '',
  'auto_start' => true,
)
[ info ] [ RUN ] app\admin\controller\Article->add[ F:\phpStudy\WWW\bick\application\admin\controller\Article.php ]
[ info ] [ DB ] INIT mysql
[ info ] [ VIEW ] F:\phpStudy\WWW\bick\public/../application/admin\view\article\add.htm [ array (
  0 => 'cateres',
) ]
[ info ] [ LOG ] INIT File
[ sql ] [ DB ] CONNECT:[ UseTime:0.001000s ] mysql:dbname=bick;host=127.0.0.1;charset=utf8
[ sql ] [ SQL ] SHOW COLUMNS FROM `bk_cate` [ RunTime:0.015001s ]
[ sql ] [ SQL ] SELECT * FROM `bk_cate` ORDER BY sort desc  [ RunTime:0.000000s ]

---------------------------------------------------------------
[ 2016-11-30T13:28:23+08:00 ] 127.0.0.1 127.0.0.1 POST /bick/public/index.php/admin/article/add.html
[ log ] 127.0.0.1/bick/public/index.php/admin/article/add.html [运行时间：0.073004s][吞吐率：13.70req/s] [内存消耗：2,054.99kb] [文件加载：57]
[ info ] [ LANG ] F:\phpStudy\WWW\bick\thinkphp\lang\zh-cn.php
[ info ] [ ROUTE ] array (
  'type' => 'module',
  'module' => 
  array (
    0 => 'admin',
    1 => 'article',
    2 => 'add',
  ),
)
[ info ] [ HEADER ] array (
  'content-length' => '43809',
  'content-type' => 'multipart/form-data; boundary=---------------------------154682352213181',
  'upgrade-insecure-requests' => '1',
  'connection' => 'close',
  'cookie' => 'Hm_lvt_d7e112eaeea65921aeaadcc0af8f2853=1479379831,1479566738,1479645572,1479721473; PHPSESSID=3ij70gmjnevfvl50rg464jfie6',
  'referer' => 'http://127.0.0.1/bick/public/index.php/admin/article/add.html',
  'accept-encoding' => 'gzip, deflate',
  'accept-language' => 'zh-CN,zh;q=0.8,en-US;q=0.5,en;q=0.3',
  'accept' => 'text/html,application/xhtml+xml,application/xml;q=0.9,*/*;q=0.8',
  'user-agent' => 'Mozilla/5.0 (Windows NT 6.1; WOW64; rv:49.0) Gecko/20100101 Firefox/49.0',
  'host' => '127.0.0.1',
)
[ info ] [ PARAM ] array (
  'title' => '1',
  'author' => '1',
  'keywords' => '1',
  'desc' => '1',
  'cateid' => '13',
  'content' => '<p>1111<br/></p>',
)
[ info ] [ SESSION ] INIT array (
  'id' => '',
  'var_session_id' => '',
  'prefix' => 'think',
  'type' => '',
  'auto_start' => true,
)
[ info ] [ RUN ] app\admin\controller\Article->add[ F:\phpStudy\WWW\bick\application\admin\controller\Article.php ]
[ info ] [ DB ] INIT mysql
[ info ] [ VIEW ] F:\phpStudy\WWW\bick\thinkphp\tpl\dispatch_jump.tpl [ array (
  0 => 'code',
  1 => 'msg',
  2 => 'data',
  3 => 'url',
  4 => 'wait',
) ]
[ info ] [ LOG ] INIT File
[ sql ] [ DB ] CONNECT:[ UseTime:0.002000s ] mysql:dbname=bick;host=127.0.0.1;charset=utf8
[ sql ] [ SQL ] SHOW COLUMNS FROM `bk_article` [ RunTime:0.020001s ]
[ sql ] [ SQL ] INSERT INTO `bk_article` (`title` , `author` , `keywords` , `desc` , `cateid` , `content` , `thumb`) VALUES ('1' , '1' , '1' , '1' , 13 , '<p>1111<br/></p>' , '/bick/public\\uploads/20161130\\633b6ebf54ece3267cdf4ee44661f750.png')         [ RunTime:0.001000s ]

---------------------------------------------------------------
[ 2016-11-30T13:28:26+08:00 ] 127.0.0.1 127.0.0.1 GET /bick/public/index.php/admin/article/lst.html
[ log ] 127.0.0.1/bick/public/index.php/admin/article/lst.html [运行时间：0.066004s][吞吐率：15.15req/s] [内存消耗：1,917.24kb] [文件加载：58]
[ info ] [ LANG ] F:\phpStudy\WWW\bick\thinkphp\lang\zh-cn.php
[ info ] [ ROUTE ] array (
  'type' => 'module',
  'module' => 
  array (
    0 => 'admin',
    1 => 'article',
    2 => 'lst',
  ),
)
[ info ] [ HEADER ] array (
  'upgrade-insecure-requests' => '1',
  'connection' => 'close',
  'cookie' => 'Hm_lvt_d7e112eaeea65921aeaadcc0af8f2853=1479379831,1479566738,1479645572,1479721473; PHPSESSID=3ij70gmjnevfvl50rg464jfie6',
  'referer' => 'http://127.0.0.1/bick/public/index.php/admin/article/add.html',
  'accept-encoding' => 'gzip, deflate',
  'accept-language' => 'zh-CN,zh;q=0.8,en-US;q=0.5,en;q=0.3',
  'accept' => 'text/html,application/xhtml+xml,application/xml;q=0.9,*/*;q=0.8',
  'user-agent' => 'Mozilla/5.0 (Windows NT 6.1; WOW64; rv:49.0) Gecko/20100101 Firefox/49.0',
  'host' => '127.0.0.1',
)
[ info ] [ PARAM ] array (
)
[ info ] [ SESSION ] INIT array (
  'id' => '',
  'var_session_id' => '',
  'prefix' => 'think',
  'type' => '',
  'auto_start' => true,
)
[ info ] [ RUN ] app\admin\controller\Article->lst[ F:\phpStudy\WWW\bick\application\admin\controller\Article.php ]
[ info ] [ DB ] INIT mysql
[ info ] [ VIEW ] F:\phpStudy\WWW\bick\public/../application/admin\view\article\lst.htm [ array (
  0 => 'artres',
) ]
[ info ] [ LOG ] INIT File
[ sql ] [ DB ] CONNECT:[ UseTime:0.000000s ] mysql:dbname=bick;host=127.0.0.1;charset=utf8
[ sql ] [ SQL ] SHOW COLUMNS FROM `bk_article` [ RunTime:0.020001s ]
[ sql ] [ SQL ] SELECT COUNT(*) AS tp_count FROM `bk_article` `a` INNER JOIN `bk_cate` `b` ON `a`.`cateid`=`b`.`id` LIMIT 1   [ RunTime:0.000000s ]
[ sql ] [ SQL ] SELECT `a`.*,`b`.`catename` FROM `bk_article` `a` INNER JOIN `bk_cate` `b` ON `a`.`cateid`=`b`.`id` LIMIT 0,2   [ RunTime:0.001000s ]

---------------------------------------------------------------
[ 2016-11-30T13:28:27+08:00 ] 127.0.0.1 127.0.0.1 GET /bick/public/index.php/admin/article/add.html
[ log ] 127.0.0.1/bick/public/index.php/admin/article/add.html [运行时间：0.071004s][吞吐率：14.08req/s] [内存消耗：2,004.61kb] [文件加载：56]
[ info ] [ LANG ] F:\phpStudy\WWW\bick\thinkphp\lang\zh-cn.php
[ info ] [ ROUTE ] array (
  'type' => 'module',
  'module' => 
  array (
    0 => 'admin',
    1 => 'article',
    2 => 'add',
  ),
)
[ info ] [ HEADER ] array (
  'upgrade-insecure-requests' => '1',
  'connection' => 'close',
  'cookie' => 'Hm_lvt_d7e112eaeea65921aeaadcc0af8f2853=1479379831,1479566738,1479645572,1479721473; PHPSESSID=3ij70gmjnevfvl50rg464jfie6',
  'referer' => 'http://127.0.0.1/bick/public/index.php/admin/article/lst.html',
  'accept-encoding' => 'gzip, deflate',
  'accept-language' => 'zh-CN,zh;q=0.8,en-US;q=0.5,en;q=0.3',
  'accept' => 'text/html,application/xhtml+xml,application/xml;q=0.9,*/*;q=0.8',
  'user-agent' => 'Mozilla/5.0 (Windows NT 6.1; WOW64; rv:49.0) Gecko/20100101 Firefox/49.0',
  'host' => '127.0.0.1',
)
[ info ] [ PARAM ] array (
)
[ info ] [ SESSION ] INIT array (
  'id' => '',
  'var_session_id' => '',
  'prefix' => 'think',
  'type' => '',
  'auto_start' => true,
)
[ info ] [ RUN ] app\admin\controller\Article->add[ F:\phpStudy\WWW\bick\application\admin\controller\Article.php ]
[ info ] [ DB ] INIT mysql
[ info ] [ VIEW ] F:\phpStudy\WWW\bick\public/../application/admin\view\article\add.htm [ array (
  0 => 'cateres',
) ]
[ info ] [ LOG ] INIT File
[ sql ] [ DB ] CONNECT:[ UseTime:0.001000s ] mysql:dbname=bick;host=127.0.0.1;charset=utf8
[ sql ] [ SQL ] SHOW COLUMNS FROM `bk_cate` [ RunTime:0.021001s ]
[ sql ] [ SQL ] SELECT * FROM `bk_cate` ORDER BY sort desc  [ RunTime:0.002000s ]

---------------------------------------------------------------
[ 2016-11-30T13:28:39+08:00 ] 127.0.0.1 127.0.0.1 POST /bick/public/index.php/admin/article/add.html
[ log ] 127.0.0.1/bick/public/index.php/admin/article/add.html [运行时间：0.086005s][吞吐率：11.63req/s] [内存消耗：2,055.00kb] [文件加载：57]
[ info ] [ LANG ] F:\phpStudy\WWW\bick\thinkphp\lang\zh-cn.php
[ info ] [ ROUTE ] array (
  'type' => 'module',
  'module' => 
  array (
    0 => 'admin',
    1 => 'article',
    2 => 'add',
  ),
)
[ info ] [ HEADER ] array (
  'content-length' => '37491',
  'content-type' => 'multipart/form-data; boundary=---------------------------18083193307525',
  'upgrade-insecure-requests' => '1',
  'connection' => 'close',
  'cookie' => 'Hm_lvt_d7e112eaeea65921aeaadcc0af8f2853=1479379831,1479566738,1479645572,1479721473; PHPSESSID=3ij70gmjnevfvl50rg464jfie6',
  'referer' => 'http://127.0.0.1/bick/public/index.php/admin/article/add.html',
  'accept-encoding' => 'gzip, deflate',
  'accept-language' => 'zh-CN,zh;q=0.8,en-US;q=0.5,en;q=0.3',
  'accept' => 'text/html,application/xhtml+xml,application/xml;q=0.9,*/*;q=0.8',
  'user-agent' => 'Mozilla/5.0 (Windows NT 6.1; WOW64; rv:49.0) Gecko/20100101 Firefox/49.0',
  'host' => '127.0.0.1',
)
[ info ] [ PARAM ] array (
  'title' => '2',
  'author' => '2',
  'keywords' => '2',
  'desc' => '2',
  'cateid' => '14',
  'content' => '<p>2<br/></p>',
)
[ info ] [ SESSION ] INIT array (
  'id' => '',
  'var_session_id' => '',
  'prefix' => 'think',
  'type' => '',
  'auto_start' => true,
)
[ info ] [ RUN ] app\admin\controller\Article->add[ F:\phpStudy\WWW\bick\application\admin\controller\Article.php ]
[ info ] [ DB ] INIT mysql
[ info ] [ VIEW ] F:\phpStudy\WWW\bick\thinkphp\tpl\dispatch_jump.tpl [ array (
  0 => 'code',
  1 => 'msg',
  2 => 'data',
  3 => 'url',
  4 => 'wait',
) ]
[ info ] [ LOG ] INIT File
[ sql ] [ DB ] CONNECT:[ UseTime:0.010000s ] mysql:dbname=bick;host=127.0.0.1;charset=utf8
[ sql ] [ SQL ] SHOW COLUMNS FROM `bk_article` [ RunTime:0.015001s ]
[ sql ] [ SQL ] INSERT INTO `bk_article` (`title` , `author` , `keywords` , `desc` , `cateid` , `content` , `thumb`) VALUES ('2' , '2' , '2' , '2' , 14 , '<p>2<br/></p>' , '/bick/public\\uploads/20161130\\b156c6f2f4cee27157e31a89a689efd5.png')         [ RunTime:0.000000s ]

---------------------------------------------------------------
[ 2016-11-30T13:28:42+08:00 ] 127.0.0.1 127.0.0.1 GET /bick/public/index.php/admin/article/lst.html
[ log ] 127.0.0.1/bick/public/index.php/admin/article/lst.html [运行时间：0.082005s][吞吐率：12.19req/s] [内存消耗：1,919.27kb] [文件加载：58]
[ info ] [ LANG ] F:\phpStudy\WWW\bick\thinkphp\lang\zh-cn.php
[ info ] [ ROUTE ] array (
  'type' => 'module',
  'module' => 
  array (
    0 => 'admin',
    1 => 'article',
    2 => 'lst',
  ),
)
[ info ] [ HEADER ] array (
  'upgrade-insecure-requests' => '1',
  'connection' => 'close',
  'cookie' => 'Hm_lvt_d7e112eaeea65921aeaadcc0af8f2853=1479379831,1479566738,1479645572,1479721473; PHPSESSID=3ij70gmjnevfvl50rg464jfie6',
  'referer' => 'http://127.0.0.1/bick/public/index.php/admin/article/add.html',
  'accept-encoding' => 'gzip, deflate',
  'accept-language' => 'zh-CN,zh;q=0.8,en-US;q=0.5,en;q=0.3',
  'accept' => 'text/html,application/xhtml+xml,application/xml;q=0.9,*/*;q=0.8',
  'user-agent' => 'Mozilla/5.0 (Windows NT 6.1; WOW64; rv:49.0) Gecko/20100101 Firefox/49.0',
  'host' => '127.0.0.1',
)
[ info ] [ PARAM ] array (
)
[ info ] [ SESSION ] INIT array (
  'id' => '',
  'var_session_id' => '',
  'prefix' => 'think',
  'type' => '',
  'auto_start' => true,
)
[ info ] [ RUN ] app\admin\controller\Article->lst[ F:\phpStudy\WWW\bick\application\admin\controller\Article.php ]
[ info ] [ DB ] INIT mysql
[ info ] [ VIEW ] F:\phpStudy\WWW\bick\public/../application/admin\view\article\lst.htm [ array (
  0 => 'artres',
) ]
[ info ] [ LOG ] INIT File
[ sql ] [ DB ] CONNECT:[ UseTime:0.000000s ] mysql:dbname=bick;host=127.0.0.1;charset=utf8
[ sql ] [ SQL ] SHOW COLUMNS FROM `bk_article` [ RunTime:0.015001s ]
[ sql ] [ SQL ] SELECT COUNT(*) AS tp_count FROM `bk_article` `a` INNER JOIN `bk_cate` `b` ON `a`.`cateid`=`b`.`id` LIMIT 1   [ RunTime:0.001000s ]
[ sql ] [ SQL ] SELECT `a`.*,`b`.`catename` FROM `bk_article` `a` INNER JOIN `bk_cate` `b` ON `a`.`cateid`=`b`.`id` LIMIT 0,2   [ RunTime:0.000000s ]

---------------------------------------------------------------
[ 2016-11-30T13:29:05+08:00 ] 127.0.0.1 127.0.0.1 GET /bick/public/index.php/admin/article/add.html
[ log ] 127.0.0.1/bick/public/index.php/admin/article/add.html [运行时间：0.072004s][吞吐率：13.89req/s] [内存消耗：2,004.61kb] [文件加载：56]
[ info ] [ LANG ] F:\phpStudy\WWW\bick\thinkphp\lang\zh-cn.php
[ info ] [ ROUTE ] array (
  'type' => 'module',
  'module' => 
  array (
    0 => 'admin',
    1 => 'article',
    2 => 'add',
  ),
)
[ info ] [ HEADER ] array (
  'upgrade-insecure-requests' => '1',
  'connection' => 'close',
  'cookie' => 'Hm_lvt_d7e112eaeea65921aeaadcc0af8f2853=1479379831,1479566738,1479645572,1479721473; PHPSESSID=3ij70gmjnevfvl50rg464jfie6',
  'referer' => 'http://127.0.0.1/bick/public/index.php/admin/article/lst.html',
  'accept-encoding' => 'gzip, deflate',
  'accept-language' => 'zh-CN,zh;q=0.8,en-US;q=0.5,en;q=0.3',
  'accept' => 'text/html,application/xhtml+xml,application/xml;q=0.9,*/*;q=0.8',
  'user-agent' => 'Mozilla/5.0 (Windows NT 6.1; WOW64; rv:49.0) Gecko/20100101 Firefox/49.0',
  'host' => '127.0.0.1',
)
[ info ] [ PARAM ] array (
)
[ info ] [ SESSION ] INIT array (
  'id' => '',
  'var_session_id' => '',
  'prefix' => 'think',
  'type' => '',
  'auto_start' => true,
)
[ info ] [ RUN ] app\admin\controller\Article->add[ F:\phpStudy\WWW\bick\application\admin\controller\Article.php ]
[ info ] [ DB ] INIT mysql
[ info ] [ VIEW ] F:\phpStudy\WWW\bick\public/../application/admin\view\article\add.htm [ array (
  0 => 'cateres',
) ]
[ info ] [ LOG ] INIT File
[ sql ] [ DB ] CONNECT:[ UseTime:0.001000s ] mysql:dbname=bick;host=127.0.0.1;charset=utf8
[ sql ] [ SQL ] SHOW COLUMNS FROM `bk_cate` [ RunTime:0.017001s ]
[ sql ] [ SQL ] SELECT * FROM `bk_cate` ORDER BY sort desc  [ RunTime:0.000000s ]

---------------------------------------------------------------
[ 2016-11-30T13:29:16+08:00 ] 127.0.0.1 127.0.0.1 POST /bick/public/index.php/admin/article/add.html
[ log ] 127.0.0.1/bick/public/index.php/admin/article/add.html [运行时间：0.094006s][吞吐率：10.64req/s] [内存消耗：2,055.00kb] [文件加载：57]
[ info ] [ LANG ] F:\phpStudy\WWW\bick\thinkphp\lang\zh-cn.php
[ info ] [ ROUTE ] array (
  'type' => 'module',
  'module' => 
  array (
    0 => 'admin',
    1 => 'article',
    2 => 'add',
  ),
)
[ info ] [ HEADER ] array (
  'content-length' => '36300',
  'content-type' => 'multipart/form-data; boundary=---------------------------2967769031355',
  'upgrade-insecure-requests' => '1',
  'connection' => 'close',
  'cookie' => 'Hm_lvt_d7e112eaeea65921aeaadcc0af8f2853=1479379831,1479566738,1479645572,1479721473; PHPSESSID=3ij70gmjnevfvl50rg464jfie6',
  'referer' => 'http://127.0.0.1/bick/public/index.php/admin/article/add.html',
  'accept-encoding' => 'gzip, deflate',
  'accept-language' => 'zh-CN,zh;q=0.8,en-US;q=0.5,en;q=0.3',
  'accept' => 'text/html,application/xhtml+xml,application/xml;q=0.9,*/*;q=0.8',
  'user-agent' => 'Mozilla/5.0 (Windows NT 6.1; WOW64; rv:49.0) Gecko/20100101 Firefox/49.0',
  'host' => '127.0.0.1',
)
[ info ] [ PARAM ] array (
  'title' => '3',
  'author' => '3',
  'keywords' => '3',
  'desc' => '3',
  'cateid' => '15',
  'content' => '<p>3<br/></p>',
)
[ info ] [ SESSION ] INIT array (
  'id' => '',
  'var_session_id' => '',
  'prefix' => 'think',
  'type' => '',
  'auto_start' => true,
)
[ info ] [ RUN ] app\admin\controller\Article->add[ F:\phpStudy\WWW\bick\application\admin\controller\Article.php ]
[ info ] [ DB ] INIT mysql
[ info ] [ VIEW ] F:\phpStudy\WWW\bick\thinkphp\tpl\dispatch_jump.tpl [ array (
  0 => 'code',
  1 => 'msg',
  2 => 'data',
  3 => 'url',
  4 => 'wait',
) ]
[ info ] [ LOG ] INIT File
[ sql ] [ DB ] CONNECT:[ UseTime:0.001000s ] mysql:dbname=bick;host=127.0.0.1;charset=utf8
[ sql ] [ SQL ] SHOW COLUMNS FROM `bk_article` [ RunTime:0.014001s ]
[ sql ] [ SQL ] INSERT INTO `bk_article` (`title` , `author` , `keywords` , `desc` , `cateid` , `content` , `thumb`) VALUES ('3' , '3' , '3' , '3' , 15 , '<p>3<br/></p>' , '/bick/public\\uploads/20161130\\205a8bcd318b12d47714877088e1bae9.png')         [ RunTime:0.000000s ]

---------------------------------------------------------------
[ 2016-11-30T13:29:19+08:00 ] 127.0.0.1 127.0.0.1 GET /bick/public/index.php/admin/article/lst.html
[ log ] 127.0.0.1/bick/public/index.php/admin/article/lst.html [运行时间：0.080004s][吞吐率：12.50req/s] [内存消耗：1,919.80kb] [文件加载：58]
[ info ] [ LANG ] F:\phpStudy\WWW\bick\thinkphp\lang\zh-cn.php
[ info ] [ ROUTE ] array (
  'type' => 'module',
  'module' => 
  array (
    0 => 'admin',
    1 => 'article',
    2 => 'lst',
  ),
)
[ info ] [ HEADER ] array (
  'upgrade-insecure-requests' => '1',
  'connection' => 'close',
  'cookie' => 'Hm_lvt_d7e112eaeea65921aeaadcc0af8f2853=1479379831,1479566738,1479645572,1479721473; PHPSESSID=3ij70gmjnevfvl50rg464jfie6',
  'referer' => 'http://127.0.0.1/bick/public/index.php/admin/article/add.html',
  'accept-encoding' => 'gzip, deflate',
  'accept-language' => 'zh-CN,zh;q=0.8,en-US;q=0.5,en;q=0.3',
  'accept' => 'text/html,application/xhtml+xml,application/xml;q=0.9,*/*;q=0.8',
  'user-agent' => 'Mozilla/5.0 (Windows NT 6.1; WOW64; rv:49.0) Gecko/20100101 Firefox/49.0',
  'host' => '127.0.0.1',
)
[ info ] [ PARAM ] array (
)
[ info ] [ SESSION ] INIT array (
  'id' => '',
  'var_session_id' => '',
  'prefix' => 'think',
  'type' => '',
  'auto_start' => true,
)
[ info ] [ RUN ] app\admin\controller\Article->lst[ F:\phpStudy\WWW\bick\application\admin\controller\Article.php ]
[ info ] [ DB ] INIT mysql
[ info ] [ VIEW ] F:\phpStudy\WWW\bick\public/../application/admin\view\article\lst.htm [ array (
  0 => 'artres',
) ]
[ info ] [ LOG ] INIT File
[ sql ] [ DB ] CONNECT:[ UseTime:0.000000s ] mysql:dbname=bick;host=127.0.0.1;charset=utf8
[ sql ] [ SQL ] SHOW COLUMNS FROM `bk_article` [ RunTime:0.012001s ]
[ sql ] [ SQL ] SELECT COUNT(*) AS tp_count FROM `bk_article` `a` INNER JOIN `bk_cate` `b` ON `a`.`cateid`=`b`.`id` LIMIT 1   [ RunTime:0.000000s ]
[ sql ] [ SQL ] SELECT `a`.*,`b`.`catename` FROM `bk_article` `a` INNER JOIN `bk_cate` `b` ON `a`.`cateid`=`b`.`id` LIMIT 0,2   [ RunTime:0.001000s ]

---------------------------------------------------------------
[ 2016-11-30T13:35:51+08:00 ] 127.0.0.1 127.0.0.1 GET /bick/public/index.php/admin/article/lst.html
[ log ] 127.0.0.1/bick/public/index.php/admin/article/lst.html [运行时间：0.060003s][吞吐率：16.67req/s] [内存消耗：1,919.81kb] [文件加载：58]
[ info ] [ LANG ] F:\phpStudy\WWW\bick\thinkphp\lang\zh-cn.php
[ info ] [ ROUTE ] array (
  'type' => 'module',
  'module' => 
  array (
    0 => 'admin',
    1 => 'article',
    2 => 'lst',
  ),
)
[ info ] [ HEADER ] array (
  'cache-control' => 'max-age=0',
  'upgrade-insecure-requests' => '1',
  'connection' => 'close',
  'cookie' => 'Hm_lvt_d7e112eaeea65921aeaadcc0af8f2853=1479379831,1479566738,1479645572,1479721473; PHPSESSID=3ij70gmjnevfvl50rg464jfie6',
  'referer' => 'http://127.0.0.1/bick/public/index.php/admin/article/add.html',
  'accept-encoding' => 'gzip, deflate',
  'accept-language' => 'zh-CN,zh;q=0.8,en-US;q=0.5,en;q=0.3',
  'accept' => 'text/html,application/xhtml+xml,application/xml;q=0.9,*/*;q=0.8',
  'user-agent' => 'Mozilla/5.0 (Windows NT 6.1; WOW64; rv:49.0) Gecko/20100101 Firefox/49.0',
  'host' => '127.0.0.1',
)
[ info ] [ PARAM ] array (
)
[ info ] [ SESSION ] INIT array (
  'id' => '',
  'var_session_id' => '',
  'prefix' => 'think',
  'type' => '',
  'auto_start' => true,
)
[ info ] [ RUN ] app\admin\controller\Article->lst[ F:\phpStudy\WWW\bick\application\admin\controller\Article.php ]
[ info ] [ DB ] INIT mysql
[ info ] [ VIEW ] F:\phpStudy\WWW\bick\public/../application/admin\view\article\lst.htm [ array (
  0 => 'artres',
) ]
[ info ] [ LOG ] INIT File
[ sql ] [ DB ] CONNECT:[ UseTime:0.014001s ] mysql:dbname=bick;host=127.0.0.1;charset=utf8
[ sql ] [ SQL ] SHOW COLUMNS FROM `bk_article` [ RunTime:0.013001s ]
[ sql ] [ SQL ] SELECT COUNT(*) AS tp_count FROM `bk_article` `a` INNER JOIN `bk_cate` `b` ON `a`.`cateid`=`b`.`id` LIMIT 1   [ RunTime:0.001000s ]
[ sql ] [ SQL ] SELECT `a`.*,`b`.`catename` FROM `bk_article` `a` INNER JOIN `bk_cate` `b` ON `a`.`cateid`=`b`.`id` LIMIT 0,2   [ RunTime:0.001000s ]

---------------------------------------------------------------
[ 2016-11-30T13:35:54+08:00 ] 127.0.0.1 127.0.0.1 GET /bick/public/index.php/admin/cate/lst.html
[ log ] 127.0.0.1/bick/public/index.php/admin/cate/lst.html [运行时间：0.053003s][吞吐率：18.87req/s] [内存消耗：2,023.76kb] [文件加载：56]
[ info ] [ LANG ] F:\phpStudy\WWW\bick\thinkphp\lang\zh-cn.php
[ info ] [ ROUTE ] array (
  'type' => 'module',
  'module' => 
  array (
    0 => 'admin',
    1 => 'cate',
    2 => 'lst',
  ),
)
[ info ] [ HEADER ] array (
  'upgrade-insecure-requests' => '1',
  'connection' => 'close',
  'cookie' => 'Hm_lvt_d7e112eaeea65921aeaadcc0af8f2853=1479379831,1479566738,1479645572,1479721473; PHPSESSID=3ij70gmjnevfvl50rg464jfie6',
  'referer' => 'http://127.0.0.1/bick/public/index.php/admin/article/lst.html',
  'accept-encoding' => 'gzip, deflate',
  'accept-language' => 'zh-CN,zh;q=0.8,en-US;q=0.5,en;q=0.3',
  'accept' => 'text/html,application/xhtml+xml,application/xml;q=0.9,*/*;q=0.8',
  'user-agent' => 'Mozilla/5.0 (Windows NT 6.1; WOW64; rv:49.0) Gecko/20100101 Firefox/49.0',
  'host' => '127.0.0.1',
)
[ info ] [ PARAM ] array (
)
[ info ] [ SESSION ] INIT array (
  'id' => '',
  'var_session_id' => '',
  'prefix' => 'think',
  'type' => '',
  'auto_start' => true,
)
[ info ] [ RUN ] app\admin\controller\cate->lst[ F:\phpStudy\WWW\bick\application\admin\controller\Cate.php ]
[ info ] [ DB ] INIT mysql
[ info ] [ VIEW ] F:\phpStudy\WWW\bick\public/../application/admin\view\cate\lst.htm [ array (
  0 => 'cateres',
) ]
[ info ] [ LOG ] INIT File
[ sql ] [ DB ] CONNECT:[ UseTime:0.000000s ] mysql:dbname=bick;host=127.0.0.1;charset=utf8
[ sql ] [ SQL ] SHOW COLUMNS FROM `bk_cate` [ RunTime:0.012000s ]
[ sql ] [ SQL ] SELECT * FROM `bk_cate` ORDER BY sort desc  [ RunTime:0.000000s ]

---------------------------------------------------------------
[ 2016-11-30T13:36:17+08:00 ] 127.0.0.1 127.0.0.1 GET /bick/public/index.php/admin/cate/del/id/13.html
[ log ] 127.0.0.1/bick/public/index.php/admin/cate/del/id/13.html [运行时间：0.100006s][吞吐率：10.00req/s] [内存消耗：2,110.84kb] [文件加载：60]
[ info ] [ LANG ] F:\phpStudy\WWW\bick\thinkphp\lang\zh-cn.php
[ info ] [ ROUTE ] array (
  'type' => 'module',
  'module' => 
  array (
    0 => 'admin',
    1 => 'cate',
    2 => 'del',
  ),
)
[ info ] [ HEADER ] array (
  'upgrade-insecure-requests' => '1',
  'connection' => 'close',
  'cookie' => 'Hm_lvt_d7e112eaeea65921aeaadcc0af8f2853=1479379831,1479566738,1479645572,1479721473; PHPSESSID=3ij70gmjnevfvl50rg464jfie6',
  'referer' => 'http://127.0.0.1/bick/public/index.php/admin/cate/lst.html',
  'accept-encoding' => 'gzip, deflate',
  'accept-language' => 'zh-CN,zh;q=0.8,en-US;q=0.5,en;q=0.3',
  'accept' => 'text/html,application/xhtml+xml,application/xml;q=0.9,*/*;q=0.8',
  'user-agent' => 'Mozilla/5.0 (Windows NT 6.1; WOW64; rv:49.0) Gecko/20100101 Firefox/49.0',
  'host' => '127.0.0.1',
)
[ info ] [ PARAM ] array (
  'id' => '13',
)
[ info ] [ SESSION ] INIT array (
  'id' => '',
  'var_session_id' => '',
  'prefix' => 'think',
  'type' => '',
  'auto_start' => true,
)
[ info ] [ DB ] INIT mysql
[ info ] [ DB ] INIT mysql
[ info ] [ RUN ] app\admin\controller\cate->del[ F:\phpStudy\WWW\bick\application\admin\controller\Cate.php ]
[ info ] [ DB ] INIT mysql
[ info ] [ CACHE ] INIT File
[ info ] [ VIEW ] F:\phpStudy\WWW\bick\thinkphp\tpl\dispatch_jump.tpl [ array (
  0 => 'code',
  1 => 'msg',
  2 => 'data',
  3 => 'url',
  4 => 'wait',
) ]
[ info ] [ LOG ] INIT File
[ sql ] [ DB ] CONNECT:[ UseTime:0.011001s ] mysql:dbname=bick;host=127.0.0.1;charset=utf8
[ sql ] [ SQL ] SHOW COLUMNS FROM `bk_cate` [ RunTime:0.014001s ]
[ sql ] [ SQL ] SELECT * FROM `bk_cate`  [ RunTime:0.001000s ]
[ sql ] [ SQL ] SHOW COLUMNS FROM `bk_article` [ RunTime:0.011000s ]
[ sql ] [ SQL ] DELETE FROM `bk_article`    WHERE  `cateid` = 14    [ RunTime:0.002001s ]
[ sql ] [ SQL ] DELETE FROM `bk_article`    WHERE  `cateid` = 15    [ RunTime:0.000000s ]
[ sql ] [ SQL ] DELETE FROM `bk_article`    WHERE  `cateid` = 13    [ RunTime:0.000000s ]
[ sql ] [ DB ] CONNECT:[ UseTime:0.011000s ] mysql:dbname=bick;host=127.0.0.1;charset=utf8
[ sql ] [ SQL ] DELETE FROM `bk_cate`    WHERE  `id` IN (14,15)     [ RunTime:0.001000s ]
[ sql ] [ DB ] CONNECT:[ UseTime:0.001000s ] mysql:dbname=bick;host=127.0.0.1;charset=utf8
[ sql ] [ SQL ] DELETE FROM `bk_cate`    WHERE  `id` = 13    [ RunTime:0.000000s ]

---------------------------------------------------------------
[ 2016-11-30T13:36:20+08:00 ] 127.0.0.1 127.0.0.1 GET /bick/public/index.php/admin/cate/lst.html
[ log ] 127.0.0.1/bick/public/index.php/admin/cate/lst.html [运行时间：0.064004s][吞吐率：15.62req/s] [内存消耗：2,019.34kb] [文件加载：56]
[ info ] [ LANG ] F:\phpStudy\WWW\bick\thinkphp\lang\zh-cn.php
[ info ] [ ROUTE ] array (
  'type' => 'module',
  'module' => 
  array (
    0 => 'admin',
    1 => 'cate',
    2 => 'lst',
  ),
)
[ info ] [ HEADER ] array (
  'upgrade-insecure-requests' => '1',
  'connection' => 'close',
  'cookie' => 'Hm_lvt_d7e112eaeea65921aeaadcc0af8f2853=1479379831,1479566738,1479645572,1479721473; PHPSESSID=3ij70gmjnevfvl50rg464jfie6',
  'referer' => 'http://127.0.0.1/bick/public/index.php/admin/cate/del/id/13.html',
  'accept-encoding' => 'gzip, deflate',
  'accept-language' => 'zh-CN,zh;q=0.8,en-US;q=0.5,en;q=0.3',
  'accept' => 'text/html,application/xhtml+xml,application/xml;q=0.9,*/*;q=0.8',
  'user-agent' => 'Mozilla/5.0 (Windows NT 6.1; WOW64; rv:49.0) Gecko/20100101 Firefox/49.0',
  'host' => '127.0.0.1',
)
[ info ] [ PARAM ] array (
)
[ info ] [ SESSION ] INIT array (
  'id' => '',
  'var_session_id' => '',
  'prefix' => 'think',
  'type' => '',
  'auto_start' => true,
)
[ info ] [ RUN ] app\admin\controller\cate->lst[ F:\phpStudy\WWW\bick\application\admin\controller\Cate.php ]
[ info ] [ DB ] INIT mysql
[ info ] [ VIEW ] F:\phpStudy\WWW\bick\public/../application/admin\view\cate\lst.htm [ array (
  0 => 'cateres',
) ]
[ info ] [ LOG ] INIT File
[ sql ] [ DB ] CONNECT:[ UseTime:0.001000s ] mysql:dbname=bick;host=127.0.0.1;charset=utf8
[ sql ] [ SQL ] SHOW COLUMNS FROM `bk_cate` [ RunTime:0.011001s ]
[ sql ] [ SQL ] SELECT * FROM `bk_cate` ORDER BY sort desc  [ RunTime:0.000000s ]

---------------------------------------------------------------
[ 2016-11-30T13:40:08+08:00 ] 127.0.0.1 127.0.0.1 GET /bick/public/index.php/admin/cate/add.html
[ log ] 127.0.0.1/bick/public/index.php/admin/cate/add.html [运行时间：0.132008s][吞吐率：7.58req/s] [内存消耗：2,134.27kb] [文件加载：58]
[ info ] [ LANG ] F:\phpStudy\WWW\bick\thinkphp\lang\zh-cn.php
[ info ] [ ROUTE ] array (
  'type' => 'module',
  'module' => 
  array (
    0 => 'admin',
    1 => 'cate',
    2 => 'add',
  ),
)
[ info ] [ HEADER ] array (
  'upgrade-insecure-requests' => '1',
  'connection' => 'close',
  'cookie' => 'Hm_lvt_d7e112eaeea65921aeaadcc0af8f2853=1479379831,1479566738,1479645572,1479721473; PHPSESSID=3ij70gmjnevfvl50rg464jfie6',
  'referer' => 'http://127.0.0.1/bick/public/index.php/admin/cate/lst.html',
  'accept-encoding' => 'gzip, deflate',
  'accept-language' => 'zh-CN,zh;q=0.8,en-US;q=0.5,en;q=0.3',
  'accept' => 'text/html,application/xhtml+xml,application/xml;q=0.9,*/*;q=0.8',
  'user-agent' => 'Mozilla/5.0 (Windows NT 6.1; WOW64; rv:49.0) Gecko/20100101 Firefox/49.0',
  'host' => '127.0.0.1',
)
[ info ] [ PARAM ] array (
)
[ info ] [ SESSION ] INIT array (
  'id' => '',
  'var_session_id' => '',
  'prefix' => 'think',
  'type' => '',
  'auto_start' => true,
)
[ info ] [ RUN ] app\admin\controller\cate->add[ F:\phpStudy\WWW\bick\application\admin\controller\Cate.php ]
[ info ] [ DB ] INIT mysql
[ info ] [ VIEW ] F:\phpStudy\WWW\bick\public/../application/admin\view\cate\add.htm [ array (
  0 => 'cateres',
) ]
[ info ] [ LOG ] INIT File
[ sql ] [ DB ] CONNECT:[ UseTime:0.001000s ] mysql:dbname=bick;host=127.0.0.1;charset=utf8
[ sql ] [ SQL ] SHOW COLUMNS FROM `bk_cate` [ RunTime:0.014001s ]
[ sql ] [ SQL ] SELECT * FROM `bk_cate` ORDER BY sort desc  [ RunTime:0.001000s ]

---------------------------------------------------------------
[ 2016-11-30T13:40:19+08:00 ] 127.0.0.1 127.0.0.1 POST /bick/public/index.php/admin/cate/add.html
[ log ] 127.0.0.1/bick/public/index.php/admin/cate/add.html [运行时间：0.055003s][吞吐率：18.18req/s] [内存消耗：1,987.43kb] [文件加载：56]
[ info ] [ LANG ] F:\phpStudy\WWW\bick\thinkphp\lang\zh-cn.php
[ info ] [ ROUTE ] array (
  'type' => 'module',
  'module' => 
  array (
    0 => 'admin',
    1 => 'cate',
    2 => 'add',
  ),
)
[ info ] [ HEADER ] array (
  'content-length' => '40',
  'content-type' => 'application/x-www-form-urlencoded',
  'upgrade-insecure-requests' => '1',
  'connection' => 'close',
  'cookie' => 'Hm_lvt_d7e112eaeea65921aeaadcc0af8f2853=1479379831,1479566738,1479645572,1479721473; PHPSESSID=3ij70gmjnevfvl50rg464jfie6',
  'referer' => 'http://127.0.0.1/bick/public/index.php/admin/cate/add.html',
  'accept-encoding' => 'gzip, deflate',
  'accept-language' => 'zh-CN,zh;q=0.8,en-US;q=0.5,en;q=0.3',
  'accept' => 'text/html,application/xhtml+xml,application/xml;q=0.9,*/*;q=0.8',
  'user-agent' => 'Mozilla/5.0 (Windows NT 6.1; WOW64; rv:49.0) Gecko/20100101 Firefox/49.0',
  'host' => '127.0.0.1',
)
[ info ] [ PARAM ] array (
  'pid' => '0',
  'catename' => '中国',
  'type' => '1',
)
[ info ] [ SESSION ] INIT array (
  'id' => '',
  'var_session_id' => '',
  'prefix' => 'think',
  'type' => '',
  'auto_start' => true,
)
[ info ] [ RUN ] app\admin\controller\cate->add[ F:\phpStudy\WWW\bick\application\admin\controller\Cate.php ]
[ info ] [ DB ] INIT mysql
[ info ] [ VIEW ] F:\phpStudy\WWW\bick\thinkphp\tpl\dispatch_jump.tpl [ array (
  0 => 'code',
  1 => 'msg',
  2 => 'data',
  3 => 'url',
  4 => 'wait',
) ]
[ info ] [ LOG ] INIT File
[ sql ] [ DB ] CONNECT:[ UseTime:0.001000s ] mysql:dbname=bick;host=127.0.0.1;charset=utf8
[ sql ] [ SQL ] SHOW COLUMNS FROM `bk_cate` [ RunTime:0.011001s ]
[ sql ] [ SQL ] INSERT INTO `bk_cate` (`pid` , `catename` , `type`) VALUES (0 , '中国' , 1)     [ RunTime:0.001000s ]

---------------------------------------------------------------
[ 2016-11-30T13:40:22+08:00 ] 127.0.0.1 127.0.0.1 GET /bick/public/index.php/admin/cate/lst.html
[ log ] 127.0.0.1/bick/public/index.php/admin/cate/lst.html [运行时间：0.063004s][吞吐率：15.87req/s] [内存消耗：2,020.63kb] [文件加载：56]
[ info ] [ LANG ] F:\phpStudy\WWW\bick\thinkphp\lang\zh-cn.php
[ info ] [ ROUTE ] array (
  'type' => 'module',
  'module' => 
  array (
    0 => 'admin',
    1 => 'cate',
    2 => 'lst',
  ),
)
[ info ] [ HEADER ] array (
  'upgrade-insecure-requests' => '1',
  'connection' => 'close',
  'cookie' => 'Hm_lvt_d7e112eaeea65921aeaadcc0af8f2853=1479379831,1479566738,1479645572,1479721473; PHPSESSID=3ij70gmjnevfvl50rg464jfie6',
  'referer' => 'http://127.0.0.1/bick/public/index.php/admin/cate/add.html',
  'accept-encoding' => 'gzip, deflate',
  'accept-language' => 'zh-CN,zh;q=0.8,en-US;q=0.5,en;q=0.3',
  'accept' => 'text/html,application/xhtml+xml,application/xml;q=0.9,*/*;q=0.8',
  'user-agent' => 'Mozilla/5.0 (Windows NT 6.1; WOW64; rv:49.0) Gecko/20100101 Firefox/49.0',
  'host' => '127.0.0.1',
)
[ info ] [ PARAM ] array (
)
[ info ] [ SESSION ] INIT array (
  'id' => '',
  'var_session_id' => '',
  'prefix' => 'think',
  'type' => '',
  'auto_start' => true,
)
[ info ] [ RUN ] app\admin\controller\cate->lst[ F:\phpStudy\WWW\bick\application\admin\controller\Cate.php ]
[ info ] [ DB ] INIT mysql
[ info ] [ VIEW ] F:\phpStudy\WWW\bick\public/../application/admin\view\cate\lst.htm [ array (
  0 => 'cateres',
) ]
[ info ] [ LOG ] INIT File
[ sql ] [ DB ] CONNECT:[ UseTime:0.001000s ] mysql:dbname=bick;host=127.0.0.1;charset=utf8
[ sql ] [ SQL ] SHOW COLUMNS FROM `bk_cate` [ RunTime:0.012000s ]
[ sql ] [ SQL ] SELECT * FROM `bk_cate` ORDER BY sort desc  [ RunTime:0.000000s ]

---------------------------------------------------------------
[ 2016-11-30T13:40:25+08:00 ] 127.0.0.1 127.0.0.1 GET /bick/public/index.php/admin/cate/add.html
[ log ] 127.0.0.1/bick/public/index.php/admin/cate/add.html [运行时间：0.056004s][吞吐率：17.86req/s] [内存消耗：2,004.59kb] [文件加载：56]
[ info ] [ LANG ] F:\phpStudy\WWW\bick\thinkphp\lang\zh-cn.php
[ info ] [ ROUTE ] array (
  'type' => 'module',
  'module' => 
  array (
    0 => 'admin',
    1 => 'cate',
    2 => 'add',
  ),
)
[ info ] [ HEADER ] array (
  'upgrade-insecure-requests' => '1',
  'connection' => 'close',
  'cookie' => 'Hm_lvt_d7e112eaeea65921aeaadcc0af8f2853=1479379831,1479566738,1479645572,1479721473; PHPSESSID=3ij70gmjnevfvl50rg464jfie6',
  'referer' => 'http://127.0.0.1/bick/public/index.php/admin/cate/lst.html',
  'accept-encoding' => 'gzip, deflate',
  'accept-language' => 'zh-CN,zh;q=0.8,en-US;q=0.5,en;q=0.3',
  'accept' => 'text/html,application/xhtml+xml,application/xml;q=0.9,*/*;q=0.8',
  'user-agent' => 'Mozilla/5.0 (Windows NT 6.1; WOW64; rv:49.0) Gecko/20100101 Firefox/49.0',
  'host' => '127.0.0.1',
)
[ info ] [ PARAM ] array (
)
[ info ] [ SESSION ] INIT array (
  'id' => '',
  'var_session_id' => '',
  'prefix' => 'think',
  'type' => '',
  'auto_start' => true,
)
[ info ] [ RUN ] app\admin\controller\cate->add[ F:\phpStudy\WWW\bick\application\admin\controller\Cate.php ]
[ info ] [ DB ] INIT mysql
[ info ] [ VIEW ] F:\phpStudy\WWW\bick\public/../application/admin\view\cate\add.htm [ array (
  0 => 'cateres',
) ]
[ info ] [ LOG ] INIT File
[ sql ] [ DB ] CONNECT:[ UseTime:0.001000s ] mysql:dbname=bick;host=127.0.0.1;charset=utf8
[ sql ] [ SQL ] SHOW COLUMNS FROM `bk_cate` [ RunTime:0.006000s ]
[ sql ] [ SQL ] SELECT * FROM `bk_cate` ORDER BY sort desc  [ RunTime:0.000000s ]

---------------------------------------------------------------
[ 2016-11-30T13:40:26+08:00 ] 127.0.0.1 127.0.0.1 GET /bick/public/index.php/admin/article/lst.html
[ log ] 127.0.0.1/bick/public/index.php/admin/article/lst.html [运行时间：0.060004s][吞吐率：16.67req/s] [内存消耗：1,915.06kb] [文件加载：58]
[ info ] [ LANG ] F:\phpStudy\WWW\bick\thinkphp\lang\zh-cn.php
[ info ] [ ROUTE ] array (
  'type' => 'module',
  'module' => 
  array (
    0 => 'admin',
    1 => 'article',
    2 => 'lst',
  ),
)
[ info ] [ HEADER ] array (
  'upgrade-insecure-requests' => '1',
  'connection' => 'close',
  'cookie' => 'Hm_lvt_d7e112eaeea65921aeaadcc0af8f2853=1479379831,1479566738,1479645572,1479721473; PHPSESSID=3ij70gmjnevfvl50rg464jfie6',
  'referer' => 'http://127.0.0.1/bick/public/index.php/admin/cate/add.html',
  'accept-encoding' => 'gzip, deflate',
  'accept-language' => 'zh-CN,zh;q=0.8,en-US;q=0.5,en;q=0.3',
  'accept' => 'text/html,application/xhtml+xml,application/xml;q=0.9,*/*;q=0.8',
  'user-agent' => 'Mozilla/5.0 (Windows NT 6.1; WOW64; rv:49.0) Gecko/20100101 Firefox/49.0',
  'host' => '127.0.0.1',
)
[ info ] [ PARAM ] array (
)
[ info ] [ SESSION ] INIT array (
  'id' => '',
  'var_session_id' => '',
  'prefix' => 'think',
  'type' => '',
  'auto_start' => true,
)
[ info ] [ RUN ] app\admin\controller\Article->lst[ F:\phpStudy\WWW\bick\application\admin\controller\Article.php ]
[ info ] [ DB ] INIT mysql
[ info ] [ VIEW ] F:\phpStudy\WWW\bick\public/../application/admin\view\article\lst.htm [ array (
  0 => 'artres',
) ]
[ info ] [ LOG ] INIT File
[ sql ] [ DB ] CONNECT:[ UseTime:0.000000s ] mysql:dbname=bick;host=127.0.0.1;charset=utf8
[ sql ] [ SQL ] SHOW COLUMNS FROM `bk_article` [ RunTime:0.012000s ]
[ sql ] [ SQL ] SELECT COUNT(*) AS tp_count FROM `bk_article` `a` INNER JOIN `bk_cate` `b` ON `a`.`cateid`=`b`.`id` LIMIT 1   [ RunTime:0.000000s ]
[ sql ] [ SQL ] SELECT `a`.*,`b`.`catename` FROM `bk_article` `a` INNER JOIN `bk_cate` `b` ON `a`.`cateid`=`b`.`id` LIMIT 0,2   [ RunTime:0.000000s ]

---------------------------------------------------------------
[ 2016-11-30T13:40:27+08:00 ] 127.0.0.1 127.0.0.1 GET /bick/public/index.php/admin/article/add.html
[ log ] 127.0.0.1/bick/public/index.php/admin/article/add.html [运行时间：0.065004s][吞吐率：15.38req/s] [内存消耗：2,001.69kb] [文件加载：56]
[ info ] [ LANG ] F:\phpStudy\WWW\bick\thinkphp\lang\zh-cn.php
[ info ] [ ROUTE ] array (
  'type' => 'module',
  'module' => 
  array (
    0 => 'admin',
    1 => 'article',
    2 => 'add',
  ),
)
[ info ] [ HEADER ] array (
  'upgrade-insecure-requests' => '1',
  'connection' => 'close',
  'cookie' => 'Hm_lvt_d7e112eaeea65921aeaadcc0af8f2853=1479379831,1479566738,1479645572,1479721473; PHPSESSID=3ij70gmjnevfvl50rg464jfie6',
  'referer' => 'http://127.0.0.1/bick/public/index.php/admin/article/lst.html',
  'accept-encoding' => 'gzip, deflate',
  'accept-language' => 'zh-CN,zh;q=0.8,en-US;q=0.5,en;q=0.3',
  'accept' => 'text/html,application/xhtml+xml,application/xml;q=0.9,*/*;q=0.8',
  'user-agent' => 'Mozilla/5.0 (Windows NT 6.1; WOW64; rv:49.0) Gecko/20100101 Firefox/49.0',
  'host' => '127.0.0.1',
)
[ info ] [ PARAM ] array (
)
[ info ] [ SESSION ] INIT array (
  'id' => '',
  'var_session_id' => '',
  'prefix' => 'think',
  'type' => '',
  'auto_start' => true,
)
[ info ] [ RUN ] app\admin\controller\Article->add[ F:\phpStudy\WWW\bick\application\admin\controller\Article.php ]
[ info ] [ DB ] INIT mysql
[ info ] [ VIEW ] F:\phpStudy\WWW\bick\public/../application/admin\view\article\add.htm [ array (
  0 => 'cateres',
) ]
[ info ] [ LOG ] INIT File
[ sql ] [ DB ] CONNECT:[ UseTime:0.010001s ] mysql:dbname=bick;host=127.0.0.1;charset=utf8
[ sql ] [ SQL ] SHOW COLUMNS FROM `bk_cate` [ RunTime:0.012000s ]
[ sql ] [ SQL ] SELECT * FROM `bk_cate` ORDER BY sort desc  [ RunTime:0.001000s ]

---------------------------------------------------------------
[ 2016-11-30T13:40:40+08:00 ] 127.0.0.1 127.0.0.1 POST /bick/public/index.php/admin/article/add.html
[ log ] 127.0.0.1/bick/public/index.php/admin/article/add.html [运行时间：0.083005s][吞吐率：12.05req/s] [内存消耗：2,055.04kb] [文件加载：57]
[ info ] [ LANG ] F:\phpStudy\WWW\bick\thinkphp\lang\zh-cn.php
[ info ] [ ROUTE ] array (
  'type' => 'module',
  'module' => 
  array (
    0 => 'admin',
    1 => 'article',
    2 => 'add',
  ),
)
[ info ] [ HEADER ] array (
  'content-length' => '201393',
  'content-type' => 'multipart/form-data; boundary=---------------------------218281309828842',
  'upgrade-insecure-requests' => '1',
  'connection' => 'close',
  'cookie' => 'Hm_lvt_d7e112eaeea65921aeaadcc0af8f2853=1479379831,1479566738,1479645572,1479721473; PHPSESSID=3ij70gmjnevfvl50rg464jfie6',
  'referer' => 'http://127.0.0.1/bick/public/index.php/admin/article/add.html',
  'accept-encoding' => 'gzip, deflate',
  'accept-language' => 'zh-CN,zh;q=0.8,en-US;q=0.5,en;q=0.3',
  'accept' => 'text/html,application/xhtml+xml,application/xml;q=0.9,*/*;q=0.8',
  'user-agent' => 'Mozilla/5.0 (Windows NT 6.1; WOW64; rv:49.0) Gecko/20100101 Firefox/49.0',
  'host' => '127.0.0.1',
)
[ info ] [ PARAM ] array (
  'title' => '1',
  'author' => '1',
  'keywords' => '1',
  'desc' => '1',
  'cateid' => '22',
  'content' => '<p>1<br/></p>',
)
[ info ] [ SESSION ] INIT array (
  'id' => '',
  'var_session_id' => '',
  'prefix' => 'think',
  'type' => '',
  'auto_start' => true,
)
[ info ] [ RUN ] app\admin\controller\Article->add[ F:\phpStudy\WWW\bick\application\admin\controller\Article.php ]
[ info ] [ DB ] INIT mysql
[ info ] [ VIEW ] F:\phpStudy\WWW\bick\thinkphp\tpl\dispatch_jump.tpl [ array (
  0 => 'code',
  1 => 'msg',
  2 => 'data',
  3 => 'url',
  4 => 'wait',
) ]
[ info ] [ LOG ] INIT File
[ sql ] [ DB ] CONNECT:[ UseTime:0.001000s ] mysql:dbname=bick;host=127.0.0.1;charset=utf8
[ sql ] [ SQL ] SHOW COLUMNS FROM `bk_article` [ RunTime:0.015000s ]
[ sql ] [ SQL ] INSERT INTO `bk_article` (`title` , `author` , `keywords` , `desc` , `cateid` , `content` , `thumb`) VALUES ('1' , '1' , '1' , '1' , 22 , '<p>1<br/></p>' , '/bick/public\\uploads/20161130\\04158eac4c42699e4ecbabd4640fede1.png')         [ RunTime:0.000000s ]

---------------------------------------------------------------
[ 2016-11-30T13:40:44+08:00 ] 127.0.0.1 127.0.0.1 GET /bick/public/index.php/admin/article/lst.html
[ log ] 127.0.0.1/bick/public/index.php/admin/article/lst.html [运行时间：0.084005s][吞吐率：11.90req/s] [内存消耗：1,917.23kb] [文件加载：58]
[ info ] [ LANG ] F:\phpStudy\WWW\bick\thinkphp\lang\zh-cn.php
[ info ] [ ROUTE ] array (
  'type' => 'module',
  'module' => 
  array (
    0 => 'admin',
    1 => 'article',
    2 => 'lst',
  ),
)
[ info ] [ HEADER ] array (
  'upgrade-insecure-requests' => '1',
  'connection' => 'close',
  'cookie' => 'Hm_lvt_d7e112eaeea65921aeaadcc0af8f2853=1479379831,1479566738,1479645572,1479721473; PHPSESSID=3ij70gmjnevfvl50rg464jfie6',
  'referer' => 'http://127.0.0.1/bick/public/index.php/admin/article/add.html',
  'accept-encoding' => 'gzip, deflate',
  'accept-language' => 'zh-CN,zh;q=0.8,en-US;q=0.5,en;q=0.3',
  'accept' => 'text/html,application/xhtml+xml,application/xml;q=0.9,*/*;q=0.8',
  'user-agent' => 'Mozilla/5.0 (Windows NT 6.1; WOW64; rv:49.0) Gecko/20100101 Firefox/49.0',
  'host' => '127.0.0.1',
)
[ info ] [ PARAM ] array (
)
[ info ] [ SESSION ] INIT array (
  'id' => '',
  'var_session_id' => '',
  'prefix' => 'think',
  'type' => '',
  'auto_start' => true,
)
[ info ] [ RUN ] app\admin\controller\Article->lst[ F:\phpStudy\WWW\bick\application\admin\controller\Article.php ]
[ info ] [ DB ] INIT mysql
[ info ] [ VIEW ] F:\phpStudy\WWW\bick\public/../application/admin\view\article\lst.htm [ array (
  0 => 'artres',
) ]
[ info ] [ LOG ] INIT File
[ sql ] [ DB ] CONNECT:[ UseTime:0.001000s ] mysql:dbname=bick;host=127.0.0.1;charset=utf8
[ sql ] [ SQL ] SHOW COLUMNS FROM `bk_article` [ RunTime:0.015001s ]
[ sql ] [ SQL ] SELECT COUNT(*) AS tp_count FROM `bk_article` `a` INNER JOIN `bk_cate` `b` ON `a`.`cateid`=`b`.`id` LIMIT 1   [ RunTime:0.001000s ]
[ sql ] [ SQL ] SELECT `a`.*,`b`.`catename` FROM `bk_article` `a` INNER JOIN `bk_cate` `b` ON `a`.`cateid`=`b`.`id` LIMIT 0,2   [ RunTime:0.000000s ]

---------------------------------------------------------------
[ 2016-11-30T13:40:51+08:00 ] 127.0.0.1 127.0.0.1 GET /bick/public/index.php/admin/cate/lst.html
[ log ] 127.0.0.1/bick/public/index.php/admin/cate/lst.html [运行时间：0.073004s][吞吐率：13.70req/s] [内存消耗：2,020.63kb] [文件加载：56]
[ info ] [ LANG ] F:\phpStudy\WWW\bick\thinkphp\lang\zh-cn.php
[ info ] [ ROUTE ] array (
  'type' => 'module',
  'module' => 
  array (
    0 => 'admin',
    1 => 'cate',
    2 => 'lst',
  ),
)
[ info ] [ HEADER ] array (
  'upgrade-insecure-requests' => '1',
  'connection' => 'close',
  'cookie' => 'Hm_lvt_d7e112eaeea65921aeaadcc0af8f2853=1479379831,1479566738,1479645572,1479721473; PHPSESSID=3ij70gmjnevfvl50rg464jfie6',
  'referer' => 'http://127.0.0.1/bick/public/index.php/admin/article/lst.html',
  'accept-encoding' => 'gzip, deflate',
  'accept-language' => 'zh-CN,zh;q=0.8,en-US;q=0.5,en;q=0.3',
  'accept' => 'text/html,application/xhtml+xml,application/xml;q=0.9,*/*;q=0.8',
  'user-agent' => 'Mozilla/5.0 (Windows NT 6.1; WOW64; rv:49.0) Gecko/20100101 Firefox/49.0',
  'host' => '127.0.0.1',
)
[ info ] [ PARAM ] array (
)
[ info ] [ SESSION ] INIT array (
  'id' => '',
  'var_session_id' => '',
  'prefix' => 'think',
  'type' => '',
  'auto_start' => true,
)
[ info ] [ RUN ] app\admin\controller\cate->lst[ F:\phpStudy\WWW\bick\application\admin\controller\Cate.php ]
[ info ] [ DB ] INIT mysql
[ info ] [ VIEW ] F:\phpStudy\WWW\bick\public/../application/admin\view\cate\lst.htm [ array (
  0 => 'cateres',
) ]
[ info ] [ LOG ] INIT File
[ sql ] [ DB ] CONNECT:[ UseTime:0.011000s ] mysql:dbname=bick;host=127.0.0.1;charset=utf8
[ sql ] [ SQL ] SHOW COLUMNS FROM `bk_cate` [ RunTime:0.015001s ]
[ sql ] [ SQL ] SELECT * FROM `bk_cate` ORDER BY sort desc  [ RunTime:0.001000s ]

---------------------------------------------------------------
[ 2016-11-30T13:40:54+08:00 ] 127.0.0.1 127.0.0.1 GET /bick/public/index.php/admin/cate/del/id/22.html
[ log ] 127.0.0.1/bick/public/index.php/admin/cate/del/id/22.html [运行时间：0.087005s][吞吐率：11.49req/s] [内存消耗：2,095.27kb] [文件加载：60]
[ info ] [ LANG ] F:\phpStudy\WWW\bick\thinkphp\lang\zh-cn.php
[ info ] [ ROUTE ] array (
  'type' => 'module',
  'module' => 
  array (
    0 => 'admin',
    1 => 'cate',
    2 => 'del',
  ),
)
[ info ] [ HEADER ] array (
  'upgrade-insecure-requests' => '1',
  'connection' => 'close',
  'cookie' => 'Hm_lvt_d7e112eaeea65921aeaadcc0af8f2853=1479379831,1479566738,1479645572,1479721473; PHPSESSID=3ij70gmjnevfvl50rg464jfie6',
  'referer' => 'http://127.0.0.1/bick/public/index.php/admin/cate/lst.html',
  'accept-encoding' => 'gzip, deflate',
  'accept-language' => 'zh-CN,zh;q=0.8,en-US;q=0.5,en;q=0.3',
  'accept' => 'text/html,application/xhtml+xml,application/xml;q=0.9,*/*;q=0.8',
  'user-agent' => 'Mozilla/5.0 (Windows NT 6.1; WOW64; rv:49.0) Gecko/20100101 Firefox/49.0',
  'host' => '127.0.0.1',
)
[ info ] [ PARAM ] array (
  'id' => '22',
)
[ info ] [ SESSION ] INIT array (
  'id' => '',
  'var_session_id' => '',
  'prefix' => 'think',
  'type' => '',
  'auto_start' => true,
)
[ info ] [ DB ] INIT mysql
[ info ] [ RUN ] app\admin\controller\cate->del[ F:\phpStudy\WWW\bick\application\admin\controller\Cate.php ]
[ info ] [ DB ] INIT mysql
[ info ] [ CACHE ] INIT File
[ info ] [ VIEW ] F:\phpStudy\WWW\bick\thinkphp\tpl\dispatch_jump.tpl [ array (
  0 => 'code',
  1 => 'msg',
  2 => 'data',
  3 => 'url',
  4 => 'wait',
) ]
[ info ] [ LOG ] INIT File
[ sql ] [ DB ] CONNECT:[ UseTime:0.011000s ] mysql:dbname=bick;host=127.0.0.1;charset=utf8
[ sql ] [ SQL ] SHOW COLUMNS FROM `bk_cate` [ RunTime:0.018001s ]
[ sql ] [ SQL ] SELECT * FROM `bk_cate`  [ RunTime:0.000000s ]
[ sql ] [ SQL ] SHOW COLUMNS FROM `bk_article` [ RunTime:0.016001s ]
[ sql ] [ SQL ] DELETE FROM `bk_article`    WHERE  `cateid` = 22    [ RunTime:0.000000s ]
[ sql ] [ DB ] CONNECT:[ UseTime:0.000000s ] mysql:dbname=bick;host=127.0.0.1;charset=utf8
[ sql ] [ SQL ] DELETE FROM `bk_cate`    WHERE  `id` = 22    [ RunTime:0.001000s ]

---------------------------------------------------------------
[ 2016-11-30T13:40:57+08:00 ] 127.0.0.1 127.0.0.1 GET /bick/public/index.php/admin/cate/lst.html
[ log ] 127.0.0.1/bick/public/index.php/admin/cate/lst.html [运行时间：0.074004s][吞吐率：13.51req/s] [内存消耗：2,019.19kb] [文件加载：56]
[ info ] [ LANG ] F:\phpStudy\WWW\bick\thinkphp\lang\zh-cn.php
[ info ] [ ROUTE ] array (
  'type' => 'module',
  'module' => 
  array (
    0 => 'admin',
    1 => 'cate',
    2 => 'lst',
  ),
)
[ info ] [ HEADER ] array (
  'upgrade-insecure-requests' => '1',
  'connection' => 'close',
  'cookie' => 'Hm_lvt_d7e112eaeea65921aeaadcc0af8f2853=1479379831,1479566738,1479645572,1479721473; PHPSESSID=3ij70gmjnevfvl50rg464jfie6',
  'referer' => 'http://127.0.0.1/bick/public/index.php/admin/cate/del/id/22.html',
  'accept-encoding' => 'gzip, deflate',
  'accept-language' => 'zh-CN,zh;q=0.8,en-US;q=0.5,en;q=0.3',
  'accept' => 'text/html,application/xhtml+xml,application/xml;q=0.9,*/*;q=0.8',
  'user-agent' => 'Mozilla/5.0 (Windows NT 6.1; WOW64; rv:49.0) Gecko/20100101 Firefox/49.0',
  'host' => '127.0.0.1',
)
[ info ] [ PARAM ] array (
)
[ info ] [ SESSION ] INIT array (
  'id' => '',
  'var_session_id' => '',
  'prefix' => 'think',
  'type' => '',
  'auto_start' => true,
)
[ info ] [ RUN ] app\admin\controller\cate->lst[ F:\phpStudy\WWW\bick\application\admin\controller\Cate.php ]
[ info ] [ DB ] INIT mysql
[ info ] [ VIEW ] F:\phpStudy\WWW\bick\public/../application/admin\view\cate\lst.htm [ array (
  0 => 'cateres',
) ]
[ info ] [ LOG ] INIT File
[ sql ] [ DB ] CONNECT:[ UseTime:0.000000s ] mysql:dbname=bick;host=127.0.0.1;charset=utf8
[ sql ] [ SQL ] SHOW COLUMNS FROM `bk_cate` [ RunTime:0.012001s ]
[ sql ] [ SQL ] SELECT * FROM `bk_cate` ORDER BY sort desc  [ RunTime:0.000000s ]

---------------------------------------------------------------
[ 2016-11-30T13:41:08+08:00 ] 127.0.0.1 127.0.0.1 GET /bick/public/index.php/admin/article/lst.html
[ log ] 127.0.0.1/bick/public/index.php/admin/article/lst.html [运行时间：0.048003s][吞吐率：20.83req/s] [内存消耗：1,915.06kb] [文件加载：58]
[ info ] [ LANG ] F:\phpStudy\WWW\bick\thinkphp\lang\zh-cn.php
[ info ] [ ROUTE ] array (
  'type' => 'module',
  'module' => 
  array (
    0 => 'admin',
    1 => 'article',
    2 => 'lst',
  ),
)
[ info ] [ HEADER ] array (
  'upgrade-insecure-requests' => '1',
  'connection' => 'close',
  'cookie' => 'Hm_lvt_d7e112eaeea65921aeaadcc0af8f2853=1479379831,1479566738,1479645572,1479721473; PHPSESSID=3ij70gmjnevfvl50rg464jfie6',
  'referer' => 'http://127.0.0.1/bick/public/index.php/admin/cate/lst.html',
  'accept-encoding' => 'gzip, deflate',
  'accept-language' => 'zh-CN,zh;q=0.8,en-US;q=0.5,en;q=0.3',
  'accept' => 'text/html,application/xhtml+xml,application/xml;q=0.9,*/*;q=0.8',
  'user-agent' => 'Mozilla/5.0 (Windows NT 6.1; WOW64; rv:49.0) Gecko/20100101 Firefox/49.0',
  'host' => '127.0.0.1',
)
[ info ] [ PARAM ] array (
)
[ info ] [ SESSION ] INIT array (
  'id' => '',
  'var_session_id' => '',
  'prefix' => 'think',
  'type' => '',
  'auto_start' => true,
)
[ info ] [ RUN ] app\admin\controller\Article->lst[ F:\phpStudy\WWW\bick\application\admin\controller\Article.php ]
[ info ] [ DB ] INIT mysql
[ info ] [ VIEW ] F:\phpStudy\WWW\bick\public/../application/admin\view\article\lst.htm [ array (
  0 => 'artres',
) ]
[ info ] [ LOG ] INIT File
[ sql ] [ DB ] CONNECT:[ UseTime:0.001000s ] mysql:dbname=bick;host=127.0.0.1;charset=utf8
[ sql ] [ SQL ] SHOW COLUMNS FROM `bk_article` [ RunTime:0.012000s ]
[ sql ] [ SQL ] SELECT COUNT(*) AS tp_count FROM `bk_article` `a` INNER JOIN `bk_cate` `b` ON `a`.`cateid`=`b`.`id` LIMIT 1   [ RunTime:0.001000s ]
[ sql ] [ SQL ] SELECT `a`.*,`b`.`catename` FROM `bk_article` `a` INNER JOIN `bk_cate` `b` ON `a`.`cateid`=`b`.`id` LIMIT 0,2   [ RunTime:0.000000s ]

---------------------------------------------------------------
[ 2016-11-30T13:45:24+08:00 ] 127.0.0.1 127.0.0.1 GET /bick/public/index.php/admin/cate/lst.html
[ log ] 127.0.0.1/bick/public/index.php/admin/cate/lst.html [运行时间：0.051003s][吞吐率：19.61req/s] [内存消耗：2,019.38kb] [文件加载：56]
[ info ] [ LANG ] F:\phpStudy\WWW\bick\thinkphp\lang\zh-cn.php
[ info ] [ ROUTE ] array (
  'type' => 'module',
  'module' => 
  array (
    0 => 'admin',
    1 => 'cate',
    2 => 'lst',
  ),
)
[ info ] [ HEADER ] array (
  'upgrade-insecure-requests' => '1',
  'connection' => 'close',
  'cookie' => 'Hm_lvt_d7e112eaeea65921aeaadcc0af8f2853=1479379831,1479566738,1479645572,1479721473; PHPSESSID=3ij70gmjnevfvl50rg464jfie6',
  'referer' => 'http://127.0.0.1/bick/public/index.php/admin/article/lst.html',
  'accept-encoding' => 'gzip, deflate',
  'accept-language' => 'zh-CN,zh;q=0.8,en-US;q=0.5,en;q=0.3',
  'accept' => 'text/html,application/xhtml+xml,application/xml;q=0.9,*/*;q=0.8',
  'user-agent' => 'Mozilla/5.0 (Windows NT 6.1; WOW64; rv:49.0) Gecko/20100101 Firefox/49.0',
  'host' => '127.0.0.1',
)
[ info ] [ PARAM ] array (
)
[ info ] [ SESSION ] INIT array (
  'id' => '',
  'var_session_id' => '',
  'prefix' => 'think',
  'type' => '',
  'auto_start' => true,
)
[ info ] [ RUN ] app\admin\controller\cate->lst[ F:\phpStudy\WWW\bick\application\admin\controller\Cate.php ]
[ info ] [ DB ] INIT mysql
[ info ] [ VIEW ] F:\phpStudy\WWW\bick\public/../application/admin\view\cate\lst.htm [ array (
  0 => 'cateres',
) ]
[ info ] [ LOG ] INIT File
[ sql ] [ DB ] CONNECT:[ UseTime:0.004000s ] mysql:dbname=bick;host=127.0.0.1;charset=utf8
[ sql ] [ SQL ] SHOW COLUMNS FROM `bk_cate` [ RunTime:0.013001s ]
[ sql ] [ SQL ] SELECT * FROM `bk_cate` ORDER BY sort desc  [ RunTime:0.001000s ]

---------------------------------------------------------------
[ 2016-11-30T13:45:28+08:00 ] 127.0.0.1 127.0.0.1 GET /bick/public/index.php/admin/cate/edit/id/18.html
[ log ] 127.0.0.1/bick/public/index.php/admin/cate/edit/id/18.html [运行时间：0.062004s][吞吐率：16.13req/s] [内存消耗：2,137.66kb] [文件加载：58]
[ info ] [ LANG ] F:\phpStudy\WWW\bick\thinkphp\lang\zh-cn.php
[ info ] [ ROUTE ] array (
  'type' => 'module',
  'module' => 
  array (
    0 => 'admin',
    1 => 'cate',
    2 => 'edit',
  ),
)
[ info ] [ HEADER ] array (
  'upgrade-insecure-requests' => '1',
  'connection' => 'close',
  'cookie' => 'Hm_lvt_d7e112eaeea65921aeaadcc0af8f2853=1479379831,1479566738,1479645572,1479721473; PHPSESSID=3ij70gmjnevfvl50rg464jfie6',
  'referer' => 'http://127.0.0.1/bick/public/index.php/admin/cate/lst.html',
  'accept-encoding' => 'gzip, deflate',
  'accept-language' => 'zh-CN,zh;q=0.8,en-US;q=0.5,en;q=0.3',
  'accept' => 'text/html,application/xhtml+xml,application/xml;q=0.9,*/*;q=0.8',
  'user-agent' => 'Mozilla/5.0 (Windows NT 6.1; WOW64; rv:49.0) Gecko/20100101 Firefox/49.0',
  'host' => '127.0.0.1',
)
[ info ] [ PARAM ] array (
  'id' => '18',
)
[ info ] [ SESSION ] INIT array (
  'id' => '',
  'var_session_id' => '',
  'prefix' => 'think',
  'type' => '',
  'auto_start' => true,
)
[ info ] [ RUN ] app\admin\controller\cate->edit[ F:\phpStudy\WWW\bick\application\admin\controller\Cate.php ]
[ info ] [ DB ] INIT mysql
[ info ] [ VIEW ] F:\phpStudy\WWW\bick\public/../application/admin\view\cate\edit.htm [ array (
  0 => 'cateres',
  1 => 'cates',
) ]
[ info ] [ LOG ] INIT File
[ sql ] [ DB ] CONNECT:[ UseTime:0.001000s ] mysql:dbname=bick;host=127.0.0.1;charset=utf8
[ sql ] [ SQL ] SHOW COLUMNS FROM `bk_cate` [ RunTime:0.016001s ]
[ sql ] [ SQL ] SELECT * FROM `bk_cate` WHERE  `id` = 18 LIMIT 1    [ RunTime:0.001000s ]
[ sql ] [ SQL ] SELECT * FROM `bk_cate` ORDER BY sort desc  [ RunTime:0.000000s ]

---------------------------------------------------------------
[ 2016-11-30T13:46:15+08:00 ] 127.0.0.1 127.0.0.1 GET /bick/public/index.php/admin/cate/lst.html
[ log ] 127.0.0.1/bick/public/index.php/admin/cate/lst.html [运行时间：0.096006s][吞吐率：10.42req/s] [内存消耗：2,019.34kb] [文件加载：56]
[ info ] [ LANG ] F:\phpStudy\WWW\bick\thinkphp\lang\zh-cn.php
[ info ] [ ROUTE ] array (
  'type' => 'module',
  'module' => 
  array (
    0 => 'admin',
    1 => 'cate',
    2 => 'lst',
  ),
)
[ info ] [ HEADER ] array (
  'upgrade-insecure-requests' => '1',
  'connection' => 'close',
  'cookie' => 'Hm_lvt_d7e112eaeea65921aeaadcc0af8f2853=1479379831,1479566738,1479645572,1479721473; PHPSESSID=3ij70gmjnevfvl50rg464jfie6',
  'referer' => 'http://127.0.0.1/bick/public/index.php/admin/cate/edit/id/18.html',
  'accept-encoding' => 'gzip, deflate',
  'accept-language' => 'zh-CN,zh;q=0.8,en-US;q=0.5,en;q=0.3',
  'accept' => 'text/html,application/xhtml+xml,application/xml;q=0.9,*/*;q=0.8',
  'user-agent' => 'Mozilla/5.0 (Windows NT 6.1; WOW64; rv:49.0) Gecko/20100101 Firefox/49.0',
  'host' => '127.0.0.1',
)
[ info ] [ PARAM ] array (
)
[ info ] [ SESSION ] INIT array (
  'id' => '',
  'var_session_id' => '',
  'prefix' => 'think',
  'type' => '',
  'auto_start' => true,
)
[ info ] [ RUN ] app\admin\controller\cate->lst[ F:\phpStudy\WWW\bick\application\admin\controller\Cate.php ]
[ info ] [ DB ] INIT mysql
[ info ] [ VIEW ] F:\phpStudy\WWW\bick\public/../application/admin\view\cate\lst.htm [ array (
  0 => 'cateres',
) ]
[ info ] [ LOG ] INIT File
[ sql ] [ DB ] CONNECT:[ UseTime:0.005000s ] mysql:dbname=bick;host=127.0.0.1;charset=utf8
[ sql ] [ SQL ] SHOW COLUMNS FROM `bk_cate` [ RunTime:0.014001s ]
[ sql ] [ SQL ] SELECT * FROM `bk_cate` ORDER BY sort desc  [ RunTime:0.000000s ]

---------------------------------------------------------------
[ 2016-11-30T13:46:18+08:00 ] 127.0.0.1 127.0.0.1 GET /bick/public/index.php/admin/cate/add.html
[ log ] 127.0.0.1/bick/public/index.php/admin/cate/add.html [运行时间：0.066004s][吞吐率：15.15req/s] [内存消耗：2,003.34kb] [文件加载：56]
[ info ] [ LANG ] F:\phpStudy\WWW\bick\thinkphp\lang\zh-cn.php
[ info ] [ ROUTE ] array (
  'type' => 'module',
  'module' => 
  array (
    0 => 'admin',
    1 => 'cate',
    2 => 'add',
  ),
)
[ info ] [ HEADER ] array (
  'upgrade-insecure-requests' => '1',
  'connection' => 'close',
  'cookie' => 'Hm_lvt_d7e112eaeea65921aeaadcc0af8f2853=1479379831,1479566738,1479645572,1479721473; PHPSESSID=3ij70gmjnevfvl50rg464jfie6',
  'referer' => 'http://127.0.0.1/bick/public/index.php/admin/cate/lst.html',
  'accept-encoding' => 'gzip, deflate',
  'accept-language' => 'zh-CN,zh;q=0.8,en-US;q=0.5,en;q=0.3',
  'accept' => 'text/html,application/xhtml+xml,application/xml;q=0.9,*/*;q=0.8',
  'user-agent' => 'Mozilla/5.0 (Windows NT 6.1; WOW64; rv:49.0) Gecko/20100101 Firefox/49.0',
  'host' => '127.0.0.1',
)
[ info ] [ PARAM ] array (
)
[ info ] [ SESSION ] INIT array (
  'id' => '',
  'var_session_id' => '',
  'prefix' => 'think',
  'type' => '',
  'auto_start' => true,
)
[ info ] [ RUN ] app\admin\controller\cate->add[ F:\phpStudy\WWW\bick\application\admin\controller\Cate.php ]
[ info ] [ DB ] INIT mysql
[ info ] [ VIEW ] F:\phpStudy\WWW\bick\public/../application/admin\view\cate\add.htm [ array (
  0 => 'cateres',
) ]
[ info ] [ LOG ] INIT File
[ sql ] [ DB ] CONNECT:[ UseTime:0.001001s ] mysql:dbname=bick;host=127.0.0.1;charset=utf8
[ sql ] [ SQL ] SHOW COLUMNS FROM `bk_cate` [ RunTime:0.011000s ]
[ sql ] [ SQL ] SELECT * FROM `bk_cate` ORDER BY sort desc  [ RunTime:0.001000s ]

---------------------------------------------------------------
[ 2016-11-30T13:47:17+08:00 ] 127.0.0.1 127.0.0.1 GET /bick/public/index.php/admin/cate/add.html
[ log ] 127.0.0.1/bick/public/index.php/admin/cate/add.html [运行时间：0.077005s][吞吐率：12.99req/s] [内存消耗：2,135.31kb] [文件加载：58]
[ info ] [ LANG ] F:\phpStudy\WWW\bick\thinkphp\lang\zh-cn.php
[ info ] [ ROUTE ] array (
  'type' => 'module',
  'module' => 
  array (
    0 => 'admin',
    1 => 'cate',
    2 => 'add',
  ),
)
[ info ] [ HEADER ] array (
  'cache-control' => 'max-age=0',
  'upgrade-insecure-requests' => '1',
  'connection' => 'close',
  'cookie' => 'Hm_lvt_d7e112eaeea65921aeaadcc0af8f2853=1479379831,1479566738,1479645572,1479721473; PHPSESSID=3ij70gmjnevfvl50rg464jfie6',
  'referer' => 'http://127.0.0.1/bick/public/index.php/admin/cate/lst.html',
  'accept-encoding' => 'gzip, deflate',
  'accept-language' => 'zh-CN,zh;q=0.8,en-US;q=0.5,en;q=0.3',
  'accept' => 'text/html,application/xhtml+xml,application/xml;q=0.9,*/*;q=0.8',
  'user-agent' => 'Mozilla/5.0 (Windows NT 6.1; WOW64; rv:49.0) Gecko/20100101 Firefox/49.0',
  'host' => '127.0.0.1',
)
[ info ] [ PARAM ] array (
)
[ info ] [ SESSION ] INIT array (
  'id' => '',
  'var_session_id' => '',
  'prefix' => 'think',
  'type' => '',
  'auto_start' => true,
)
[ info ] [ RUN ] app\admin\controller\cate->add[ F:\phpStudy\WWW\bick\application\admin\controller\Cate.php ]
[ info ] [ DB ] INIT mysql
[ info ] [ VIEW ] F:\phpStudy\WWW\bick\public/../application/admin\view\cate\add.htm [ array (
  0 => 'cateres',
) ]
[ info ] [ LOG ] INIT File
[ sql ] [ DB ] CONNECT:[ UseTime:0.010000s ] mysql:dbname=bick;host=127.0.0.1;charset=utf8
[ sql ] [ SQL ] SHOW COLUMNS FROM `bk_cate` [ RunTime:0.013000s ]
[ sql ] [ SQL ] SELECT * FROM `bk_cate` ORDER BY sort desc  [ RunTime:0.001000s ]

---------------------------------------------------------------
[ 2016-11-30T13:48:27+08:00 ] 127.0.0.1 127.0.0.1 GET /bick/public/index.php/admin/cate/lst.html
[ log ] 127.0.0.1/bick/public/index.php/admin/cate/lst.html [运行时间：0.095006s][吞吐率：10.53req/s] [内存消耗：2,157.70kb] [文件加载：58]
[ info ] [ LANG ] F:\phpStudy\WWW\bick\thinkphp\lang\zh-cn.php
[ info ] [ ROUTE ] array (
  'type' => 'module',
  'module' => 
  array (
    0 => 'admin',
    1 => 'cate',
    2 => 'lst',
  ),
)
[ info ] [ HEADER ] array (
  'upgrade-insecure-requests' => '1',
  'connection' => 'close',
  'cookie' => 'Hm_lvt_d7e112eaeea65921aeaadcc0af8f2853=1479379831,1479566738,1479645572,1479721473; PHPSESSID=3ij70gmjnevfvl50rg464jfie6',
  'referer' => 'http://127.0.0.1/bick/public/index.php/admin/cate/add.html',
  'accept-encoding' => 'gzip, deflate',
  'accept-language' => 'zh-CN,zh;q=0.8,en-US;q=0.5,en;q=0.3',
  'accept' => 'text/html,application/xhtml+xml,application/xml;q=0.9,*/*;q=0.8',
  'user-agent' => 'Mozilla/5.0 (Windows NT 6.1; WOW64; rv:49.0) Gecko/20100101 Firefox/49.0',
  'host' => '127.0.0.1',
)
[ info ] [ PARAM ] array (
)
[ info ] [ SESSION ] INIT array (
  'id' => '',
  'var_session_id' => '',
  'prefix' => 'think',
  'type' => '',
  'auto_start' => true,
)
[ info ] [ RUN ] app\admin\controller\cate->lst[ F:\phpStudy\WWW\bick\application\admin\controller\Cate.php ]
[ info ] [ DB ] INIT mysql
[ info ] [ VIEW ] F:\phpStudy\WWW\bick\public/../application/admin\view\cate\lst.htm [ array (
  0 => 'cateres',
) ]
[ info ] [ LOG ] INIT File
[ sql ] [ DB ] CONNECT:[ UseTime:0.001001s ] mysql:dbname=bick;host=127.0.0.1;charset=utf8
[ sql ] [ SQL ] SHOW COLUMNS FROM `bk_cate` [ RunTime:0.014000s ]
[ sql ] [ SQL ] SELECT * FROM `bk_cate` ORDER BY sort desc  [ RunTime:0.001000s ]

---------------------------------------------------------------
[ 2016-11-30T13:48:33+08:00 ] 127.0.0.1 127.0.0.1 GET /bick/public/index.php/admin/cate/add.html
[ log ] 127.0.0.1/bick/public/index.php/admin/cate/add.html [运行时间：0.063003s][吞吐率：15.87req/s] [内存消耗：2,003.34kb] [文件加载：56]
[ info ] [ LANG ] F:\phpStudy\WWW\bick\thinkphp\lang\zh-cn.php
[ info ] [ ROUTE ] array (
  'type' => 'module',
  'module' => 
  array (
    0 => 'admin',
    1 => 'cate',
    2 => 'add',
  ),
)
[ info ] [ HEADER ] array (
  'upgrade-insecure-requests' => '1',
  'connection' => 'close',
  'cookie' => 'Hm_lvt_d7e112eaeea65921aeaadcc0af8f2853=1479379831,1479566738,1479645572,1479721473; PHPSESSID=3ij70gmjnevfvl50rg464jfie6',
  'referer' => 'http://127.0.0.1/bick/public/index.php/admin/cate/lst.html',
  'accept-encoding' => 'gzip, deflate',
  'accept-language' => 'zh-CN,zh;q=0.8,en-US;q=0.5,en;q=0.3',
  'accept' => 'text/html,application/xhtml+xml,application/xml;q=0.9,*/*;q=0.8',
  'user-agent' => 'Mozilla/5.0 (Windows NT 6.1; WOW64; rv:49.0) Gecko/20100101 Firefox/49.0',
  'host' => '127.0.0.1',
)
[ info ] [ PARAM ] array (
)
[ info ] [ SESSION ] INIT array (
  'id' => '',
  'var_session_id' => '',
  'prefix' => 'think',
  'type' => '',
  'auto_start' => true,
)
[ info ] [ RUN ] app\admin\controller\cate->add[ F:\phpStudy\WWW\bick\application\admin\controller\Cate.php ]
[ info ] [ DB ] INIT mysql
[ info ] [ VIEW ] F:\phpStudy\WWW\bick\public/../application/admin\view\cate\add.htm [ array (
  0 => 'cateres',
) ]
[ info ] [ LOG ] INIT File
[ sql ] [ DB ] CONNECT:[ UseTime:0.012000s ] mysql:dbname=bick;host=127.0.0.1;charset=utf8
[ sql ] [ SQL ] SHOW COLUMNS FROM `bk_cate` [ RunTime:0.012001s ]
[ sql ] [ SQL ] SELECT * FROM `bk_cate` ORDER BY sort desc  [ RunTime:0.000000s ]

---------------------------------------------------------------
[ 2016-11-30T13:48:41+08:00 ] 127.0.0.1 127.0.0.1 POST /bick/public/index.php/admin/cate/add.html
[ log ] 127.0.0.1/bick/public/index.php/admin/cate/add.html [运行时间：0.062004s][吞吐率：16.13req/s] [内存消耗：1,987.58kb] [文件加载：56]
[ info ] [ LANG ] F:\phpStudy\WWW\bick\thinkphp\lang\zh-cn.php
[ info ] [ ROUTE ] array (
  'type' => 'module',
  'module' => 
  array (
    0 => 'admin',
    1 => 'cate',
    2 => 'add',
  ),
)
[ info ] [ HEADER ] array (
  'content-length' => '40',
  'content-type' => 'application/x-www-form-urlencoded',
  'upgrade-insecure-requests' => '1',
  'connection' => 'close',
  'cookie' => 'Hm_lvt_d7e112eaeea65921aeaadcc0af8f2853=1479379831,1479566738,1479645572,1479721473; PHPSESSID=3ij70gmjnevfvl50rg464jfie6',
  'referer' => 'http://127.0.0.1/bick/public/index.php/admin/cate/add.html',
  'accept-encoding' => 'gzip, deflate',
  'accept-language' => 'zh-CN,zh;q=0.8,en-US;q=0.5,en;q=0.3',
  'accept' => 'text/html,application/xhtml+xml,application/xml;q=0.9,*/*;q=0.8',
  'user-agent' => 'Mozilla/5.0 (Windows NT 6.1; WOW64; rv:49.0) Gecko/20100101 Firefox/49.0',
  'host' => '127.0.0.1',
)
[ info ] [ PARAM ] array (
  'pid' => '0',
  'catename' => '中国',
  'type' => '3',
)
[ info ] [ SESSION ] INIT array (
  'id' => '',
  'var_session_id' => '',
  'prefix' => 'think',
  'type' => '',
  'auto_start' => true,
)
[ info ] [ RUN ] app\admin\controller\cate->add[ F:\phpStudy\WWW\bick\application\admin\controller\Cate.php ]
[ info ] [ DB ] INIT mysql
[ info ] [ VIEW ] F:\phpStudy\WWW\bick\thinkphp\tpl\dispatch_jump.tpl [ array (
  0 => 'code',
  1 => 'msg',
  2 => 'data',
  3 => 'url',
  4 => 'wait',
) ]
[ info ] [ LOG ] INIT File
[ sql ] [ DB ] CONNECT:[ UseTime:0.000000s ] mysql:dbname=bick;host=127.0.0.1;charset=utf8
[ sql ] [ SQL ] SHOW COLUMNS FROM `bk_cate` [ RunTime:0.021001s ]
[ sql ] [ SQL ] INSERT INTO `bk_cate` (`pid` , `catename` , `type`) VALUES (0 , '中国' , 3)     [ RunTime:0.000000s ]

---------------------------------------------------------------
[ 2016-11-30T13:48:44+08:00 ] 127.0.0.1 127.0.0.1 GET /bick/public/index.php/admin/cate/lst.html
[ log ] 127.0.0.1/bick/public/index.php/admin/cate/lst.html [运行时间：0.088005s][吞吐率：11.36req/s] [内存消耗：2,020.82kb] [文件加载：56]
[ info ] [ LANG ] F:\phpStudy\WWW\bick\thinkphp\lang\zh-cn.php
[ info ] [ ROUTE ] array (
  'type' => 'module',
  'module' => 
  array (
    0 => 'admin',
    1 => 'cate',
    2 => 'lst',
  ),
)
[ info ] [ HEADER ] array (
  'upgrade-insecure-requests' => '1',
  'connection' => 'close',
  'cookie' => 'Hm_lvt_d7e112eaeea65921aeaadcc0af8f2853=1479379831,1479566738,1479645572,1479721473; PHPSESSID=3ij70gmjnevfvl50rg464jfie6',
  'referer' => 'http://127.0.0.1/bick/public/index.php/admin/cate/add.html',
  'accept-encoding' => 'gzip, deflate',
  'accept-language' => 'zh-CN,zh;q=0.8,en-US;q=0.5,en;q=0.3',
  'accept' => 'text/html,application/xhtml+xml,application/xml;q=0.9,*/*;q=0.8',
  'user-agent' => 'Mozilla/5.0 (Windows NT 6.1; WOW64; rv:49.0) Gecko/20100101 Firefox/49.0',
  'host' => '127.0.0.1',
)
[ info ] [ PARAM ] array (
)
[ info ] [ SESSION ] INIT array (
  'id' => '',
  'var_session_id' => '',
  'prefix' => 'think',
  'type' => '',
  'auto_start' => true,
)
[ info ] [ RUN ] app\admin\controller\cate->lst[ F:\phpStudy\WWW\bick\application\admin\controller\Cate.php ]
[ info ] [ DB ] INIT mysql
[ info ] [ VIEW ] F:\phpStudy\WWW\bick\public/../application/admin\view\cate\lst.htm [ array (
  0 => 'cateres',
) ]
[ info ] [ LOG ] INIT File
[ sql ] [ DB ] CONNECT:[ UseTime:0.011001s ] mysql:dbname=bick;host=127.0.0.1;charset=utf8
[ sql ] [ SQL ] SHOW COLUMNS FROM `bk_cate` [ RunTime:0.016000s ]
[ sql ] [ SQL ] SELECT * FROM `bk_cate` ORDER BY sort desc  [ RunTime:0.001001s ]

---------------------------------------------------------------
[ 2016-11-30T13:49:29+08:00 ] 127.0.0.1 127.0.0.1 GET /bick/public/index.php/admin/cate/lst.html
[ log ] 127.0.0.1/bick/public/index.php/admin/cate/lst.html [运行时间：0.055003s][吞吐率：18.18req/s] [内存消耗：2,020.96kb] [文件加载：56]
[ info ] [ LANG ] F:\phpStudy\WWW\bick\thinkphp\lang\zh-cn.php
[ info ] [ ROUTE ] array (
  'type' => 'module',
  'module' => 
  array (
    0 => 'admin',
    1 => 'cate',
    2 => 'lst',
  ),
)
[ info ] [ HEADER ] array (
  'cache-control' => 'max-age=0',
  'upgrade-insecure-requests' => '1',
  'connection' => 'close',
  'cookie' => 'Hm_lvt_d7e112eaeea65921aeaadcc0af8f2853=1479379831,1479566738,1479645572,1479721473; PHPSESSID=3ij70gmjnevfvl50rg464jfie6',
  'referer' => 'http://127.0.0.1/bick/public/index.php/admin/cate/add.html',
  'accept-encoding' => 'gzip, deflate',
  'accept-language' => 'zh-CN,zh;q=0.8,en-US;q=0.5,en;q=0.3',
  'accept' => 'text/html,application/xhtml+xml,application/xml;q=0.9,*/*;q=0.8',
  'user-agent' => 'Mozilla/5.0 (Windows NT 6.1; WOW64; rv:49.0) Gecko/20100101 Firefox/49.0',
  'host' => '127.0.0.1',
)
[ info ] [ PARAM ] array (
)
[ info ] [ SESSION ] INIT array (
  'id' => '',
  'var_session_id' => '',
  'prefix' => 'think',
  'type' => '',
  'auto_start' => true,
)
[ info ] [ RUN ] app\admin\controller\cate->lst[ F:\phpStudy\WWW\bick\application\admin\controller\Cate.php ]
[ info ] [ DB ] INIT mysql
[ info ] [ VIEW ] F:\phpStudy\WWW\bick\public/../application/admin\view\cate\lst.htm [ array (
  0 => 'cateres',
) ]
[ info ] [ LOG ] INIT File
[ sql ] [ DB ] CONNECT:[ UseTime:0.000000s ] mysql:dbname=bick;host=127.0.0.1;charset=utf8
[ sql ] [ SQL ] SHOW COLUMNS FROM `bk_cate` [ RunTime:0.014001s ]
[ sql ] [ SQL ] SELECT * FROM `bk_cate` ORDER BY sort desc  [ RunTime:0.000000s ]

---------------------------------------------------------------
[ 2016-11-30T13:49:33+08:00 ] 127.0.0.1 127.0.0.1 GET /bick/public/index.php/admin/cate/edit/id/23.html
[ log ] 127.0.0.1/bick/public/index.php/admin/cate/edit/id/23.html [运行时间：0.066004s][吞吐率：15.15req/s] [内存消耗：2,140.05kb] [文件加载：58]
[ info ] [ LANG ] F:\phpStudy\WWW\bick\thinkphp\lang\zh-cn.php
[ info ] [ ROUTE ] array (
  'type' => 'module',
  'module' => 
  array (
    0 => 'admin',
    1 => 'cate',
    2 => 'edit',
  ),
)
[ info ] [ HEADER ] array (
  'upgrade-insecure-requests' => '1',
  'connection' => 'close',
  'cookie' => 'Hm_lvt_d7e112eaeea65921aeaadcc0af8f2853=1479379831,1479566738,1479645572,1479721473; PHPSESSID=3ij70gmjnevfvl50rg464jfie6',
  'referer' => 'http://127.0.0.1/bick/public/index.php/admin/cate/lst.html',
  'accept-encoding' => 'gzip, deflate',
  'accept-language' => 'zh-CN,zh;q=0.8,en-US;q=0.5,en;q=0.3',
  'accept' => 'text/html,application/xhtml+xml,application/xml;q=0.9,*/*;q=0.8',
  'user-agent' => 'Mozilla/5.0 (Windows NT 6.1; WOW64; rv:49.0) Gecko/20100101 Firefox/49.0',
  'host' => '127.0.0.1',
)
[ info ] [ PARAM ] array (
  'id' => '23',
)
[ info ] [ SESSION ] INIT array (
  'id' => '',
  'var_session_id' => '',
  'prefix' => 'think',
  'type' => '',
  'auto_start' => true,
)
[ info ] [ RUN ] app\admin\controller\cate->edit[ F:\phpStudy\WWW\bick\application\admin\controller\Cate.php ]
[ info ] [ DB ] INIT mysql
[ info ] [ VIEW ] F:\phpStudy\WWW\bick\public/../application/admin\view\cate\edit.htm [ array (
  0 => 'cateres',
  1 => 'cates',
) ]
[ info ] [ LOG ] INIT File
[ sql ] [ DB ] CONNECT:[ UseTime:0.010001s ] mysql:dbname=bick;host=127.0.0.1;charset=utf8
[ sql ] [ SQL ] SHOW COLUMNS FROM `bk_cate` [ RunTime:0.013001s ]
[ sql ] [ SQL ] SELECT * FROM `bk_cate` WHERE  `id` = 23 LIMIT 1    [ RunTime:0.001000s ]
[ sql ] [ SQL ] SELECT * FROM `bk_cate` ORDER BY sort desc  [ RunTime:0.000000s ]

---------------------------------------------------------------
[ 2016-11-30T13:49:37+08:00 ] 127.0.0.1 127.0.0.1 GET /bick/public/index.php/admin/cate/lst.html
[ log ] 127.0.0.1/bick/public/index.php/admin/cate/lst.html [运行时间：0.060004s][吞吐率：16.67req/s] [内存消耗：2,020.73kb] [文件加载：56]
[ info ] [ LANG ] F:\phpStudy\WWW\bick\thinkphp\lang\zh-cn.php
[ info ] [ ROUTE ] array (
  'type' => 'module',
  'module' => 
  array (
    0 => 'admin',
    1 => 'cate',
    2 => 'lst',
  ),
)
[ info ] [ HEADER ] array (
  'upgrade-insecure-requests' => '1',
  'connection' => 'close',
  'cookie' => 'Hm_lvt_d7e112eaeea65921aeaadcc0af8f2853=1479379831,1479566738,1479645572,1479721473; PHPSESSID=3ij70gmjnevfvl50rg464jfie6',
  'referer' => 'http://127.0.0.1/bick/public/index.php/admin/cate/edit/id/23.html',
  'accept-encoding' => 'gzip, deflate',
  'accept-language' => 'zh-CN,zh;q=0.8,en-US;q=0.5,en;q=0.3',
  'accept' => 'text/html,application/xhtml+xml,application/xml;q=0.9,*/*;q=0.8',
  'user-agent' => 'Mozilla/5.0 (Windows NT 6.1; WOW64; rv:49.0) Gecko/20100101 Firefox/49.0',
  'host' => '127.0.0.1',
)
[ info ] [ PARAM ] array (
)
[ info ] [ SESSION ] INIT array (
  'id' => '',
  'var_session_id' => '',
  'prefix' => 'think',
  'type' => '',
  'auto_start' => true,
)
[ info ] [ RUN ] app\admin\controller\cate->lst[ F:\phpStudy\WWW\bick\application\admin\controller\Cate.php ]
[ info ] [ DB ] INIT mysql
[ info ] [ VIEW ] F:\phpStudy\WWW\bick\public/../application/admin\view\cate\lst.htm [ array (
  0 => 'cateres',
) ]
[ info ] [ LOG ] INIT File
[ sql ] [ DB ] CONNECT:[ UseTime:0.001000s ] mysql:dbname=bick;host=127.0.0.1;charset=utf8
[ sql ] [ SQL ] SHOW COLUMNS FROM `bk_cate` [ RunTime:0.011000s ]
[ sql ] [ SQL ] SELECT * FROM `bk_cate` ORDER BY sort desc  [ RunTime:0.001001s ]

---------------------------------------------------------------
[ 2016-11-30T13:49:39+08:00 ] 127.0.0.1 127.0.0.1 GET /bick/public/index.php/admin/cate/edit/id/18.html
[ log ] 127.0.0.1/bick/public/index.php/admin/cate/edit/id/18.html [运行时间：0.052003s][吞吐率：19.23req/s] [内存消耗：2,007.29kb] [文件加载：56]
[ info ] [ LANG ] F:\phpStudy\WWW\bick\thinkphp\lang\zh-cn.php
[ info ] [ ROUTE ] array (
  'type' => 'module',
  'module' => 
  array (
    0 => 'admin',
    1 => 'cate',
    2 => 'edit',
  ),
)
[ info ] [ HEADER ] array (
  'upgrade-insecure-requests' => '1',
  'connection' => 'close',
  'cookie' => 'Hm_lvt_d7e112eaeea65921aeaadcc0af8f2853=1479379831,1479566738,1479645572,1479721473; PHPSESSID=3ij70gmjnevfvl50rg464jfie6',
  'referer' => 'http://127.0.0.1/bick/public/index.php/admin/cate/lst.html',
  'accept-encoding' => 'gzip, deflate',
  'accept-language' => 'zh-CN,zh;q=0.8,en-US;q=0.5,en;q=0.3',
  'accept' => 'text/html,application/xhtml+xml,application/xml;q=0.9,*/*;q=0.8',
  'user-agent' => 'Mozilla/5.0 (Windows NT 6.1; WOW64; rv:49.0) Gecko/20100101 Firefox/49.0',
  'host' => '127.0.0.1',
)
[ info ] [ PARAM ] array (
  'id' => '18',
)
[ info ] [ SESSION ] INIT array (
  'id' => '',
  'var_session_id' => '',
  'prefix' => 'think',
  'type' => '',
  'auto_start' => true,
)
[ info ] [ RUN ] app\admin\controller\cate->edit[ F:\phpStudy\WWW\bick\application\admin\controller\Cate.php ]
[ info ] [ DB ] INIT mysql
[ info ] [ VIEW ] F:\phpStudy\WWW\bick\public/../application/admin\view\cate\edit.htm [ array (
  0 => 'cateres',
  1 => 'cates',
) ]
[ info ] [ LOG ] INIT File
[ sql ] [ DB ] CONNECT:[ UseTime:0.001000s ] mysql:dbname=bick;host=127.0.0.1;charset=utf8
[ sql ] [ SQL ] SHOW COLUMNS FROM `bk_cate` [ RunTime:0.013001s ]
[ sql ] [ SQL ] SELECT * FROM `bk_cate` WHERE  `id` = 18 LIMIT 1    [ RunTime:0.001000s ]
[ sql ] [ SQL ] SELECT * FROM `bk_cate` ORDER BY sort desc  [ RunTime:0.001000s ]

---------------------------------------------------------------
[ 2016-11-30T13:49:42+08:00 ] 127.0.0.1 127.0.0.1 GET /bick/public/index.php/admin/cate/lst.html
[ log ] 127.0.0.1/bick/public/index.php/admin/cate/lst.html [运行时间：0.054004s][吞吐率：18.52req/s] [内存消耗：2,020.73kb] [文件加载：56]
[ info ] [ LANG ] F:\phpStudy\WWW\bick\thinkphp\lang\zh-cn.php
[ info ] [ ROUTE ] array (
  'type' => 'module',
  'module' => 
  array (
    0 => 'admin',
    1 => 'cate',
    2 => 'lst',
  ),
)
[ info ] [ HEADER ] array (
  'upgrade-insecure-requests' => '1',
  'connection' => 'close',
  'cookie' => 'Hm_lvt_d7e112eaeea65921aeaadcc0af8f2853=1479379831,1479566738,1479645572,1479721473; PHPSESSID=3ij70gmjnevfvl50rg464jfie6',
  'referer' => 'http://127.0.0.1/bick/public/index.php/admin/cate/edit/id/23.html',
  'accept-encoding' => 'gzip, deflate',
  'accept-language' => 'zh-CN,zh;q=0.8,en-US;q=0.5,en;q=0.3',
  'accept' => 'text/html,application/xhtml+xml,application/xml;q=0.9,*/*;q=0.8',
  'user-agent' => 'Mozilla/5.0 (Windows NT 6.1; WOW64; rv:49.0) Gecko/20100101 Firefox/49.0',
  'host' => '127.0.0.1',
)
[ info ] [ PARAM ] array (
)
[ info ] [ SESSION ] INIT array (
  'id' => '',
  'var_session_id' => '',
  'prefix' => 'think',
  'type' => '',
  'auto_start' => true,
)
[ info ] [ RUN ] app\admin\controller\cate->lst[ F:\phpStudy\WWW\bick\application\admin\controller\Cate.php ]
[ info ] [ DB ] INIT mysql
[ info ] [ VIEW ] F:\phpStudy\WWW\bick\public/../application/admin\view\cate\lst.htm [ array (
  0 => 'cateres',
) ]
[ info ] [ LOG ] INIT File
[ sql ] [ DB ] CONNECT:[ UseTime:0.000000s ] mysql:dbname=bick;host=127.0.0.1;charset=utf8
[ sql ] [ SQL ] SHOW COLUMNS FROM `bk_cate` [ RunTime:0.011000s ]
[ sql ] [ SQL ] SELECT * FROM `bk_cate` ORDER BY sort desc  [ RunTime:0.001000s ]

---------------------------------------------------------------
[ 2016-11-30T13:49:43+08:00 ] 127.0.0.1 127.0.0.1 GET /bick/public/index.php/admin/cate/edit/id/20.html
[ log ] 127.0.0.1/bick/public/index.php/admin/cate/edit/id/20.html [运行时间：0.072004s][吞吐率：13.89req/s] [内存消耗：2,007.30kb] [文件加载：56]
[ info ] [ LANG ] F:\phpStudy\WWW\bick\thinkphp\lang\zh-cn.php
[ info ] [ ROUTE ] array (
  'type' => 'module',
  'module' => 
  array (
    0 => 'admin',
    1 => 'cate',
    2 => 'edit',
  ),
)
[ info ] [ HEADER ] array (
  'upgrade-insecure-requests' => '1',
  'connection' => 'close',
  'cookie' => 'Hm_lvt_d7e112eaeea65921aeaadcc0af8f2853=1479379831,1479566738,1479645572,1479721473; PHPSESSID=3ij70gmjnevfvl50rg464jfie6',
  'referer' => 'http://127.0.0.1/bick/public/index.php/admin/cate/lst.html',
  'accept-encoding' => 'gzip, deflate',
  'accept-language' => 'zh-CN,zh;q=0.8,en-US;q=0.5,en;q=0.3',
  'accept' => 'text/html,application/xhtml+xml,application/xml;q=0.9,*/*;q=0.8',
  'user-agent' => 'Mozilla/5.0 (Windows NT 6.1; WOW64; rv:49.0) Gecko/20100101 Firefox/49.0',
  'host' => '127.0.0.1',
)
[ info ] [ PARAM ] array (
  'id' => '20',
)
[ info ] [ SESSION ] INIT array (
  'id' => '',
  'var_session_id' => '',
  'prefix' => 'think',
  'type' => '',
  'auto_start' => true,
)
[ info ] [ RUN ] app\admin\controller\cate->edit[ F:\phpStudy\WWW\bick\application\admin\controller\Cate.php ]
[ info ] [ DB ] INIT mysql
[ info ] [ VIEW ] F:\phpStudy\WWW\bick\public/../application/admin\view\cate\edit.htm [ array (
  0 => 'cateres',
  1 => 'cates',
) ]
[ info ] [ LOG ] INIT File
[ sql ] [ DB ] CONNECT:[ UseTime:0.010000s ] mysql:dbname=bick;host=127.0.0.1;charset=utf8
[ sql ] [ SQL ] SHOW COLUMNS FROM `bk_cate` [ RunTime:0.017001s ]
[ sql ] [ SQL ] SELECT * FROM `bk_cate` WHERE  `id` = 20 LIMIT 1    [ RunTime:0.000000s ]
[ sql ] [ SQL ] SELECT * FROM `bk_cate` ORDER BY sort desc  [ RunTime:0.001000s ]

---------------------------------------------------------------
[ 2016-11-30T13:49:46+08:00 ] 127.0.0.1 127.0.0.1 GET /bick/public/index.php/admin/cate/lst.html
[ log ] 127.0.0.1/bick/public/index.php/admin/cate/lst.html [运行时间：0.056004s][吞吐率：17.86req/s] [内存消耗：2,020.73kb] [文件加载：56]
[ info ] [ LANG ] F:\phpStudy\WWW\bick\thinkphp\lang\zh-cn.php
[ info ] [ ROUTE ] array (
  'type' => 'module',
  'module' => 
  array (
    0 => 'admin',
    1 => 'cate',
    2 => 'lst',
  ),
)
[ info ] [ HEADER ] array (
  'upgrade-insecure-requests' => '1',
  'connection' => 'close',
  'cookie' => 'Hm_lvt_d7e112eaeea65921aeaadcc0af8f2853=1479379831,1479566738,1479645572,1479721473; PHPSESSID=3ij70gmjnevfvl50rg464jfie6',
  'referer' => 'http://127.0.0.1/bick/public/index.php/admin/cate/edit/id/20.html',
  'accept-encoding' => 'gzip, deflate',
  'accept-language' => 'zh-CN,zh;q=0.8,en-US;q=0.5,en;q=0.3',
  'accept' => 'text/html,application/xhtml+xml,application/xml;q=0.9,*/*;q=0.8',
  'user-agent' => 'Mozilla/5.0 (Windows NT 6.1; WOW64; rv:49.0) Gecko/20100101 Firefox/49.0',
  'host' => '127.0.0.1',
)
[ info ] [ PARAM ] array (
)
[ info ] [ SESSION ] INIT array (
  'id' => '',
  'var_session_id' => '',
  'prefix' => 'think',
  'type' => '',
  'auto_start' => true,
)
[ info ] [ RUN ] app\admin\controller\cate->lst[ F:\phpStudy\WWW\bick\application\admin\controller\Cate.php ]
[ info ] [ DB ] INIT mysql
[ info ] [ VIEW ] F:\phpStudy\WWW\bick\public/../application/admin\view\cate\lst.htm [ array (
  0 => 'cateres',
) ]
[ info ] [ LOG ] INIT File
[ sql ] [ DB ] CONNECT:[ UseTime:0.001000s ] mysql:dbname=bick;host=127.0.0.1;charset=utf8
[ sql ] [ SQL ] SHOW COLUMNS FROM `bk_cate` [ RunTime:0.014001s ]
[ sql ] [ SQL ] SELECT * FROM `bk_cate` ORDER BY sort desc  [ RunTime:0.001000s ]

---------------------------------------------------------------
