[ 2016-12-07T15:43:19+08:00 ] 127.0.0.1 127.0.0.1 GET /bick/public/index.php/admin/
[ log ] 127.0.0.1/bick/public/index.php/admin/ [运行时间：0.068004s][吞吐率：14.70req/s] [内存消耗：1,302.49kb] [文件加载：47]
[ info ] [ LANG ] F:\phpStudy\WWW\bick\thinkphp\lang\zh-cn.php
[ info ] [ ROUTE ] array (
  'type' => 'module',
  'module' => 
  array (
    0 => 'admin',
    1 => NULL,
    2 => NULL,
  ),
)
[ info ] [ HEADER ] array (
  'upgrade-insecure-requests' => '1',
  'connection' => 'close',
  'cookie' => 'Hm_lvt_d7e112eaeea65921aeaadcc0af8f2853=1479645572,1479721473,1480739102,1480846129',
  'accept-encoding' => 'gzip, deflate',
  'accept-language' => 'zh-CN,zh;q=0.8,en-US;q=0.5,en;q=0.3',
  'accept' => 'text/html,application/xhtml+xml,application/xml;q=0.9,*/*;q=0.8',
  'user-agent' => 'Mozilla/5.0 (Windows NT 6.1; WOW64; rv:50.0) Gecko/20100101 Firefox/50.0',
  'host' => '127.0.0.1',
)
[ info ] [ PARAM ] array (
)
[ info ] [ SESSION ] INIT array (
  'id' => '',
  'var_session_id' => '',
  'prefix' => 'think',
  'type' => '',
  'auto_start' => true,
)
[ info ] [ VIEW ] F:\phpStudy\WWW\bick\thinkphp\tpl\dispatch_jump.tpl [ array (
  0 => 'code',
  1 => 'msg',
  2 => 'data',
  3 => 'url',
  4 => 'wait',
) ]
[ info ] [ LOG ] INIT File

---------------------------------------------------------------
[ 2016-12-07T15:43:22+08:00 ] 127.0.0.1 127.0.0.1 GET /bick/public/index.php/admin/login/index.html
[ log ] 127.0.0.1/bick/public/index.php/admin/login/index.html [运行时间：0.062003s][吞吐率：16.13req/s] [内存消耗：1,258.83kb] [文件加载：45]
[ info ] [ LANG ] F:\phpStudy\WWW\bick\thinkphp\lang\zh-cn.php
[ info ] [ ROUTE ] array (
  'type' => 'module',
  'module' => 
  array (
    0 => 'admin',
    1 => 'login',
    2 => 'index',
  ),
)
[ info ] [ HEADER ] array (
  'upgrade-insecure-requests' => '1',
  'connection' => 'close',
  'cookie' => 'Hm_lvt_d7e112eaeea65921aeaadcc0af8f2853=1479645572,1479721473,1480739102,1480846129; PHPSESSID=858h19tjtcb5rmcnlh2a5b8ic4',
  'referer' => 'http://127.0.0.1/bick/public/index.php/admin/',
  'accept-encoding' => 'gzip, deflate',
  'accept-language' => 'zh-CN,zh;q=0.8,en-US;q=0.5,en;q=0.3',
  'accept' => 'text/html,application/xhtml+xml,application/xml;q=0.9,*/*;q=0.8',
  'user-agent' => 'Mozilla/5.0 (Windows NT 6.1; WOW64; rv:50.0) Gecko/20100101 Firefox/50.0',
  'host' => '127.0.0.1',
)
[ info ] [ PARAM ] array (
)
[ info ] [ RUN ] app\admin\controller\Login->index[ F:\phpStudy\WWW\bick\application\admin\controller\Login.php ]
[ info ] [ VIEW ] F:\phpStudy\WWW\bick\public/../application/admin\view\login\index.htm [ array (
) ]
[ info ] [ LOG ] INIT File

---------------------------------------------------------------
[ 2016-12-07T15:43:24+08:00 ] 127.0.0.1 127.0.0.1 POST /bick/public/index.php/admin/login/index.html
[ log ] 127.0.0.1/bick/public/index.php/admin/login/index.html [运行时间：0.144008s][吞吐率：6.94req/s] [内存消耗：1,975.77kb] [文件加载：55]
[ info ] [ LANG ] F:\phpStudy\WWW\bick\thinkphp\lang\zh-cn.php
[ info ] [ ROUTE ] array (
  'type' => 'module',
  'module' => 
  array (
    0 => 'admin',
    1 => 'login',
    2 => 'index',
  ),
)
[ info ] [ HEADER ] array (
  'content-length' => '26',
  'content-type' => 'application/x-www-form-urlencoded',
  'upgrade-insecure-requests' => '1',
  'connection' => 'close',
  'cookie' => 'Hm_lvt_d7e112eaeea65921aeaadcc0af8f2853=1479645572,1479721473,1480739102,1480846129; PHPSESSID=858h19tjtcb5rmcnlh2a5b8ic4',
  'referer' => 'http://127.0.0.1/bick/public/index.php/admin/login/index.html',
  'accept-encoding' => 'gzip, deflate',
  'accept-language' => 'zh-CN,zh;q=0.8,en-US;q=0.5,en;q=0.3',
  'accept' => 'text/html,application/xhtml+xml,application/xml;q=0.9,*/*;q=0.8',
  'user-agent' => 'Mozilla/5.0 (Windows NT 6.1; WOW64; rv:50.0) Gecko/20100101 Firefox/50.0',
  'host' => '127.0.0.1',
)
[ info ] [ PARAM ] array (
  'name' => 'admin',
  'password' => '123456',
)
[ info ] [ RUN ] app\admin\controller\Login->index[ F:\phpStudy\WWW\bick\application\admin\controller\Login.php ]
[ info ] [ DB ] INIT mysql
[ info ] [ SESSION ] INIT array (
  'id' => '',
  'var_session_id' => '',
  'prefix' => 'think',
  'type' => '',
  'auto_start' => true,
)
[ info ] [ VIEW ] F:\phpStudy\WWW\bick\thinkphp\tpl\dispatch_jump.tpl [ array (
  0 => 'code',
  1 => 'msg',
  2 => 'data',
  3 => 'url',
  4 => 'wait',
) ]
[ info ] [ LOG ] INIT File
[ sql ] [ DB ] CONNECT:[ UseTime:0.007000s ] mysql:dbname=bick;host=127.0.0.1;charset=utf8
[ sql ] [ SQL ] SHOW COLUMNS FROM `bk_admin` [ RunTime:0.061003s ]
[ sql ] [ SQL ] SELECT * FROM `bk_admin` WHERE  `name` = 'admin' LIMIT 1    [ RunTime:0.001001s ]

---------------------------------------------------------------
[ 2016-12-07T15:43:27+08:00 ] 127.0.0.1 127.0.0.1 GET /bick/public/index.php/admin/index/index.html
[ log ] 127.0.0.1/bick/public/index.php/admin/index/index.html [运行时间：0.066004s][吞吐率：15.15req/s] [内存消耗：1,307.26kb] [文件加载：47]
[ info ] [ LANG ] F:\phpStudy\WWW\bick\thinkphp\lang\zh-cn.php
[ info ] [ ROUTE ] array (
  'type' => 'module',
  'module' => 
  array (
    0 => 'admin',
    1 => 'index',
    2 => 'index',
  ),
)
[ info ] [ HEADER ] array (
  'upgrade-insecure-requests' => '1',
  'connection' => 'close',
  'cookie' => 'Hm_lvt_d7e112eaeea65921aeaadcc0af8f2853=1479645572,1479721473,1480739102,1480846129; PHPSESSID=858h19tjtcb5rmcnlh2a5b8ic4',
  'referer' => 'http://127.0.0.1/bick/public/index.php/admin/login/index.html',
  'accept-encoding' => 'gzip, deflate',
  'accept-language' => 'zh-CN,zh;q=0.8,en-US;q=0.5,en;q=0.3',
  'accept' => 'text/html,application/xhtml+xml,application/xml;q=0.9,*/*;q=0.8',
  'user-agent' => 'Mozilla/5.0 (Windows NT 6.1; WOW64; rv:50.0) Gecko/20100101 Firefox/50.0',
  'host' => '127.0.0.1',
)
[ info ] [ PARAM ] array (
)
[ info ] [ SESSION ] INIT array (
  'id' => '',
  'var_session_id' => '',
  'prefix' => 'think',
  'type' => '',
  'auto_start' => true,
)
[ info ] [ RUN ] app\admin\controller\Index->index[ F:\phpStudy\WWW\bick\application\admin\controller\Index.php ]
[ info ] [ VIEW ] F:\phpStudy\WWW\bick\public/../application/admin\view\index\index.htm [ array (
) ]
[ info ] [ LOG ] INIT File

---------------------------------------------------------------
[ 2016-12-07T15:43:54+08:00 ] 127.0.0.1 127.0.0.1 GET /bick/public/index.php/admin/conf/lst.html
[ log ] 127.0.0.1/bick/public/index.php/admin/conf/lst.html [运行时间：0.153009s][吞吐率：6.54req/s] [内存消耗：2,105.99kb] [文件加载：60]
[ info ] [ LANG ] F:\phpStudy\WWW\bick\thinkphp\lang\zh-cn.php
[ info ] [ ROUTE ] array (
  'type' => 'module',
  'module' => 
  array (
    0 => 'admin',
    1 => 'conf',
    2 => 'lst',
  ),
)
[ info ] [ HEADER ] array (
  'upgrade-insecure-requests' => '1',
  'connection' => 'close',
  'cookie' => 'Hm_lvt_d7e112eaeea65921aeaadcc0af8f2853=1479645572,1479721473,1480739102,1480846129; PHPSESSID=858h19tjtcb5rmcnlh2a5b8ic4',
  'referer' => 'http://127.0.0.1/bick/public/index.php/admin/index/index.html',
  'accept-encoding' => 'gzip, deflate',
  'accept-language' => 'zh-CN,zh;q=0.8,en-US;q=0.5,en;q=0.3',
  'accept' => 'text/html,application/xhtml+xml,application/xml;q=0.9,*/*;q=0.8',
  'user-agent' => 'Mozilla/5.0 (Windows NT 6.1; WOW64; rv:50.0) Gecko/20100101 Firefox/50.0',
  'host' => '127.0.0.1',
)
[ info ] [ PARAM ] array (
)
[ info ] [ SESSION ] INIT array (
  'id' => '',
  'var_session_id' => '',
  'prefix' => 'think',
  'type' => '',
  'auto_start' => true,
)
[ info ] [ RUN ] app\admin\controller\Conf->lst[ F:\phpStudy\WWW\bick\application\admin\controller\Conf.php ]
[ info ] [ DB ] INIT mysql
[ info ] [ VIEW ] F:\phpStudy\WWW\bick\public/../application/admin\view\conf\lst.htm [ array (
  0 => 'confres',
) ]
[ info ] [ LOG ] INIT File
[ sql ] [ DB ] CONNECT:[ UseTime:0.001000s ] mysql:dbname=bick;host=127.0.0.1;charset=utf8
[ sql ] [ SQL ] SHOW COLUMNS FROM `bk_conf` [ RunTime:0.039002s ]
[ sql ] [ SQL ] SELECT COUNT(*) AS tp_count FROM `bk_conf` ORDER BY sort desc LIMIT 1   [ RunTime:0.001000s ]
[ sql ] [ SQL ] SELECT * FROM `bk_conf` ORDER BY sort desc LIMIT 0,4   [ RunTime:0.001000s ]

---------------------------------------------------------------
[ 2016-12-07T15:43:57+08:00 ] 127.0.0.1 127.0.0.1 GET /bick/public/index.php/admin/conf/conf.html
[ log ] 127.0.0.1/bick/public/index.php/admin/conf/conf.html [运行时间：0.051003s][吞吐率：19.61req/s] [内存消耗：2,018.55kb] [文件加载：56]
[ info ] [ LANG ] F:\phpStudy\WWW\bick\thinkphp\lang\zh-cn.php
[ info ] [ ROUTE ] array (
  'type' => 'module',
  'module' => 
  array (
    0 => 'admin',
    1 => 'conf',
    2 => 'conf',
  ),
)
[ info ] [ HEADER ] array (
  'upgrade-insecure-requests' => '1',
  'connection' => 'close',
  'cookie' => 'Hm_lvt_d7e112eaeea65921aeaadcc0af8f2853=1479645572,1479721473,1480739102,1480846129; PHPSESSID=858h19tjtcb5rmcnlh2a5b8ic4',
  'referer' => 'http://127.0.0.1/bick/public/index.php/admin/conf/lst.html',
  'accept-encoding' => 'gzip, deflate',
  'accept-language' => 'zh-CN,zh;q=0.8,en-US;q=0.5,en;q=0.3',
  'accept' => 'text/html,application/xhtml+xml,application/xml;q=0.9,*/*;q=0.8',
  'user-agent' => 'Mozilla/5.0 (Windows NT 6.1; WOW64; rv:50.0) Gecko/20100101 Firefox/50.0',
  'host' => '127.0.0.1',
)
[ info ] [ PARAM ] array (
)
[ info ] [ SESSION ] INIT array (
  'id' => '',
  'var_session_id' => '',
  'prefix' => 'think',
  'type' => '',
  'auto_start' => true,
)
[ info ] [ RUN ] app\admin\controller\Conf->conf[ F:\phpStudy\WWW\bick\application\admin\controller\Conf.php ]
[ info ] [ DB ] INIT mysql
[ info ] [ VIEW ] F:\phpStudy\WWW\bick\public/../application/admin\view\conf\conf.htm [ array (
  0 => 'confres',
) ]
[ info ] [ LOG ] INIT File
[ sql ] [ DB ] CONNECT:[ UseTime:0.000000s ] mysql:dbname=bick;host=127.0.0.1;charset=utf8
[ sql ] [ SQL ] SHOW COLUMNS FROM `bk_conf` [ RunTime:0.005000s ]
[ sql ] [ SQL ] SELECT * FROM `bk_conf` ORDER BY sort desc  [ RunTime:0.001000s ]

---------------------------------------------------------------
[ 2016-12-07T15:44:19+08:00 ] 127.0.0.1 127.0.0.1 POST /bick/public/index.php/admin/conf/conf.html
[ log ] 127.0.0.1/bick/public/index.php/admin/conf/conf.html [运行时间：0.050002s][吞吐率：20.00req/s] [内存消耗：1,960.74kb] [文件加载：55]
[ info ] [ LANG ] F:\phpStudy\WWW\bick\thinkphp\lang\zh-cn.php
[ info ] [ ROUTE ] array (
  'type' => 'module',
  'module' => 
  array (
    0 => 'admin',
    1 => 'conf',
    2 => 'conf',
  ),
)
[ info ] [ HEADER ] array (
  'content-length' => '522',
  'content-type' => 'application/x-www-form-urlencoded',
  'upgrade-insecure-requests' => '1',
  'connection' => 'close',
  'cookie' => 'Hm_lvt_d7e112eaeea65921aeaadcc0af8f2853=1479645572,1479721473,1480739102,1480846129; PHPSESSID=858h19tjtcb5rmcnlh2a5b8ic4',
  'referer' => 'http://127.0.0.1/bick/public/index.php/admin/conf/conf.html',
  'accept-encoding' => 'gzip, deflate',
  'accept-language' => 'zh-CN,zh;q=0.8,en-US;q=0.5,en;q=0.3',
  'accept' => 'text/html,application/xhtml+xml,application/xml;q=0.9,*/*;q=0.8',
  'user-agent' => 'Mozilla/5.0 (Windows NT 6.1; WOW64; rv:50.0) Gecko/20100101 Firefox/50.0',
  'host' => '127.0.0.1',
)
[ info ] [ PARAM ] array (
  'sitename' => '自行车站点',
  'keywords' => '自行车',
  'desc' => '                                                                                                                                                                                                                                                                                                                                                           ',
  'close' => '是',
  'cache' => '3个小时',
  'comment' => '允许',
)
[ info ] [ SESSION ] INIT array (
  'id' => '',
  'var_session_id' => '',
  'prefix' => 'think',
  'type' => '',
  'auto_start' => true,
)
[ info ] [ RUN ] app\admin\controller\Conf->conf[ F:\phpStudy\WWW\bick\application\admin\controller\Conf.php ]
[ info ] [ DB ] INIT mysql
[ info ] [ DB ] INIT mysql
[ info ] [ VIEW ] F:\phpStudy\WWW\bick\thinkphp\tpl\dispatch_jump.tpl [ array (
  0 => 'code',
  1 => 'msg',
  2 => 'data',
  3 => 'url',
  4 => 'wait',
) ]
[ info ] [ LOG ] INIT File
[ sql ] [ DB ] CONNECT:[ UseTime:0.001000s ] mysql:dbname=bick;host=127.0.0.1;charset=utf8
[ sql ] [ SQL ] SHOW COLUMNS FROM `bk_conf` [ RunTime:0.008000s ]
[ sql ] [ SQL ] SELECT `enname` FROM `bk_conf`  [ RunTime:0.000000s ]
[ sql ] [ DB ] CONNECT:[ UseTime:0.010000s ] mysql:dbname=bick;host=127.0.0.1;charset=utf8
[ sql ] [ SQL ] UPDATE `bk_conf`  SET `value`=''  WHERE  `enname` = 'code'     [ RunTime:0.000000s ]
[ sql ] [ SQL ] UPDATE `bk_conf`  SET `value`='自行车站点'  WHERE  `enname` = 'sitename'     [ RunTime:0.000000s ]
[ sql ] [ SQL ] UPDATE `bk_conf`  SET `value`='自行车'  WHERE  `enname` = 'keywords'     [ RunTime:0.000000s ]
[ sql ] [ SQL ] UPDATE `bk_conf`  SET `value`='                                                                                                                                                                                                                                                                                                                                                           '  WHERE  `enname` = 'desc'     [ RunTime:0.000000s ]
[ sql ] [ SQL ] UPDATE `bk_conf`  SET `value`='是'  WHERE  `enname` = 'close'     [ RunTime:0.000000s ]
[ sql ] [ SQL ] UPDATE `bk_conf`  SET `value`='3个小时'  WHERE  `enname` = 'cache'     [ RunTime:0.000000s ]
[ sql ] [ SQL ] UPDATE `bk_conf`  SET `value`='允许'  WHERE  `enname` = 'comment'     [ RunTime:0.000000s ]

---------------------------------------------------------------
[ 2016-12-07T15:44:22+08:00 ] 127.0.0.1 127.0.0.1 GET /bick/public/index.php/admin/conf/conf.html
[ log ] 127.0.0.1/bick/public/index.php/admin/conf/conf.html [运行时间：0.073004s][吞吐率：13.70req/s] [内存消耗：2,018.55kb] [文件加载：56]
[ info ] [ LANG ] F:\phpStudy\WWW\bick\thinkphp\lang\zh-cn.php
[ info ] [ ROUTE ] array (
  'type' => 'module',
  'module' => 
  array (
    0 => 'admin',
    1 => 'conf',
    2 => 'conf',
  ),
)
[ info ] [ HEADER ] array (
  'upgrade-insecure-requests' => '1',
  'connection' => 'close',
  'cookie' => 'Hm_lvt_d7e112eaeea65921aeaadcc0af8f2853=1479645572,1479721473,1480739102,1480846129; PHPSESSID=858h19tjtcb5rmcnlh2a5b8ic4',
  'referer' => 'http://127.0.0.1/bick/public/index.php/admin/conf/conf.html',
  'accept-encoding' => 'gzip, deflate',
  'accept-language' => 'zh-CN,zh;q=0.8,en-US;q=0.5,en;q=0.3',
  'accept' => 'text/html,application/xhtml+xml,application/xml;q=0.9,*/*;q=0.8',
  'user-agent' => 'Mozilla/5.0 (Windows NT 6.1; WOW64; rv:50.0) Gecko/20100101 Firefox/50.0',
  'host' => '127.0.0.1',
)
[ info ] [ PARAM ] array (
)
[ info ] [ SESSION ] INIT array (
  'id' => '',
  'var_session_id' => '',
  'prefix' => 'think',
  'type' => '',
  'auto_start' => true,
)
[ info ] [ RUN ] app\admin\controller\Conf->conf[ F:\phpStudy\WWW\bick\application\admin\controller\Conf.php ]
[ info ] [ DB ] INIT mysql
[ info ] [ VIEW ] F:\phpStudy\WWW\bick\public/../application/admin\view\conf\conf.htm [ array (
  0 => 'confres',
) ]
[ info ] [ LOG ] INIT File
[ sql ] [ DB ] CONNECT:[ UseTime:0.001001s ] mysql:dbname=bick;host=127.0.0.1;charset=utf8
[ sql ] [ SQL ] SHOW COLUMNS FROM `bk_conf` [ RunTime:0.007000s ]
[ sql ] [ SQL ] SELECT * FROM `bk_conf` ORDER BY sort desc  [ RunTime:0.000000s ]

---------------------------------------------------------------
[ 2016-12-07T15:44:51+08:00 ] 127.0.0.1 127.0.0.1 GET /bick/public/index.php/admin/conf/lst.html
[ log ] 127.0.0.1/bick/public/index.php/admin/conf/lst.html [运行时间：0.058004s][吞吐率：17.24req/s] [内存消耗：2,105.99kb] [文件加载：60]
[ info ] [ LANG ] F:\phpStudy\WWW\bick\thinkphp\lang\zh-cn.php
[ info ] [ ROUTE ] array (
  'type' => 'module',
  'module' => 
  array (
    0 => 'admin',
    1 => 'conf',
    2 => 'lst',
  ),
)
[ info ] [ HEADER ] array (
  'upgrade-insecure-requests' => '1',
  'connection' => 'close',
  'cookie' => 'Hm_lvt_d7e112eaeea65921aeaadcc0af8f2853=1479645572,1479721473,1480739102,1480846129; PHPSESSID=858h19tjtcb5rmcnlh2a5b8ic4',
  'referer' => 'http://127.0.0.1/bick/public/index.php/admin/conf/conf.html',
  'accept-encoding' => 'gzip, deflate',
  'accept-language' => 'zh-CN,zh;q=0.8,en-US;q=0.5,en;q=0.3',
  'accept' => 'text/html,application/xhtml+xml,application/xml;q=0.9,*/*;q=0.8',
  'user-agent' => 'Mozilla/5.0 (Windows NT 6.1; WOW64; rv:50.0) Gecko/20100101 Firefox/50.0',
  'host' => '127.0.0.1',
)
[ info ] [ PARAM ] array (
)
[ info ] [ SESSION ] INIT array (
  'id' => '',
  'var_session_id' => '',
  'prefix' => 'think',
  'type' => '',
  'auto_start' => true,
)
[ info ] [ RUN ] app\admin\controller\Conf->lst[ F:\phpStudy\WWW\bick\application\admin\controller\Conf.php ]
[ info ] [ DB ] INIT mysql
[ info ] [ VIEW ] F:\phpStudy\WWW\bick\public/../application/admin\view\conf\lst.htm [ array (
  0 => 'confres',
) ]
[ info ] [ LOG ] INIT File
[ sql ] [ DB ] CONNECT:[ UseTime:0.001000s ] mysql:dbname=bick;host=127.0.0.1;charset=utf8
[ sql ] [ SQL ] SHOW COLUMNS FROM `bk_conf` [ RunTime:0.012000s ]
[ sql ] [ SQL ] SELECT COUNT(*) AS tp_count FROM `bk_conf` ORDER BY sort desc LIMIT 1   [ RunTime:0.000000s ]
[ sql ] [ SQL ] SELECT * FROM `bk_conf` ORDER BY sort desc LIMIT 0,4   [ RunTime:0.001001s ]

---------------------------------------------------------------
[ 2016-12-07T15:45:00+08:00 ] 127.0.0.1 127.0.0.1 GET /bick/public/index.php/admin/conf/lst.html?page=2
[ log ] 127.0.0.1/bick/public/index.php/admin/conf/lst.html?page=2 [运行时间：0.056003s][吞吐率：17.86req/s] [内存消耗：2,104.09kb] [文件加载：60]
[ info ] [ LANG ] F:\phpStudy\WWW\bick\thinkphp\lang\zh-cn.php
[ info ] [ ROUTE ] array (
  'type' => 'module',
  'module' => 
  array (
    0 => 'admin',
    1 => 'conf',
    2 => 'lst',
  ),
)
[ info ] [ HEADER ] array (
  'upgrade-insecure-requests' => '1',
  'connection' => 'close',
  'cookie' => 'Hm_lvt_d7e112eaeea65921aeaadcc0af8f2853=1479645572,1479721473,1480739102,1480846129; PHPSESSID=858h19tjtcb5rmcnlh2a5b8ic4',
  'referer' => 'http://127.0.0.1/bick/public/index.php/admin/conf/lst.html',
  'accept-encoding' => 'gzip, deflate',
  'accept-language' => 'zh-CN,zh;q=0.8,en-US;q=0.5,en;q=0.3',
  'accept' => 'text/html,application/xhtml+xml,application/xml;q=0.9,*/*;q=0.8',
  'user-agent' => 'Mozilla/5.0 (Windows NT 6.1; WOW64; rv:50.0) Gecko/20100101 Firefox/50.0',
  'host' => '127.0.0.1',
)
[ info ] [ PARAM ] array (
  'page' => '2',
)
[ info ] [ SESSION ] INIT array (
  'id' => '',
  'var_session_id' => '',
  'prefix' => 'think',
  'type' => '',
  'auto_start' => true,
)
[ info ] [ RUN ] app\admin\controller\Conf->lst[ F:\phpStudy\WWW\bick\application\admin\controller\Conf.php ]
[ info ] [ DB ] INIT mysql
[ info ] [ VIEW ] F:\phpStudy\WWW\bick\public/../application/admin\view\conf\lst.htm [ array (
  0 => 'confres',
) ]
[ info ] [ LOG ] INIT File
[ sql ] [ DB ] CONNECT:[ UseTime:0.001000s ] mysql:dbname=bick;host=127.0.0.1;charset=utf8
[ sql ] [ SQL ] SHOW COLUMNS FROM `bk_conf` [ RunTime:0.015001s ]
[ sql ] [ SQL ] SELECT COUNT(*) AS tp_count FROM `bk_conf` ORDER BY sort desc LIMIT 1   [ RunTime:0.001000s ]
[ sql ] [ SQL ] SELECT * FROM `bk_conf` ORDER BY sort desc LIMIT 4,4   [ RunTime:0.000000s ]

---------------------------------------------------------------
[ 2016-12-07T15:45:04+08:00 ] 127.0.0.1 127.0.0.1 GET /bick/public/index.php/admin/conf/edit/id/7.html
[ log ] 127.0.0.1/bick/public/index.php/admin/conf/edit/id/7.html [运行时间：0.139008s][吞吐率：7.19req/s] [内存消耗：2,126.51kb] [文件加载：58]
[ info ] [ LANG ] F:\phpStudy\WWW\bick\thinkphp\lang\zh-cn.php
[ info ] [ ROUTE ] array (
  'type' => 'module',
  'module' => 
  array (
    0 => 'admin',
    1 => 'conf',
    2 => 'edit',
  ),
)
[ info ] [ HEADER ] array (
  'upgrade-insecure-requests' => '1',
  'connection' => 'close',
  'cookie' => 'Hm_lvt_d7e112eaeea65921aeaadcc0af8f2853=1479645572,1479721473,1480739102,1480846129; PHPSESSID=858h19tjtcb5rmcnlh2a5b8ic4',
  'referer' => 'http://127.0.0.1/bick/public/index.php/admin/conf/lst.html?page=2',
  'accept-encoding' => 'gzip, deflate',
  'accept-language' => 'zh-CN,zh;q=0.8,en-US;q=0.5,en;q=0.3',
  'accept' => 'text/html,application/xhtml+xml,application/xml;q=0.9,*/*;q=0.8',
  'user-agent' => 'Mozilla/5.0 (Windows NT 6.1; WOW64; rv:50.0) Gecko/20100101 Firefox/50.0',
  'host' => '127.0.0.1',
)
[ info ] [ PARAM ] array (
  'id' => '7',
)
[ info ] [ SESSION ] INIT array (
  'id' => '',
  'var_session_id' => '',
  'prefix' => 'think',
  'type' => '',
  'auto_start' => true,
)
[ info ] [ RUN ] app\admin\controller\Conf->edit[ F:\phpStudy\WWW\bick\application\admin\controller\Conf.php ]
[ info ] [ DB ] INIT mysql
[ info ] [ VIEW ] F:\phpStudy\WWW\bick\public/../application/admin\view\conf\edit.htm [ array (
  0 => 'confs',
) ]
[ info ] [ LOG ] INIT File
[ sql ] [ DB ] CONNECT:[ UseTime:0.010000s ] mysql:dbname=bick;host=127.0.0.1;charset=utf8
[ sql ] [ SQL ] SHOW COLUMNS FROM `bk_conf` [ RunTime:0.008001s ]
[ sql ] [ SQL ] SELECT * FROM `bk_conf` WHERE  `id` = 7 LIMIT 1    [ RunTime:0.000000s ]

---------------------------------------------------------------
[ 2016-12-07T15:45:11+08:00 ] 127.0.0.1 127.0.0.1 GET /bick/public/index.php/admin/conf/lst.html
[ log ] 127.0.0.1/bick/public/index.php/admin/conf/lst.html [运行时间：0.049003s][吞吐率：20.41req/s] [内存消耗：2,105.91kb] [文件加载：60]
[ info ] [ LANG ] F:\phpStudy\WWW\bick\thinkphp\lang\zh-cn.php
[ info ] [ ROUTE ] array (
  'type' => 'module',
  'module' => 
  array (
    0 => 'admin',
    1 => 'conf',
    2 => 'lst',
  ),
)
[ info ] [ HEADER ] array (
  'upgrade-insecure-requests' => '1',
  'connection' => 'close',
  'cookie' => 'Hm_lvt_d7e112eaeea65921aeaadcc0af8f2853=1479645572,1479721473,1480739102,1480846129; PHPSESSID=858h19tjtcb5rmcnlh2a5b8ic4',
  'referer' => 'http://127.0.0.1/bick/public/index.php/admin/conf/edit/id/7.html',
  'accept-encoding' => 'gzip, deflate',
  'accept-language' => 'zh-CN,zh;q=0.8,en-US;q=0.5,en;q=0.3',
  'accept' => 'text/html,application/xhtml+xml,application/xml;q=0.9,*/*;q=0.8',
  'user-agent' => 'Mozilla/5.0 (Windows NT 6.1; WOW64; rv:50.0) Gecko/20100101 Firefox/50.0',
  'host' => '127.0.0.1',
)
[ info ] [ PARAM ] array (
)
[ info ] [ SESSION ] INIT array (
  'id' => '',
  'var_session_id' => '',
  'prefix' => 'think',
  'type' => '',
  'auto_start' => true,
)
[ info ] [ RUN ] app\admin\controller\Conf->lst[ F:\phpStudy\WWW\bick\application\admin\controller\Conf.php ]
[ info ] [ DB ] INIT mysql
[ info ] [ VIEW ] F:\phpStudy\WWW\bick\public/../application/admin\view\conf\lst.htm [ array (
  0 => 'confres',
) ]
[ info ] [ LOG ] INIT File
[ sql ] [ DB ] CONNECT:[ UseTime:0.000000s ] mysql:dbname=bick;host=127.0.0.1;charset=utf8
[ sql ] [ SQL ] SHOW COLUMNS FROM `bk_conf` [ RunTime:0.013001s ]
[ sql ] [ SQL ] SELECT COUNT(*) AS tp_count FROM `bk_conf` ORDER BY sort desc LIMIT 1   [ RunTime:0.001000s ]
[ sql ] [ SQL ] SELECT * FROM `bk_conf` ORDER BY sort desc LIMIT 0,4   [ RunTime:0.001000s ]

---------------------------------------------------------------
[ 2016-12-07T15:45:26+08:00 ] 127.0.0.1 127.0.0.1 GET /bick/public/index.php/admin/conf/conf.html
[ log ] 127.0.0.1/bick/public/index.php/admin/conf/conf.html [运行时间：0.057003s][吞吐率：17.54req/s] [内存消耗：2,018.55kb] [文件加载：56]
[ info ] [ LANG ] F:\phpStudy\WWW\bick\thinkphp\lang\zh-cn.php
[ info ] [ ROUTE ] array (
  'type' => 'module',
  'module' => 
  array (
    0 => 'admin',
    1 => 'conf',
    2 => 'conf',
  ),
)
[ info ] [ HEADER ] array (
  'upgrade-insecure-requests' => '1',
  'connection' => 'close',
  'cookie' => 'Hm_lvt_d7e112eaeea65921aeaadcc0af8f2853=1479645572,1479721473,1480739102,1480846129; PHPSESSID=858h19tjtcb5rmcnlh2a5b8ic4',
  'referer' => 'http://127.0.0.1/bick/public/index.php/admin/conf/lst.html',
  'accept-encoding' => 'gzip, deflate',
  'accept-language' => 'zh-CN,zh;q=0.8,en-US;q=0.5,en;q=0.3',
  'accept' => 'text/html,application/xhtml+xml,application/xml;q=0.9,*/*;q=0.8',
  'user-agent' => 'Mozilla/5.0 (Windows NT 6.1; WOW64; rv:50.0) Gecko/20100101 Firefox/50.0',
  'host' => '127.0.0.1',
)
[ info ] [ PARAM ] array (
)
[ info ] [ SESSION ] INIT array (
  'id' => '',
  'var_session_id' => '',
  'prefix' => 'think',
  'type' => '',
  'auto_start' => true,
)
[ info ] [ RUN ] app\admin\controller\Conf->conf[ F:\phpStudy\WWW\bick\application\admin\controller\Conf.php ]
[ info ] [ DB ] INIT mysql
[ info ] [ VIEW ] F:\phpStudy\WWW\bick\public/../application/admin\view\conf\conf.htm [ array (
  0 => 'confres',
) ]
[ info ] [ LOG ] INIT File
[ sql ] [ DB ] CONNECT:[ UseTime:0.000000s ] mysql:dbname=bick;host=127.0.0.1;charset=utf8
[ sql ] [ SQL ] SHOW COLUMNS FROM `bk_conf` [ RunTime:0.007000s ]
[ sql ] [ SQL ] SELECT * FROM `bk_conf` ORDER BY sort desc  [ RunTime:0.001000s ]

---------------------------------------------------------------
