[ 2016-12-09T21:35:02+08:00 ] 127.0.0.1 127.0.0.1 GET /bick/public/index.php/admin
[ log ] 127.0.0.1/bick/public/index.php/admin [运行时间：0.068004s][吞吐率：14.71req/s] [内存消耗：1,303.13kb] [文件加载：47]
[ info ] [ LANG ] F:\phpStudy\WWW\bick\thinkphp\lang\zh-cn.php
[ info ] [ ROUTE ] array (
  'type' => 'module',
  'module' => 
  array (
    0 => 'admin',
    1 => NULL,
    2 => NULL,
  ),
)
[ info ] [ HEADER ] array (
  'upgrade-insecure-requests' => '1',
  'connection' => 'close',
  'cookie' => 'Hm_lvt_d7e112eaeea65921aeaadcc0af8f2853=1479645572,1479721473,1480739102,1480846129',
  'accept-encoding' => 'gzip, deflate',
  'accept-language' => 'zh-CN,zh;q=0.8,en-US;q=0.5,en;q=0.3',
  'accept' => 'text/html,application/xhtml+xml,application/xml;q=0.9,*/*;q=0.8',
  'user-agent' => 'Mozilla/5.0 (Windows NT 6.1; WOW64; rv:50.0) Gecko/20100101 Firefox/50.0',
  'host' => '127.0.0.1',
)
[ info ] [ PARAM ] array (
)
[ info ] [ SESSION ] INIT array (
  'id' => '',
  'var_session_id' => '',
  'prefix' => 'think',
  'type' => '',
  'auto_start' => true,
)
[ info ] [ VIEW ] F:\phpStudy\WWW\bick\thinkphp\tpl\dispatch_jump.tpl [ array (
  0 => 'code',
  1 => 'msg',
  2 => 'data',
  3 => 'url',
  4 => 'wait',
) ]
[ info ] [ LOG ] INIT File

---------------------------------------------------------------
[ 2016-12-09T21:35:05+08:00 ] 127.0.0.1 127.0.0.1 GET /bick/public/index.php/admin/login/index.html
[ log ] 127.0.0.1/bick/public/index.php/admin/login/index.html [运行时间：0.076005s][吞吐率：13.16req/s] [内存消耗：1,304.47kb] [文件加载：46]
[ info ] [ LANG ] F:\phpStudy\WWW\bick\thinkphp\lang\zh-cn.php
[ info ] [ ROUTE ] array (
  'type' => 'module',
  'module' => 
  array (
    0 => 'admin',
    1 => 'login',
    2 => 'index',
  ),
)
[ info ] [ HEADER ] array (
  'upgrade-insecure-requests' => '1',
  'connection' => 'close',
  'cookie' => 'Hm_lvt_d7e112eaeea65921aeaadcc0af8f2853=1479645572,1479721473,1480739102,1480846129; PHPSESSID=5jod4et49tb39du6j1l34bfcr2',
  'referer' => 'http://127.0.0.1/bick/public/index.php/admin',
  'accept-encoding' => 'gzip, deflate',
  'accept-language' => 'zh-CN,zh;q=0.8,en-US;q=0.5,en;q=0.3',
  'accept' => 'text/html,application/xhtml+xml,application/xml;q=0.9,*/*;q=0.8',
  'user-agent' => 'Mozilla/5.0 (Windows NT 6.1; WOW64; rv:50.0) Gecko/20100101 Firefox/50.0',
  'host' => '127.0.0.1',
)
[ info ] [ PARAM ] array (
)
[ info ] [ RUN ] app\admin\controller\Login->index[ F:\phpStudy\WWW\bick\application\admin\controller\Login.php ]
[ info ] [ VIEW ] F:\phpStudy\WWW\bick\public/../application/admin\view\login\index.htm [ array (
) ]
[ info ] [ LOG ] INIT File

---------------------------------------------------------------
[ 2016-12-09T21:35:07+08:00 ] 127.0.0.1 127.0.0.1 GET /bick/public/index.php/captcha.html
[ log ] 127.0.0.1/bick/public/index.php/captcha.html [运行时间：1.869107s][吞吐率：0.54req/s] [内存消耗：1,082.17kb] [文件加载：37]
[ info ] [ LANG ] F:\phpStudy\WWW\bick\thinkphp\lang\zh-cn.php
[ info ] [ ROUTE ] array (
  'type' => 'method',
  'method' => 
  array (
    0 => '\\think\\captcha\\CaptchaController',
    1 => 'index',
  ),
)
[ info ] [ HEADER ] array (
  'connection' => 'close',
  'cookie' => 'Hm_lvt_d7e112eaeea65921aeaadcc0af8f2853=1479645572,1479721473,1480739102,1480846129; PHPSESSID=5jod4et49tb39du6j1l34bfcr2',
  'referer' => 'http://127.0.0.1/bick/public/index.php/admin/login/index.html',
  'accept-encoding' => 'gzip, deflate',
  'accept-language' => 'zh-CN,zh;q=0.8,en-US;q=0.5,en;q=0.3',
  'accept' => '*/*',
  'user-agent' => 'Mozilla/5.0 (Windows NT 6.1; WOW64; rv:50.0) Gecko/20100101 Firefox/50.0',
  'host' => '127.0.0.1',
)
[ info ] [ PARAM ] array (
  'id' => NULL,
)
[ info ] [ RUN ] think\captcha\CaptchaController->index[ F:\phpStudy\WWW\bick\vendor\topthink\think-captcha\src\CaptchaController.php ]
[ info ] [ SESSION ] INIT array (
  'id' => '',
  'var_session_id' => '',
  'prefix' => 'think',
  'type' => '',
  'auto_start' => true,
)
[ info ] [ LOG ] INIT File

---------------------------------------------------------------
[ 2016-12-09T21:35:14+08:00 ] 127.0.0.1 127.0.0.1 POST /bick/public/index.php/admin/login/index.html
[ log ] 127.0.0.1/bick/public/index.php/admin/login/index.html [运行时间：0.144008s][吞吐率：6.94req/s] [内存消耗：2,022.89kb] [文件加载：56]
[ info ] [ LANG ] F:\phpStudy\WWW\bick\thinkphp\lang\zh-cn.php
[ info ] [ ROUTE ] array (
  'type' => 'module',
  'module' => 
  array (
    0 => 'admin',
    1 => 'login',
    2 => 'index',
  ),
)
[ info ] [ HEADER ] array (
  'content-length' => '36',
  'content-type' => 'application/x-www-form-urlencoded',
  'upgrade-insecure-requests' => '1',
  'connection' => 'close',
  'cookie' => 'Hm_lvt_d7e112eaeea65921aeaadcc0af8f2853=1479645572,1479721473,1480739102,1480846129; PHPSESSID=5jod4et49tb39du6j1l34bfcr2',
  'referer' => 'http://127.0.0.1/bick/public/index.php/admin/login/index.html',
  'accept-encoding' => 'gzip, deflate',
  'accept-language' => 'zh-CN,zh;q=0.8,en-US;q=0.5,en;q=0.3',
  'accept' => 'text/html,application/xhtml+xml,application/xml;q=0.9,*/*;q=0.8',
  'user-agent' => 'Mozilla/5.0 (Windows NT 6.1; WOW64; rv:50.0) Gecko/20100101 Firefox/50.0',
  'host' => '127.0.0.1',
)
[ info ] [ PARAM ] array (
  'name' => 'admin',
  'password' => '123456',
  'code' => '5543',
)
[ info ] [ RUN ] app\admin\controller\Login->index[ F:\phpStudy\WWW\bick\application\admin\controller\Login.php ]
[ info ] [ SESSION ] INIT array (
  'id' => '',
  'var_session_id' => '',
  'prefix' => 'think',
  'type' => '',
  'auto_start' => true,
)
[ info ] [ DB ] INIT mysql
[ info ] [ VIEW ] F:\phpStudy\WWW\bick\thinkphp\tpl\dispatch_jump.tpl [ array (
  0 => 'code',
  1 => 'msg',
  2 => 'data',
  3 => 'url',
  4 => 'wait',
) ]
[ info ] [ LOG ] INIT File
[ sql ] [ DB ] CONNECT:[ UseTime:0.010001s ] mysql:dbname=bick;host=127.0.0.1;charset=utf8
[ sql ] [ SQL ] SHOW COLUMNS FROM `bk_admin` [ RunTime:0.005000s ]
[ sql ] [ SQL ] SELECT * FROM `bk_admin` WHERE  `name` = 'admin' LIMIT 1    [ RunTime:0.000000s ]

---------------------------------------------------------------
[ 2016-12-09T21:35:17+08:00 ] 127.0.0.1 127.0.0.1 GET /bick/public/index.php/admin/index/index.html
[ log ] 127.0.0.1/bick/public/index.php/admin/index/index.html [运行时间：0.090005s][吞吐率：11.11req/s] [内存消耗：1,307.79kb] [文件加载：47]
[ info ] [ LANG ] F:\phpStudy\WWW\bick\thinkphp\lang\zh-cn.php
[ info ] [ ROUTE ] array (
  'type' => 'module',
  'module' => 
  array (
    0 => 'admin',
    1 => 'index',
    2 => 'index',
  ),
)
[ info ] [ HEADER ] array (
  'upgrade-insecure-requests' => '1',
  'connection' => 'close',
  'cookie' => 'Hm_lvt_d7e112eaeea65921aeaadcc0af8f2853=1479645572,1479721473,1480739102,1480846129; PHPSESSID=5jod4et49tb39du6j1l34bfcr2',
  'referer' => 'http://127.0.0.1/bick/public/index.php/admin/login/index.html',
  'accept-encoding' => 'gzip, deflate',
  'accept-language' => 'zh-CN,zh;q=0.8,en-US;q=0.5,en;q=0.3',
  'accept' => 'text/html,application/xhtml+xml,application/xml;q=0.9,*/*;q=0.8',
  'user-agent' => 'Mozilla/5.0 (Windows NT 6.1; WOW64; rv:50.0) Gecko/20100101 Firefox/50.0',
  'host' => '127.0.0.1',
)
[ info ] [ PARAM ] array (
)
[ info ] [ SESSION ] INIT array (
  'id' => '',
  'var_session_id' => '',
  'prefix' => 'think',
  'type' => '',
  'auto_start' => true,
)
[ info ] [ RUN ] app\admin\controller\Index->index[ F:\phpStudy\WWW\bick\application\admin\controller\Index.php ]
[ info ] [ VIEW ] F:\phpStudy\WWW\bick\public/../application/admin\view\index\index.htm [ array (
) ]
[ info ] [ LOG ] INIT File

---------------------------------------------------------------
[ 2016-12-09T21:35:20+08:00 ] 127.0.0.1 127.0.0.1 GET /bick/public/index.php/admin/cate/lst.html
[ log ] 127.0.0.1/bick/public/index.php/admin/cate/lst.html [运行时间：0.193011s][吞吐率：5.18req/s] [内存消耗：2,023.23kb] [文件加载：56]
[ info ] [ LANG ] F:\phpStudy\WWW\bick\thinkphp\lang\zh-cn.php
[ info ] [ ROUTE ] array (
  'type' => 'module',
  'module' => 
  array (
    0 => 'admin',
    1 => 'cate',
    2 => 'lst',
  ),
)
[ info ] [ HEADER ] array (
  'upgrade-insecure-requests' => '1',
  'connection' => 'close',
  'cookie' => 'Hm_lvt_d7e112eaeea65921aeaadcc0af8f2853=1479645572,1479721473,1480739102,1480846129; PHPSESSID=5jod4et49tb39du6j1l34bfcr2',
  'referer' => 'http://127.0.0.1/bick/public/index.php/admin/index/index.html',
  'accept-encoding' => 'gzip, deflate',
  'accept-language' => 'zh-CN,zh;q=0.8,en-US;q=0.5,en;q=0.3',
  'accept' => 'text/html,application/xhtml+xml,application/xml;q=0.9,*/*;q=0.8',
  'user-agent' => 'Mozilla/5.0 (Windows NT 6.1; WOW64; rv:50.0) Gecko/20100101 Firefox/50.0',
  'host' => '127.0.0.1',
)
[ info ] [ PARAM ] array (
)
[ info ] [ SESSION ] INIT array (
  'id' => '',
  'var_session_id' => '',
  'prefix' => 'think',
  'type' => '',
  'auto_start' => true,
)
[ info ] [ RUN ] app\admin\controller\cate->lst[ F:\phpStudy\WWW\bick\application\admin\controller\Cate.php ]
[ info ] [ DB ] INIT mysql
[ info ] [ VIEW ] F:\phpStudy\WWW\bick\public/../application/admin\view\cate\lst.htm [ array (
  0 => 'cateres',
) ]
[ info ] [ LOG ] INIT File
[ sql ] [ DB ] CONNECT:[ UseTime:0.010001s ] mysql:dbname=bick;host=127.0.0.1;charset=utf8
[ sql ] [ SQL ] SHOW COLUMNS FROM `bk_cate` [ RunTime:0.012000s ]
[ sql ] [ SQL ] SELECT * FROM `bk_cate` ORDER BY sort desc  [ RunTime:0.001000s ]

---------------------------------------------------------------
[ 2016-12-09T21:35:24+08:00 ] 127.0.0.1 127.0.0.1 GET /bick/public/index.php/admin/cate/add.html
[ log ] 127.0.0.1/bick/public/index.php/admin/cate/add.html [运行时间：0.088005s][吞吐率：11.36req/s] [内存消耗：2,007.17kb] [文件加载：56]
[ info ] [ LANG ] F:\phpStudy\WWW\bick\thinkphp\lang\zh-cn.php
[ info ] [ ROUTE ] array (
  'type' => 'module',
  'module' => 
  array (
    0 => 'admin',
    1 => 'cate',
    2 => 'add',
  ),
)
[ info ] [ HEADER ] array (
  'upgrade-insecure-requests' => '1',
  'connection' => 'close',
  'cookie' => 'Hm_lvt_d7e112eaeea65921aeaadcc0af8f2853=1479645572,1479721473,1480739102,1480846129; PHPSESSID=5jod4et49tb39du6j1l34bfcr2',
  'referer' => 'http://127.0.0.1/bick/public/index.php/admin/cate/lst.html',
  'accept-encoding' => 'gzip, deflate',
  'accept-language' => 'zh-CN,zh;q=0.8,en-US;q=0.5,en;q=0.3',
  'accept' => 'text/html,application/xhtml+xml,application/xml;q=0.9,*/*;q=0.8',
  'user-agent' => 'Mozilla/5.0 (Windows NT 6.1; WOW64; rv:50.0) Gecko/20100101 Firefox/50.0',
  'host' => '127.0.0.1',
)
[ info ] [ PARAM ] array (
)
[ info ] [ SESSION ] INIT array (
  'id' => '',
  'var_session_id' => '',
  'prefix' => 'think',
  'type' => '',
  'auto_start' => true,
)
[ info ] [ RUN ] app\admin\controller\cate->add[ F:\phpStudy\WWW\bick\application\admin\controller\Cate.php ]
[ info ] [ DB ] INIT mysql
[ info ] [ VIEW ] F:\phpStudy\WWW\bick\public/../application/admin\view\cate\add.htm [ array (
  0 => 'cateres',
) ]
[ info ] [ LOG ] INIT File
[ sql ] [ DB ] CONNECT:[ UseTime:0.000000s ] mysql:dbname=bick;host=127.0.0.1;charset=utf8
[ sql ] [ SQL ] SHOW COLUMNS FROM `bk_cate` [ RunTime:0.014001s ]
[ sql ] [ SQL ] SELECT * FROM `bk_cate` ORDER BY sort desc  [ RunTime:0.001000s ]

---------------------------------------------------------------
[ 2016-12-09T21:35:29+08:00 ] 127.0.0.1 127.0.0.1 GET /bick/public/index.php/admin/cate/lst.html
[ log ] 127.0.0.1/bick/public/index.php/admin/cate/lst.html [运行时间：0.066003s][吞吐率：15.15req/s] [内存消耗：2,023.23kb] [文件加载：56]
[ info ] [ LANG ] F:\phpStudy\WWW\bick\thinkphp\lang\zh-cn.php
[ info ] [ ROUTE ] array (
  'type' => 'module',
  'module' => 
  array (
    0 => 'admin',
    1 => 'cate',
    2 => 'lst',
  ),
)
[ info ] [ HEADER ] array (
  'upgrade-insecure-requests' => '1',
  'connection' => 'close',
  'cookie' => 'Hm_lvt_d7e112eaeea65921aeaadcc0af8f2853=1479645572,1479721473,1480739102,1480846129; PHPSESSID=5jod4et49tb39du6j1l34bfcr2',
  'referer' => 'http://127.0.0.1/bick/public/index.php/admin/index/index.html',
  'accept-encoding' => 'gzip, deflate',
  'accept-language' => 'zh-CN,zh;q=0.8,en-US;q=0.5,en;q=0.3',
  'accept' => 'text/html,application/xhtml+xml,application/xml;q=0.9,*/*;q=0.8',
  'user-agent' => 'Mozilla/5.0 (Windows NT 6.1; WOW64; rv:50.0) Gecko/20100101 Firefox/50.0',
  'host' => '127.0.0.1',
)
[ info ] [ PARAM ] array (
)
[ info ] [ SESSION ] INIT array (
  'id' => '',
  'var_session_id' => '',
  'prefix' => 'think',
  'type' => '',
  'auto_start' => true,
)
[ info ] [ RUN ] app\admin\controller\cate->lst[ F:\phpStudy\WWW\bick\application\admin\controller\Cate.php ]
[ info ] [ DB ] INIT mysql
[ info ] [ VIEW ] F:\phpStudy\WWW\bick\public/../application/admin\view\cate\lst.htm [ array (
  0 => 'cateres',
) ]
[ info ] [ LOG ] INIT File
[ sql ] [ DB ] CONNECT:[ UseTime:0.001000s ] mysql:dbname=bick;host=127.0.0.1;charset=utf8
[ sql ] [ SQL ] SHOW COLUMNS FROM `bk_cate` [ RunTime:0.013001s ]
[ sql ] [ SQL ] SELECT * FROM `bk_cate` ORDER BY sort desc  [ RunTime:0.000000s ]

---------------------------------------------------------------
[ 2016-12-09T21:36:08+08:00 ] 127.0.0.1 127.0.0.1 GET /bick/public/index.php/admin/cate/add.html
[ log ] 127.0.0.1/bick/public/index.php/admin/cate/add.html [运行时间：0.059003s][吞吐率：16.95req/s] [内存消耗：2,007.17kb] [文件加载：56]
[ info ] [ LANG ] F:\phpStudy\WWW\bick\thinkphp\lang\zh-cn.php
[ info ] [ ROUTE ] array (
  'type' => 'module',
  'module' => 
  array (
    0 => 'admin',
    1 => 'cate',
    2 => 'add',
  ),
)
[ info ] [ HEADER ] array (
  'upgrade-insecure-requests' => '1',
  'connection' => 'close',
  'cookie' => 'Hm_lvt_d7e112eaeea65921aeaadcc0af8f2853=1479645572,1479721473,1480739102,1480846129; PHPSESSID=5jod4et49tb39du6j1l34bfcr2',
  'referer' => 'http://127.0.0.1/bick/public/index.php/admin/cate/lst.html',
  'accept-encoding' => 'gzip, deflate',
  'accept-language' => 'zh-CN,zh;q=0.8,en-US;q=0.5,en;q=0.3',
  'accept' => 'text/html,application/xhtml+xml,application/xml;q=0.9,*/*;q=0.8',
  'user-agent' => 'Mozilla/5.0 (Windows NT 6.1; WOW64; rv:50.0) Gecko/20100101 Firefox/50.0',
  'host' => '127.0.0.1',
)
[ info ] [ PARAM ] array (
)
[ info ] [ SESSION ] INIT array (
  'id' => '',
  'var_session_id' => '',
  'prefix' => 'think',
  'type' => '',
  'auto_start' => true,
)
[ info ] [ RUN ] app\admin\controller\cate->add[ F:\phpStudy\WWW\bick\application\admin\controller\Cate.php ]
[ info ] [ DB ] INIT mysql
[ info ] [ VIEW ] F:\phpStudy\WWW\bick\public/../application/admin\view\cate\add.htm [ array (
  0 => 'cateres',
) ]
[ info ] [ LOG ] INIT File
[ sql ] [ DB ] CONNECT:[ UseTime:0.001000s ] mysql:dbname=bick;host=127.0.0.1;charset=utf8
[ sql ] [ SQL ] SHOW COLUMNS FROM `bk_cate` [ RunTime:0.013001s ]
[ sql ] [ SQL ] SELECT * FROM `bk_cate` ORDER BY sort desc  [ RunTime:0.001000s ]

---------------------------------------------------------------
[ 2016-12-09T21:36:47+08:00 ] 127.0.0.1 127.0.0.1 GET /bick/public/index.php/admin/cate/lst.html
[ log ] 127.0.0.1/bick/public/index.php/admin/cate/lst.html [运行时间：0.070004s][吞吐率：14.28req/s] [内存消耗：2,023.23kb] [文件加载：56]
[ info ] [ LANG ] F:\phpStudy\WWW\bick\thinkphp\lang\zh-cn.php
[ info ] [ ROUTE ] array (
  'type' => 'module',
  'module' => 
  array (
    0 => 'admin',
    1 => 'cate',
    2 => 'lst',
  ),
)
[ info ] [ HEADER ] array (
  'upgrade-insecure-requests' => '1',
  'connection' => 'close',
  'cookie' => 'Hm_lvt_d7e112eaeea65921aeaadcc0af8f2853=1479645572,1479721473,1480739102,1480846129; PHPSESSID=5jod4et49tb39du6j1l34bfcr2',
  'referer' => 'http://127.0.0.1/bick/public/index.php/admin/cate/add.html',
  'accept-encoding' => 'gzip, deflate',
  'accept-language' => 'zh-CN,zh;q=0.8,en-US;q=0.5,en;q=0.3',
  'accept' => 'text/html,application/xhtml+xml,application/xml;q=0.9,*/*;q=0.8',
  'user-agent' => 'Mozilla/5.0 (Windows NT 6.1; WOW64; rv:50.0) Gecko/20100101 Firefox/50.0',
  'host' => '127.0.0.1',
)
[ info ] [ PARAM ] array (
)
[ info ] [ SESSION ] INIT array (
  'id' => '',
  'var_session_id' => '',
  'prefix' => 'think',
  'type' => '',
  'auto_start' => true,
)
[ info ] [ RUN ] app\admin\controller\cate->lst[ F:\phpStudy\WWW\bick\application\admin\controller\Cate.php ]
[ info ] [ DB ] INIT mysql
[ info ] [ VIEW ] F:\phpStudy\WWW\bick\public/../application/admin\view\cate\lst.htm [ array (
  0 => 'cateres',
) ]
[ info ] [ LOG ] INIT File
[ sql ] [ DB ] CONNECT:[ UseTime:0.001000s ] mysql:dbname=bick;host=127.0.0.1;charset=utf8
[ sql ] [ SQL ] SHOW COLUMNS FROM `bk_cate` [ RunTime:0.011001s ]
[ sql ] [ SQL ] SELECT * FROM `bk_cate` ORDER BY sort desc  [ RunTime:0.001000s ]

---------------------------------------------------------------
[ 2016-12-09T21:38:26+08:00 ] 127.0.0.1 127.0.0.1 GET /bick/public/index.php/admin/cate/add.html
[ log ] 127.0.0.1/bick/public/index.php/admin/cate/add.html [运行时间：0.055003s][吞吐率：18.18req/s] [内存消耗：2,007.17kb] [文件加载：56]
[ info ] [ LANG ] F:\phpStudy\WWW\bick\thinkphp\lang\zh-cn.php
[ info ] [ ROUTE ] array (
  'type' => 'module',
  'module' => 
  array (
    0 => 'admin',
    1 => 'cate',
    2 => 'add',
  ),
)
[ info ] [ HEADER ] array (
  'upgrade-insecure-requests' => '1',
  'connection' => 'close',
  'cookie' => 'Hm_lvt_d7e112eaeea65921aeaadcc0af8f2853=1479645572,1479721473,1480739102,1480846129; PHPSESSID=5jod4et49tb39du6j1l34bfcr2',
  'referer' => 'http://127.0.0.1/bick/public/index.php/admin/cate/lst.html',
  'accept-encoding' => 'gzip, deflate',
  'accept-language' => 'zh-CN,zh;q=0.8,en-US;q=0.5,en;q=0.3',
  'accept' => 'text/html,application/xhtml+xml,application/xml;q=0.9,*/*;q=0.8',
  'user-agent' => 'Mozilla/5.0 (Windows NT 6.1; WOW64; rv:50.0) Gecko/20100101 Firefox/50.0',
  'host' => '127.0.0.1',
)
[ info ] [ PARAM ] array (
)
[ info ] [ SESSION ] INIT array (
  'id' => '',
  'var_session_id' => '',
  'prefix' => 'think',
  'type' => '',
  'auto_start' => true,
)
[ info ] [ RUN ] app\admin\controller\cate->add[ F:\phpStudy\WWW\bick\application\admin\controller\Cate.php ]
[ info ] [ DB ] INIT mysql
[ info ] [ VIEW ] F:\phpStudy\WWW\bick\public/../application/admin\view\cate\add.htm [ array (
  0 => 'cateres',
) ]
[ info ] [ LOG ] INIT File
[ sql ] [ DB ] CONNECT:[ UseTime:0.002000s ] mysql:dbname=bick;host=127.0.0.1;charset=utf8
[ sql ] [ SQL ] SHOW COLUMNS FROM `bk_cate` [ RunTime:0.011001s ]
[ sql ] [ SQL ] SELECT * FROM `bk_cate` ORDER BY sort desc  [ RunTime:0.000000s ]

---------------------------------------------------------------
[ 2016-12-09T21:41:04+08:00 ] 127.0.0.1 127.0.0.1 GET /bick/public/index.php/admin/cate/lst.html
[ log ] 127.0.0.1/bick/public/index.php/admin/cate/lst.html [运行时间：0.061004s][吞吐率：16.39req/s] [内存消耗：2,029.13kb] [文件加载：56]
[ info ] [ LANG ] F:\phpStudy\WWW\bick\thinkphp\lang\zh-cn.php
[ info ] [ ROUTE ] array (
  'type' => 'module',
  'module' => 
  array (
    0 => 'admin',
    1 => 'cate',
    2 => 'lst',
  ),
)
[ info ] [ HEADER ] array (
  'upgrade-insecure-requests' => '1',
  'connection' => 'close',
  'cookie' => 'Hm_lvt_d7e112eaeea65921aeaadcc0af8f2853=1479645572,1479721473,1480739102,1480846129; PHPSESSID=5jod4et49tb39du6j1l34bfcr2',
  'referer' => 'http://127.0.0.1/bick/public/index.php/admin/cate/add.html',
  'accept-encoding' => 'gzip, deflate',
  'accept-language' => 'zh-CN,zh;q=0.8,en-US;q=0.5,en;q=0.3',
  'accept' => 'text/html,application/xhtml+xml,application/xml;q=0.9,*/*;q=0.8',
  'user-agent' => 'Mozilla/5.0 (Windows NT 6.1; WOW64; rv:50.0) Gecko/20100101 Firefox/50.0',
  'host' => '127.0.0.1',
)
[ info ] [ PARAM ] array (
)
[ info ] [ SESSION ] INIT array (
  'id' => '',
  'var_session_id' => '',
  'prefix' => 'think',
  'type' => '',
  'auto_start' => true,
)
[ info ] [ RUN ] app\admin\controller\cate->lst[ F:\phpStudy\WWW\bick\application\admin\controller\Cate.php ]
[ info ] [ DB ] INIT mysql
[ info ] [ VIEW ] F:\phpStudy\WWW\bick\public/../application/admin\view\cate\lst.htm [ array (
  0 => 'cateres',
) ]
[ info ] [ LOG ] INIT File
[ sql ] [ DB ] CONNECT:[ UseTime:0.001000s ] mysql:dbname=bick;host=127.0.0.1;charset=utf8
[ sql ] [ SQL ] SHOW COLUMNS FROM `bk_cate` [ RunTime:0.005000s ]
[ sql ] [ SQL ] SELECT * FROM `bk_cate` ORDER BY sort desc  [ RunTime:0.003000s ]

---------------------------------------------------------------
[ 2016-12-09T21:41:07+08:00 ] 127.0.0.1 127.0.0.1 GET /bick/public/index.php/admin/cate/add.html
[ log ] 127.0.0.1/bick/public/index.php/admin/cate/add.html [运行时间：0.064004s][吞吐率：15.62req/s] [内存消耗：2,013.09kb] [文件加载：56]
[ info ] [ LANG ] F:\phpStudy\WWW\bick\thinkphp\lang\zh-cn.php
[ info ] [ ROUTE ] array (
  'type' => 'module',
  'module' => 
  array (
    0 => 'admin',
    1 => 'cate',
    2 => 'add',
  ),
)
[ info ] [ HEADER ] array (
  'upgrade-insecure-requests' => '1',
  'connection' => 'close',
  'cookie' => 'Hm_lvt_d7e112eaeea65921aeaadcc0af8f2853=1479645572,1479721473,1480739102,1480846129; PHPSESSID=5jod4et49tb39du6j1l34bfcr2',
  'referer' => 'http://127.0.0.1/bick/public/index.php/admin/cate/lst.html',
  'accept-encoding' => 'gzip, deflate',
  'accept-language' => 'zh-CN,zh;q=0.8,en-US;q=0.5,en;q=0.3',
  'accept' => 'text/html,application/xhtml+xml,application/xml;q=0.9,*/*;q=0.8',
  'user-agent' => 'Mozilla/5.0 (Windows NT 6.1; WOW64; rv:50.0) Gecko/20100101 Firefox/50.0',
  'host' => '127.0.0.1',
)
[ info ] [ PARAM ] array (
)
[ info ] [ SESSION ] INIT array (
  'id' => '',
  'var_session_id' => '',
  'prefix' => 'think',
  'type' => '',
  'auto_start' => true,
)
[ info ] [ RUN ] app\admin\controller\cate->add[ F:\phpStudy\WWW\bick\application\admin\controller\Cate.php ]
[ info ] [ DB ] INIT mysql
[ info ] [ VIEW ] F:\phpStudy\WWW\bick\public/../application/admin\view\cate\add.htm [ array (
  0 => 'cateres',
) ]
[ info ] [ LOG ] INIT File
[ sql ] [ DB ] CONNECT:[ UseTime:0.001000s ] mysql:dbname=bick;host=127.0.0.1;charset=utf8
[ sql ] [ SQL ] SHOW COLUMNS FROM `bk_cate` [ RunTime:0.009000s ]
[ sql ] [ SQL ] SELECT * FROM `bk_cate` ORDER BY sort desc  [ RunTime:0.001001s ]

---------------------------------------------------------------
[ 2016-12-09T21:42:07+08:00 ] 127.0.0.1 127.0.0.1 GET /bick/public/index.php/admin/cate/add.html
[ log ] 127.0.0.1/bick/public/index.php/admin/cate/add.html [运行时间：0.109006s][吞吐率：9.17req/s] [内存消耗：2,148.11kb] [文件加载：58]
[ info ] [ LANG ] F:\phpStudy\WWW\bick\thinkphp\lang\zh-cn.php
[ info ] [ ROUTE ] array (
  'type' => 'module',
  'module' => 
  array (
    0 => 'admin',
    1 => 'cate',
    2 => 'add',
  ),
)
[ info ] [ HEADER ] array (
  'cache-control' => 'max-age=0',
  'upgrade-insecure-requests' => '1',
  'connection' => 'close',
  'cookie' => 'Hm_lvt_d7e112eaeea65921aeaadcc0af8f2853=1479645572,1479721473,1480739102,1480846129; PHPSESSID=5jod4et49tb39du6j1l34bfcr2',
  'referer' => 'http://127.0.0.1/bick/public/index.php/admin/cate/lst.html',
  'accept-encoding' => 'gzip, deflate',
  'accept-language' => 'zh-CN,zh;q=0.8,en-US;q=0.5,en;q=0.3',
  'accept' => 'text/html,application/xhtml+xml,application/xml;q=0.9,*/*;q=0.8',
  'user-agent' => 'Mozilla/5.0 (Windows NT 6.1; WOW64; rv:50.0) Gecko/20100101 Firefox/50.0',
  'host' => '127.0.0.1',
)
[ info ] [ PARAM ] array (
)
[ info ] [ SESSION ] INIT array (
  'id' => '',
  'var_session_id' => '',
  'prefix' => 'think',
  'type' => '',
  'auto_start' => true,
)
[ info ] [ RUN ] app\admin\controller\cate->add[ F:\phpStudy\WWW\bick\application\admin\controller\Cate.php ]
[ info ] [ DB ] INIT mysql
[ info ] [ VIEW ] F:\phpStudy\WWW\bick\public/../application/admin\view\cate\add.htm [ array (
  0 => 'cateres',
) ]
[ info ] [ LOG ] INIT File
[ sql ] [ DB ] CONNECT:[ UseTime:0.002001s ] mysql:dbname=bick;host=127.0.0.1;charset=utf8
[ sql ] [ SQL ] SHOW COLUMNS FROM `bk_cate` [ RunTime:0.007000s ]
[ sql ] [ SQL ] SELECT * FROM `bk_cate` ORDER BY sort desc  [ RunTime:0.001000s ]

---------------------------------------------------------------
[ 2016-12-09T21:42:18+08:00 ] 127.0.0.1 127.0.0.1 GET /bick/public/index.php/admin/cate/add.html
[ log ] 127.0.0.1/bick/public/index.php/admin/cate/add.html [运行时间：0.070004s][吞吐率：14.28req/s] [内存消耗：2,148.16kb] [文件加载：58]
[ info ] [ LANG ] F:\phpStudy\WWW\bick\thinkphp\lang\zh-cn.php
[ info ] [ ROUTE ] array (
  'type' => 'module',
  'module' => 
  array (
    0 => 'admin',
    1 => 'cate',
    2 => 'add',
  ),
)
[ info ] [ HEADER ] array (
  'cache-control' => 'max-age=0',
  'upgrade-insecure-requests' => '1',
  'connection' => 'close',
  'cookie' => 'Hm_lvt_d7e112eaeea65921aeaadcc0af8f2853=1479645572,1479721473,1480739102,1480846129; PHPSESSID=5jod4et49tb39du6j1l34bfcr2',
  'referer' => 'http://127.0.0.1/bick/public/index.php/admin/cate/lst.html',
  'accept-encoding' => 'gzip, deflate',
  'accept-language' => 'zh-CN,zh;q=0.8,en-US;q=0.5,en;q=0.3',
  'accept' => 'text/html,application/xhtml+xml,application/xml;q=0.9,*/*;q=0.8',
  'user-agent' => 'Mozilla/5.0 (Windows NT 6.1; WOW64; rv:50.0) Gecko/20100101 Firefox/50.0',
  'host' => '127.0.0.1',
)
[ info ] [ PARAM ] array (
)
[ info ] [ SESSION ] INIT array (
  'id' => '',
  'var_session_id' => '',
  'prefix' => 'think',
  'type' => '',
  'auto_start' => true,
)
[ info ] [ RUN ] app\admin\controller\cate->add[ F:\phpStudy\WWW\bick\application\admin\controller\Cate.php ]
[ info ] [ DB ] INIT mysql
[ info ] [ VIEW ] F:\phpStudy\WWW\bick\public/../application/admin\view\cate\add.htm [ array (
  0 => 'cateres',
) ]
[ info ] [ LOG ] INIT File
[ sql ] [ DB ] CONNECT:[ UseTime:0.001000s ] mysql:dbname=bick;host=127.0.0.1;charset=utf8
[ sql ] [ SQL ] SHOW COLUMNS FROM `bk_cate` [ RunTime:0.013001s ]
[ sql ] [ SQL ] SELECT * FROM `bk_cate` ORDER BY sort desc  [ RunTime:0.001000s ]

---------------------------------------------------------------
[ 2016-12-09T21:42:36+08:00 ] 127.0.0.1 127.0.0.1 GET /bick/public/index.php/admin/cate/add.html
[ log ] 127.0.0.1/bick/public/index.php/admin/cate/add.html [运行时间：0.063003s][吞吐率：15.87req/s] [内存消耗：2,147.93kb] [文件加载：58]
[ info ] [ LANG ] F:\phpStudy\WWW\bick\thinkphp\lang\zh-cn.php
[ info ] [ ROUTE ] array (
  'type' => 'module',
  'module' => 
  array (
    0 => 'admin',
    1 => 'cate',
    2 => 'add',
  ),
)
[ info ] [ HEADER ] array (
  'cache-control' => 'max-age=0',
  'upgrade-insecure-requests' => '1',
  'connection' => 'close',
  'cookie' => 'Hm_lvt_d7e112eaeea65921aeaadcc0af8f2853=1479645572,1479721473,1480739102,1480846129; PHPSESSID=5jod4et49tb39du6j1l34bfcr2',
  'referer' => 'http://127.0.0.1/bick/public/index.php/admin/cate/lst.html',
  'accept-encoding' => 'gzip, deflate',
  'accept-language' => 'zh-CN,zh;q=0.8,en-US;q=0.5,en;q=0.3',
  'accept' => 'text/html,application/xhtml+xml,application/xml;q=0.9,*/*;q=0.8',
  'user-agent' => 'Mozilla/5.0 (Windows NT 6.1; WOW64; rv:50.0) Gecko/20100101 Firefox/50.0',
  'host' => '127.0.0.1',
)
[ info ] [ PARAM ] array (
)
[ info ] [ SESSION ] INIT array (
  'id' => '',
  'var_session_id' => '',
  'prefix' => 'think',
  'type' => '',
  'auto_start' => true,
)
[ info ] [ RUN ] app\admin\controller\cate->add[ F:\phpStudy\WWW\bick\application\admin\controller\Cate.php ]
[ info ] [ DB ] INIT mysql
[ info ] [ VIEW ] F:\phpStudy\WWW\bick\public/../application/admin\view\cate\add.htm [ array (
  0 => 'cateres',
) ]
[ info ] [ LOG ] INIT File
[ sql ] [ DB ] CONNECT:[ UseTime:0.001000s ] mysql:dbname=bick;host=127.0.0.1;charset=utf8
[ sql ] [ SQL ] SHOW COLUMNS FROM `bk_cate` [ RunTime:0.007001s ]
[ sql ] [ SQL ] SELECT * FROM `bk_cate` ORDER BY sort desc  [ RunTime:0.002000s ]

---------------------------------------------------------------
[ 2016-12-09T21:43:24+08:00 ] 127.0.0.1 127.0.0.1 GET /bick/public/index.php/admin/cate/add.html
[ log ] 127.0.0.1/bick/public/index.php/admin/cate/add.html [运行时间：0.045002s][吞吐率：22.22req/s] [内存消耗：2,164.63kb] [文件加载：58]
[ info ] [ LANG ] F:\phpStudy\WWW\bick\thinkphp\lang\zh-cn.php
[ info ] [ ROUTE ] array (
  'type' => 'module',
  'module' => 
  array (
    0 => 'admin',
    1 => 'cate',
    2 => 'add',
  ),
)
[ info ] [ HEADER ] array (
  'cache-control' => 'max-age=0',
  'upgrade-insecure-requests' => '1',
  'connection' => 'close',
  'cookie' => 'Hm_lvt_d7e112eaeea65921aeaadcc0af8f2853=1479645572,1479721473,1480739102,1480846129; PHPSESSID=5jod4et49tb39du6j1l34bfcr2',
  'referer' => 'http://127.0.0.1/bick/public/index.php/admin/cate/lst.html',
  'accept-encoding' => 'gzip, deflate',
  'accept-language' => 'zh-CN,zh;q=0.8,en-US;q=0.5,en;q=0.3',
  'accept' => 'text/html,application/xhtml+xml,application/xml;q=0.9,*/*;q=0.8',
  'user-agent' => 'Mozilla/5.0 (Windows NT 6.1; WOW64; rv:50.0) Gecko/20100101 Firefox/50.0',
  'host' => '127.0.0.1',
)
[ info ] [ PARAM ] array (
)
[ info ] [ SESSION ] INIT array (
  'id' => '',
  'var_session_id' => '',
  'prefix' => 'think',
  'type' => '',
  'auto_start' => true,
)
[ info ] [ RUN ] app\admin\controller\cate->add[ F:\phpStudy\WWW\bick\application\admin\controller\Cate.php ]
[ info ] [ DB ] INIT mysql
[ info ] [ VIEW ] F:\phpStudy\WWW\bick\public/../application/admin\view\cate\add.htm [ array (
  0 => 'cateres',
) ]
[ info ] [ LOG ] INIT File
[ sql ] [ DB ] CONNECT:[ UseTime:0.002000s ] mysql:dbname=bick;host=127.0.0.1;charset=utf8
[ sql ] [ SQL ] SHOW COLUMNS FROM `bk_cate` [ RunTime:0.005000s ]
[ sql ] [ SQL ] SELECT * FROM `bk_cate` ORDER BY sort desc  [ RunTime:0.001000s ]

---------------------------------------------------------------
[ 2016-12-09T21:44:25+08:00 ] 127.0.0.1 127.0.0.1 GET /bick/public/index.php/admin/cate/add.html
[ log ] 127.0.0.1/bick/public/index.php/admin/cate/add.html [运行时间：0.043002s][吞吐率：23.25req/s] [内存消耗：2,165.70kb] [文件加载：58]
[ info ] [ LANG ] F:\phpStudy\WWW\bick\thinkphp\lang\zh-cn.php
[ info ] [ ROUTE ] array (
  'type' => 'module',
  'module' => 
  array (
    0 => 'admin',
    1 => 'cate',
    2 => 'add',
  ),
)
[ info ] [ HEADER ] array (
  'cache-control' => 'max-age=0',
  'upgrade-insecure-requests' => '1',
  'connection' => 'close',
  'cookie' => 'Hm_lvt_d7e112eaeea65921aeaadcc0af8f2853=1479645572,1479721473,1480739102,1480846129; PHPSESSID=5jod4et49tb39du6j1l34bfcr2',
  'referer' => 'http://127.0.0.1/bick/public/index.php/admin/cate/lst.html',
  'accept-encoding' => 'gzip, deflate',
  'accept-language' => 'zh-CN,zh;q=0.8,en-US;q=0.5,en;q=0.3',
  'accept' => 'text/html,application/xhtml+xml,application/xml;q=0.9,*/*;q=0.8',
  'user-agent' => 'Mozilla/5.0 (Windows NT 6.1; WOW64; rv:50.0) Gecko/20100101 Firefox/50.0',
  'host' => '127.0.0.1',
)
[ info ] [ PARAM ] array (
)
[ info ] [ SESSION ] INIT array (
  'id' => '',
  'var_session_id' => '',
  'prefix' => 'think',
  'type' => '',
  'auto_start' => true,
)
[ info ] [ RUN ] app\admin\controller\cate->add[ F:\phpStudy\WWW\bick\application\admin\controller\Cate.php ]
[ info ] [ DB ] INIT mysql
[ info ] [ VIEW ] F:\phpStudy\WWW\bick\public/../application/admin\view\cate\add.htm [ array (
  0 => 'cateres',
) ]
[ info ] [ LOG ] INIT File
[ sql ] [ DB ] CONNECT:[ UseTime:0.002001s ] mysql:dbname=bick;host=127.0.0.1;charset=utf8
[ sql ] [ SQL ] SHOW COLUMNS FROM `bk_cate` [ RunTime:0.006000s ]
[ sql ] [ SQL ] SELECT * FROM `bk_cate` ORDER BY sort desc  [ RunTime:0.001000s ]

---------------------------------------------------------------
[ 2016-12-09T21:44:28+08:00 ] 127.0.0.1 127.0.0.1 GET /bick/public/index.php/admin/cate/add.html
[ log ] 127.0.0.1/bick/public/index.php/admin/cate/add.html [运行时间：0.057003s][吞吐率：17.54req/s] [内存消耗：2,029.14kb] [文件加载：56]
[ info ] [ LANG ] F:\phpStudy\WWW\bick\thinkphp\lang\zh-cn.php
[ info ] [ ROUTE ] array (
  'type' => 'module',
  'module' => 
  array (
    0 => 'admin',
    1 => 'cate',
    2 => 'add',
  ),
)
[ info ] [ HEADER ] array (
  'cache-control' => 'max-age=0',
  'upgrade-insecure-requests' => '1',
  'connection' => 'close',
  'cookie' => 'Hm_lvt_d7e112eaeea65921aeaadcc0af8f2853=1479645572,1479721473,1480739102,1480846129; PHPSESSID=5jod4et49tb39du6j1l34bfcr2',
  'referer' => 'http://127.0.0.1/bick/public/index.php/admin/cate/lst.html',
  'accept-encoding' => 'gzip, deflate',
  'accept-language' => 'zh-CN,zh;q=0.8,en-US;q=0.5,en;q=0.3',
  'accept' => 'text/html,application/xhtml+xml,application/xml;q=0.9,*/*;q=0.8',
  'user-agent' => 'Mozilla/5.0 (Windows NT 6.1; WOW64; rv:50.0) Gecko/20100101 Firefox/50.0',
  'host' => '127.0.0.1',
)
[ info ] [ PARAM ] array (
)
[ info ] [ SESSION ] INIT array (
  'id' => '',
  'var_session_id' => '',
  'prefix' => 'think',
  'type' => '',
  'auto_start' => true,
)
[ info ] [ RUN ] app\admin\controller\cate->add[ F:\phpStudy\WWW\bick\application\admin\controller\Cate.php ]
[ info ] [ DB ] INIT mysql
[ info ] [ VIEW ] F:\phpStudy\WWW\bick\public/../application/admin\view\cate\add.htm [ array (
  0 => 'cateres',
) ]
[ info ] [ LOG ] INIT File
[ sql ] [ DB ] CONNECT:[ UseTime:0.001000s ] mysql:dbname=bick;host=127.0.0.1;charset=utf8
[ sql ] [ SQL ] SHOW COLUMNS FROM `bk_cate` [ RunTime:0.009000s ]
[ sql ] [ SQL ] SELECT * FROM `bk_cate` ORDER BY sort desc  [ RunTime:0.000000s ]

---------------------------------------------------------------
[ 2016-12-09T21:44:29+08:00 ] 127.0.0.1 127.0.0.1 GET /bick/public/index.php/admin/cate/add.html
[ log ] 127.0.0.1/bick/public/index.php/admin/cate/add.html [运行时间：0.048003s][吞吐率：20.83req/s] [内存消耗：2,029.14kb] [文件加载：56]
[ info ] [ LANG ] F:\phpStudy\WWW\bick\thinkphp\lang\zh-cn.php
[ info ] [ ROUTE ] array (
  'type' => 'module',
  'module' => 
  array (
    0 => 'admin',
    1 => 'cate',
    2 => 'add',
  ),
)
[ info ] [ HEADER ] array (
  'cache-control' => 'max-age=0',
  'upgrade-insecure-requests' => '1',
  'connection' => 'close',
  'cookie' => 'Hm_lvt_d7e112eaeea65921aeaadcc0af8f2853=1479645572,1479721473,1480739102,1480846129; PHPSESSID=5jod4et49tb39du6j1l34bfcr2',
  'referer' => 'http://127.0.0.1/bick/public/index.php/admin/cate/lst.html',
  'accept-encoding' => 'gzip, deflate',
  'accept-language' => 'zh-CN,zh;q=0.8,en-US;q=0.5,en;q=0.3',
  'accept' => 'text/html,application/xhtml+xml,application/xml;q=0.9,*/*;q=0.8',
  'user-agent' => 'Mozilla/5.0 (Windows NT 6.1; WOW64; rv:50.0) Gecko/20100101 Firefox/50.0',
  'host' => '127.0.0.1',
)
[ info ] [ PARAM ] array (
)
[ info ] [ SESSION ] INIT array (
  'id' => '',
  'var_session_id' => '',
  'prefix' => 'think',
  'type' => '',
  'auto_start' => true,
)
[ info ] [ RUN ] app\admin\controller\cate->add[ F:\phpStudy\WWW\bick\application\admin\controller\Cate.php ]
[ info ] [ DB ] INIT mysql
[ info ] [ VIEW ] F:\phpStudy\WWW\bick\public/../application/admin\view\cate\add.htm [ array (
  0 => 'cateres',
) ]
[ info ] [ LOG ] INIT File
[ sql ] [ DB ] CONNECT:[ UseTime:0.005000s ] mysql:dbname=bick;host=127.0.0.1;charset=utf8
[ sql ] [ SQL ] SHOW COLUMNS FROM `bk_cate` [ RunTime:0.008001s ]
[ sql ] [ SQL ] SELECT * FROM `bk_cate` ORDER BY sort desc  [ RunTime:0.002000s ]

---------------------------------------------------------------
[ 2016-12-09T21:44:50+08:00 ] 127.0.0.1 127.0.0.1 GET /bick/public/index.php/admin/cate/add.html
[ log ] 127.0.0.1/bick/public/index.php/admin/cate/add.html [运行时间：0.063004s][吞吐率：15.87req/s] [内存消耗：2,165.69kb] [文件加载：58]
[ info ] [ LANG ] F:\phpStudy\WWW\bick\thinkphp\lang\zh-cn.php
[ info ] [ ROUTE ] array (
  'type' => 'module',
  'module' => 
  array (
    0 => 'admin',
    1 => 'cate',
    2 => 'add',
  ),
)
[ info ] [ HEADER ] array (
  'cache-control' => 'max-age=0',
  'upgrade-insecure-requests' => '1',
  'connection' => 'close',
  'cookie' => 'Hm_lvt_d7e112eaeea65921aeaadcc0af8f2853=1479645572,1479721473,1480739102,1480846129; PHPSESSID=5jod4et49tb39du6j1l34bfcr2',
  'referer' => 'http://127.0.0.1/bick/public/index.php/admin/cate/lst.html',
  'accept-encoding' => 'gzip, deflate',
  'accept-language' => 'zh-CN,zh;q=0.8,en-US;q=0.5,en;q=0.3',
  'accept' => 'text/html,application/xhtml+xml,application/xml;q=0.9,*/*;q=0.8',
  'user-agent' => 'Mozilla/5.0 (Windows NT 6.1; WOW64; rv:50.0) Gecko/20100101 Firefox/50.0',
  'host' => '127.0.0.1',
)
[ info ] [ PARAM ] array (
)
[ info ] [ SESSION ] INIT array (
  'id' => '',
  'var_session_id' => '',
  'prefix' => 'think',
  'type' => '',
  'auto_start' => true,
)
[ info ] [ RUN ] app\admin\controller\cate->add[ F:\phpStudy\WWW\bick\application\admin\controller\Cate.php ]
[ info ] [ DB ] INIT mysql
[ info ] [ VIEW ] F:\phpStudy\WWW\bick\public/../application/admin\view\cate\add.htm [ array (
  0 => 'cateres',
) ]
[ info ] [ LOG ] INIT File
[ sql ] [ DB ] CONNECT:[ UseTime:0.011001s ] mysql:dbname=bick;host=127.0.0.1;charset=utf8
[ sql ] [ SQL ] SHOW COLUMNS FROM `bk_cate` [ RunTime:0.008000s ]
[ sql ] [ SQL ] SELECT * FROM `bk_cate` ORDER BY sort desc  [ RunTime:0.001000s ]

---------------------------------------------------------------
[ 2016-12-09T21:45:14+08:00 ] 127.0.0.1 127.0.0.1 GET /bick/public/index.php/admin/cate/add.html
[ log ] 127.0.0.1/bick/public/index.php/admin/cate/add.html [运行时间：0.048002s][吞吐率：20.83req/s] [内存消耗：2,165.68kb] [文件加载：58]
[ info ] [ LANG ] F:\phpStudy\WWW\bick\thinkphp\lang\zh-cn.php
[ info ] [ ROUTE ] array (
  'type' => 'module',
  'module' => 
  array (
    0 => 'admin',
    1 => 'cate',
    2 => 'add',
  ),
)
[ info ] [ HEADER ] array (
  'cache-control' => 'max-age=0',
  'upgrade-insecure-requests' => '1',
  'connection' => 'close',
  'cookie' => 'Hm_lvt_d7e112eaeea65921aeaadcc0af8f2853=1479645572,1479721473,1480739102,1480846129; PHPSESSID=5jod4et49tb39du6j1l34bfcr2',
  'referer' => 'http://127.0.0.1/bick/public/index.php/admin/cate/lst.html',
  'accept-encoding' => 'gzip, deflate',
  'accept-language' => 'zh-CN,zh;q=0.8,en-US;q=0.5,en;q=0.3',
  'accept' => 'text/html,application/xhtml+xml,application/xml;q=0.9,*/*;q=0.8',
  'user-agent' => 'Mozilla/5.0 (Windows NT 6.1; WOW64; rv:50.0) Gecko/20100101 Firefox/50.0',
  'host' => '127.0.0.1',
)
[ info ] [ PARAM ] array (
)
[ info ] [ SESSION ] INIT array (
  'id' => '',
  'var_session_id' => '',
  'prefix' => 'think',
  'type' => '',
  'auto_start' => true,
)
[ info ] [ RUN ] app\admin\controller\cate->add[ F:\phpStudy\WWW\bick\application\admin\controller\Cate.php ]
[ info ] [ DB ] INIT mysql
[ info ] [ VIEW ] F:\phpStudy\WWW\bick\public/../application/admin\view\cate\add.htm [ array (
  0 => 'cateres',
) ]
[ info ] [ LOG ] INIT File
[ sql ] [ DB ] CONNECT:[ UseTime:0.001000s ] mysql:dbname=bick;host=127.0.0.1;charset=utf8
[ sql ] [ SQL ] SHOW COLUMNS FROM `bk_cate` [ RunTime:0.005001s ]
[ sql ] [ SQL ] SELECT * FROM `bk_cate` ORDER BY sort desc  [ RunTime:0.000000s ]

---------------------------------------------------------------
[ 2016-12-09T21:46:03+08:00 ] 127.0.0.1 127.0.0.1 GET /bick/public/index.php/admin/cate/add.html
[ log ] 127.0.0.1/bick/public/index.php/admin/cate/add.html [运行时间：0.059003s][吞吐率：16.95req/s] [内存消耗：2,029.14kb] [文件加载：56]
[ info ] [ LANG ] F:\phpStudy\WWW\bick\thinkphp\lang\zh-cn.php
[ info ] [ ROUTE ] array (
  'type' => 'module',
  'module' => 
  array (
    0 => 'admin',
    1 => 'cate',
    2 => 'add',
  ),
)
[ info ] [ HEADER ] array (
  'cache-control' => 'max-age=0',
  'upgrade-insecure-requests' => '1',
  'connection' => 'close',
  'cookie' => 'Hm_lvt_d7e112eaeea65921aeaadcc0af8f2853=1479645572,1479721473,1480739102,1480846129; PHPSESSID=5jod4et49tb39du6j1l34bfcr2',
  'referer' => 'http://127.0.0.1/bick/public/index.php/admin/cate/lst.html',
  'accept-encoding' => 'gzip, deflate',
  'accept-language' => 'zh-CN,zh;q=0.8,en-US;q=0.5,en;q=0.3',
  'accept' => 'text/html,application/xhtml+xml,application/xml;q=0.9,*/*;q=0.8',
  'user-agent' => 'Mozilla/5.0 (Windows NT 6.1; WOW64; rv:50.0) Gecko/20100101 Firefox/50.0',
  'host' => '127.0.0.1',
)
[ info ] [ PARAM ] array (
)
[ info ] [ SESSION ] INIT array (
  'id' => '',
  'var_session_id' => '',
  'prefix' => 'think',
  'type' => '',
  'auto_start' => true,
)
[ info ] [ RUN ] app\admin\controller\cate->add[ F:\phpStudy\WWW\bick\application\admin\controller\Cate.php ]
[ info ] [ DB ] INIT mysql
[ info ] [ VIEW ] F:\phpStudy\WWW\bick\public/../application/admin\view\cate\add.htm [ array (
  0 => 'cateres',
) ]
[ info ] [ LOG ] INIT File
[ sql ] [ DB ] CONNECT:[ UseTime:0.001000s ] mysql:dbname=bick;host=127.0.0.1;charset=utf8
[ sql ] [ SQL ] SHOW COLUMNS FROM `bk_cate` [ RunTime:0.009001s ]
[ sql ] [ SQL ] SELECT * FROM `bk_cate` ORDER BY sort desc  [ RunTime:0.001000s ]

---------------------------------------------------------------
[ 2016-12-09T21:46:04+08:00 ] 127.0.0.1 127.0.0.1 GET /bick/public/index.php/admin/cate/lst.html
[ log ] 127.0.0.1/bick/public/index.php/admin/cate/lst.html [运行时间：0.053003s][吞吐率：18.87req/s] [内存消耗：2,029.14kb] [文件加载：56]
[ info ] [ LANG ] F:\phpStudy\WWW\bick\thinkphp\lang\zh-cn.php
[ info ] [ ROUTE ] array (
  'type' => 'module',
  'module' => 
  array (
    0 => 'admin',
    1 => 'cate',
    2 => 'lst',
  ),
)
[ info ] [ HEADER ] array (
  'upgrade-insecure-requests' => '1',
  'connection' => 'close',
  'cookie' => 'Hm_lvt_d7e112eaeea65921aeaadcc0af8f2853=1479645572,1479721473,1480739102,1480846129; PHPSESSID=5jod4et49tb39du6j1l34bfcr2',
  'referer' => 'http://127.0.0.1/bick/public/index.php/admin/cate/add.html',
  'accept-encoding' => 'gzip, deflate',
  'accept-language' => 'zh-CN,zh;q=0.8,en-US;q=0.5,en;q=0.3',
  'accept' => 'text/html,application/xhtml+xml,application/xml;q=0.9,*/*;q=0.8',
  'user-agent' => 'Mozilla/5.0 (Windows NT 6.1; WOW64; rv:50.0) Gecko/20100101 Firefox/50.0',
  'host' => '127.0.0.1',
)
[ info ] [ PARAM ] array (
)
[ info ] [ SESSION ] INIT array (
  'id' => '',
  'var_session_id' => '',
  'prefix' => 'think',
  'type' => '',
  'auto_start' => true,
)
[ info ] [ RUN ] app\admin\controller\cate->lst[ F:\phpStudy\WWW\bick\application\admin\controller\Cate.php ]
[ info ] [ DB ] INIT mysql
[ info ] [ VIEW ] F:\phpStudy\WWW\bick\public/../application/admin\view\cate\lst.htm [ array (
  0 => 'cateres',
) ]
[ info ] [ LOG ] INIT File
[ sql ] [ DB ] CONNECT:[ UseTime:0.001000s ] mysql:dbname=bick;host=127.0.0.1;charset=utf8
[ sql ] [ SQL ] SHOW COLUMNS FROM `bk_cate` [ RunTime:0.006001s ]
[ sql ] [ SQL ] SELECT * FROM `bk_cate` ORDER BY sort desc  [ RunTime:0.001000s ]

---------------------------------------------------------------
[ 2016-12-09T21:46:08+08:00 ] 127.0.0.1 127.0.0.1 GET /bick/public/index.php/admin/cate/add.html
[ log ] 127.0.0.1/bick/public/index.php/admin/cate/add.html [运行时间：0.040002s][吞吐率：25.00req/s] [内存消耗：2,029.09kb] [文件加载：56]
[ info ] [ LANG ] F:\phpStudy\WWW\bick\thinkphp\lang\zh-cn.php
[ info ] [ ROUTE ] array (
  'type' => 'module',
  'module' => 
  array (
    0 => 'admin',
    1 => 'cate',
    2 => 'add',
  ),
)
[ info ] [ HEADER ] array (
  'upgrade-insecure-requests' => '1',
  'connection' => 'close',
  'cookie' => 'Hm_lvt_d7e112eaeea65921aeaadcc0af8f2853=1479645572,1479721473,1480739102,1480846129; PHPSESSID=5jod4et49tb39du6j1l34bfcr2',
  'referer' => 'http://127.0.0.1/bick/public/index.php/admin/cate/lst.html',
  'accept-encoding' => 'gzip, deflate',
  'accept-language' => 'zh-CN,zh;q=0.8,en-US;q=0.5,en;q=0.3',
  'accept' => 'text/html,application/xhtml+xml,application/xml;q=0.9,*/*;q=0.8',
  'user-agent' => 'Mozilla/5.0 (Windows NT 6.1; WOW64; rv:50.0) Gecko/20100101 Firefox/50.0',
  'host' => '127.0.0.1',
)
[ info ] [ PARAM ] array (
)
[ info ] [ SESSION ] INIT array (
  'id' => '',
  'var_session_id' => '',
  'prefix' => 'think',
  'type' => '',
  'auto_start' => true,
)
[ info ] [ RUN ] app\admin\controller\cate->add[ F:\phpStudy\WWW\bick\application\admin\controller\Cate.php ]
[ info ] [ DB ] INIT mysql
[ info ] [ VIEW ] F:\phpStudy\WWW\bick\public/../application/admin\view\cate\add.htm [ array (
  0 => 'cateres',
) ]
[ info ] [ LOG ] INIT File
[ sql ] [ DB ] CONNECT:[ UseTime:0.000000s ] mysql:dbname=bick;host=127.0.0.1;charset=utf8
[ sql ] [ SQL ] SHOW COLUMNS FROM `bk_cate` [ RunTime:0.006000s ]
[ sql ] [ SQL ] SELECT * FROM `bk_cate` ORDER BY sort desc  [ RunTime:0.001000s ]

---------------------------------------------------------------
[ 2016-12-09T21:47:13+08:00 ] 127.0.0.1 127.0.0.1 POST /bick/public/index.php/admin/cate/add.html
[ log ] 127.0.0.1/bick/public/index.php/admin/cate/add.html [运行时间：0.127008s][吞吐率：7.87req/s] [内存消耗：2,009.23kb] [文件加载：57]
[ info ] [ LANG ] F:\phpStudy\WWW\bick\thinkphp\lang\zh-cn.php
[ info ] [ ROUTE ] array (
  'type' => 'module',
  'module' => 
  array (
    0 => 'admin',
    1 => 'cate',
    2 => 'add',
  ),
)
[ info ] [ HEADER ] array (
  'content-length' => '266',
  'content-type' => 'application/x-www-form-urlencoded',
  'upgrade-insecure-requests' => '1',
  'connection' => 'close',
  'cookie' => 'Hm_lvt_d7e112eaeea65921aeaadcc0af8f2853=1479645572,1479721473,1480739102,1480846129; PHPSESSID=5jod4et49tb39du6j1l34bfcr2',
  'referer' => 'http://127.0.0.1/bick/public/index.php/admin/cate/add.html',
  'accept-encoding' => 'gzip, deflate',
  'accept-language' => 'zh-CN,zh;q=0.8,en-US;q=0.5,en;q=0.3',
  'accept' => 'text/html,application/xhtml+xml,application/xml;q=0.9,*/*;q=0.8',
  'user-agent' => 'Mozilla/5.0 (Windows NT 6.1; WOW64; rv:50.0) Gecko/20100101 Firefox/50.0',
  'host' => '127.0.0.1',
)
[ info ] [ PARAM ] array (
  'pid' => '0',
  'catename' => '河南',
  'keywords' => '河南,洛阳，牡丹花',
  'desc' => '河南的洛阳有非常漂亮的牡丹花',
  'type' => '1',
  'content' => '',
)
[ info ] [ SESSION ] INIT array (
  'id' => '',
  'var_session_id' => '',
  'prefix' => 'think',
  'type' => '',
  'auto_start' => true,
)
[ info ] [ RUN ] app\admin\controller\cate->add[ F:\phpStudy\WWW\bick\application\admin\controller\Cate.php ]
[ info ] [ DB ] INIT mysql
[ info ] [ VIEW ] F:\phpStudy\WWW\bick\thinkphp\tpl\dispatch_jump.tpl [ array (
  0 => 'code',
  1 => 'msg',
  2 => 'data',
  3 => 'url',
  4 => 'wait',
) ]
[ info ] [ LOG ] INIT File
[ sql ] [ DB ] CONNECT:[ UseTime:0.001000s ] mysql:dbname=bick;host=127.0.0.1;charset=utf8
[ sql ] [ SQL ] SHOW COLUMNS FROM `bk_cate` [ RunTime:0.005000s ]
[ sql ] [ SQL ] SELECT `id` FROM `bk_cate` WHERE  `catename` = '河南' LIMIT 1    [ RunTime:0.000000s ]
[ sql ] [ SQL ] INSERT INTO `bk_cate` (`pid` , `catename` , `keywords` , `desc` , `type` , `content`) VALUES (0 , '河南' , '河南,洛阳，牡丹花' , '河南的洛阳有非常漂亮的牡丹花' , 1 , '')        [ RunTime:0.000000s ]

---------------------------------------------------------------
[ 2016-12-09T21:47:16+08:00 ] 127.0.0.1 127.0.0.1 GET /bick/public/index.php/admin/cate/lst.html
[ log ] 127.0.0.1/bick/public/index.php/admin/cate/lst.html [运行时间：0.063003s][吞吐率：15.87req/s] [内存消耗：2,031.28kb] [文件加载：56]
[ info ] [ LANG ] F:\phpStudy\WWW\bick\thinkphp\lang\zh-cn.php
[ info ] [ ROUTE ] array (
  'type' => 'module',
  'module' => 
  array (
    0 => 'admin',
    1 => 'cate',
    2 => 'lst',
  ),
)
[ info ] [ HEADER ] array (
  'upgrade-insecure-requests' => '1',
  'connection' => 'close',
  'cookie' => 'Hm_lvt_d7e112eaeea65921aeaadcc0af8f2853=1479645572,1479721473,1480739102,1480846129; PHPSESSID=5jod4et49tb39du6j1l34bfcr2',
  'referer' => 'http://127.0.0.1/bick/public/index.php/admin/cate/add.html',
  'accept-encoding' => 'gzip, deflate',
  'accept-language' => 'zh-CN,zh;q=0.8,en-US;q=0.5,en;q=0.3',
  'accept' => 'text/html,application/xhtml+xml,application/xml;q=0.9,*/*;q=0.8',
  'user-agent' => 'Mozilla/5.0 (Windows NT 6.1; WOW64; rv:50.0) Gecko/20100101 Firefox/50.0',
  'host' => '127.0.0.1',
)
[ info ] [ PARAM ] array (
)
[ info ] [ SESSION ] INIT array (
  'id' => '',
  'var_session_id' => '',
  'prefix' => 'think',
  'type' => '',
  'auto_start' => true,
)
[ info ] [ RUN ] app\admin\controller\cate->lst[ F:\phpStudy\WWW\bick\application\admin\controller\Cate.php ]
[ info ] [ DB ] INIT mysql
[ info ] [ VIEW ] F:\phpStudy\WWW\bick\public/../application/admin\view\cate\lst.htm [ array (
  0 => 'cateres',
) ]
[ info ] [ LOG ] INIT File
[ sql ] [ DB ] CONNECT:[ UseTime:0.010001s ] mysql:dbname=bick;host=127.0.0.1;charset=utf8
[ sql ] [ SQL ] SHOW COLUMNS FROM `bk_cate` [ RunTime:0.006000s ]
[ sql ] [ SQL ] SELECT * FROM `bk_cate` ORDER BY sort desc  [ RunTime:0.001000s ]

---------------------------------------------------------------
[ 2016-12-09T21:48:12+08:00 ] 127.0.0.1 127.0.0.1 GET /bick/public/index.php/admin/cate/lst.html
[ log ] 127.0.0.1/bick/public/index.php/admin/cate/lst.html [运行时间：0.072004s][吞吐率：13.89req/s] [内存消耗：2,031.42kb] [文件加载：56]
[ info ] [ LANG ] F:\phpStudy\WWW\bick\thinkphp\lang\zh-cn.php
[ info ] [ ROUTE ] array (
  'type' => 'module',
  'module' => 
  array (
    0 => 'admin',
    1 => 'cate',
    2 => 'lst',
  ),
)
[ info ] [ HEADER ] array (
  'cache-control' => 'max-age=0',
  'upgrade-insecure-requests' => '1',
  'connection' => 'close',
  'cookie' => 'Hm_lvt_d7e112eaeea65921aeaadcc0af8f2853=1479645572,1479721473,1480739102,1480846129; PHPSESSID=5jod4et49tb39du6j1l34bfcr2',
  'referer' => 'http://127.0.0.1/bick/public/index.php/admin/cate/add.html',
  'accept-encoding' => 'gzip, deflate',
  'accept-language' => 'zh-CN,zh;q=0.8,en-US;q=0.5,en;q=0.3',
  'accept' => 'text/html,application/xhtml+xml,application/xml;q=0.9,*/*;q=0.8',
  'user-agent' => 'Mozilla/5.0 (Windows NT 6.1; WOW64; rv:50.0) Gecko/20100101 Firefox/50.0',
  'host' => '127.0.0.1',
)
[ info ] [ PARAM ] array (
)
[ info ] [ SESSION ] INIT array (
  'id' => '',
  'var_session_id' => '',
  'prefix' => 'think',
  'type' => '',
  'auto_start' => true,
)
[ info ] [ RUN ] app\admin\controller\cate->lst[ F:\phpStudy\WWW\bick\application\admin\controller\Cate.php ]
[ info ] [ DB ] INIT mysql
[ info ] [ VIEW ] F:\phpStudy\WWW\bick\public/../application/admin\view\cate\lst.htm [ array (
  0 => 'cateres',
) ]
[ info ] [ LOG ] INIT File
[ sql ] [ DB ] CONNECT:[ UseTime:0.010001s ] mysql:dbname=bick;host=127.0.0.1;charset=utf8
[ sql ] [ SQL ] SHOW COLUMNS FROM `bk_cate` [ RunTime:0.005000s ]
[ sql ] [ SQL ] SELECT * FROM `bk_cate` ORDER BY sort desc  [ RunTime:0.000000s ]

---------------------------------------------------------------
[ 2016-12-09T21:48:19+08:00 ] 127.0.0.1 127.0.0.1 GET /bick/public/index.php/admin/cate/add.html
[ log ] 127.0.0.1/bick/public/index.php/admin/cate/add.html [运行时间：0.043003s][吞吐率：23.25req/s] [内存消耗：2,031.28kb] [文件加载：56]
[ info ] [ LANG ] F:\phpStudy\WWW\bick\thinkphp\lang\zh-cn.php
[ info ] [ ROUTE ] array (
  'type' => 'module',
  'module' => 
  array (
    0 => 'admin',
    1 => 'cate',
    2 => 'add',
  ),
)
[ info ] [ HEADER ] array (
  'upgrade-insecure-requests' => '1',
  'connection' => 'close',
  'cookie' => 'Hm_lvt_d7e112eaeea65921aeaadcc0af8f2853=1479645572,1479721473,1480739102,1480846129; PHPSESSID=5jod4et49tb39du6j1l34bfcr2',
  'referer' => 'http://127.0.0.1/bick/public/index.php/admin/cate/lst.html',
  'accept-encoding' => 'gzip, deflate',
  'accept-language' => 'zh-CN,zh;q=0.8,en-US;q=0.5,en;q=0.3',
  'accept' => 'text/html,application/xhtml+xml,application/xml;q=0.9,*/*;q=0.8',
  'user-agent' => 'Mozilla/5.0 (Windows NT 6.1; WOW64; rv:50.0) Gecko/20100101 Firefox/50.0',
  'host' => '127.0.0.1',
)
[ info ] [ PARAM ] array (
)
[ info ] [ SESSION ] INIT array (
  'id' => '',
  'var_session_id' => '',
  'prefix' => 'think',
  'type' => '',
  'auto_start' => true,
)
[ info ] [ RUN ] app\admin\controller\cate->add[ F:\phpStudy\WWW\bick\application\admin\controller\Cate.php ]
[ info ] [ DB ] INIT mysql
[ info ] [ VIEW ] F:\phpStudy\WWW\bick\public/../application/admin\view\cate\add.htm [ array (
  0 => 'cateres',
) ]
[ info ] [ LOG ] INIT File
[ sql ] [ DB ] CONNECT:[ UseTime:0.001000s ] mysql:dbname=bick;host=127.0.0.1;charset=utf8
[ sql ] [ SQL ] SHOW COLUMNS FROM `bk_cate` [ RunTime:0.007000s ]
[ sql ] [ SQL ] SELECT * FROM `bk_cate` ORDER BY sort desc  [ RunTime:0.000000s ]

---------------------------------------------------------------
[ 2016-12-09T21:48:31+08:00 ] 127.0.0.1 127.0.0.1 GET /bick/public/index.php/admin/cate/lst.html
[ log ] 127.0.0.1/bick/public/index.php/admin/cate/lst.html [运行时间：0.056003s][吞吐率：17.86req/s] [内存消耗：2,031.31kb] [文件加载：56]
[ info ] [ LANG ] F:\phpStudy\WWW\bick\thinkphp\lang\zh-cn.php
[ info ] [ ROUTE ] array (
  'type' => 'module',
  'module' => 
  array (
    0 => 'admin',
    1 => 'cate',
    2 => 'lst',
  ),
)
[ info ] [ HEADER ] array (
  'upgrade-insecure-requests' => '1',
  'connection' => 'close',
  'cookie' => 'Hm_lvt_d7e112eaeea65921aeaadcc0af8f2853=1479645572,1479721473,1480739102,1480846129; PHPSESSID=5jod4et49tb39du6j1l34bfcr2',
  'referer' => 'http://127.0.0.1/bick/public/index.php/admin/cate/add.html',
  'accept-encoding' => 'gzip, deflate',
  'accept-language' => 'zh-CN,zh;q=0.8,en-US;q=0.5,en;q=0.3',
  'accept' => 'text/html,application/xhtml+xml,application/xml;q=0.9,*/*;q=0.8',
  'user-agent' => 'Mozilla/5.0 (Windows NT 6.1; WOW64; rv:50.0) Gecko/20100101 Firefox/50.0',
  'host' => '127.0.0.1',
)
[ info ] [ PARAM ] array (
)
[ info ] [ SESSION ] INIT array (
  'id' => '',
  'var_session_id' => '',
  'prefix' => 'think',
  'type' => '',
  'auto_start' => true,
)
[ info ] [ RUN ] app\admin\controller\cate->lst[ F:\phpStudy\WWW\bick\application\admin\controller\Cate.php ]
[ info ] [ DB ] INIT mysql
[ info ] [ VIEW ] F:\phpStudy\WWW\bick\public/../application/admin\view\cate\lst.htm [ array (
  0 => 'cateres',
) ]
[ info ] [ LOG ] INIT File
[ sql ] [ DB ] CONNECT:[ UseTime:0.010001s ] mysql:dbname=bick;host=127.0.0.1;charset=utf8
[ sql ] [ SQL ] SHOW COLUMNS FROM `bk_cate` [ RunTime:0.005000s ]
[ sql ] [ SQL ] SELECT * FROM `bk_cate` ORDER BY sort desc  [ RunTime:0.001000s ]

---------------------------------------------------------------
[ 2016-12-09T21:48:37+08:00 ] 127.0.0.1 127.0.0.1 GET /bick/public/index.php/admin/cate/edit/id/23.html
[ log ] 127.0.0.1/bick/public/index.php/admin/cate/edit/id/23.html [运行时间：0.108007s][吞吐率：9.26req/s] [内存消耗：2,152.34kb] [文件加载：58]
[ info ] [ LANG ] F:\phpStudy\WWW\bick\thinkphp\lang\zh-cn.php
[ info ] [ ROUTE ] array (
  'type' => 'module',
  'module' => 
  array (
    0 => 'admin',
    1 => 'cate',
    2 => 'edit',
  ),
)
[ info ] [ HEADER ] array (
  'upgrade-insecure-requests' => '1',
  'connection' => 'close',
  'cookie' => 'Hm_lvt_d7e112eaeea65921aeaadcc0af8f2853=1479645572,1479721473,1480739102,1480846129; PHPSESSID=5jod4et49tb39du6j1l34bfcr2',
  'referer' => 'http://127.0.0.1/bick/public/index.php/admin/cate/lst.html',
  'accept-encoding' => 'gzip, deflate',
  'accept-language' => 'zh-CN,zh;q=0.8,en-US;q=0.5,en;q=0.3',
  'accept' => 'text/html,application/xhtml+xml,application/xml;q=0.9,*/*;q=0.8',
  'user-agent' => 'Mozilla/5.0 (Windows NT 6.1; WOW64; rv:50.0) Gecko/20100101 Firefox/50.0',
  'host' => '127.0.0.1',
)
[ info ] [ PARAM ] array (
  'id' => '23',
)
[ info ] [ SESSION ] INIT array (
  'id' => '',
  'var_session_id' => '',
  'prefix' => 'think',
  'type' => '',
  'auto_start' => true,
)
[ info ] [ RUN ] app\admin\controller\cate->edit[ F:\phpStudy\WWW\bick\application\admin\controller\Cate.php ]
[ info ] [ DB ] INIT mysql
[ info ] [ VIEW ] F:\phpStudy\WWW\bick\public/../application/admin\view\cate\edit.htm [ array (
  0 => 'cateres',
  1 => 'cates',
) ]
[ info ] [ LOG ] INIT File
[ sql ] [ DB ] CONNECT:[ UseTime:0.001000s ] mysql:dbname=bick;host=127.0.0.1;charset=utf8
[ sql ] [ SQL ] SHOW COLUMNS FROM `bk_cate` [ RunTime:0.004001s ]
[ sql ] [ SQL ] SELECT * FROM `bk_cate` WHERE  `id` = 23 LIMIT 1    [ RunTime:0.001000s ]
[ sql ] [ SQL ] SELECT * FROM `bk_cate` ORDER BY sort desc  [ RunTime:0.001000s ]

---------------------------------------------------------------
[ 2016-12-09T21:48:40+08:00 ] 127.0.0.1 127.0.0.1 GET /bick/public/index.php/admin/cate/lst.html
[ log ] 127.0.0.1/bick/public/index.php/admin/cate/lst.html [运行时间：0.073004s][吞吐率：13.70req/s] [内存消耗：2,031.22kb] [文件加载：56]
[ info ] [ LANG ] F:\phpStudy\WWW\bick\thinkphp\lang\zh-cn.php
[ info ] [ ROUTE ] array (
  'type' => 'module',
  'module' => 
  array (
    0 => 'admin',
    1 => 'cate',
    2 => 'lst',
  ),
)
[ info ] [ HEADER ] array (
  'upgrade-insecure-requests' => '1',
  'connection' => 'close',
  'cookie' => 'Hm_lvt_d7e112eaeea65921aeaadcc0af8f2853=1479645572,1479721473,1480739102,1480846129; PHPSESSID=5jod4et49tb39du6j1l34bfcr2',
  'referer' => 'http://127.0.0.1/bick/public/index.php/admin/cate/edit/id/23.html',
  'accept-encoding' => 'gzip, deflate',
  'accept-language' => 'zh-CN,zh;q=0.8,en-US;q=0.5,en;q=0.3',
  'accept' => 'text/html,application/xhtml+xml,application/xml;q=0.9,*/*;q=0.8',
  'user-agent' => 'Mozilla/5.0 (Windows NT 6.1; WOW64; rv:50.0) Gecko/20100101 Firefox/50.0',
  'host' => '127.0.0.1',
)
[ info ] [ PARAM ] array (
)
[ info ] [ SESSION ] INIT array (
  'id' => '',
  'var_session_id' => '',
  'prefix' => 'think',
  'type' => '',
  'auto_start' => true,
)
[ info ] [ RUN ] app\admin\controller\cate->lst[ F:\phpStudy\WWW\bick\application\admin\controller\Cate.php ]
[ info ] [ DB ] INIT mysql
[ info ] [ VIEW ] F:\phpStudy\WWW\bick\public/../application/admin\view\cate\lst.htm [ array (
  0 => 'cateres',
) ]
[ info ] [ LOG ] INIT File
[ sql ] [ DB ] CONNECT:[ UseTime:0.012001s ] mysql:dbname=bick;host=127.0.0.1;charset=utf8
[ sql ] [ SQL ] SHOW COLUMNS FROM `bk_cate` [ RunTime:0.007000s ]
[ sql ] [ SQL ] SELECT * FROM `bk_cate` ORDER BY sort desc  [ RunTime:0.000000s ]

---------------------------------------------------------------
[ 2016-12-09T21:49:37+08:00 ] 127.0.0.1 127.0.0.1 GET /bick/public/index.php/admin/cate/edit/id/23.html
[ log ] 127.0.0.1/bick/public/index.php/admin/cate/edit/id/23.html [运行时间：0.059003s][吞吐率：16.95req/s] [内存消耗：2,170.55kb] [文件加载：58]
[ info ] [ LANG ] F:\phpStudy\WWW\bick\thinkphp\lang\zh-cn.php
[ info ] [ ROUTE ] array (
  'type' => 'module',
  'module' => 
  array (
    0 => 'admin',
    1 => 'cate',
    2 => 'edit',
  ),
)
[ info ] [ HEADER ] array (
  'upgrade-insecure-requests' => '1',
  'connection' => 'close',
  'cookie' => 'Hm_lvt_d7e112eaeea65921aeaadcc0af8f2853=1479645572,1479721473,1480739102,1480846129; PHPSESSID=5jod4et49tb39du6j1l34bfcr2',
  'referer' => 'http://127.0.0.1/bick/public/index.php/admin/cate/lst.html',
  'accept-encoding' => 'gzip, deflate',
  'accept-language' => 'zh-CN,zh;q=0.8,en-US;q=0.5,en;q=0.3',
  'accept' => 'text/html,application/xhtml+xml,application/xml;q=0.9,*/*;q=0.8',
  'user-agent' => 'Mozilla/5.0 (Windows NT 6.1; WOW64; rv:50.0) Gecko/20100101 Firefox/50.0',
  'host' => '127.0.0.1',
)
[ info ] [ PARAM ] array (
  'id' => '23',
)
[ info ] [ SESSION ] INIT array (
  'id' => '',
  'var_session_id' => '',
  'prefix' => 'think',
  'type' => '',
  'auto_start' => true,
)
[ info ] [ RUN ] app\admin\controller\cate->edit[ F:\phpStudy\WWW\bick\application\admin\controller\Cate.php ]
[ info ] [ DB ] INIT mysql
[ info ] [ VIEW ] F:\phpStudy\WWW\bick\public/../application/admin\view\cate\edit.htm [ array (
  0 => 'cateres',
  1 => 'cates',
) ]
[ info ] [ LOG ] INIT File
[ sql ] [ DB ] CONNECT:[ UseTime:0.001000s ] mysql:dbname=bick;host=127.0.0.1;charset=utf8
[ sql ] [ SQL ] SHOW COLUMNS FROM `bk_cate` [ RunTime:0.009001s ]
[ sql ] [ SQL ] SELECT * FROM `bk_cate` WHERE  `id` = 23 LIMIT 1    [ RunTime:0.000000s ]
[ sql ] [ SQL ] SELECT * FROM `bk_cate` ORDER BY sort desc  [ RunTime:0.000000s ]

---------------------------------------------------------------
[ 2016-12-09T21:50:11+08:00 ] 127.0.0.1 127.0.0.1 GET /bick/public/index.php/admin/cate/edit/id/23.html
[ log ] 127.0.0.1/bick/public/index.php/admin/cate/edit/id/23.html [运行时间：0.052003s][吞吐率：19.23req/s] [内存消耗：2,171.78kb] [文件加载：58]
[ info ] [ LANG ] F:\phpStudy\WWW\bick\thinkphp\lang\zh-cn.php
[ info ] [ ROUTE ] array (
  'type' => 'module',
  'module' => 
  array (
    0 => 'admin',
    1 => 'cate',
    2 => 'edit',
  ),
)
[ info ] [ HEADER ] array (
  'cache-control' => 'max-age=0',
  'upgrade-insecure-requests' => '1',
  'connection' => 'close',
  'cookie' => 'Hm_lvt_d7e112eaeea65921aeaadcc0af8f2853=1479645572,1479721473,1480739102,1480846129; PHPSESSID=5jod4et49tb39du6j1l34bfcr2',
  'referer' => 'http://127.0.0.1/bick/public/index.php/admin/cate/lst.html',
  'accept-encoding' => 'gzip, deflate',
  'accept-language' => 'zh-CN,zh;q=0.8,en-US;q=0.5,en;q=0.3',
  'accept' => 'text/html,application/xhtml+xml,application/xml;q=0.9,*/*;q=0.8',
  'user-agent' => 'Mozilla/5.0 (Windows NT 6.1; WOW64; rv:50.0) Gecko/20100101 Firefox/50.0',
  'host' => '127.0.0.1',
)
[ info ] [ PARAM ] array (
  'id' => '23',
)
[ info ] [ SESSION ] INIT array (
  'id' => '',
  'var_session_id' => '',
  'prefix' => 'think',
  'type' => '',
  'auto_start' => true,
)
[ info ] [ RUN ] app\admin\controller\cate->edit[ F:\phpStudy\WWW\bick\application\admin\controller\Cate.php ]
[ info ] [ DB ] INIT mysql
[ info ] [ VIEW ] F:\phpStudy\WWW\bick\public/../application/admin\view\cate\edit.htm [ array (
  0 => 'cateres',
  1 => 'cates',
) ]
[ info ] [ LOG ] INIT File
[ sql ] [ DB ] CONNECT:[ UseTime:0.001000s ] mysql:dbname=bick;host=127.0.0.1;charset=utf8
[ sql ] [ SQL ] SHOW COLUMNS FROM `bk_cate` [ RunTime:0.008000s ]
[ sql ] [ SQL ] SELECT * FROM `bk_cate` WHERE  `id` = 23 LIMIT 1    [ RunTime:0.001000s ]
[ sql ] [ SQL ] SELECT * FROM `bk_cate` ORDER BY sort desc  [ RunTime:0.000000s ]

---------------------------------------------------------------
[ 2016-12-09T21:50:17+08:00 ] 127.0.0.1 127.0.0.1 GET /bick/public/index.php/admin/cate/lst.html
[ log ] 127.0.0.1/bick/public/index.php/admin/cate/lst.html [运行时间：0.043003s][吞吐率：23.25req/s] [内存消耗：2,031.22kb] [文件加载：56]
[ info ] [ LANG ] F:\phpStudy\WWW\bick\thinkphp\lang\zh-cn.php
[ info ] [ ROUTE ] array (
  'type' => 'module',
  'module' => 
  array (
    0 => 'admin',
    1 => 'cate',
    2 => 'lst',
  ),
)
[ info ] [ HEADER ] array (
  'upgrade-insecure-requests' => '1',
  'connection' => 'close',
  'cookie' => 'Hm_lvt_d7e112eaeea65921aeaadcc0af8f2853=1479645572,1479721473,1480739102,1480846129; PHPSESSID=5jod4et49tb39du6j1l34bfcr2',
  'referer' => 'http://127.0.0.1/bick/public/index.php/admin/cate/edit/id/23.html',
  'accept-encoding' => 'gzip, deflate',
  'accept-language' => 'zh-CN,zh;q=0.8,en-US;q=0.5,en;q=0.3',
  'accept' => 'text/html,application/xhtml+xml,application/xml;q=0.9,*/*;q=0.8',
  'user-agent' => 'Mozilla/5.0 (Windows NT 6.1; WOW64; rv:50.0) Gecko/20100101 Firefox/50.0',
  'host' => '127.0.0.1',
)
[ info ] [ PARAM ] array (
)
[ info ] [ SESSION ] INIT array (
  'id' => '',
  'var_session_id' => '',
  'prefix' => 'think',
  'type' => '',
  'auto_start' => true,
)
[ info ] [ RUN ] app\admin\controller\cate->lst[ F:\phpStudy\WWW\bick\application\admin\controller\Cate.php ]
[ info ] [ DB ] INIT mysql
[ info ] [ VIEW ] F:\phpStudy\WWW\bick\public/../application/admin\view\cate\lst.htm [ array (
  0 => 'cateres',
) ]
[ info ] [ LOG ] INIT File
[ sql ] [ DB ] CONNECT:[ UseTime:0.002000s ] mysql:dbname=bick;host=127.0.0.1;charset=utf8
[ sql ] [ SQL ] SHOW COLUMNS FROM `bk_cate` [ RunTime:0.006000s ]
[ sql ] [ SQL ] SELECT * FROM `bk_cate` ORDER BY sort desc  [ RunTime:0.001000s ]

---------------------------------------------------------------
[ 2016-12-09T21:50:19+08:00 ] 127.0.0.1 127.0.0.1 GET /bick/public/index.php/admin/cate/edit/id/24.html
[ log ] 127.0.0.1/bick/public/index.php/admin/cate/edit/id/24.html [运行时间：0.063004s][吞吐率：15.87req/s] [内存消耗：2,034.25kb] [文件加载：56]
[ info ] [ LANG ] F:\phpStudy\WWW\bick\thinkphp\lang\zh-cn.php
[ info ] [ ROUTE ] array (
  'type' => 'module',
  'module' => 
  array (
    0 => 'admin',
    1 => 'cate',
    2 => 'edit',
  ),
)
[ info ] [ HEADER ] array (
  'upgrade-insecure-requests' => '1',
  'connection' => 'close',
  'cookie' => 'Hm_lvt_d7e112eaeea65921aeaadcc0af8f2853=1479645572,1479721473,1480739102,1480846129; PHPSESSID=5jod4et49tb39du6j1l34bfcr2',
  'referer' => 'http://127.0.0.1/bick/public/index.php/admin/cate/lst.html',
  'accept-encoding' => 'gzip, deflate',
  'accept-language' => 'zh-CN,zh;q=0.8,en-US;q=0.5,en;q=0.3',
  'accept' => 'text/html,application/xhtml+xml,application/xml;q=0.9,*/*;q=0.8',
  'user-agent' => 'Mozilla/5.0 (Windows NT 6.1; WOW64; rv:50.0) Gecko/20100101 Firefox/50.0',
  'host' => '127.0.0.1',
)
[ info ] [ PARAM ] array (
  'id' => '24',
)
[ info ] [ SESSION ] INIT array (
  'id' => '',
  'var_session_id' => '',
  'prefix' => 'think',
  'type' => '',
  'auto_start' => true,
)
[ info ] [ RUN ] app\admin\controller\cate->edit[ F:\phpStudy\WWW\bick\application\admin\controller\Cate.php ]
[ info ] [ DB ] INIT mysql
[ info ] [ VIEW ] F:\phpStudy\WWW\bick\public/../application/admin\view\cate\edit.htm [ array (
  0 => 'cateres',
  1 => 'cates',
) ]
[ info ] [ LOG ] INIT File
[ sql ] [ DB ] CONNECT:[ UseTime:0.010001s ] mysql:dbname=bick;host=127.0.0.1;charset=utf8
[ sql ] [ SQL ] SHOW COLUMNS FROM `bk_cate` [ RunTime:0.008000s ]
[ sql ] [ SQL ] SELECT * FROM `bk_cate` WHERE  `id` = 24 LIMIT 1    [ RunTime:0.001000s ]
[ sql ] [ SQL ] SELECT * FROM `bk_cate` ORDER BY sort desc  [ RunTime:0.001000s ]

---------------------------------------------------------------
[ 2016-12-09T21:50:50+08:00 ] 127.0.0.1 127.0.0.1 GET /bick/public/index.php/admin/cate/edit/id/24.html
[ log ] 127.0.0.1/bick/public/index.php/admin/cate/edit/id/24.html [运行时间：0.051003s][吞吐率：19.61req/s] [内存消耗：2,172.09kb] [文件加载：58]
[ info ] [ LANG ] F:\phpStudy\WWW\bick\thinkphp\lang\zh-cn.php
[ info ] [ ROUTE ] array (
  'type' => 'module',
  'module' => 
  array (
    0 => 'admin',
    1 => 'cate',
    2 => 'edit',
  ),
)
[ info ] [ HEADER ] array (
  'cache-control' => 'max-age=0',
  'upgrade-insecure-requests' => '1',
  'connection' => 'close',
  'cookie' => 'Hm_lvt_d7e112eaeea65921aeaadcc0af8f2853=1479645572,1479721473,1480739102,1480846129; PHPSESSID=5jod4et49tb39du6j1l34bfcr2',
  'referer' => 'http://127.0.0.1/bick/public/index.php/admin/cate/lst.html',
  'accept-encoding' => 'gzip, deflate',
  'accept-language' => 'zh-CN,zh;q=0.8,en-US;q=0.5,en;q=0.3',
  'accept' => 'text/html,application/xhtml+xml,application/xml;q=0.9,*/*;q=0.8',
  'user-agent' => 'Mozilla/5.0 (Windows NT 6.1; WOW64; rv:50.0) Gecko/20100101 Firefox/50.0',
  'host' => '127.0.0.1',
)
[ info ] [ PARAM ] array (
  'id' => '24',
)
[ info ] [ SESSION ] INIT array (
  'id' => '',
  'var_session_id' => '',
  'prefix' => 'think',
  'type' => '',
  'auto_start' => true,
)
[ info ] [ RUN ] app\admin\controller\cate->edit[ F:\phpStudy\WWW\bick\application\admin\controller\Cate.php ]
[ info ] [ DB ] INIT mysql
[ info ] [ VIEW ] F:\phpStudy\WWW\bick\public/../application/admin\view\cate\edit.htm [ array (
  0 => 'cateres',
  1 => 'cates',
) ]
[ info ] [ LOG ] INIT File
[ sql ] [ DB ] CONNECT:[ UseTime:0.000000s ] mysql:dbname=bick;host=127.0.0.1;charset=utf8
[ sql ] [ SQL ] SHOW COLUMNS FROM `bk_cate` [ RunTime:0.007000s ]
[ sql ] [ SQL ] SELECT * FROM `bk_cate` WHERE  `id` = 24 LIMIT 1    [ RunTime:0.001000s ]
[ sql ] [ SQL ] SELECT * FROM `bk_cate` ORDER BY sort desc  [ RunTime:0.001000s ]

---------------------------------------------------------------
[ 2016-12-09T21:51:05+08:00 ] 127.0.0.1 127.0.0.1 GET /bick/public/index.php/admin/cate/edit/id/24.html
[ log ] 127.0.0.1/bick/public/index.php/admin/cate/edit/id/24.html [运行时间：0.061004s][吞吐率：16.39req/s] [内存消耗：2,172.27kb] [文件加载：58]
[ info ] [ LANG ] F:\phpStudy\WWW\bick\thinkphp\lang\zh-cn.php
[ info ] [ ROUTE ] array (
  'type' => 'module',
  'module' => 
  array (
    0 => 'admin',
    1 => 'cate',
    2 => 'edit',
  ),
)
[ info ] [ HEADER ] array (
  'cache-control' => 'max-age=0',
  'upgrade-insecure-requests' => '1',
  'connection' => 'close',
  'cookie' => 'Hm_lvt_d7e112eaeea65921aeaadcc0af8f2853=1479645572,1479721473,1480739102,1480846129; PHPSESSID=5jod4et49tb39du6j1l34bfcr2',
  'referer' => 'http://127.0.0.1/bick/public/index.php/admin/cate/lst.html',
  'accept-encoding' => 'gzip, deflate',
  'accept-language' => 'zh-CN,zh;q=0.8,en-US;q=0.5,en;q=0.3',
  'accept' => 'text/html,application/xhtml+xml,application/xml;q=0.9,*/*;q=0.8',
  'user-agent' => 'Mozilla/5.0 (Windows NT 6.1; WOW64; rv:50.0) Gecko/20100101 Firefox/50.0',
  'host' => '127.0.0.1',
)
[ info ] [ PARAM ] array (
  'id' => '24',
)
[ info ] [ SESSION ] INIT array (
  'id' => '',
  'var_session_id' => '',
  'prefix' => 'think',
  'type' => '',
  'auto_start' => true,
)
[ info ] [ RUN ] app\admin\controller\cate->edit[ F:\phpStudy\WWW\bick\application\admin\controller\Cate.php ]
[ info ] [ DB ] INIT mysql
[ info ] [ VIEW ] F:\phpStudy\WWW\bick\public/../application/admin\view\cate\edit.htm [ array (
  0 => 'cateres',
  1 => 'cates',
) ]
[ info ] [ LOG ] INIT File
[ sql ] [ DB ] CONNECT:[ UseTime:0.012000s ] mysql:dbname=bick;host=127.0.0.1;charset=utf8
[ sql ] [ SQL ] SHOW COLUMNS FROM `bk_cate` [ RunTime:0.006001s ]
[ sql ] [ SQL ] SELECT * FROM `bk_cate` WHERE  `id` = 24 LIMIT 1    [ RunTime:0.001000s ]
[ sql ] [ SQL ] SELECT * FROM `bk_cate` ORDER BY sort desc  [ RunTime:0.000000s ]

---------------------------------------------------------------
[ 2016-12-09T21:51:23+08:00 ] 127.0.0.1 127.0.0.1 GET /bick/public/index.php/admin/cate/edit/id/24.html
[ log ] 127.0.0.1/bick/public/index.php/admin/cate/edit/id/24.html [运行时间：0.070004s][吞吐率：14.28req/s] [内存消耗：2,172.45kb] [文件加载：58]
[ info ] [ LANG ] F:\phpStudy\WWW\bick\thinkphp\lang\zh-cn.php
[ info ] [ ROUTE ] array (
  'type' => 'module',
  'module' => 
  array (
    0 => 'admin',
    1 => 'cate',
    2 => 'edit',
  ),
)
[ info ] [ HEADER ] array (
  'cache-control' => 'max-age=0',
  'upgrade-insecure-requests' => '1',
  'connection' => 'close',
  'cookie' => 'Hm_lvt_d7e112eaeea65921aeaadcc0af8f2853=1479645572,1479721473,1480739102,1480846129; PHPSESSID=5jod4et49tb39du6j1l34bfcr2',
  'referer' => 'http://127.0.0.1/bick/public/index.php/admin/cate/lst.html',
  'accept-encoding' => 'gzip, deflate',
  'accept-language' => 'zh-CN,zh;q=0.8,en-US;q=0.5,en;q=0.3',
  'accept' => 'text/html,application/xhtml+xml,application/xml;q=0.9,*/*;q=0.8',
  'user-agent' => 'Mozilla/5.0 (Windows NT 6.1; WOW64; rv:50.0) Gecko/20100101 Firefox/50.0',
  'host' => '127.0.0.1',
)
[ info ] [ PARAM ] array (
  'id' => '24',
)
[ info ] [ SESSION ] INIT array (
  'id' => '',
  'var_session_id' => '',
  'prefix' => 'think',
  'type' => '',
  'auto_start' => true,
)
[ info ] [ RUN ] app\admin\controller\cate->edit[ F:\phpStudy\WWW\bick\application\admin\controller\Cate.php ]
[ info ] [ DB ] INIT mysql
[ info ] [ VIEW ] F:\phpStudy\WWW\bick\public/../application/admin\view\cate\edit.htm [ array (
  0 => 'cateres',
  1 => 'cates',
) ]
[ info ] [ LOG ] INIT File
[ sql ] [ DB ] CONNECT:[ UseTime:0.011000s ] mysql:dbname=bick;host=127.0.0.1;charset=utf8
[ sql ] [ SQL ] SHOW COLUMNS FROM `bk_cate` [ RunTime:0.006001s ]
[ sql ] [ SQL ] SELECT * FROM `bk_cate` WHERE  `id` = 24 LIMIT 1    [ RunTime:0.000000s ]
[ sql ] [ SQL ] SELECT * FROM `bk_cate` ORDER BY sort desc  [ RunTime:0.002000s ]

---------------------------------------------------------------
[ 2016-12-09T21:52:23+08:00 ] 127.0.0.1 127.0.0.1 POST /bick/public/index.php/admin/cate/edit/id/24.html
[ log ] 127.0.0.1/bick/public/index.php/admin/cate/edit/id/24.html [运行时间：0.093005s][吞吐率：10.75req/s] [内存消耗：2,083.88kb] [文件加载：60]
[ info ] [ LANG ] F:\phpStudy\WWW\bick\thinkphp\lang\zh-cn.php
[ info ] [ ROUTE ] array (
  'type' => 'module',
  'module' => 
  array (
    0 => 'admin',
    1 => 'cate',
    2 => 'edit',
  ),
)
[ info ] [ HEADER ] array (
  'content-length' => '5428',
  'content-type' => 'application/x-www-form-urlencoded',
  'upgrade-insecure-requests' => '1',
  'connection' => 'close',
  'cookie' => 'Hm_lvt_d7e112eaeea65921aeaadcc0af8f2853=1479645572,1479721473,1480739102,1480846129; PHPSESSID=5jod4et49tb39du6j1l34bfcr2',
  'referer' => 'http://127.0.0.1/bick/public/index.php/admin/cate/edit/id/24.html',
  'accept-encoding' => 'gzip, deflate',
  'accept-language' => 'zh-CN,zh;q=0.8,en-US;q=0.5,en;q=0.3',
  'accept' => 'text/html,application/xhtml+xml,application/xml;q=0.9,*/*;q=0.8',
  'user-agent' => 'Mozilla/5.0 (Windows NT 6.1; WOW64; rv:50.0) Gecko/20100101 Firefox/50.0',
  'host' => '127.0.0.1',
)
[ info ] [ PARAM ] array (
  'id' => '24',
  'pid' => '23',
  'catename' => '河南',
  'keywords' => '河南,洛阳，牡丹花',
  'desc' => '河南的洛阳有非常漂亮的牡丹花',
  'type' => '2',
  'content' => '<p>河南河南河南河南河南河南河南河南河南河南河南河南河南河南河南河南河南河南河南河南河南河南河南河南河南河南河南河南河南河南河南河南河南河南河南河南河南河南河南河南河南河南河南河南河南河南河南河南河南河南河南河南河南河南河南河南河南河南河南河南河南河南河南河南河南河南河南河南河南河南河南河南河南河南河南河南河南河南河南河南河南河南河南河南河南河南河南河南河南河南河南河南河南河南</p><p>河南河南河南河南河南河南河南河南河南河南河南河南河南河南河南河南河南河南河南河南河南河南河南河南河南河南河南河南河南河南河南河南河南河南河南河南河南河南河南河南河南河南河南河南河南河南河南河南河南河南河南河南河南河南河南河南河南河南河南河南河南河南河南河南河南河南河南河南河南河南河南河南河南河南河南河南河南河南河南河南河南河南河南河南河南河南河南河南河南河南河南河南河南河南</p><p>河南河南河南河南河南河南河南河南河南河南河南河南河南河南河南河南河南河南河南河南河南河南河南河南河南河南河南河南河南河南河南河南河南河南河南河南河南河南河南河南河南河南河南河南河南河南河南河南河南河南河南河南河南河南河南河南河南河南河南河南河南河南河南河南河南河南河南河南河南河南河南河南河南河南河南河南河南河南河南河南河南河南河南河南河南河南河南河南河南河南河南河南河南河南</p><p><br/></p>',
)
[ info ] [ SESSION ] INIT array (
  'id' => '',
  'var_session_id' => '',
  'prefix' => 'think',
  'type' => '',
  'auto_start' => true,
)
[ info ] [ RUN ] app\admin\controller\cate->edit[ F:\phpStudy\WWW\bick\application\admin\controller\Cate.php ]
[ info ] [ DB ] INIT mysql
[ info ] [ CACHE ] INIT File
[ info ] [ VIEW ] F:\phpStudy\WWW\bick\thinkphp\tpl\dispatch_jump.tpl [ array (
  0 => 'code',
  1 => 'msg',
  2 => 'data',
  3 => 'url',
  4 => 'wait',
) ]
[ info ] [ LOG ] INIT File
[ sql ] [ DB ] CONNECT:[ UseTime:0.000000s ] mysql:dbname=bick;host=127.0.0.1;charset=utf8
[ sql ] [ SQL ] SHOW COLUMNS FROM `bk_cate` [ RunTime:0.007000s ]
[ sql ] [ SQL ] SELECT `id` FROM `bk_cate` WHERE  `catename` = '河南'  AND `id` <> 24 LIMIT 1     [ RunTime:0.000000s ]
[ sql ] [ SQL ] UPDATE `bk_cate`  SET `pid`=23,`catename`='河南',`keywords`='河南,洛阳，牡丹花',`desc`='河南的洛阳有非常漂亮的牡丹花',`type`=2,`content`='<p>河南河南河南河南河南河南河南河南河南河南河南河南河南河南河南河南河南河南河南河南河南河南河南河南河南河南河南河南河南河南河南河南河南河南河南河南河南河南河南河南河南河南河南河南河南河南河南河南河南河南河南河南河南河南河南河南河南河南河南河南河南河南河南河南河南河南河南河南河南河南河南河南河南河南河南河南河南河南河南河南河南河南河南河南河南河南河南河南河南河南河南河南河南河南</p><p>河南河南河南河南河南河南河南河南河南河南河南河南河南河南河南河南河南河南河南河南河南河南河南河南河南河南河南河南河南河南河南河南河南河南河南河南河南河南河南河南河南河南河南河南河南河南河南河南河南河南河南河南河南河南河南河南河南河南河南河南河南河南河南河南河南河南河南河南河南河南河南河南河南河南河南河南河南河南河南河南河南河南河南河南河南河南河南河南河南河南河南河南河南河南</p><p>河南河南河南河南河南河南河南河南河南河南河南河南河南河南河南河南河南河南河南河南河南河南河南河南河南河南河南河南河南河南河南河南河南河南河南河南河南河南河南河南河南河南河南河南河南河南河南河南河南河南河南河南河南河南河南河南河南河南河南河南河南河南河南河南河南河南河南河南河南河南河南河南河南河南河南河南河南河南河南河南河南河南河南河南河南河南河南河南河南河南河南河南河南河南</p><p><br/></p>'  WHERE  `id` = 24          [ RunTime:0.001000s ]

---------------------------------------------------------------
[ 2016-12-09T21:52:26+08:00 ] 127.0.0.1 127.0.0.1 GET /bick/public/index.php/admin/cate/lst.html
[ log ] 127.0.0.1/bick/public/index.php/admin/cate/lst.html [运行时间：0.062003s][吞吐率：16.13req/s] [内存消耗：2,036.27kb] [文件加载：56]
[ info ] [ LANG ] F:\phpStudy\WWW\bick\thinkphp\lang\zh-cn.php
[ info ] [ ROUTE ] array (
  'type' => 'module',
  'module' => 
  array (
    0 => 'admin',
    1 => 'cate',
    2 => 'lst',
  ),
)
[ info ] [ HEADER ] array (
  'upgrade-insecure-requests' => '1',
  'connection' => 'close',
  'cookie' => 'Hm_lvt_d7e112eaeea65921aeaadcc0af8f2853=1479645572,1479721473,1480739102,1480846129; PHPSESSID=5jod4et49tb39du6j1l34bfcr2',
  'referer' => 'http://127.0.0.1/bick/public/index.php/admin/cate/edit/id/24.html',
  'accept-encoding' => 'gzip, deflate',
  'accept-language' => 'zh-CN,zh;q=0.8,en-US;q=0.5,en;q=0.3',
  'accept' => 'text/html,application/xhtml+xml,application/xml;q=0.9,*/*;q=0.8',
  'user-agent' => 'Mozilla/5.0 (Windows NT 6.1; WOW64; rv:50.0) Gecko/20100101 Firefox/50.0',
  'host' => '127.0.0.1',
)
[ info ] [ PARAM ] array (
)
[ info ] [ SESSION ] INIT array (
  'id' => '',
  'var_session_id' => '',
  'prefix' => 'think',
  'type' => '',
  'auto_start' => true,
)
[ info ] [ RUN ] app\admin\controller\cate->lst[ F:\phpStudy\WWW\bick\application\admin\controller\Cate.php ]
[ info ] [ DB ] INIT mysql
[ info ] [ VIEW ] F:\phpStudy\WWW\bick\public/../application/admin\view\cate\lst.htm [ array (
  0 => 'cateres',
) ]
[ info ] [ LOG ] INIT File
[ sql ] [ DB ] CONNECT:[ UseTime:0.001000s ] mysql:dbname=bick;host=127.0.0.1;charset=utf8
[ sql ] [ SQL ] SHOW COLUMNS FROM `bk_cate` [ RunTime:0.005000s ]
[ sql ] [ SQL ] SELECT * FROM `bk_cate` ORDER BY sort desc  [ RunTime:0.000000s ]

---------------------------------------------------------------
[ 2016-12-09T21:52:31+08:00 ] 127.0.0.1 127.0.0.1 GET /bick/public/index.php/admin/cate/edit/id/24.html
[ log ] 127.0.0.1/bick/public/index.php/admin/cate/edit/id/24.html [运行时间：0.064004s][吞吐率：15.62req/s] [内存消耗：2,041.08kb] [文件加载：56]
[ info ] [ LANG ] F:\phpStudy\WWW\bick\thinkphp\lang\zh-cn.php
[ info ] [ ROUTE ] array (
  'type' => 'module',
  'module' => 
  array (
    0 => 'admin',
    1 => 'cate',
    2 => 'edit',
  ),
)
[ info ] [ HEADER ] array (
  'upgrade-insecure-requests' => '1',
  'connection' => 'close',
  'cookie' => 'Hm_lvt_d7e112eaeea65921aeaadcc0af8f2853=1479645572,1479721473,1480739102,1480846129; PHPSESSID=5jod4et49tb39du6j1l34bfcr2',
  'referer' => 'http://127.0.0.1/bick/public/index.php/admin/cate/lst.html',
  'accept-encoding' => 'gzip, deflate',
  'accept-language' => 'zh-CN,zh;q=0.8,en-US;q=0.5,en;q=0.3',
  'accept' => 'text/html,application/xhtml+xml,application/xml;q=0.9,*/*;q=0.8',
  'user-agent' => 'Mozilla/5.0 (Windows NT 6.1; WOW64; rv:50.0) Gecko/20100101 Firefox/50.0',
  'host' => '127.0.0.1',
)
[ info ] [ PARAM ] array (
  'id' => '24',
)
[ info ] [ SESSION ] INIT array (
  'id' => '',
  'var_session_id' => '',
  'prefix' => 'think',
  'type' => '',
  'auto_start' => true,
)
[ info ] [ RUN ] app\admin\controller\cate->edit[ F:\phpStudy\WWW\bick\application\admin\controller\Cate.php ]
[ info ] [ DB ] INIT mysql
[ info ] [ VIEW ] F:\phpStudy\WWW\bick\public/../application/admin\view\cate\edit.htm [ array (
  0 => 'cateres',
  1 => 'cates',
) ]
[ info ] [ LOG ] INIT File
[ sql ] [ DB ] CONNECT:[ UseTime:0.010000s ] mysql:dbname=bick;host=127.0.0.1;charset=utf8
[ sql ] [ SQL ] SHOW COLUMNS FROM `bk_cate` [ RunTime:0.009001s ]
[ sql ] [ SQL ] SELECT * FROM `bk_cate` WHERE  `id` = 24 LIMIT 1    [ RunTime:0.001000s ]
[ sql ] [ SQL ] SELECT * FROM `bk_cate` ORDER BY sort desc  [ RunTime:0.001000s ]

---------------------------------------------------------------
[ 2016-12-09T21:53:00+08:00 ] 127.0.0.1 127.0.0.1 GET /bick/public/index.php/admin/cate/lst.html
[ log ] 127.0.0.1/bick/public/index.php/admin/cate/lst.html [运行时间：0.061003s][吞吐率：16.39req/s] [内存消耗：2,036.27kb] [文件加载：56]
[ info ] [ LANG ] F:\phpStudy\WWW\bick\thinkphp\lang\zh-cn.php
[ info ] [ ROUTE ] array (
  'type' => 'module',
  'module' => 
  array (
    0 => 'admin',
    1 => 'cate',
    2 => 'lst',
  ),
)
[ info ] [ HEADER ] array (
  'upgrade-insecure-requests' => '1',
  'connection' => 'close',
  'cookie' => 'Hm_lvt_d7e112eaeea65921aeaadcc0af8f2853=1479645572,1479721473,1480739102,1480846129; PHPSESSID=5jod4et49tb39du6j1l34bfcr2',
  'referer' => 'http://127.0.0.1/bick/public/index.php/admin/cate/edit/id/24.html',
  'accept-encoding' => 'gzip, deflate',
  'accept-language' => 'zh-CN,zh;q=0.8,en-US;q=0.5,en;q=0.3',
  'accept' => 'text/html,application/xhtml+xml,application/xml;q=0.9,*/*;q=0.8',
  'user-agent' => 'Mozilla/5.0 (Windows NT 6.1; WOW64; rv:50.0) Gecko/20100101 Firefox/50.0',
  'host' => '127.0.0.1',
)
[ info ] [ PARAM ] array (
)
[ info ] [ SESSION ] INIT array (
  'id' => '',
  'var_session_id' => '',
  'prefix' => 'think',
  'type' => '',
  'auto_start' => true,
)
[ info ] [ RUN ] app\admin\controller\cate->lst[ F:\phpStudy\WWW\bick\application\admin\controller\Cate.php ]
[ info ] [ DB ] INIT mysql
[ info ] [ VIEW ] F:\phpStudy\WWW\bick\public/../application/admin\view\cate\lst.htm [ array (
  0 => 'cateres',
) ]
[ info ] [ LOG ] INIT File
[ sql ] [ DB ] CONNECT:[ UseTime:0.011001s ] mysql:dbname=bick;host=127.0.0.1;charset=utf8
[ sql ] [ SQL ] SHOW COLUMNS FROM `bk_cate` [ RunTime:0.006000s ]
[ sql ] [ SQL ] SELECT * FROM `bk_cate` ORDER BY sort desc  [ RunTime:0.001001s ]

---------------------------------------------------------------
[ 2016-12-09T22:08:23+08:00 ] 127.0.0.1 127.0.0.1 GET /bick/public/index.php/admin/cate/add.html
[ log ] 127.0.0.1/bick/public/index.php/admin/cate/add.html [运行时间：0.049003s][吞吐率：20.41req/s] [内存消耗：2,036.34kb] [文件加载：56]
[ info ] [ LANG ] F:\phpStudy\WWW\bick\thinkphp\lang\zh-cn.php
[ info ] [ ROUTE ] array (
  'type' => 'module',
  'module' => 
  array (
    0 => 'admin',
    1 => 'cate',
    2 => 'add',
  ),
)
[ info ] [ HEADER ] array (
  'upgrade-insecure-requests' => '1',
  'connection' => 'close',
  'cookie' => 'Hm_lvt_d7e112eaeea65921aeaadcc0af8f2853=1479645572,1479721473,1480739102,1480846129; PHPSESSID=5jod4et49tb39du6j1l34bfcr2',
  'referer' => 'http://127.0.0.1/bick/public/index.php/admin/cate/lst.html',
  'accept-encoding' => 'gzip, deflate',
  'accept-language' => 'zh-CN,zh;q=0.8,en-US;q=0.5,en;q=0.3',
  'accept' => 'text/html,application/xhtml+xml,application/xml;q=0.9,*/*;q=0.8',
  'user-agent' => 'Mozilla/5.0 (Windows NT 6.1; WOW64; rv:50.0) Gecko/20100101 Firefox/50.0',
  'host' => '127.0.0.1',
)
[ info ] [ PARAM ] array (
)
[ info ] [ SESSION ] INIT array (
  'id' => '',
  'var_session_id' => '',
  'prefix' => 'think',
  'type' => '',
  'auto_start' => true,
)
[ info ] [ RUN ] app\admin\controller\cate->add[ F:\phpStudy\WWW\bick\application\admin\controller\Cate.php ]
[ info ] [ DB ] INIT mysql
[ info ] [ VIEW ] F:\phpStudy\WWW\bick\public/../application/admin\view\cate\add.htm [ array (
  0 => 'cateres',
) ]
[ info ] [ LOG ] INIT File
[ sql ] [ DB ] CONNECT:[ UseTime:0.003001s ] mysql:dbname=bick;host=127.0.0.1;charset=utf8
[ sql ] [ SQL ] SHOW COLUMNS FROM `bk_cate` [ RunTime:0.008000s ]
[ sql ] [ SQL ] SELECT * FROM `bk_cate` ORDER BY sort desc  [ RunTime:0.003000s ]

---------------------------------------------------------------
[ 2016-12-09T22:46:57+08:00 ] 127.0.0.1 127.0.0.1 GET /bick/public/index.php/admin/conf/conf.html
[ log ] 127.0.0.1/bick/public/index.php/admin/conf/conf.html [运行时间：0.230014s][吞吐率：4.35req/s] [内存消耗：2,020.83kb] [文件加载：56]
[ info ] [ LANG ] F:\phpStudy\WWW\bick\thinkphp\lang\zh-cn.php
[ info ] [ ROUTE ] array (
  'type' => 'module',
  'module' => 
  array (
    0 => 'admin',
    1 => 'conf',
    2 => 'conf',
  ),
)
[ info ] [ HEADER ] array (
  'upgrade-insecure-requests' => '1',
  'connection' => 'close',
  'cookie' => 'Hm_lvt_d7e112eaeea65921aeaadcc0af8f2853=1479645572,1479721473,1480739102,1480846129; PHPSESSID=5jod4et49tb39du6j1l34bfcr2',
  'referer' => 'http://127.0.0.1/bick/public/index.php/admin/cate/add.html',
  'accept-encoding' => 'gzip, deflate',
  'accept-language' => 'zh-CN,zh;q=0.8,en-US;q=0.5,en;q=0.3',
  'accept' => 'text/html,application/xhtml+xml,application/xml;q=0.9,*/*;q=0.8',
  'user-agent' => 'Mozilla/5.0 (Windows NT 6.1; WOW64; rv:50.0) Gecko/20100101 Firefox/50.0',
  'host' => '127.0.0.1',
)
[ info ] [ PARAM ] array (
)
[ info ] [ SESSION ] INIT array (
  'id' => '',
  'var_session_id' => '',
  'prefix' => 'think',
  'type' => '',
  'auto_start' => true,
)
[ info ] [ RUN ] app\admin\controller\Conf->conf[ F:\phpStudy\WWW\bick\application\admin\controller\Conf.php ]
[ info ] [ DB ] INIT mysql
[ info ] [ VIEW ] F:\phpStudy\WWW\bick\public/../application/admin\view\conf\conf.htm [ array (
  0 => 'confres',
) ]
[ info ] [ LOG ] INIT File
[ sql ] [ DB ] CONNECT:[ UseTime:0.025001s ] mysql:dbname=bick;host=127.0.0.1;charset=utf8
[ sql ] [ SQL ] SHOW COLUMNS FROM `bk_conf` [ RunTime:0.044003s ]
[ sql ] [ SQL ] SELECT * FROM `bk_conf` ORDER BY sort desc  [ RunTime:0.025001s ]

---------------------------------------------------------------
[ 2016-12-09T22:47:02+08:00 ] 127.0.0.1 127.0.0.1 GET /bick/public/index.php/admin/conf/lst.html
[ log ] 127.0.0.1/bick/public/index.php/admin/conf/lst.html [运行时间：0.154009s][吞吐率：6.49req/s] [内存消耗：2,108.25kb] [文件加载：60]
[ info ] [ LANG ] F:\phpStudy\WWW\bick\thinkphp\lang\zh-cn.php
[ info ] [ ROUTE ] array (
  'type' => 'module',
  'module' => 
  array (
    0 => 'admin',
    1 => 'conf',
    2 => 'lst',
  ),
)
[ info ] [ HEADER ] array (
  'upgrade-insecure-requests' => '1',
  'connection' => 'close',
  'cookie' => 'Hm_lvt_d7e112eaeea65921aeaadcc0af8f2853=1479645572,1479721473,1480739102,1480846129; PHPSESSID=5jod4et49tb39du6j1l34bfcr2',
  'referer' => 'http://127.0.0.1/bick/public/index.php/admin/conf/conf.html',
  'accept-encoding' => 'gzip, deflate',
  'accept-language' => 'zh-CN,zh;q=0.8,en-US;q=0.5,en;q=0.3',
  'accept' => 'text/html,application/xhtml+xml,application/xml;q=0.9,*/*;q=0.8',
  'user-agent' => 'Mozilla/5.0 (Windows NT 6.1; WOW64; rv:50.0) Gecko/20100101 Firefox/50.0',
  'host' => '127.0.0.1',
)
[ info ] [ PARAM ] array (
)
[ info ] [ SESSION ] INIT array (
  'id' => '',
  'var_session_id' => '',
  'prefix' => 'think',
  'type' => '',
  'auto_start' => true,
)
[ info ] [ RUN ] app\admin\controller\Conf->lst[ F:\phpStudy\WWW\bick\application\admin\controller\Conf.php ]
[ info ] [ DB ] INIT mysql
[ info ] [ VIEW ] F:\phpStudy\WWW\bick\public/../application/admin\view\conf\lst.htm [ array (
  0 => 'confres',
) ]
[ info ] [ LOG ] INIT File
[ sql ] [ DB ] CONNECT:[ UseTime:0.010001s ] mysql:dbname=bick;host=127.0.0.1;charset=utf8
[ sql ] [ SQL ] SHOW COLUMNS FROM `bk_conf` [ RunTime:0.007000s ]
[ sql ] [ SQL ] SELECT COUNT(*) AS tp_count FROM `bk_conf` ORDER BY sort desc LIMIT 1   [ RunTime:0.001000s ]
[ sql ] [ SQL ] SELECT * FROM `bk_conf` ORDER BY sort desc LIMIT 0,4   [ RunTime:0.001000s ]

---------------------------------------------------------------
[ 2016-12-09T22:48:47+08:00 ] 127.0.0.1 127.0.0.1 GET /bick/public/index.php/admin/conf/add.html
[ log ] 127.0.0.1/bick/public/index.php/admin/conf/add.html [运行时间：0.046002s][吞吐率：21.74req/s] [内存消耗：1,323.94kb] [文件加载：47]
[ info ] [ LANG ] F:\phpStudy\WWW\bick\thinkphp\lang\zh-cn.php
[ info ] [ ROUTE ] array (
  'type' => 'module',
  'module' => 
  array (
    0 => 'admin',
    1 => 'conf',
    2 => 'add',
  ),
)
[ info ] [ HEADER ] array (
  'upgrade-insecure-requests' => '1',
  'connection' => 'close',
  'cookie' => 'Hm_lvt_d7e112eaeea65921aeaadcc0af8f2853=1479645572,1479721473,1480739102,1480846129; PHPSESSID=5jod4et49tb39du6j1l34bfcr2',
  'referer' => 'http://127.0.0.1/bick/public/index.php/admin/conf/lst.html',
  'accept-encoding' => 'gzip, deflate',
  'accept-language' => 'zh-CN,zh;q=0.8,en-US;q=0.5,en;q=0.3',
  'accept' => 'text/html,application/xhtml+xml,application/xml;q=0.9,*/*;q=0.8',
  'user-agent' => 'Mozilla/5.0 (Windows NT 6.1; WOW64; rv:50.0) Gecko/20100101 Firefox/50.0',
  'host' => '127.0.0.1',
)
[ info ] [ PARAM ] array (
)
[ info ] [ SESSION ] INIT array (
  'id' => '',
  'var_session_id' => '',
  'prefix' => 'think',
  'type' => '',
  'auto_start' => true,
)
[ info ] [ RUN ] app\admin\controller\Conf->add[ F:\phpStudy\WWW\bick\application\admin\controller\Conf.php ]
[ info ] [ VIEW ] F:\phpStudy\WWW\bick\public/../application/admin\view\conf\add.htm [ array (
) ]
[ info ] [ LOG ] INIT File

---------------------------------------------------------------
[ 2016-12-09T22:48:51+08:00 ] 127.0.0.1 127.0.0.1 GET /bick/public/index.php/admin/conf/lst.html
[ log ] 127.0.0.1/bick/public/index.php/admin/conf/lst.html [运行时间：0.085005s][吞吐率：11.76req/s] [内存消耗：2,108.25kb] [文件加载：60]
[ info ] [ LANG ] F:\phpStudy\WWW\bick\thinkphp\lang\zh-cn.php
[ info ] [ ROUTE ] array (
  'type' => 'module',
  'module' => 
  array (
    0 => 'admin',
    1 => 'conf',
    2 => 'lst',
  ),
)
[ info ] [ HEADER ] array (
  'upgrade-insecure-requests' => '1',
  'connection' => 'close',
  'cookie' => 'Hm_lvt_d7e112eaeea65921aeaadcc0af8f2853=1479645572,1479721473,1480739102,1480846129; PHPSESSID=5jod4et49tb39du6j1l34bfcr2',
  'referer' => 'http://127.0.0.1/bick/public/index.php/admin/conf/add.html',
  'accept-encoding' => 'gzip, deflate',
  'accept-language' => 'zh-CN,zh;q=0.8,en-US;q=0.5,en;q=0.3',
  'accept' => 'text/html,application/xhtml+xml,application/xml;q=0.9,*/*;q=0.8',
  'user-agent' => 'Mozilla/5.0 (Windows NT 6.1; WOW64; rv:50.0) Gecko/20100101 Firefox/50.0',
  'host' => '127.0.0.1',
)
[ info ] [ PARAM ] array (
)
[ info ] [ SESSION ] INIT array (
  'id' => '',
  'var_session_id' => '',
  'prefix' => 'think',
  'type' => '',
  'auto_start' => true,
)
[ info ] [ RUN ] app\admin\controller\Conf->lst[ F:\phpStudy\WWW\bick\application\admin\controller\Conf.php ]
[ info ] [ DB ] INIT mysql
[ info ] [ VIEW ] F:\phpStudy\WWW\bick\public/../application/admin\view\conf\lst.htm [ array (
  0 => 'confres',
) ]
[ info ] [ LOG ] INIT File
[ sql ] [ DB ] CONNECT:[ UseTime:0.001001s ] mysql:dbname=bick;host=127.0.0.1;charset=utf8
[ sql ] [ SQL ] SHOW COLUMNS FROM `bk_conf` [ RunTime:0.007000s ]
[ sql ] [ SQL ] SELECT COUNT(*) AS tp_count FROM `bk_conf` ORDER BY sort desc LIMIT 1   [ RunTime:0.000000s ]
[ sql ] [ SQL ] SELECT * FROM `bk_conf` ORDER BY sort desc LIMIT 0,4   [ RunTime:0.001000s ]

---------------------------------------------------------------
[ 2016-12-09T22:48:54+08:00 ] 127.0.0.1 127.0.0.1 GET /bick/public/index.php/admin/cate/lst.html
[ log ] 127.0.0.1/bick/public/index.php/admin/cate/lst.html [运行时间：0.107006s][吞吐率：9.35req/s] [内存消耗：2,036.36kb] [文件加载：56]
[ info ] [ LANG ] F:\phpStudy\WWW\bick\thinkphp\lang\zh-cn.php
[ info ] [ ROUTE ] array (
  'type' => 'module',
  'module' => 
  array (
    0 => 'admin',
    1 => 'cate',
    2 => 'lst',
  ),
)
[ info ] [ HEADER ] array (
  'upgrade-insecure-requests' => '1',
  'connection' => 'close',
  'cookie' => 'Hm_lvt_d7e112eaeea65921aeaadcc0af8f2853=1479645572,1479721473,1480739102,1480846129; PHPSESSID=5jod4et49tb39du6j1l34bfcr2',
  'referer' => 'http://127.0.0.1/bick/public/index.php/admin/conf/lst.html',
  'accept-encoding' => 'gzip, deflate',
  'accept-language' => 'zh-CN,zh;q=0.8,en-US;q=0.5,en;q=0.3',
  'accept' => 'text/html,application/xhtml+xml,application/xml;q=0.9,*/*;q=0.8',
  'user-agent' => 'Mozilla/5.0 (Windows NT 6.1; WOW64; rv:50.0) Gecko/20100101 Firefox/50.0',
  'host' => '127.0.0.1',
)
[ info ] [ PARAM ] array (
)
[ info ] [ SESSION ] INIT array (
  'id' => '',
  'var_session_id' => '',
  'prefix' => 'think',
  'type' => '',
  'auto_start' => true,
)
[ info ] [ RUN ] app\admin\controller\cate->lst[ F:\phpStudy\WWW\bick\application\admin\controller\Cate.php ]
[ info ] [ DB ] INIT mysql
[ info ] [ VIEW ] F:\phpStudy\WWW\bick\public/../application/admin\view\cate\lst.htm [ array (
  0 => 'cateres',
) ]
[ info ] [ LOG ] INIT File
[ sql ] [ DB ] CONNECT:[ UseTime:0.011000s ] mysql:dbname=bick;host=127.0.0.1;charset=utf8
[ sql ] [ SQL ] SHOW COLUMNS FROM `bk_cate` [ RunTime:0.007000s ]
[ sql ] [ SQL ] SELECT * FROM `bk_cate` ORDER BY sort desc  [ RunTime:0.016001s ]

---------------------------------------------------------------
[ 2016-12-09T22:48:55+08:00 ] 127.0.0.1 127.0.0.1 GET /bick/public/index.php/admin/cate/add.html
[ log ] 127.0.0.1/bick/public/index.php/admin/cate/add.html [运行时间：0.074005s][吞吐率：13.51req/s] [内存消耗：2,036.33kb] [文件加载：56]
[ info ] [ LANG ] F:\phpStudy\WWW\bick\thinkphp\lang\zh-cn.php
[ info ] [ ROUTE ] array (
  'type' => 'module',
  'module' => 
  array (
    0 => 'admin',
    1 => 'cate',
    2 => 'add',
  ),
)
[ info ] [ HEADER ] array (
  'upgrade-insecure-requests' => '1',
  'connection' => 'close',
  'cookie' => 'Hm_lvt_d7e112eaeea65921aeaadcc0af8f2853=1479645572,1479721473,1480739102,1480846129; PHPSESSID=5jod4et49tb39du6j1l34bfcr2',
  'referer' => 'http://127.0.0.1/bick/public/index.php/admin/cate/lst.html',
  'accept-encoding' => 'gzip, deflate',
  'accept-language' => 'zh-CN,zh;q=0.8,en-US;q=0.5,en;q=0.3',
  'accept' => 'text/html,application/xhtml+xml,application/xml;q=0.9,*/*;q=0.8',
  'user-agent' => 'Mozilla/5.0 (Windows NT 6.1; WOW64; rv:50.0) Gecko/20100101 Firefox/50.0',
  'host' => '127.0.0.1',
)
[ info ] [ PARAM ] array (
)
[ info ] [ SESSION ] INIT array (
  'id' => '',
  'var_session_id' => '',
  'prefix' => 'think',
  'type' => '',
  'auto_start' => true,
)
[ info ] [ RUN ] app\admin\controller\cate->add[ F:\phpStudy\WWW\bick\application\admin\controller\Cate.php ]
[ info ] [ DB ] INIT mysql
[ info ] [ VIEW ] F:\phpStudy\WWW\bick\public/../application/admin\view\cate\add.htm [ array (
  0 => 'cateres',
) ]
[ info ] [ LOG ] INIT File
[ sql ] [ DB ] CONNECT:[ UseTime:0.001000s ] mysql:dbname=bick;host=127.0.0.1;charset=utf8
[ sql ] [ SQL ] SHOW COLUMNS FROM `bk_cate` [ RunTime:0.006001s ]
[ sql ] [ SQL ] SELECT * FROM `bk_cate` ORDER BY sort desc  [ RunTime:0.000000s ]

---------------------------------------------------------------
[ 2016-12-09T22:49:39+08:00 ] 127.0.0.1 127.0.0.1 GET /bick/public/index.php/admin/link/lst.html
[ log ] 127.0.0.1/bick/public/index.php/admin/link/lst.html [运行时间：0.134008s][吞吐率：7.46req/s] [内存消耗：2,212.93kb] [文件加载：62]
[ info ] [ LANG ] F:\phpStudy\WWW\bick\thinkphp\lang\zh-cn.php
[ info ] [ ROUTE ] array (
  'type' => 'module',
  'module' => 
  array (
    0 => 'admin',
    1 => 'link',
    2 => 'lst',
  ),
)
[ info ] [ HEADER ] array (
  'upgrade-insecure-requests' => '1',
  'connection' => 'close',
  'cookie' => 'Hm_lvt_d7e112eaeea65921aeaadcc0af8f2853=1479645572,1479721473,1480739102,1480846129; PHPSESSID=5jod4et49tb39du6j1l34bfcr2',
  'referer' => 'http://127.0.0.1/bick/public/index.php/admin/cate/add.html',
  'accept-encoding' => 'gzip, deflate',
  'accept-language' => 'zh-CN,zh;q=0.8,en-US;q=0.5,en;q=0.3',
  'accept' => 'text/html,application/xhtml+xml,application/xml;q=0.9,*/*;q=0.8',
  'user-agent' => 'Mozilla/5.0 (Windows NT 6.1; WOW64; rv:50.0) Gecko/20100101 Firefox/50.0',
  'host' => '127.0.0.1',
)
[ info ] [ PARAM ] array (
)
[ info ] [ SESSION ] INIT array (
  'id' => '',
  'var_session_id' => '',
  'prefix' => 'think',
  'type' => '',
  'auto_start' => true,
)
[ info ] [ RUN ] app\admin\controller\Link->lst[ F:\phpStudy\WWW\bick\application\admin\controller\Link.php ]
[ info ] [ DB ] INIT mysql
[ info ] [ VIEW ] F:\phpStudy\WWW\bick\public/../application/admin\view\link\lst.htm [ array (
  0 => 'linkres',
) ]
[ info ] [ LOG ] INIT File
[ sql ] [ DB ] CONNECT:[ UseTime:0.010000s ] mysql:dbname=bick;host=127.0.0.1;charset=utf8
[ sql ] [ SQL ] SHOW COLUMNS FROM `bk_link` [ RunTime:0.012001s ]
[ sql ] [ SQL ] SELECT COUNT(*) AS tp_count FROM `bk_link` ORDER BY sort desc LIMIT 1   [ RunTime:0.000000s ]
[ sql ] [ SQL ] SELECT * FROM `bk_link` ORDER BY sort desc LIMIT 0,3   [ RunTime:0.000000s ]

---------------------------------------------------------------
[ 2016-12-09T22:49:42+08:00 ] 127.0.0.1 127.0.0.1 GET /bick/public/index.php/admin/cate/lst.html
[ log ] 127.0.0.1/bick/public/index.php/admin/cate/lst.html [运行时间：0.063004s][吞吐率：15.87req/s] [内存消耗：2,036.36kb] [文件加载：56]
[ info ] [ LANG ] F:\phpStudy\WWW\bick\thinkphp\lang\zh-cn.php
[ info ] [ ROUTE ] array (
  'type' => 'module',
  'module' => 
  array (
    0 => 'admin',
    1 => 'cate',
    2 => 'lst',
  ),
)
[ info ] [ HEADER ] array (
  'upgrade-insecure-requests' => '1',
  'connection' => 'close',
  'cookie' => 'Hm_lvt_d7e112eaeea65921aeaadcc0af8f2853=1479645572,1479721473,1480739102,1480846129; PHPSESSID=5jod4et49tb39du6j1l34bfcr2',
  'referer' => 'http://127.0.0.1/bick/public/index.php/admin/link/lst.html',
  'accept-encoding' => 'gzip, deflate',
  'accept-language' => 'zh-CN,zh;q=0.8,en-US;q=0.5,en;q=0.3',
  'accept' => 'text/html,application/xhtml+xml,application/xml;q=0.9,*/*;q=0.8',
  'user-agent' => 'Mozilla/5.0 (Windows NT 6.1; WOW64; rv:50.0) Gecko/20100101 Firefox/50.0',
  'host' => '127.0.0.1',
)
[ info ] [ PARAM ] array (
)
[ info ] [ SESSION ] INIT array (
  'id' => '',
  'var_session_id' => '',
  'prefix' => 'think',
  'type' => '',
  'auto_start' => true,
)
[ info ] [ RUN ] app\admin\controller\cate->lst[ F:\phpStudy\WWW\bick\application\admin\controller\Cate.php ]
[ info ] [ DB ] INIT mysql
[ info ] [ VIEW ] F:\phpStudy\WWW\bick\public/../application/admin\view\cate\lst.htm [ array (
  0 => 'cateres',
) ]
[ info ] [ LOG ] INIT File
[ sql ] [ DB ] CONNECT:[ UseTime:0.000000s ] mysql:dbname=bick;host=127.0.0.1;charset=utf8
[ sql ] [ SQL ] SHOW COLUMNS FROM `bk_cate` [ RunTime:0.005001s ]
[ sql ] [ SQL ] SELECT * FROM `bk_cate` ORDER BY sort desc  [ RunTime:0.001000s ]

---------------------------------------------------------------
[ 2016-12-09T22:49:45+08:00 ] 127.0.0.1 127.0.0.1 GET /bick/public/index.php/admin/admin/lst.html
[ log ] 127.0.0.1/bick/public/index.php/admin/admin/lst.html [运行时间：0.271016s][吞吐率：3.69req/s] [内存消耗：2,237.52kb] [文件加载：62]
[ info ] [ LANG ] F:\phpStudy\WWW\bick\thinkphp\lang\zh-cn.php
[ info ] [ ROUTE ] array (
  'type' => 'module',
  'module' => 
  array (
    0 => 'admin',
    1 => 'admin',
    2 => 'lst',
  ),
)
[ info ] [ HEADER ] array (
  'upgrade-insecure-requests' => '1',
  'connection' => 'close',
  'cookie' => 'Hm_lvt_d7e112eaeea65921aeaadcc0af8f2853=1479645572,1479721473,1480739102,1480846129; PHPSESSID=5jod4et49tb39du6j1l34bfcr2',
  'referer' => 'http://127.0.0.1/bick/public/index.php/admin/cate/lst.html',
  'accept-encoding' => 'gzip, deflate',
  'accept-language' => 'zh-CN,zh;q=0.8,en-US;q=0.5,en;q=0.3',
  'accept' => 'text/html,application/xhtml+xml,application/xml;q=0.9,*/*;q=0.8',
  'user-agent' => 'Mozilla/5.0 (Windows NT 6.1; WOW64; rv:50.0) Gecko/20100101 Firefox/50.0',
  'host' => '127.0.0.1',
)
[ info ] [ PARAM ] array (
)
[ info ] [ SESSION ] INIT array (
  'id' => '',
  'var_session_id' => '',
  'prefix' => 'think',
  'type' => '',
  'auto_start' => true,
)
[ info ] [ RUN ] app\admin\controller\Admin->lst[ F:\phpStudy\WWW\bick\application\admin\controller\Admin.php ]
[ info ] [ DB ] INIT mysql
[ info ] [ VIEW ] F:\phpStudy\WWW\bick\public/../application/admin\view\admin\lst.htm [ array (
  0 => 'adminres',
) ]
[ info ] [ LOG ] INIT File
[ sql ] [ DB ] CONNECT:[ UseTime:0.011000s ] mysql:dbname=bick;host=127.0.0.1;charset=utf8
[ sql ] [ SQL ] SHOW COLUMNS FROM `bk_admin` [ RunTime:0.073005s ]
[ sql ] [ SQL ] SELECT COUNT(*) AS tp_count FROM `bk_admin` LIMIT 1   [ RunTime:0.000000s ]
[ sql ] [ SQL ] SELECT * FROM `bk_admin` LIMIT 0,5   [ RunTime:0.001000s ]

---------------------------------------------------------------
[ 2016-12-09T22:49:50+08:00 ] 127.0.0.1 127.0.0.1 GET /bick/public/index.php/admin/conf/conf.html
[ log ] 127.0.0.1/bick/public/index.php/admin/conf/conf.html [运行时间：0.060004s][吞吐率：16.67req/s] [内存消耗：2,020.77kb] [文件加载：56]
[ info ] [ LANG ] F:\phpStudy\WWW\bick\thinkphp\lang\zh-cn.php
[ info ] [ ROUTE ] array (
  'type' => 'module',
  'module' => 
  array (
    0 => 'admin',
    1 => 'conf',
    2 => 'conf',
  ),
)
[ info ] [ HEADER ] array (
  'upgrade-insecure-requests' => '1',
  'connection' => 'close',
  'cookie' => 'Hm_lvt_d7e112eaeea65921aeaadcc0af8f2853=1479645572,1479721473,1480739102,1480846129; PHPSESSID=5jod4et49tb39du6j1l34bfcr2',
  'referer' => 'http://127.0.0.1/bick/public/index.php/admin/admin/lst.html',
  'accept-encoding' => 'gzip, deflate',
  'accept-language' => 'zh-CN,zh;q=0.8,en-US;q=0.5,en;q=0.3',
  'accept' => 'text/html,application/xhtml+xml,application/xml;q=0.9,*/*;q=0.8',
  'user-agent' => 'Mozilla/5.0 (Windows NT 6.1; WOW64; rv:50.0) Gecko/20100101 Firefox/50.0',
  'host' => '127.0.0.1',
)
[ info ] [ PARAM ] array (
)
[ info ] [ SESSION ] INIT array (
  'id' => '',
  'var_session_id' => '',
  'prefix' => 'think',
  'type' => '',
  'auto_start' => true,
)
[ info ] [ RUN ] app\admin\controller\Conf->conf[ F:\phpStudy\WWW\bick\application\admin\controller\Conf.php ]
[ info ] [ DB ] INIT mysql
[ info ] [ VIEW ] F:\phpStudy\WWW\bick\public/../application/admin\view\conf\conf.htm [ array (
  0 => 'confres',
) ]
[ info ] [ LOG ] INIT File
[ sql ] [ DB ] CONNECT:[ UseTime:0.001000s ] mysql:dbname=bick;host=127.0.0.1;charset=utf8
[ sql ] [ SQL ] SHOW COLUMNS FROM `bk_conf` [ RunTime:0.008001s ]
[ sql ] [ SQL ] SELECT * FROM `bk_conf` ORDER BY sort desc  [ RunTime:0.000000s ]

---------------------------------------------------------------
